[1.315s] Invoking command in '/home/iris/iris/iris_ws/build/ros2_control_demo_example_2': CMAKE_PREFIX_PATH=/opt/ros/humble /usr/bin/cmake /home/iris/iris/iris_ws/src/example_2 -DAMENT_CMAKE_SYMLINK_INSTALL=1 -DCMAKE_INSTALL_PREFIX=/home/iris/iris/iris_ws/install/ros2_control_demo_example_2
[2.344s] -- The CXX compiler identification is GNU 11.4.0
[2.448s] -- Detecting CXX compiler ABI info
[3.222s] -- Detecting CXX compiler ABI info - done
[3.369s] -- Check for working CXX compiler: /usr/bin/c++ - skipped
[3.390s] -- Detecting CXX compile features
[3.412s] -- Detecting CXX compile features - done
[3.509s] -- Found ament_cmake: 1.3.7 (/opt/ros/humble/share/ament_cmake/cmake)
[5.135s] -- Found Python3: /usr/bin/python3.10 (found version "3.10.12") found components: Interpreter 
[6.313s] -- Override CMake install command with custom implementation using symlinks instead of copying resources
[6.755s] -- Found hardware_interface: 2.40.0 (/opt/ros/humble/share/hardware_interface/cmake)
[7.370s] -- Found rosidl_generator_c: 3.1.5 (/opt/ros/humble/share/rosidl_generator_c/cmake)
[7.473s] -- Found rosidl_adapter: 3.1.5 (/opt/ros/humble/share/rosidl_adapter/cmake)
[7.641s] -- Found rosidl_generator_cpp: 3.1.5 (/opt/ros/humble/share/rosidl_generator_cpp/cmake)
[7.789s] -- Using all available rosidl_typesupport_c: rosidl_typesupport_fastrtps_c;rosidl_typesupport_introspection_c
[8.029s] -- Using all available rosidl_typesupport_cpp: rosidl_typesupport_fastrtps_cpp;rosidl_typesupport_introspection_cpp
[13.932s] -- Found rmw_implementation_cmake: 6.1.1 (/opt/ros/humble/share/rmw_implementation_cmake/cmake)
[13.982s] -- Found rmw_fastrtps_cpp: 6.2.6 (/opt/ros/humble/share/rmw_fastrtps_cpp/cmake)
[14.339s] -- Found TinyXML2 via Config file: TinyXML2_DIR-NOTFOUND
[14.854s] -- Found OpenSSL: /usr/lib/aarch64-linux-gnu/libcrypto.so (found version "3.0.2")  
[14.885s] -- Found TinyXML2 via Config file: TinyXML2_DIR-NOTFOUND
[15.051s] -- Found FastRTPS: /opt/ros/humble/include  
[15.151s] -- Found TinyXML2 via Config file: TinyXML2_DIR-NOTFOUND
[15.243s] -- Found TinyXML2 via Config file: TinyXML2_DIR-NOTFOUND
[15.287s] -- Using RMW implementation 'rmw_fastrtps_cpp' as default
[15.413s] -- Looking for C++ include pthread.h
[16.390s] -- Looking for C++ include pthread.h - found
[16.393s] -- Performing Test CMAKE_HAVE_LIBC_PTHREAD
[17.367s] -- Performing Test CMAKE_HAVE_LIBC_PTHREAD - Success
[17.375s] -- Found Threads: TRUE  
[18.962s] -- Found ament_cmake_pytest: 1.3.7 (/opt/ros/humble/share/ament_cmake_pytest/cmake)
[26.877s] -- Configuring done
[27.519s] -- Generating done
[27.532s] -- Build files have been written to: /home/iris/iris/iris_ws/build/ros2_control_demo_example_2
[27.592s] Invoked command in '/home/iris/iris/iris_ws/build/ros2_control_demo_example_2' returned '0': CMAKE_PREFIX_PATH=/opt/ros/humble /usr/bin/cmake /home/iris/iris/iris_ws/src/example_2 -DAMENT_CMAKE_SYMLINK_INSTALL=1 -DCMAKE_INSTALL_PREFIX=/home/iris/iris/iris_ws/install/ros2_control_demo_example_2
[27.604s] Invoking command in '/home/iris/iris/iris_ws/build/ros2_control_demo_example_2': CMAKE_PREFIX_PATH=/opt/ros/humble /usr/bin/cmake --build /home/iris/iris/iris_ws/build/ros2_control_demo_example_2 -- -j4 -l4
[27.854s] [ 50%] [32mBuilding CXX object CMakeFiles/ros2_control_demo_example_2.dir/hardware/diffbot_system.cpp.o[0m
[43.862s] [100%] [32m[1mLinking CXX shared library libros2_control_demo_example_2.so[0m
[45.000s] [100%] Built target ros2_control_demo_example_2
[45.039s] Invoked command in '/home/iris/iris/iris_ws/build/ros2_control_demo_example_2' returned '0': CMAKE_PREFIX_PATH=/opt/ros/humble /usr/bin/cmake --build /home/iris/iris/iris_ws/build/ros2_control_demo_example_2 -- -j4 -l4
[45.166s] Invoking command in '/home/iris/iris/iris_ws/build/ros2_control_demo_example_2': CMAKE_PREFIX_PATH=/opt/ros/humble /usr/bin/cmake --install /home/iris/iris/iris_ws/build/ros2_control_demo_example_2
[45.190s] -- Install configuration: ""
[45.193s] -- Execute custom install script
[45.195s] -- Symlinking: /home/iris/iris/iris_ws/install/ros2_control_demo_example_2/share/ros2_control_demo_example_2//ros2_control_demo_example_2.xml
[45.225s] -- Symlinking: /home/iris/iris/iris_ws/install/ros2_control_demo_example_2/include/ros2_control_demo_example_2/ros2_control_demo_example_2/diffbot_system.hpp
[45.256s] -- Symlinking: /home/iris/iris/iris_ws/install/ros2_control_demo_example_2/include/ros2_control_demo_example_2/ros2_control_demo_example_2/visibility_control.h
[45.287s] -- Symlinking: /home/iris/iris/iris_ws/install/ros2_control_demo_example_2/share/ros2_control_demo_example_2/launch/view_robot.launch.py
[45.319s] -- Symlinking: /home/iris/iris/iris_ws/install/ros2_control_demo_example_2/share/ros2_control_demo_example_2/ros2_control/diffbot.ros2_control.xacro
[45.349s] -- Symlinking: /home/iris/iris/iris_ws/install/ros2_control_demo_example_2/share/ros2_control_demo_example_2/urdf/diffbot.urdf.xacro
[45.379s] -- Symlinking: /home/iris/iris/iris_ws/install/ros2_control_demo_example_2/share/ros2_control_demo_example_2/launch/diffbot.launch.py
[45.411s] -- Symlinking: /home/iris/iris/iris_ws/install/ros2_control_demo_example_2/share/ros2_control_demo_example_2/config/diffbot_controllers.yaml
[45.443s] -- Symlinking: /home/iris/iris/iris_ws/install/ros2_control_demo_example_2/share/ros2_control_demo_example_2/environment/library_path.sh
[45.473s] -- Symlinking: /home/iris/iris/iris_ws/install/ros2_control_demo_example_2/share/ros2_control_demo_example_2/environment/library_path.dsv
[45.504s] -- Symlinking: /home/iris/iris/iris_ws/install/ros2_control_demo_example_2/share/ament_index/resource_index/package_run_dependencies/ros2_control_demo_example_2
[45.535s] -- Symlinking: /home/iris/iris/iris_ws/install/ros2_control_demo_example_2/share/ament_index/resource_index/parent_prefix_path/ros2_control_demo_example_2
[45.565s] -- Symlinking: /home/iris/iris/iris_ws/install/ros2_control_demo_example_2/share/ros2_control_demo_example_2/environment/ament_prefix_path.sh
[45.597s] -- Symlinking: /home/iris/iris/iris_ws/install/ros2_control_demo_example_2/share/ros2_control_demo_example_2/environment/ament_prefix_path.dsv
[45.627s] -- Symlinking: /home/iris/iris/iris_ws/install/ros2_control_demo_example_2/share/ros2_control_demo_example_2/environment/path.sh
[45.656s] -- Symlinking: /home/iris/iris/iris_ws/install/ros2_control_demo_example_2/share/ros2_control_demo_example_2/environment/path.dsv
[45.685s] -- Symlinking: /home/iris/iris/iris_ws/install/ros2_control_demo_example_2/share/ros2_control_demo_example_2/local_setup.bash
[45.715s] -- Symlinking: /home/iris/iris/iris_ws/install/ros2_control_demo_example_2/share/ros2_control_demo_example_2/local_setup.sh
[45.749s] -- Symlinking: /home/iris/iris/iris_ws/install/ros2_control_demo_example_2/share/ros2_control_demo_example_2/local_setup.zsh
[45.780s] -- Symlinking: /home/iris/iris/iris_ws/install/ros2_control_demo_example_2/share/ros2_control_demo_example_2/local_setup.dsv
[45.809s] -- Symlinking: /home/iris/iris/iris_ws/install/ros2_control_demo_example_2/share/ros2_control_demo_example_2/package.dsv
[45.838s] -- Symlinking: /home/iris/iris/iris_ws/install/ros2_control_demo_example_2/share/ament_index/resource_index/packages/ros2_control_demo_example_2
[45.871s] -- Symlinking: /home/iris/iris/iris_ws/install/ros2_control_demo_example_2/share/ament_index/resource_index/hardware_interface__pluginlib__plugin/ros2_control_demo_example_2
[45.900s] -- Symlinking: /home/iris/iris/iris_ws/install/ros2_control_demo_example_2/share/ros2_control_demo_example_2/cmake/ament_cmake_export_targets-extras.cmake
[45.931s] -- Symlinking: /home/iris/iris/iris_ws/install/ros2_control_demo_example_2/share/ros2_control_demo_example_2/cmake/ament_cmake_export_dependencies-extras.cmake
[45.961s] -- Symlinking: /home/iris/iris/iris_ws/install/ros2_control_demo_example_2/share/ros2_control_demo_example_2/cmake/ros2_control_demo_example_2Config.cmake
[45.991s] -- Symlinking: /home/iris/iris/iris_ws/install/ros2_control_demo_example_2/share/ros2_control_demo_example_2/cmake/ros2_control_demo_example_2Config-version.cmake
[46.021s] -- Symlinking: /home/iris/iris/iris_ws/install/ros2_control_demo_example_2/share/ros2_control_demo_example_2/package.xml
[46.051s] -- Installing: /home/iris/iris/iris_ws/install/ros2_control_demo_example_2/lib/libros2_control_demo_example_2.so
[46.058s] -- Set runtime path of "/home/iris/iris/iris_ws/install/ros2_control_demo_example_2/lib/libros2_control_demo_example_2.so" to ""
[46.059s] -- Installing: /home/iris/iris/iris_ws/install/ros2_control_demo_example_2/share/ros2_control_demo_example_2/cmake/export_ros2_control_demo_example_2Export.cmake
[46.061s] -- Installing: /home/iris/iris/iris_ws/install/ros2_control_demo_example_2/share/ros2_control_demo_example_2/cmake/export_ros2_control_demo_example_2Export-noconfig.cmake
[46.068s] Invoked command in '/home/iris/iris/iris_ws/build/ros2_control_demo_example_2' returned '0': CMAKE_PREFIX_PATH=/opt/ros/humble /usr/bin/cmake --install /home/iris/iris/iris_ws/build/ros2_control_demo_example_2
