[2.657s] Invoking command in '/home/iris/iris/iris_ws/build/micro_ros_setup': CMAKE_PREFIX_PATH=${CMAKE_PREFIX_PATH}:/home/iris/iris/iris_ws/install/iris_vision:/opt/ros/humble /usr/bin/cmake --build /home/iris/iris/iris_ws/build/micro_ros_setup -- -j4 -l4
[2.897s] Invoked command in '/home/iris/iris/iris_ws/build/micro_ros_setup' returned '0': CMAKE_PREFIX_PATH=${CMAKE_PREFIX_PATH}:/home/iris/iris/iris_ws/install/iris_vision:/opt/ros/humble /usr/bin/cmake --build /home/iris/iris/iris_ws/build/micro_ros_setup -- -j4 -l4
[3.140s] Invoking command in '/home/iris/iris/iris_ws/build/micro_ros_setup': CMAKE_PREFIX_PATH=${CMAKE_PREFIX_PATH}:/home/iris/iris/iris_ws/install/iris_vision:/opt/ros/humble /usr/bin/cmake --install /home/iris/iris/iris_ws/build/micro_ros_setup
[3.178s] -- Install configuration: ""
[3.179s] -- Up-to-date: /home/iris/iris/iris_ws/install/micro_ros_setup/share/ament_index/resource_index/package_run_dependencies/micro_ros_setup
[3.180s] -- Up-to-date: /home/iris/iris/iris_ws/install/micro_ros_setup/share/ament_index/resource_index/parent_prefix_path/micro_ros_setup
[3.182s] -- Up-to-date: /home/iris/iris/iris_ws/install/micro_ros_setup/share/micro_ros_setup/environment/ament_prefix_path.sh
[3.185s] -- Up-to-date: /home/iris/iris/iris_ws/install/micro_ros_setup/share/micro_ros_setup/environment/ament_prefix_path.dsv
[3.186s] -- Up-to-date: /home/iris/iris/iris_ws/install/micro_ros_setup/share/micro_ros_setup/environment/path.sh
[3.186s] -- Up-to-date: /home/iris/iris/iris_ws/install/micro_ros_setup/share/micro_ros_setup/environment/path.dsv
[3.188s] -- Up-to-date: /home/iris/iris/iris_ws/install/micro_ros_setup/share/micro_ros_setup/local_setup.bash
[3.191s] -- Up-to-date: /home/iris/iris/iris_ws/install/micro_ros_setup/share/micro_ros_setup/local_setup.sh
[3.197s] -- Up-to-date: /home/iris/iris/iris_ws/install/micro_ros_setup/share/micro_ros_setup/local_setup.zsh
[3.197s] -- Up-to-date: /home/iris/iris/iris_ws/install/micro_ros_setup/share/micro_ros_setup/local_setup.dsv
[3.198s] -- Installing: /home/iris/iris/iris_ws/install/micro_ros_setup/share/micro_ros_setup/package.dsv
[3.198s] -- Up-to-date: /home/iris/iris/iris_ws/install/micro_ros_setup/share/ament_index/resource_index/packages/micro_ros_setup
[3.199s] -- Up-to-date: /home/iris/iris/iris_ws/install/micro_ros_setup/share/micro_ros_setup/cmake/micro_ros_setupConfig.cmake
[3.199s] -- Up-to-date: /home/iris/iris/iris_ws/install/micro_ros_setup/share/micro_ros_setup/cmake/micro_ros_setupConfig-version.cmake
[3.200s] -- Up-to-date: /home/iris/iris/iris_ws/install/micro_ros_setup/share/micro_ros_setup/package.xml
[3.207s] -- Up-to-date: /home/iris/iris/iris_ws/install/micro_ros_setup/./config
[3.207s] -- Up-to-date: /home/iris/iris/iris_ws/install/micro_ros_setup/./config/generate_lib
[3.219s] -- Up-to-date: /home/iris/iris/iris_ws/install/micro_ros_setup/./config/generate_lib/generic
[3.219s] -- Up-to-date: /home/iris/iris/iris_ws/install/micro_ros_setup/./config/generate_lib/generic/flash.sh
[3.220s] -- Up-to-date: /home/iris/iris/iris_ws/install/micro_ros_setup/./config/generate_lib/generic/client_uros_packages.repos
[3.221s] -- Up-to-date: /home/iris/iris/iris_ws/install/micro_ros_setup/./config/generate_lib/generic/client-colcon.meta
[3.221s] -- Up-to-date: /home/iris/iris/iris_ws/install/micro_ros_setup/./config/generate_lib/generic/build.sh
[3.222s] -- Up-to-date: /home/iris/iris/iris_ws/install/micro_ros_setup/./config/generate_lib/generic/create.sh
[3.223s] -- Up-to-date: /home/iris/iris/iris_ws/install/micro_ros_setup/./config/generate_lib/generic/demo_toolchain.cmake
[3.224s] -- Up-to-date: /home/iris/iris/iris_ws/install/micro_ros_setup/./config/generate_lib/generic/package.xml
[3.224s] -- Up-to-date: /home/iris/iris/iris_ws/install/micro_ros_setup/./config/generate_lib/dev_ros2_packages.txt
[3.225s] -- Up-to-date: /home/iris/iris/iris_ws/install/micro_ros_setup/./config/generate_lib/dev_uros_packages.repos
[3.225s] -- Up-to-date: /home/iris/iris/iris_ws/install/micro_ros_setup/./config/client_uros_packages.repos
[3.226s] -- Up-to-date: /home/iris/iris/iris_ws/install/micro_ros_setup/./config/freertos
[3.226s] -- Up-to-date: /home/iris/iris/iris_ws/install/micro_ros_setup/./config/freertos/olimex-stm32-e407
[3.227s] -- Up-to-date: /home/iris/iris/iris_ws/install/micro_ros_setup/./config/freertos/olimex-stm32-e407/flash.sh
[3.227s] -- Up-to-date: /home/iris/iris/iris_ws/install/micro_ros_setup/./config/freertos/olimex-stm32-e407/client_uros_packages.repos
[3.228s] -- Up-to-date: /home/iris/iris/iris_ws/install/micro_ros_setup/./config/freertos/olimex-stm32-e407/client-colcon.meta
[3.229s] -- Up-to-date: /home/iris/iris/iris_ws/install/micro_ros_setup/./config/freertos/olimex-stm32-e407/build.sh
[3.230s] -- Up-to-date: /home/iris/iris/iris_ws/install/micro_ros_setup/./config/freertos/olimex-stm32-e407/create.sh
[3.233s] -- Up-to-date: /home/iris/iris/iris_ws/install/micro_ros_setup/./config/freertos/olimex-stm32-e407/configure.sh
[3.233s] -- Up-to-date: /home/iris/iris/iris_ws/install/micro_ros_setup/./config/freertos/olimex-stm32-e407/board.repos
[3.234s] -- Up-to-date: /home/iris/iris/iris_ws/install/micro_ros_setup/./config/freertos/olimex-stm32-e407/package.xml
[3.235s] -- Up-to-date: /home/iris/iris/iris_ws/install/micro_ros_setup/./config/freertos/list_apps.sh
[3.235s] -- Up-to-date: /home/iris/iris/iris_ws/install/micro_ros_setup/./config/freertos/dev_ros2_packages.txt
[3.236s] -- Up-to-date: /home/iris/iris/iris_ws/install/micro_ros_setup/./config/freertos/nucleo_f746zg
[3.243s] -- Up-to-date: /home/iris/iris/iris_ws/install/micro_ros_setup/./config/freertos/nucleo_f746zg/flash.sh
[3.244s] -- Up-to-date: /home/iris/iris/iris_ws/install/micro_ros_setup/./config/freertos/nucleo_f746zg/client_uros_packages.repos
[3.252s] -- Up-to-date: /home/iris/iris/iris_ws/install/micro_ros_setup/./config/freertos/nucleo_f746zg/client-colcon.meta
[3.253s] -- Up-to-date: /home/iris/iris/iris_ws/install/micro_ros_setup/./config/freertos/nucleo_f746zg/build.sh
[3.253s] -- Up-to-date: /home/iris/iris/iris_ws/install/micro_ros_setup/./config/freertos/nucleo_f746zg/create.sh
[3.254s] -- Up-to-date: /home/iris/iris/iris_ws/install/micro_ros_setup/./config/freertos/nucleo_f746zg/configure.sh
[3.255s] -- Up-to-date: /home/iris/iris/iris_ws/install/micro_ros_setup/./config/freertos/nucleo_f746zg/board.repos
[3.256s] -- Up-to-date: /home/iris/iris/iris_ws/install/micro_ros_setup/./config/freertos/nucleo_f746zg/package.xml
[3.257s] -- Up-to-date: /home/iris/iris/iris_ws/install/micro_ros_setup/./config/freertos/nucleo_f446ze
[3.258s] -- Up-to-date: /home/iris/iris/iris_ws/install/micro_ros_setup/./config/freertos/nucleo_f446ze/flash.sh
[3.258s] -- Up-to-date: /home/iris/iris/iris_ws/install/micro_ros_setup/./config/freertos/nucleo_f446ze/client_uros_packages.repos
[3.259s] -- Up-to-date: /home/iris/iris/iris_ws/install/micro_ros_setup/./config/freertos/nucleo_f446ze/client-colcon.meta
[3.261s] -- Up-to-date: /home/iris/iris/iris_ws/install/micro_ros_setup/./config/freertos/nucleo_f446ze/build.sh
[3.262s] -- Up-to-date: /home/iris/iris/iris_ws/install/micro_ros_setup/./config/freertos/nucleo_f446ze/create.sh
[3.263s] -- Up-to-date: /home/iris/iris/iris_ws/install/micro_ros_setup/./config/freertos/nucleo_f446ze/configure.sh
[3.264s] -- Up-to-date: /home/iris/iris/iris_ws/install/micro_ros_setup/./config/freertos/nucleo_f446ze/board.repos
[3.266s] -- Up-to-date: /home/iris/iris/iris_ws/install/micro_ros_setup/./config/freertos/nucleo_f446ze/package.xml
[3.267s] -- Up-to-date: /home/iris/iris/iris_ws/install/micro_ros_setup/./config/freertos/esp32
[3.267s] -- Up-to-date: /home/iris/iris/iris_ws/install/micro_ros_setup/./config/freertos/esp32/flash.sh
[3.267s] -- Up-to-date: /home/iris/iris/iris_ws/install/micro_ros_setup/./config/freertos/esp32/client_uros_packages.repos
[3.275s] -- Up-to-date: /home/iris/iris/iris_ws/install/micro_ros_setup/./config/freertos/esp32/client-colcon.meta
[3.277s] -- Up-to-date: /home/iris/iris/iris_ws/install/micro_ros_setup/./config/freertos/esp32/build.sh
[3.277s] -- Up-to-date: /home/iris/iris/iris_ws/install/micro_ros_setup/./config/freertos/esp32/create.sh
[3.278s] -- Up-to-date: /home/iris/iris/iris_ws/install/micro_ros_setup/./config/freertos/esp32/configure.sh
[3.279s] -- Up-to-date: /home/iris/iris/iris_ws/install/micro_ros_setup/./config/freertos/esp32/README.md
[3.279s] -- Up-to-date: /home/iris/iris/iris_ws/install/micro_ros_setup/./config/freertos/esp32/board.repos
[3.279s] -- Up-to-date: /home/iris/iris/iris_ws/install/micro_ros_setup/./config/freertos/esp32/package.xml
[3.288s] -- Up-to-date: /home/iris/iris/iris_ws/install/micro_ros_setup/./config/freertos/dev_uros_packages.repos
[3.289s] -- Up-to-date: /home/iris/iris/iris_ws/install/micro_ros_setup/./config/freertos/nucleo_f767zi
[3.289s] -- Up-to-date: /home/iris/iris/iris_ws/install/micro_ros_setup/./config/freertos/nucleo_f767zi/flash.sh
[3.290s] -- Up-to-date: /home/iris/iris/iris_ws/install/micro_ros_setup/./config/freertos/nucleo_f767zi/client_uros_packages.repos
[3.290s] -- Up-to-date: /home/iris/iris/iris_ws/install/micro_ros_setup/./config/freertos/nucleo_f767zi/client-colcon.meta
[3.299s] -- Up-to-date: /home/iris/iris/iris_ws/install/micro_ros_setup/./config/freertos/nucleo_f767zi/build.sh
[3.300s] -- Up-to-date: /home/iris/iris/iris_ws/install/micro_ros_setup/./config/freertos/nucleo_f767zi/create.sh
[3.301s] -- Up-to-date: /home/iris/iris/iris_ws/install/micro_ros_setup/./config/freertos/nucleo_f767zi/configure.sh
[3.301s] -- Up-to-date: /home/iris/iris/iris_ws/install/micro_ros_setup/./config/freertos/nucleo_f767zi/board.repos
[3.302s] -- Up-to-date: /home/iris/iris/iris_ws/install/micro_ros_setup/./config/freertos/nucleo_f767zi/package.xml
[3.302s] -- Up-to-date: /home/iris/iris/iris_ws/install/micro_ros_setup/./config/freertos/nucleo_f446re
[3.303s] -- Up-to-date: /home/iris/iris/iris_ws/install/micro_ros_setup/./config/freertos/nucleo_f446re/flash.sh
[3.303s] -- Up-to-date: /home/iris/iris/iris_ws/install/micro_ros_setup/./config/freertos/nucleo_f446re/client_uros_packages.repos
[3.304s] -- Up-to-date: /home/iris/iris/iris_ws/install/micro_ros_setup/./config/freertos/nucleo_f446re/client-colcon.meta
[3.308s] -- Up-to-date: /home/iris/iris/iris_ws/install/micro_ros_setup/./config/freertos/nucleo_f446re/build.sh
[3.309s] -- Up-to-date: /home/iris/iris/iris_ws/install/micro_ros_setup/./config/freertos/nucleo_f446re/create.sh
[3.309s] -- Up-to-date: /home/iris/iris/iris_ws/install/micro_ros_setup/./config/freertos/nucleo_f446re/configure.sh
[3.310s] -- Up-to-date: /home/iris/iris/iris_ws/install/micro_ros_setup/./config/freertos/nucleo_f446re/board.repos
[3.310s] -- Up-to-date: /home/iris/iris/iris_ws/install/micro_ros_setup/./config/freertos/nucleo_f446re/package.xml
[3.324s] -- Up-to-date: /home/iris/iris/iris_ws/install/micro_ros_setup/./config/freertos/crazyflie21
[3.326s] -- Up-to-date: /home/iris/iris/iris_ws/install/micro_ros_setup/./config/freertos/crazyflie21/flash.sh
[3.327s] -- Up-to-date: /home/iris/iris/iris_ws/install/micro_ros_setup/./config/freertos/crazyflie21/client_uros_packages.repos
[3.328s] -- Up-to-date: /home/iris/iris/iris_ws/install/micro_ros_setup/./config/freertos/crazyflie21/client-colcon.meta
[3.329s] -- Up-to-date: /home/iris/iris/iris_ws/install/micro_ros_setup/./config/freertos/crazyflie21/build.sh
[3.329s] -- Up-to-date: /home/iris/iris/iris_ws/install/micro_ros_setup/./config/freertos/crazyflie21/create.sh
[3.330s] -- Up-to-date: /home/iris/iris/iris_ws/install/micro_ros_setup/./config/freertos/crazyflie21/configure.sh
[3.330s] -- Up-to-date: /home/iris/iris/iris_ws/install/micro_ros_setup/./config/freertos/crazyflie21/board.repos
[3.330s] -- Up-to-date: /home/iris/iris/iris_ws/install/micro_ros_setup/./config/freertos/crazyflie21/package.xml
[3.331s] -- Up-to-date: /home/iris/iris/iris_ws/install/micro_ros_setup/./config/agent_uros_packages.repos
[3.331s] -- Up-to-date: /home/iris/iris/iris_ws/install/micro_ros_setup/./config/zephyr
[3.332s] -- Up-to-date: /home/iris/iris/iris_ws/install/micro_ros_setup/./config/zephyr/list_apps.sh
[3.332s] -- Up-to-date: /home/iris/iris/iris_ws/install/micro_ros_setup/./config/zephyr/generic
[3.333s] -- Up-to-date: /home/iris/iris/iris_ws/install/micro_ros_setup/./config/zephyr/generic/flash.sh
[3.333s] -- Up-to-date: /home/iris/iris/iris_ws/install/micro_ros_setup/./config/zephyr/generic/client_uros_packages.repos
[3.333s] -- Up-to-date: /home/iris/iris/iris_ws/install/micro_ros_setup/./config/zephyr/generic/supported_platforms
[3.348s] -- Up-to-date: /home/iris/iris/iris_ws/install/micro_ros_setup/./config/zephyr/generic/client-colcon.meta
[3.349s] -- Up-to-date: /home/iris/iris/iris_ws/install/micro_ros_setup/./config/zephyr/generic/build.sh
[3.350s] -- Up-to-date: /home/iris/iris/iris_ws/install/micro_ros_setup/./config/zephyr/generic/create.sh
[3.351s] -- Up-to-date: /home/iris/iris/iris_ws/install/micro_ros_setup/./config/zephyr/generic/configure.sh
[3.361s] -- Up-to-date: /home/iris/iris/iris_ws/install/micro_ros_setup/./config/zephyr/generic/board.repos
[3.361s] -- Up-to-date: /home/iris/iris/iris_ws/install/micro_ros_setup/./config/zephyr/generic/package.xml
[3.362s] -- Up-to-date: /home/iris/iris/iris_ws/install/micro_ros_setup/./config/zephyr/dev_ros2_packages.txt
[3.363s] -- Up-to-date: /home/iris/iris/iris_ws/install/micro_ros_setup/./config/zephyr/dev_uros_packages.repos
[3.363s] -- Up-to-date: /home/iris/iris/iris_ws/install/micro_ros_setup/./config/client_ros2_packages.txt
[3.363s] -- Up-to-date: /home/iris/iris/iris_ws/install/micro_ros_setup/./config/utils.sh
[3.364s] -- Up-to-date: /home/iris/iris/iris_ws/install/micro_ros_setup/./config/host
[3.365s] -- Up-to-date: /home/iris/iris/iris_ws/install/micro_ros_setup/./config/host/generic
[3.365s] -- Up-to-date: /home/iris/iris/iris_ws/install/micro_ros_setup/./config/host/generic/flash.sh
[3.366s] -- Up-to-date: /home/iris/iris/iris_ws/install/micro_ros_setup/./config/host/generic/build.sh
[3.366s] -- Up-to-date: /home/iris/iris/iris_ws/install/micro_ros_setup/./config/host/generic/create.sh
[3.367s] -- Up-to-date: /home/iris/iris/iris_ws/install/micro_ros_setup/./config/host/generic/client_host_packages.repos
[3.367s] -- Up-to-date: /home/iris/iris/iris_ws/install/micro_ros_setup/./config/host/generic/client-host-colcon.meta
[3.368s] -- Up-to-date: /home/iris/iris/iris_ws/install/micro_ros_setup/./config/host/generic/package.xml
[3.386s] -- Up-to-date: /home/iris/iris/iris_ws/install/micro_ros_setup/./config/host/dev_ros2_packages.txt
[3.387s] -- Up-to-date: /home/iris/iris/iris_ws/install/micro_ros_setup/./config/host/client_ros2_packages.txt
[3.387s] -- Up-to-date: /home/iris/iris/iris_ws/install/micro_ros_setup/./config/host/dev_uros_packages.repos
[3.388s] -- Up-to-date: /home/iris/iris/iris_ws/install/micro_ros_setup/./config/android
[3.389s] -- Up-to-date: /home/iris/iris/iris_ws/install/micro_ros_setup/./config/android/generic
[3.389s] -- Up-to-date: /home/iris/iris/iris_ws/install/micro_ros_setup/./config/android/generic/flash.sh
[3.389s] -- Up-to-date: /home/iris/iris/iris_ws/install/micro_ros_setup/./config/android/generic/client_uros_packages.repos
[3.390s] -- Up-to-date: /home/iris/iris/iris_ws/install/micro_ros_setup/./config/android/generic/client-colcon.meta
[3.390s] -- Up-to-date: /home/iris/iris/iris_ws/install/micro_ros_setup/./config/android/generic/build.sh
[3.391s] -- Up-to-date: /home/iris/iris/iris_ws/install/micro_ros_setup/./config/android/generic/create.sh
[3.391s] -- Up-to-date: /home/iris/iris/iris_ws/install/micro_ros_setup/./config/android/generic/package.xml
[3.392s] -- Up-to-date: /home/iris/iris/iris_ws/install/micro_ros_setup/./config/android/dev_ros2_packages.txt
[3.393s] -- Up-to-date: /home/iris/iris/iris_ws/install/micro_ros_setup/./config/android/dev_uros_packages.repos
[3.393s] -- Up-to-date: /home/iris/iris/iris_ws/install/micro_ros_setup/./config/renesas_ra
[3.394s] -- Up-to-date: /home/iris/iris/iris_ws/install/micro_ros_setup/./config/renesas_ra/list_apps.sh
[3.394s] -- Up-to-date: /home/iris/iris/iris_ws/install/micro_ros_setup/./config/renesas_ra/dev_ros2_packages.txt
[3.395s] -- Up-to-date: /home/iris/iris/iris_ws/install/micro_ros_setup/./config/renesas_ra/dev_uros_packages.repos
[3.395s] -- Up-to-date: /home/iris/iris/iris_ws/install/micro_ros_setup/./config/renesas_ra/ra6m5
[3.403s] -- Up-to-date: /home/iris/iris/iris_ws/install/micro_ros_setup/./config/renesas_ra/ra6m5/flash.sh
[3.418s] -- Up-to-date: /home/iris/iris/iris_ws/install/micro_ros_setup/./config/renesas_ra/ra6m5/client_uros_packages.repos
[3.418s] -- Up-to-date: /home/iris/iris/iris_ws/install/micro_ros_setup/./config/renesas_ra/ra6m5/client-colcon.meta
[3.419s] -- Up-to-date: /home/iris/iris/iris_ws/install/micro_ros_setup/./config/renesas_ra/ra6m5/build.sh
[3.419s] -- Up-to-date: /home/iris/iris/iris_ws/install/micro_ros_setup/./config/renesas_ra/ra6m5/create.sh
[3.420s] -- Up-to-date: /home/iris/iris/iris_ws/install/micro_ros_setup/./config/renesas_ra/ra6m5/configure.sh
[3.420s] -- Up-to-date: /home/iris/iris/iris_ws/install/micro_ros_setup/./config/renesas_ra/ra6m5/board.repos
[3.421s] -- Up-to-date: /home/iris/iris/iris_ws/install/micro_ros_setup/./config/mbed
[3.421s] -- Up-to-date: /home/iris/iris/iris_ws/install/micro_ros_setup/./config/mbed/list_apps.sh
[3.422s] -- Up-to-date: /home/iris/iris/iris_ws/install/micro_ros_setup/./config/mbed/generic
[3.422s] -- Up-to-date: /home/iris/iris/iris_ws/install/micro_ros_setup/./config/mbed/generic/flash.sh
[3.423s] -- Up-to-date: /home/iris/iris/iris_ws/install/micro_ros_setup/./config/mbed/generic/client_uros_packages.repos
[3.423s] -- Up-to-date: /home/iris/iris/iris_ws/install/micro_ros_setup/./config/mbed/generic/supported_platforms
[3.440s] -- Up-to-date: /home/iris/iris/iris_ws/install/micro_ros_setup/./config/mbed/generic/build.sh
[3.441s] -- Up-to-date: /home/iris/iris/iris_ws/install/micro_ros_setup/./config/mbed/generic/create.sh
[3.441s] -- Up-to-date: /home/iris/iris/iris_ws/install/micro_ros_setup/./config/mbed/generic/board.repos
[3.442s] -- Up-to-date: /home/iris/iris/iris_ws/install/micro_ros_setup/./config/mbed/generic/package.xml
[3.442s] -- Up-to-date: /home/iris/iris/iris_ws/install/micro_ros_setup/./config/mbed/dev_ros2_packages.txt
[3.443s] -- Up-to-date: /home/iris/iris/iris_ws/install/micro_ros_setup/./config/mbed/dev_uros_packages.repos
[3.444s] -- Up-to-date: /home/iris/iris/iris_ws/install/micro_ros_setup/./config/agent_ros2_packages.txt
[3.444s] -- Up-to-date: /home/iris/iris/iris_ws/install/micro_ros_setup/./config/raspbian
[3.445s] -- Up-to-date: /home/iris/iris/iris_ws/install/micro_ros_setup/./config/raspbian/generic
[3.445s] -- Up-to-date: /home/iris/iris/iris_ws/install/micro_ros_setup/./config/raspbian/generic/flash.sh
[3.446s] -- Up-to-date: /home/iris/iris/iris_ws/install/micro_ros_setup/./config/raspbian/generic/client_uros_packages.repos
[3.447s] -- Up-to-date: /home/iris/iris/iris_ws/install/micro_ros_setup/./config/raspbian/generic/supported_platforms
[3.447s] -- Up-to-date: /home/iris/iris/iris_ws/install/micro_ros_setup/./config/raspbian/generic/client-colcon.meta
[3.448s] -- Up-to-date: /home/iris/iris/iris_ws/install/micro_ros_setup/./config/raspbian/generic/build.sh
[3.456s] -- Up-to-date: /home/iris/iris/iris_ws/install/micro_ros_setup/./config/raspbian/generic/create.sh
[3.457s] -- Up-to-date: /home/iris/iris/iris_ws/install/micro_ros_setup/./config/raspbian/generic/configure.sh
[3.457s] -- Up-to-date: /home/iris/iris/iris_ws/install/micro_ros_setup/./config/raspbian/dev_ros2_packages.txt
[3.458s] -- Up-to-date: /home/iris/iris/iris_ws/install/micro_ros_setup/./config/raspbian/dev_uros_packages.repos
[3.458s] -- Up-to-date: /home/iris/iris/iris_ws/install/micro_ros_setup/lib/micro_ros_setup/create_ws.sh
[3.459s] -- Up-to-date: /home/iris/iris/iris_ws/install/micro_ros_setup/lib/micro_ros_setup/create_agent_ws.sh
[3.459s] -- Up-to-date: /home/iris/iris/iris_ws/install/micro_ros_setup/lib/micro_ros_setup/create_firmware_ws.sh
[3.459s] -- Up-to-date: /home/iris/iris/iris_ws/install/micro_ros_setup/lib/micro_ros_setup/configure_firmware.sh
[3.460s] -- Up-to-date: /home/iris/iris/iris_ws/install/micro_ros_setup/lib/micro_ros_setup/flash_firmware.sh
[3.461s] -- Up-to-date: /home/iris/iris/iris_ws/install/micro_ros_setup/lib/micro_ros_setup/build_firmware.sh
[3.461s] -- Up-to-date: /home/iris/iris/iris_ws/install/micro_ros_setup/lib/micro_ros_setup/build_agent.sh
[3.462s] -- Up-to-date: /home/iris/iris/iris_ws/install/micro_ros_setup/lib/micro_ros_setup/yaml_filter.py
[3.462s] -- Up-to-date: /home/iris/iris/iris_ws/install/micro_ros_setup/lib/micro_ros_setup/clean_env.sh
[3.463s] -- Up-to-date: /home/iris/iris/iris_ws/install/micro_ros_setup/lib/micro_ros_setup/component
[3.463s] Invoked command in '/home/iris/iris/iris_ws/build/micro_ros_setup' returned '0': CMAKE_PREFIX_PATH=${CMAKE_PREFIX_PATH}:/home/iris/iris/iris_ws/install/iris_vision:/opt/ros/humble /usr/bin/cmake --install /home/iris/iris/iris_ws/build/micro_ros_setup
