[0.738s] Invoking command in '/home/iris/iris/iris_ws/build/micro_ros_msgs': CMAKE_PREFIX_PATH=${CMAKE_PREFIX_PATH}:/opt/ros/humble /usr/bin/cmake --build /home/iris/iris/iris_ws/build/micro_ros_msgs -- -j4 -l4
[1.018s] [  2%] Built target micro_ros_msgs__cpp
[1.044s] [ 12%] Built target micro_ros_msgs__rosidl_generator_c
[1.092s] [ 12%] Built target ament_cmake_python_copy_micro_ros_msgs
[1.202s] [ 23%] Built target micro_ros_msgs__rosidl_typesupport_fastrtps_cpp
[1.227s] [ 34%] Built target micro_ros_msgs__rosidl_typesupport_introspection_cpp
[1.262s] [ 44%] Built target micro_ros_msgs__rosidl_typesupport_cpp
[1.341s] [ 55%] Built target micro_ros_msgs__rosidl_typesupport_fastrtps_c
[1.398s] [ 65%] Built target micro_ros_msgs__rosidl_typesupport_introspection_c
[1.482s] [ 76%] Built target micro_ros_msgs__rosidl_typesupport_c
[1.764s] [ 76%] Built target micro_ros_msgs
[1.939s] [ 78%] Built target micro_ros_msgs__py
[2.229s] [ 87%] Built target micro_ros_msgs__rosidl_generator_py
[2.401s] [ 91%] Built target micro_ros_msgs__rosidl_typesupport_c__pyext
[2.434s] [ 95%] Built target micro_ros_msgs__rosidl_typesupport_fastrtps_c__pyext
[2.461s] [100%] Built target micro_ros_msgs__rosidl_typesupport_introspection_c__pyext
[3.417s] running egg_info
[3.421s] writing micro_ros_msgs.egg-info/PKG-INFO
[3.422s] writing dependency_links to micro_ros_msgs.egg-info/dependency_links.txt
[3.424s] writing top-level names to micro_ros_msgs.egg-info/top_level.txt
[3.436s] reading manifest file 'micro_ros_msgs.egg-info/SOURCES.txt'
[3.439s] writing manifest file 'micro_ros_msgs.egg-info/SOURCES.txt'
[3.601s] [100%] Built target ament_cmake_python_build_micro_ros_msgs_egg
[3.767s] Invoked command in '/home/iris/iris/iris_ws/build/micro_ros_msgs' returned '0': CMAKE_PREFIX_PATH=${CMAKE_PREFIX_PATH}:/opt/ros/humble /usr/bin/cmake --build /home/iris/iris/iris_ws/build/micro_ros_msgs -- -j4 -l4
[4.370s] Invoking command in '/home/iris/iris/iris_ws/build/micro_ros_msgs': CMAKE_PREFIX_PATH=${CMAKE_PREFIX_PATH}:/opt/ros/humble /usr/bin/cmake --install /home/iris/iris/iris_ws/build/micro_ros_msgs
[4.399s] -- Install configuration: ""
[4.400s] -- Up-to-date: /home/iris/iris/iris_ws/install/micro_ros_msgs/share/ament_index/resource_index/rosidl_interfaces/micro_ros_msgs
[4.403s] -- Up-to-date: /home/iris/iris/iris_ws/install/micro_ros_msgs/include/micro_ros_msgs/micro_ros_msgs
[4.404s] -- Up-to-date: /home/iris/iris/iris_ws/install/micro_ros_msgs/include/micro_ros_msgs/micro_ros_msgs/msg
[4.406s] -- Up-to-date: /home/iris/iris/iris_ws/install/micro_ros_msgs/include/micro_ros_msgs/micro_ros_msgs/msg/node.h
[4.407s] -- Up-to-date: /home/iris/iris/iris_ws/install/micro_ros_msgs/include/micro_ros_msgs/micro_ros_msgs/msg/detail
[4.408s] -- Up-to-date: /home/iris/iris/iris_ws/install/micro_ros_msgs/include/micro_ros_msgs/micro_ros_msgs/msg/detail/graph__functions.h
[4.409s] -- Up-to-date: /home/iris/iris/iris_ws/install/micro_ros_msgs/include/micro_ros_msgs/micro_ros_msgs/msg/detail/entity__functions.h
[4.410s] -- Up-to-date: /home/iris/iris/iris_ws/install/micro_ros_msgs/include/micro_ros_msgs/micro_ros_msgs/msg/detail/graph__struct.h
[4.411s] -- Up-to-date: /home/iris/iris/iris_ws/install/micro_ros_msgs/include/micro_ros_msgs/micro_ros_msgs/msg/detail/node__functions.c
[4.412s] -- Up-to-date: /home/iris/iris/iris_ws/install/micro_ros_msgs/include/micro_ros_msgs/micro_ros_msgs/msg/detail/node__type_support.h
[4.412s] -- Up-to-date: /home/iris/iris/iris_ws/install/micro_ros_msgs/include/micro_ros_msgs/micro_ros_msgs/msg/detail/node__functions.h
[4.413s] -- Up-to-date: /home/iris/iris/iris_ws/install/micro_ros_msgs/include/micro_ros_msgs/micro_ros_msgs/msg/detail/entity__type_support.h
[4.414s] -- Up-to-date: /home/iris/iris/iris_ws/install/micro_ros_msgs/include/micro_ros_msgs/micro_ros_msgs/msg/detail/graph__type_support.h
[4.415s] -- Up-to-date: /home/iris/iris/iris_ws/install/micro_ros_msgs/include/micro_ros_msgs/micro_ros_msgs/msg/detail/graph__functions.c
[4.416s] -- Up-to-date: /home/iris/iris/iris_ws/install/micro_ros_msgs/include/micro_ros_msgs/micro_ros_msgs/msg/detail/entity__functions.c
[4.417s] -- Up-to-date: /home/iris/iris/iris_ws/install/micro_ros_msgs/include/micro_ros_msgs/micro_ros_msgs/msg/detail/node__struct.h
[4.418s] -- Up-to-date: /home/iris/iris/iris_ws/install/micro_ros_msgs/include/micro_ros_msgs/micro_ros_msgs/msg/detail/entity__struct.h
[4.418s] -- Up-to-date: /home/iris/iris/iris_ws/install/micro_ros_msgs/include/micro_ros_msgs/micro_ros_msgs/msg/graph.h
[4.419s] -- Up-to-date: /home/iris/iris/iris_ws/install/micro_ros_msgs/include/micro_ros_msgs/micro_ros_msgs/msg/rosidl_generator_c__visibility_control.h
[4.420s] -- Up-to-date: /home/iris/iris/iris_ws/install/micro_ros_msgs/include/micro_ros_msgs/micro_ros_msgs/msg/entity.h
[4.421s] -- Up-to-date: /home/iris/iris/iris_ws/install/micro_ros_msgs/share/micro_ros_msgs/environment/library_path.sh
[4.422s] -- Up-to-date: /home/iris/iris/iris_ws/install/micro_ros_msgs/share/micro_ros_msgs/environment/library_path.dsv
[4.423s] -- Up-to-date: /home/iris/iris/iris_ws/install/micro_ros_msgs/lib/libmicro_ros_msgs__rosidl_generator_c.so
[4.424s] -- Up-to-date: /home/iris/iris/iris_ws/install/micro_ros_msgs/include/micro_ros_msgs/micro_ros_msgs
[4.424s] -- Up-to-date: /home/iris/iris/iris_ws/install/micro_ros_msgs/include/micro_ros_msgs/micro_ros_msgs/msg
[4.425s] -- Up-to-date: /home/iris/iris/iris_ws/install/micro_ros_msgs/include/micro_ros_msgs/micro_ros_msgs/msg/detail
[4.426s] -- Up-to-date: /home/iris/iris/iris_ws/install/micro_ros_msgs/include/micro_ros_msgs/micro_ros_msgs/msg/detail/node__rosidl_typesupport_fastrtps_c.h
[4.426s] -- Up-to-date: /home/iris/iris/iris_ws/install/micro_ros_msgs/include/micro_ros_msgs/micro_ros_msgs/msg/detail/graph__rosidl_typesupport_fastrtps_c.h
[4.427s] -- Up-to-date: /home/iris/iris/iris_ws/install/micro_ros_msgs/include/micro_ros_msgs/micro_ros_msgs/msg/detail/entity__rosidl_typesupport_fastrtps_c.h
[4.428s] -- Up-to-date: /home/iris/iris/iris_ws/install/micro_ros_msgs/include/micro_ros_msgs/micro_ros_msgs/msg/rosidl_typesupport_fastrtps_c__visibility_control.h
[4.429s] -- Up-to-date: /home/iris/iris/iris_ws/install/micro_ros_msgs/lib/libmicro_ros_msgs__rosidl_typesupport_fastrtps_c.so
[4.430s] -- Up-to-date: /home/iris/iris/iris_ws/install/micro_ros_msgs/include/micro_ros_msgs/micro_ros_msgs
[4.431s] -- Up-to-date: /home/iris/iris/iris_ws/install/micro_ros_msgs/include/micro_ros_msgs/micro_ros_msgs/msg
[4.433s] -- Up-to-date: /home/iris/iris/iris_ws/install/micro_ros_msgs/include/micro_ros_msgs/micro_ros_msgs/msg/rosidl_typesupport_introspection_c__visibility_control.h
[4.434s] -- Up-to-date: /home/iris/iris/iris_ws/install/micro_ros_msgs/include/micro_ros_msgs/micro_ros_msgs/msg/detail
[4.435s] -- Up-to-date: /home/iris/iris/iris_ws/install/micro_ros_msgs/include/micro_ros_msgs/micro_ros_msgs/msg/detail/entity__rosidl_typesupport_introspection_c.h
[4.436s] -- Up-to-date: /home/iris/iris/iris_ws/install/micro_ros_msgs/include/micro_ros_msgs/micro_ros_msgs/msg/detail/graph__rosidl_typesupport_introspection_c.h
[4.437s] -- Up-to-date: /home/iris/iris/iris_ws/install/micro_ros_msgs/include/micro_ros_msgs/micro_ros_msgs/msg/detail/node__rosidl_typesupport_introspection_c.h
[4.437s] -- Up-to-date: /home/iris/iris/iris_ws/install/micro_ros_msgs/include/micro_ros_msgs/micro_ros_msgs/msg/detail/entity__type_support.c
[4.438s] -- Up-to-date: /home/iris/iris/iris_ws/install/micro_ros_msgs/include/micro_ros_msgs/micro_ros_msgs/msg/detail/node__type_support.c
[4.438s] -- Up-to-date: /home/iris/iris/iris_ws/install/micro_ros_msgs/include/micro_ros_msgs/micro_ros_msgs/msg/detail/graph__type_support.c
[4.440s] -- Up-to-date: /home/iris/iris/iris_ws/install/micro_ros_msgs/lib/libmicro_ros_msgs__rosidl_typesupport_introspection_c.so
[4.441s] -- Up-to-date: /home/iris/iris/iris_ws/install/micro_ros_msgs/lib/libmicro_ros_msgs__rosidl_typesupport_c.so
[4.442s] -- Up-to-date: /home/iris/iris/iris_ws/install/micro_ros_msgs/include/micro_ros_msgs/micro_ros_msgs
[4.443s] -- Up-to-date: /home/iris/iris/iris_ws/install/micro_ros_msgs/include/micro_ros_msgs/micro_ros_msgs/msg
[4.443s] -- Up-to-date: /home/iris/iris/iris_ws/install/micro_ros_msgs/include/micro_ros_msgs/micro_ros_msgs/msg/graph.hpp
[4.444s] -- Up-to-date: /home/iris/iris/iris_ws/install/micro_ros_msgs/include/micro_ros_msgs/micro_ros_msgs/msg/detail
[4.445s] -- Up-to-date: /home/iris/iris/iris_ws/install/micro_ros_msgs/include/micro_ros_msgs/micro_ros_msgs/msg/detail/graph__traits.hpp
[4.445s] -- Up-to-date: /home/iris/iris/iris_ws/install/micro_ros_msgs/include/micro_ros_msgs/micro_ros_msgs/msg/detail/node__builder.hpp
[4.446s] -- Up-to-date: /home/iris/iris/iris_ws/install/micro_ros_msgs/include/micro_ros_msgs/micro_ros_msgs/msg/detail/graph__builder.hpp
[4.447s] -- Up-to-date: /home/iris/iris/iris_ws/install/micro_ros_msgs/include/micro_ros_msgs/micro_ros_msgs/msg/detail/entity__struct.hpp
[4.447s] -- Up-to-date: /home/iris/iris/iris_ws/install/micro_ros_msgs/include/micro_ros_msgs/micro_ros_msgs/msg/detail/graph__struct.hpp
[4.449s] -- Up-to-date: /home/iris/iris/iris_ws/install/micro_ros_msgs/include/micro_ros_msgs/micro_ros_msgs/msg/detail/node__struct.hpp
[4.450s] -- Up-to-date: /home/iris/iris/iris_ws/install/micro_ros_msgs/include/micro_ros_msgs/micro_ros_msgs/msg/detail/node__traits.hpp
[4.450s] -- Up-to-date: /home/iris/iris/iris_ws/install/micro_ros_msgs/include/micro_ros_msgs/micro_ros_msgs/msg/detail/entity__builder.hpp
[4.451s] -- Up-to-date: /home/iris/iris/iris_ws/install/micro_ros_msgs/include/micro_ros_msgs/micro_ros_msgs/msg/detail/entity__traits.hpp
[4.452s] -- Up-to-date: /home/iris/iris/iris_ws/install/micro_ros_msgs/include/micro_ros_msgs/micro_ros_msgs/msg/node.hpp
[4.453s] -- Up-to-date: /home/iris/iris/iris_ws/install/micro_ros_msgs/include/micro_ros_msgs/micro_ros_msgs/msg/entity.hpp
[4.454s] -- Up-to-date: /home/iris/iris/iris_ws/install/micro_ros_msgs/include/micro_ros_msgs/micro_ros_msgs
[4.454s] -- Up-to-date: /home/iris/iris/iris_ws/install/micro_ros_msgs/include/micro_ros_msgs/micro_ros_msgs/msg
[4.455s] -- Up-to-date: /home/iris/iris/iris_ws/install/micro_ros_msgs/include/micro_ros_msgs/micro_ros_msgs/msg/detail
[4.456s] -- Up-to-date: /home/iris/iris/iris_ws/install/micro_ros_msgs/include/micro_ros_msgs/micro_ros_msgs/msg/detail/node__rosidl_typesupport_fastrtps_cpp.hpp
[4.458s] -- Up-to-date: /home/iris/iris/iris_ws/install/micro_ros_msgs/include/micro_ros_msgs/micro_ros_msgs/msg/detail/entity__rosidl_typesupport_fastrtps_cpp.hpp
[4.459s] -- Up-to-date: /home/iris/iris/iris_ws/install/micro_ros_msgs/include/micro_ros_msgs/micro_ros_msgs/msg/detail/graph__rosidl_typesupport_fastrtps_cpp.hpp
[4.460s] -- Up-to-date: /home/iris/iris/iris_ws/install/micro_ros_msgs/include/micro_ros_msgs/micro_ros_msgs/msg/detail/dds_fastrtps
[4.461s] -- Up-to-date: /home/iris/iris/iris_ws/install/micro_ros_msgs/include/micro_ros_msgs/micro_ros_msgs/msg/rosidl_typesupport_fastrtps_cpp__visibility_control.h
[4.462s] -- Up-to-date: /home/iris/iris/iris_ws/install/micro_ros_msgs/lib/libmicro_ros_msgs__rosidl_typesupport_fastrtps_cpp.so
[4.463s] -- Up-to-date: /home/iris/iris/iris_ws/install/micro_ros_msgs/include/micro_ros_msgs/micro_ros_msgs
[4.464s] -- Up-to-date: /home/iris/iris/iris_ws/install/micro_ros_msgs/include/micro_ros_msgs/micro_ros_msgs/msg
[4.464s] -- Up-to-date: /home/iris/iris/iris_ws/install/micro_ros_msgs/include/micro_ros_msgs/micro_ros_msgs/msg/detail
[4.465s] -- Up-to-date: /home/iris/iris/iris_ws/install/micro_ros_msgs/include/micro_ros_msgs/micro_ros_msgs/msg/detail/node__type_support.cpp
[4.465s] -- Up-to-date: /home/iris/iris/iris_ws/install/micro_ros_msgs/include/micro_ros_msgs/micro_ros_msgs/msg/detail/node__rosidl_typesupport_introspection_cpp.hpp
[4.466s] -- Up-to-date: /home/iris/iris/iris_ws/install/micro_ros_msgs/include/micro_ros_msgs/micro_ros_msgs/msg/detail/entity__type_support.cpp
[4.467s] -- Up-to-date: /home/iris/iris/iris_ws/install/micro_ros_msgs/include/micro_ros_msgs/micro_ros_msgs/msg/detail/graph__rosidl_typesupport_introspection_cpp.hpp
[4.467s] -- Up-to-date: /home/iris/iris/iris_ws/install/micro_ros_msgs/include/micro_ros_msgs/micro_ros_msgs/msg/detail/entity__rosidl_typesupport_introspection_cpp.hpp
[4.468s] -- Up-to-date: /home/iris/iris/iris_ws/install/micro_ros_msgs/include/micro_ros_msgs/micro_ros_msgs/msg/detail/graph__type_support.cpp
[4.468s] -- Up-to-date: /home/iris/iris/iris_ws/install/micro_ros_msgs/lib/libmicro_ros_msgs__rosidl_typesupport_introspection_cpp.so
[4.469s] -- Up-to-date: /home/iris/iris/iris_ws/install/micro_ros_msgs/lib/libmicro_ros_msgs__rosidl_typesupport_cpp.so
[4.469s] -- Up-to-date: /home/iris/iris/iris_ws/install/micro_ros_msgs/share/micro_ros_msgs/environment/pythonpath.sh
[4.470s] -- Up-to-date: /home/iris/iris/iris_ws/install/micro_ros_msgs/share/micro_ros_msgs/environment/pythonpath.dsv
[4.471s] -- Up-to-date: /home/iris/iris/iris_ws/install/micro_ros_msgs/local/lib/python3.10/dist-packages/micro_ros_msgs-3.0.0-py3.10.egg-info
[4.471s] -- Installing: /home/iris/iris/iris_ws/install/micro_ros_msgs/local/lib/python3.10/dist-packages/micro_ros_msgs-3.0.0-py3.10.egg-info/dependency_links.txt
[4.473s] -- Installing: /home/iris/iris/iris_ws/install/micro_ros_msgs/local/lib/python3.10/dist-packages/micro_ros_msgs-3.0.0-py3.10.egg-info/SOURCES.txt
[4.474s] -- Installing: /home/iris/iris/iris_ws/install/micro_ros_msgs/local/lib/python3.10/dist-packages/micro_ros_msgs-3.0.0-py3.10.egg-info/top_level.txt
[4.475s] -- Installing: /home/iris/iris/iris_ws/install/micro_ros_msgs/local/lib/python3.10/dist-packages/micro_ros_msgs-3.0.0-py3.10.egg-info/PKG-INFO
[4.475s] -- Up-to-date: /home/iris/iris/iris_ws/install/micro_ros_msgs/local/lib/python3.10/dist-packages/micro_ros_msgs
[4.476s] -- Up-to-date: /home/iris/iris/iris_ws/install/micro_ros_msgs/local/lib/python3.10/dist-packages/micro_ros_msgs/msg
[4.477s] -- Up-to-date: /home/iris/iris/iris_ws/install/micro_ros_msgs/local/lib/python3.10/dist-packages/micro_ros_msgs/msg/__init__.py
[4.477s] -- Up-to-date: /home/iris/iris/iris_ws/install/micro_ros_msgs/local/lib/python3.10/dist-packages/micro_ros_msgs/msg/_entity.py
[4.478s] -- Up-to-date: /home/iris/iris/iris_ws/install/micro_ros_msgs/local/lib/python3.10/dist-packages/micro_ros_msgs/msg/_node.py
[4.479s] -- Up-to-date: /home/iris/iris/iris_ws/install/micro_ros_msgs/local/lib/python3.10/dist-packages/micro_ros_msgs/msg/_node_s.c
[4.479s] -- Up-to-date: /home/iris/iris/iris_ws/install/micro_ros_msgs/local/lib/python3.10/dist-packages/micro_ros_msgs/msg/_graph.py
[4.480s] -- Up-to-date: /home/iris/iris/iris_ws/install/micro_ros_msgs/local/lib/python3.10/dist-packages/micro_ros_msgs/msg/_graph_s.c
[4.480s] -- Up-to-date: /home/iris/iris/iris_ws/install/micro_ros_msgs/local/lib/python3.10/dist-packages/micro_ros_msgs/msg/_entity_s.c
[4.481s] -- Up-to-date: /home/iris/iris/iris_ws/install/micro_ros_msgs/local/lib/python3.10/dist-packages/micro_ros_msgs/_micro_ros_msgs_s.ep.rosidl_typesupport_fastrtps_c.c
[4.482s] -- Up-to-date: /home/iris/iris/iris_ws/install/micro_ros_msgs/local/lib/python3.10/dist-packages/micro_ros_msgs/libmicro_ros_msgs__rosidl_generator_py.so
[4.483s] -- Up-to-date: /home/iris/iris/iris_ws/install/micro_ros_msgs/local/lib/python3.10/dist-packages/micro_ros_msgs/micro_ros_msgs_s__rosidl_typesupport_introspection_c.cpython-310-aarch64-linux-gnu.so
[4.483s] -- Up-to-date: /home/iris/iris/iris_ws/install/micro_ros_msgs/local/lib/python3.10/dist-packages/micro_ros_msgs/__init__.py
[4.484s] -- Up-to-date: /home/iris/iris/iris_ws/install/micro_ros_msgs/local/lib/python3.10/dist-packages/micro_ros_msgs/_micro_ros_msgs_s.ep.rosidl_typesupport_introspection_c.c
[4.484s] -- Up-to-date: /home/iris/iris/iris_ws/install/micro_ros_msgs/local/lib/python3.10/dist-packages/micro_ros_msgs/micro_ros_msgs_s__rosidl_typesupport_fastrtps_c.cpython-310-aarch64-linux-gnu.so
[4.485s] -- Up-to-date: /home/iris/iris/iris_ws/install/micro_ros_msgs/local/lib/python3.10/dist-packages/micro_ros_msgs/micro_ros_msgs_s__rosidl_typesupport_c.cpython-310-aarch64-linux-gnu.so
[4.485s] -- Up-to-date: /home/iris/iris/iris_ws/install/micro_ros_msgs/local/lib/python3.10/dist-packages/micro_ros_msgs/_micro_ros_msgs_s.ep.rosidl_typesupport_c.c
[4.627s] Listing '/home/iris/iris/iris_ws/install/micro_ros_msgs/local/lib/python3.10/dist-packages/micro_ros_msgs'...
[4.629s] Listing '/home/iris/iris/iris_ws/install/micro_ros_msgs/local/lib/python3.10/dist-packages/micro_ros_msgs/msg'...
[4.653s] -- Up-to-date: /home/iris/iris/iris_ws/install/micro_ros_msgs/local/lib/python3.10/dist-packages/micro_ros_msgs/micro_ros_msgs_s__rosidl_typesupport_fastrtps_c.cpython-310-aarch64-linux-gnu.so
[4.656s] -- Up-to-date: /home/iris/iris/iris_ws/install/micro_ros_msgs/local/lib/python3.10/dist-packages/micro_ros_msgs/micro_ros_msgs_s__rosidl_typesupport_introspection_c.cpython-310-aarch64-linux-gnu.so
[4.658s] -- Up-to-date: /home/iris/iris/iris_ws/install/micro_ros_msgs/local/lib/python3.10/dist-packages/micro_ros_msgs/micro_ros_msgs_s__rosidl_typesupport_c.cpython-310-aarch64-linux-gnu.so
[4.661s] -- Up-to-date: /home/iris/iris/iris_ws/install/micro_ros_msgs/lib/libmicro_ros_msgs__rosidl_generator_py.so
[4.663s] -- Up-to-date: /home/iris/iris/iris_ws/install/micro_ros_msgs/share/micro_ros_msgs/msg/Graph.idl
[4.664s] -- Up-to-date: /home/iris/iris/iris_ws/install/micro_ros_msgs/share/micro_ros_msgs/msg/Node.idl
[4.665s] -- Up-to-date: /home/iris/iris/iris_ws/install/micro_ros_msgs/share/micro_ros_msgs/msg/Entity.idl
[4.666s] -- Up-to-date: /home/iris/iris/iris_ws/install/micro_ros_msgs/share/micro_ros_msgs/msg/Graph.msg
[4.667s] -- Up-to-date: /home/iris/iris/iris_ws/install/micro_ros_msgs/share/micro_ros_msgs/msg/Node.msg
[4.668s] -- Up-to-date: /home/iris/iris/iris_ws/install/micro_ros_msgs/share/micro_ros_msgs/msg/Entity.msg
[4.669s] -- Up-to-date: /home/iris/iris/iris_ws/install/micro_ros_msgs/share/ament_index/resource_index/package_run_dependencies/micro_ros_msgs
[4.670s] -- Up-to-date: /home/iris/iris/iris_ws/install/micro_ros_msgs/share/ament_index/resource_index/parent_prefix_path/micro_ros_msgs
[4.670s] -- Up-to-date: /home/iris/iris/iris_ws/install/micro_ros_msgs/share/micro_ros_msgs/environment/ament_prefix_path.sh
[4.671s] -- Up-to-date: /home/iris/iris/iris_ws/install/micro_ros_msgs/share/micro_ros_msgs/environment/ament_prefix_path.dsv
[4.672s] -- Up-to-date: /home/iris/iris/iris_ws/install/micro_ros_msgs/share/micro_ros_msgs/environment/path.sh
[4.673s] -- Up-to-date: /home/iris/iris/iris_ws/install/micro_ros_msgs/share/micro_ros_msgs/environment/path.dsv
[4.675s] -- Up-to-date: /home/iris/iris/iris_ws/install/micro_ros_msgs/share/micro_ros_msgs/local_setup.bash
[4.682s] -- Up-to-date: /home/iris/iris/iris_ws/install/micro_ros_msgs/share/micro_ros_msgs/local_setup.sh
[4.683s] -- Up-to-date: /home/iris/iris/iris_ws/install/micro_ros_msgs/share/micro_ros_msgs/local_setup.zsh
[4.684s] -- Up-to-date: /home/iris/iris/iris_ws/install/micro_ros_msgs/share/micro_ros_msgs/local_setup.dsv
[4.686s] -- Installing: /home/iris/iris/iris_ws/install/micro_ros_msgs/share/micro_ros_msgs/package.dsv
[4.686s] -- Up-to-date: /home/iris/iris/iris_ws/install/micro_ros_msgs/share/ament_index/resource_index/packages/micro_ros_msgs
[4.687s] -- Up-to-date: /home/iris/iris/iris_ws/install/micro_ros_msgs/share/micro_ros_msgs/cmake/export_micro_ros_msgs__rosidl_generator_cExport.cmake
[4.688s] -- Up-to-date: /home/iris/iris/iris_ws/install/micro_ros_msgs/share/micro_ros_msgs/cmake/export_micro_ros_msgs__rosidl_generator_cExport-noconfig.cmake
[4.690s] -- Up-to-date: /home/iris/iris/iris_ws/install/micro_ros_msgs/share/micro_ros_msgs/cmake/export_micro_ros_msgs__rosidl_typesupport_fastrtps_cExport.cmake
[4.690s] -- Up-to-date: /home/iris/iris/iris_ws/install/micro_ros_msgs/share/micro_ros_msgs/cmake/export_micro_ros_msgs__rosidl_typesupport_fastrtps_cExport-noconfig.cmake
[4.691s] -- Up-to-date: /home/iris/iris/iris_ws/install/micro_ros_msgs/share/micro_ros_msgs/cmake/micro_ros_msgs__rosidl_typesupport_introspection_cExport.cmake
[4.692s] -- Up-to-date: /home/iris/iris/iris_ws/install/micro_ros_msgs/share/micro_ros_msgs/cmake/micro_ros_msgs__rosidl_typesupport_introspection_cExport-noconfig.cmake
[4.696s] -- Up-to-date: /home/iris/iris/iris_ws/install/micro_ros_msgs/share/micro_ros_msgs/cmake/micro_ros_msgs__rosidl_typesupport_cExport.cmake
[4.696s] -- Up-to-date: /home/iris/iris/iris_ws/install/micro_ros_msgs/share/micro_ros_msgs/cmake/micro_ros_msgs__rosidl_typesupport_cExport-noconfig.cmake
[4.697s] -- Up-to-date: /home/iris/iris/iris_ws/install/micro_ros_msgs/share/micro_ros_msgs/cmake/export_micro_ros_msgs__rosidl_generator_cppExport.cmake
[4.698s] -- Up-to-date: /home/iris/iris/iris_ws/install/micro_ros_msgs/share/micro_ros_msgs/cmake/export_micro_ros_msgs__rosidl_typesupport_fastrtps_cppExport.cmake
[4.698s] -- Up-to-date: /home/iris/iris/iris_ws/install/micro_ros_msgs/share/micro_ros_msgs/cmake/export_micro_ros_msgs__rosidl_typesupport_fastrtps_cppExport-noconfig.cmake
[4.698s] -- Up-to-date: /home/iris/iris/iris_ws/install/micro_ros_msgs/share/micro_ros_msgs/cmake/micro_ros_msgs__rosidl_typesupport_introspection_cppExport.cmake
[4.699s] -- Up-to-date: /home/iris/iris/iris_ws/install/micro_ros_msgs/share/micro_ros_msgs/cmake/micro_ros_msgs__rosidl_typesupport_introspection_cppExport-noconfig.cmake
[4.699s] -- Up-to-date: /home/iris/iris/iris_ws/install/micro_ros_msgs/share/micro_ros_msgs/cmake/micro_ros_msgs__rosidl_typesupport_cppExport.cmake
[4.700s] -- Up-to-date: /home/iris/iris/iris_ws/install/micro_ros_msgs/share/micro_ros_msgs/cmake/micro_ros_msgs__rosidl_typesupport_cppExport-noconfig.cmake
[4.700s] -- Up-to-date: /home/iris/iris/iris_ws/install/micro_ros_msgs/share/micro_ros_msgs/cmake/export_micro_ros_msgs__rosidl_generator_pyExport.cmake
[4.701s] -- Up-to-date: /home/iris/iris/iris_ws/install/micro_ros_msgs/share/micro_ros_msgs/cmake/export_micro_ros_msgs__rosidl_generator_pyExport-noconfig.cmake
[4.703s] -- Up-to-date: /home/iris/iris/iris_ws/install/micro_ros_msgs/share/micro_ros_msgs/cmake/rosidl_cmake-extras.cmake
[4.704s] -- Up-to-date: /home/iris/iris/iris_ws/install/micro_ros_msgs/share/micro_ros_msgs/cmake/ament_cmake_export_include_directories-extras.cmake
[4.706s] -- Up-to-date: /home/iris/iris/iris_ws/install/micro_ros_msgs/share/micro_ros_msgs/cmake/ament_cmake_export_libraries-extras.cmake
[4.707s] -- Up-to-date: /home/iris/iris/iris_ws/install/micro_ros_msgs/share/micro_ros_msgs/cmake/ament_cmake_export_targets-extras.cmake
[4.709s] -- Up-to-date: /home/iris/iris/iris_ws/install/micro_ros_msgs/share/micro_ros_msgs/cmake/rosidl_cmake_export_typesupport_targets-extras.cmake
[4.710s] -- Up-to-date: /home/iris/iris/iris_ws/install/micro_ros_msgs/share/micro_ros_msgs/cmake/ament_cmake_export_dependencies-extras.cmake
[4.712s] -- Up-to-date: /home/iris/iris/iris_ws/install/micro_ros_msgs/share/micro_ros_msgs/cmake/rosidl_cmake_export_typesupport_libraries-extras.cmake
[4.714s] -- Up-to-date: /home/iris/iris/iris_ws/install/micro_ros_msgs/share/micro_ros_msgs/cmake/micro_ros_msgsConfig.cmake
[4.715s] -- Up-to-date: /home/iris/iris/iris_ws/install/micro_ros_msgs/share/micro_ros_msgs/cmake/micro_ros_msgsConfig-version.cmake
[4.715s] -- Up-to-date: /home/iris/iris/iris_ws/install/micro_ros_msgs/share/micro_ros_msgs/package.xml
[4.716s] Invoked command in '/home/iris/iris/iris_ws/build/micro_ros_msgs' returned '0': CMAKE_PREFIX_PATH=${CMAKE_PREFIX_PATH}:/opt/ros/humble /usr/bin/cmake --install /home/iris/iris/iris_ws/build/micro_ros_msgs
