[3.869s] DEBUG:colcon:Command line arguments: ['/usr/bin/colcon', 'build']
[3.870s] DEBUG:colcon:Parsed command line arguments: Namespace(log_base=None, log_level=None, verb_name='build', build_base='build', install_base='install', merge_install=False, symlink_install=False, test_result_base=None, continue_on_error=False, executor='parallel', parallel_workers=4, event_handlers=None, ignore_user_meta=False, metas=['./colcon.meta'], base_paths=['.'], packages_ignore=None, packages_ignore_regex=None, paths=None, packages_up_to=None, packages_up_to_regex=None, packages_above=None, packages_above_and_dependencies=None, packages_above_depth=None, packages_select_by_dep=None, packages_skip_by_dep=None, packages_skip_up_to=None, packages_select_build_failed=False, packages_skip_build_finished=False, packages_select_test_failures=False, packages_skip_test_passed=False, packages_select=None, packages_skip=None, packages_select_regex=None, packages_skip_regex=None, packages_start=None, packages_end=None, allow_overriding=[], cmake_args=None, cmake_target=None, cmake_target_skip_unavailable=False, cmake_clean_cache=False, cmake_clean_first=False, cmake_force_configure=False, ament_cmake_args=None, catkin_cmake_args=None, catkin_skip_building_tests=False, verb_parser=<colcon_defaults.argument_parser.defaults.DefaultArgumentsDecorator object at 0xffff87ed3910>, verb_extension=<colcon_core.verb.build.BuildVerb object at 0xffff8821be80>, main=<bound method BuildVerb.main of <colcon_core.verb.build.BuildVerb object at 0xffff8821be80>>)
[4.058s] Level 1:colcon.colcon_core.package_discovery:discover_packages(colcon_meta) check parameters
[4.058s] Level 1:colcon.colcon_core.package_discovery:discover_packages(recursive) check parameters
[4.058s] Level 1:colcon.colcon_core.package_discovery:discover_packages(ignore) check parameters
[4.059s] Level 1:colcon.colcon_core.package_discovery:discover_packages(path) check parameters
[4.059s] Level 1:colcon.colcon_core.package_discovery:discover_packages(colcon_meta) discover
[4.059s] Level 1:colcon.colcon_core.package_discovery:discover_packages(recursive) discover
[4.059s] INFO:colcon.colcon_core.package_discovery:Crawling recursively for packages in '/home/iris/iris/iris_ws'
[4.060s] Level 1:colcon.colcon_core.package_identification:_identify(.) by extensions ['ignore', 'ignore_ament_install']
[4.060s] Level 1:colcon.colcon_core.package_identification:_identify(.) by extension 'ignore'
[4.060s] Level 1:colcon.colcon_core.package_identification:_identify(.) by extension 'ignore_ament_install'
[4.061s] Level 1:colcon.colcon_core.package_identification:_identify(.) by extensions ['colcon_pkg']
[4.061s] Level 1:colcon.colcon_core.package_identification:_identify(.) by extension 'colcon_pkg'
[4.061s] Level 1:colcon.colcon_core.package_identification:_identify(.) by extensions ['colcon_meta']
[4.061s] Level 1:colcon.colcon_core.package_identification:_identify(.) by extension 'colcon_meta'
[4.061s] Level 1:colcon.colcon_core.package_identification:_identify(.) by extensions ['ros']
[4.062s] Level 1:colcon.colcon_core.package_identification:_identify(.) by extension 'ros'
[4.109s] Level 1:colcon.colcon_core.package_identification:_identify(.) by extensions ['cmake', 'python']
[4.109s] Level 1:colcon.colcon_core.package_identification:_identify(.) by extension 'cmake'
[4.109s] Level 1:colcon.colcon_core.package_identification:_identify(.) by extension 'python'
[4.109s] Level 1:colcon.colcon_core.package_identification:_identify(.) by extensions ['python_setup_py']
[4.110s] Level 1:colcon.colcon_core.package_identification:_identify(.) by extension 'python_setup_py'
[4.110s] Level 1:colcon.colcon_core.package_identification:_identify(build) by extensions ['ignore', 'ignore_ament_install']
[4.111s] Level 1:colcon.colcon_core.package_identification:_identify(build) by extension 'ignore'
[4.111s] Level 1:colcon.colcon_core.package_identification:_identify(build) ignored
[4.112s] Level 1:colcon.colcon_core.package_identification:_identify(install) by extensions ['ignore', 'ignore_ament_install']
[4.112s] Level 1:colcon.colcon_core.package_identification:_identify(install) by extension 'ignore'
[4.112s] Level 1:colcon.colcon_core.package_identification:_identify(install) ignored
[4.114s] Level 1:colcon.colcon_core.package_identification:_identify(log) by extensions ['ignore', 'ignore_ament_install']
[4.114s] Level 1:colcon.colcon_core.package_identification:_identify(log) by extension 'ignore'
[4.114s] Level 1:colcon.colcon_core.package_identification:_identify(log) ignored
[4.115s] Level 1:colcon.colcon_core.package_identification:_identify(src) by extensions ['ignore', 'ignore_ament_install']
[4.115s] Level 1:colcon.colcon_core.package_identification:_identify(src) by extension 'ignore'
[4.115s] Level 1:colcon.colcon_core.package_identification:_identify(src) by extension 'ignore_ament_install'
[4.116s] Level 1:colcon.colcon_core.package_identification:_identify(src) by extensions ['colcon_pkg']
[4.116s] Level 1:colcon.colcon_core.package_identification:_identify(src) by extension 'colcon_pkg'
[4.116s] Level 1:colcon.colcon_core.package_identification:_identify(src) by extensions ['colcon_meta']
[4.116s] Level 1:colcon.colcon_core.package_identification:_identify(src) by extension 'colcon_meta'
[4.116s] Level 1:colcon.colcon_core.package_identification:_identify(src) by extensions ['ros']
[4.117s] Level 1:colcon.colcon_core.package_identification:_identify(src) by extension 'ros'
[4.117s] Level 1:colcon.colcon_core.package_identification:_identify(src) by extensions ['cmake', 'python']
[4.117s] Level 1:colcon.colcon_core.package_identification:_identify(src) by extension 'cmake'
[4.117s] Level 1:colcon.colcon_core.package_identification:_identify(src) by extension 'python'
[4.118s] Level 1:colcon.colcon_core.package_identification:_identify(src) by extensions ['python_setup_py']
[4.118s] Level 1:colcon.colcon_core.package_identification:_identify(src) by extension 'python_setup_py'
[4.118s] Level 1:colcon.colcon_core.package_identification:_identify(src/iris_vision) by extensions ['ignore', 'ignore_ament_install']
[4.119s] Level 1:colcon.colcon_core.package_identification:_identify(src/iris_vision) by extension 'ignore'
[4.119s] Level 1:colcon.colcon_core.package_identification:_identify(src/iris_vision) by extension 'ignore_ament_install'
[4.119s] Level 1:colcon.colcon_core.package_identification:_identify(src/iris_vision) by extensions ['colcon_pkg']
[4.119s] Level 1:colcon.colcon_core.package_identification:_identify(src/iris_vision) by extension 'colcon_pkg'
[4.119s] Level 1:colcon.colcon_core.package_identification:_identify(src/iris_vision) by extensions ['colcon_meta']
[4.120s] Level 1:colcon.colcon_core.package_identification:_identify(src/iris_vision) by extension 'colcon_meta'
[4.120s] Level 1:colcon.colcon_core.package_identification:_identify(src/iris_vision) by extensions ['ros']
[4.120s] Level 1:colcon.colcon_core.package_identification:_identify(src/iris_vision) by extension 'ros'
[4.129s] DEBUG:colcon.colcon_core.package_identification:Package 'src/iris_vision' with type 'ros.ament_python' and name 'iris_vision'
[4.129s] Level 1:colcon.colcon_core.package_identification:_identify(src/micro_ros_setup) by extensions ['ignore', 'ignore_ament_install']
[4.130s] Level 1:colcon.colcon_core.package_identification:_identify(src/micro_ros_setup) by extension 'ignore'
[4.130s] Level 1:colcon.colcon_core.package_identification:_identify(src/micro_ros_setup) by extension 'ignore_ament_install'
[4.130s] Level 1:colcon.colcon_core.package_identification:_identify(src/micro_ros_setup) by extensions ['colcon_pkg']
[4.131s] Level 1:colcon.colcon_core.package_identification:_identify(src/micro_ros_setup) by extension 'colcon_pkg'
[4.131s] Level 1:colcon.colcon_core.package_identification:_identify(src/micro_ros_setup) by extensions ['colcon_meta']
[4.131s] Level 1:colcon.colcon_core.package_identification:_identify(src/micro_ros_setup) by extension 'colcon_meta'
[4.131s] Level 1:colcon.colcon_core.package_identification:_identify(src/micro_ros_setup) by extensions ['ros']
[4.131s] Level 1:colcon.colcon_core.package_identification:_identify(src/micro_ros_setup) by extension 'ros'
[4.135s] DEBUG:colcon.colcon_core.package_identification:Package 'src/micro_ros_setup' with type 'ros.ament_cmake' and name 'micro_ros_setup'
[4.135s] Level 1:colcon.colcon_core.package_identification:_identify(src/uros) by extensions ['ignore', 'ignore_ament_install']
[4.136s] Level 1:colcon.colcon_core.package_identification:_identify(src/uros) by extension 'ignore'
[4.136s] Level 1:colcon.colcon_core.package_identification:_identify(src/uros) by extension 'ignore_ament_install'
[4.136s] Level 1:colcon.colcon_core.package_identification:_identify(src/uros) by extensions ['colcon_pkg']
[4.136s] Level 1:colcon.colcon_core.package_identification:_identify(src/uros) by extension 'colcon_pkg'
[4.137s] Level 1:colcon.colcon_core.package_identification:_identify(src/uros) by extensions ['colcon_meta']
[4.137s] Level 1:colcon.colcon_core.package_identification:_identify(src/uros) by extension 'colcon_meta'
[4.137s] Level 1:colcon.colcon_core.package_identification:_identify(src/uros) by extensions ['ros']
[4.137s] Level 1:colcon.colcon_core.package_identification:_identify(src/uros) by extension 'ros'
[4.138s] Level 1:colcon.colcon_core.package_identification:_identify(src/uros) by extensions ['cmake', 'python']
[4.138s] Level 1:colcon.colcon_core.package_identification:_identify(src/uros) by extension 'cmake'
[4.138s] Level 1:colcon.colcon_core.package_identification:_identify(src/uros) by extension 'python'
[4.138s] Level 1:colcon.colcon_core.package_identification:_identify(src/uros) by extensions ['python_setup_py']
[4.138s] Level 1:colcon.colcon_core.package_identification:_identify(src/uros) by extension 'python_setup_py'
[4.139s] Level 1:colcon.colcon_core.package_identification:_identify(src/uros/micro-ROS-Agent) by extensions ['ignore', 'ignore_ament_install']
[4.139s] Level 1:colcon.colcon_core.package_identification:_identify(src/uros/micro-ROS-Agent) by extension 'ignore'
[4.139s] Level 1:colcon.colcon_core.package_identification:_identify(src/uros/micro-ROS-Agent) by extension 'ignore_ament_install'
[4.140s] Level 1:colcon.colcon_core.package_identification:_identify(src/uros/micro-ROS-Agent) by extensions ['colcon_pkg']
[4.140s] Level 1:colcon.colcon_core.package_identification:_identify(src/uros/micro-ROS-Agent) by extension 'colcon_pkg'
[4.140s] Level 1:colcon.colcon_core.package_identification:_identify(src/uros/micro-ROS-Agent) by extensions ['colcon_meta']
[4.140s] Level 1:colcon.colcon_core.package_identification:_identify(src/uros/micro-ROS-Agent) by extension 'colcon_meta'
[4.140s] Level 1:colcon.colcon_core.package_identification:_identify(src/uros/micro-ROS-Agent) by extensions ['ros']
[4.141s] Level 1:colcon.colcon_core.package_identification:_identify(src/uros/micro-ROS-Agent) by extension 'ros'
[4.141s] Level 1:colcon.colcon_core.package_identification:_identify(src/uros/micro-ROS-Agent) by extensions ['cmake', 'python']
[4.141s] Level 1:colcon.colcon_core.package_identification:_identify(src/uros/micro-ROS-Agent) by extension 'cmake'
[4.141s] Level 1:colcon.colcon_core.package_identification:_identify(src/uros/micro-ROS-Agent) by extension 'python'
[4.142s] Level 1:colcon.colcon_core.package_identification:_identify(src/uros/micro-ROS-Agent) by extensions ['python_setup_py']
[4.142s] Level 1:colcon.colcon_core.package_identification:_identify(src/uros/micro-ROS-Agent) by extension 'python_setup_py'
[4.142s] Level 1:colcon.colcon_core.package_identification:_identify(src/uros/micro-ROS-Agent/micro_ros_agent) by extensions ['ignore', 'ignore_ament_install']
[4.143s] Level 1:colcon.colcon_core.package_identification:_identify(src/uros/micro-ROS-Agent/micro_ros_agent) by extension 'ignore'
[4.143s] Level 1:colcon.colcon_core.package_identification:_identify(src/uros/micro-ROS-Agent/micro_ros_agent) by extension 'ignore_ament_install'
[4.143s] Level 1:colcon.colcon_core.package_identification:_identify(src/uros/micro-ROS-Agent/micro_ros_agent) by extensions ['colcon_pkg']
[4.143s] Level 1:colcon.colcon_core.package_identification:_identify(src/uros/micro-ROS-Agent/micro_ros_agent) by extension 'colcon_pkg'
[4.144s] Level 1:colcon.colcon_core.package_identification:_identify(src/uros/micro-ROS-Agent/micro_ros_agent) by extensions ['colcon_meta']
[4.144s] Level 1:colcon.colcon_core.package_identification:_identify(src/uros/micro-ROS-Agent/micro_ros_agent) by extension 'colcon_meta'
[4.144s] Level 1:colcon.colcon_core.package_identification:_identify(src/uros/micro-ROS-Agent/micro_ros_agent) by extensions ['ros']
[4.144s] Level 1:colcon.colcon_core.package_identification:_identify(src/uros/micro-ROS-Agent/micro_ros_agent) by extension 'ros'
[4.148s] DEBUG:colcon.colcon_core.package_identification:Package 'src/uros/micro-ROS-Agent/micro_ros_agent' with type 'ros.ament_cmake' and name 'micro_ros_agent'
[4.149s] Level 1:colcon.colcon_core.package_identification:_identify(src/uros/micro-ROS-Agent/snap) by extensions ['ignore', 'ignore_ament_install']
[4.149s] Level 1:colcon.colcon_core.package_identification:_identify(src/uros/micro-ROS-Agent/snap) by extension 'ignore'
[4.149s] Level 1:colcon.colcon_core.package_identification:_identify(src/uros/micro-ROS-Agent/snap) by extension 'ignore_ament_install'
[4.150s] Level 1:colcon.colcon_core.package_identification:_identify(src/uros/micro-ROS-Agent/snap) by extensions ['colcon_pkg']
[4.150s] Level 1:colcon.colcon_core.package_identification:_identify(src/uros/micro-ROS-Agent/snap) by extension 'colcon_pkg'
[4.150s] Level 1:colcon.colcon_core.package_identification:_identify(src/uros/micro-ROS-Agent/snap) by extensions ['colcon_meta']
[4.150s] Level 1:colcon.colcon_core.package_identification:_identify(src/uros/micro-ROS-Agent/snap) by extension 'colcon_meta'
[4.150s] Level 1:colcon.colcon_core.package_identification:_identify(src/uros/micro-ROS-Agent/snap) by extensions ['ros']
[4.151s] Level 1:colcon.colcon_core.package_identification:_identify(src/uros/micro-ROS-Agent/snap) by extension 'ros'
[4.151s] Level 1:colcon.colcon_core.package_identification:_identify(src/uros/micro-ROS-Agent/snap) by extensions ['cmake', 'python']
[4.151s] Level 1:colcon.colcon_core.package_identification:_identify(src/uros/micro-ROS-Agent/snap) by extension 'cmake'
[4.151s] Level 1:colcon.colcon_core.package_identification:_identify(src/uros/micro-ROS-Agent/snap) by extension 'python'
[4.151s] Level 1:colcon.colcon_core.package_identification:_identify(src/uros/micro-ROS-Agent/snap) by extensions ['python_setup_py']
[4.152s] Level 1:colcon.colcon_core.package_identification:_identify(src/uros/micro-ROS-Agent/snap) by extension 'python_setup_py'
[4.152s] Level 1:colcon.colcon_core.package_identification:_identify(src/uros/micro-ROS-Agent/snap/hooks) by extensions ['ignore', 'ignore_ament_install']
[4.153s] Level 1:colcon.colcon_core.package_identification:_identify(src/uros/micro-ROS-Agent/snap/hooks) by extension 'ignore'
[4.153s] Level 1:colcon.colcon_core.package_identification:_identify(src/uros/micro-ROS-Agent/snap/hooks) by extension 'ignore_ament_install'
[4.153s] Level 1:colcon.colcon_core.package_identification:_identify(src/uros/micro-ROS-Agent/snap/hooks) by extensions ['colcon_pkg']
[4.154s] Level 1:colcon.colcon_core.package_identification:_identify(src/uros/micro-ROS-Agent/snap/hooks) by extension 'colcon_pkg'
[4.154s] Level 1:colcon.colcon_core.package_identification:_identify(src/uros/micro-ROS-Agent/snap/hooks) by extensions ['colcon_meta']
[4.154s] Level 1:colcon.colcon_core.package_identification:_identify(src/uros/micro-ROS-Agent/snap/hooks) by extension 'colcon_meta'
[4.154s] Level 1:colcon.colcon_core.package_identification:_identify(src/uros/micro-ROS-Agent/snap/hooks) by extensions ['ros']
[4.154s] Level 1:colcon.colcon_core.package_identification:_identify(src/uros/micro-ROS-Agent/snap/hooks) by extension 'ros'
[4.155s] Level 1:colcon.colcon_core.package_identification:_identify(src/uros/micro-ROS-Agent/snap/hooks) by extensions ['cmake', 'python']
[4.155s] Level 1:colcon.colcon_core.package_identification:_identify(src/uros/micro-ROS-Agent/snap/hooks) by extension 'cmake'
[4.155s] Level 1:colcon.colcon_core.package_identification:_identify(src/uros/micro-ROS-Agent/snap/hooks) by extension 'python'
[4.155s] Level 1:colcon.colcon_core.package_identification:_identify(src/uros/micro-ROS-Agent/snap/hooks) by extensions ['python_setup_py']
[4.155s] Level 1:colcon.colcon_core.package_identification:_identify(src/uros/micro-ROS-Agent/snap/hooks) by extension 'python_setup_py'
[4.156s] Level 1:colcon.colcon_core.package_identification:_identify(src/uros/micro-ROS-Agent/snap/local) by extensions ['ignore', 'ignore_ament_install']
[4.156s] Level 1:colcon.colcon_core.package_identification:_identify(src/uros/micro-ROS-Agent/snap/local) by extension 'ignore'
[4.157s] Level 1:colcon.colcon_core.package_identification:_identify(src/uros/micro-ROS-Agent/snap/local) by extension 'ignore_ament_install'
[4.157s] Level 1:colcon.colcon_core.package_identification:_identify(src/uros/micro-ROS-Agent/snap/local) by extensions ['colcon_pkg']
[4.157s] Level 1:colcon.colcon_core.package_identification:_identify(src/uros/micro-ROS-Agent/snap/local) by extension 'colcon_pkg'
[4.157s] Level 1:colcon.colcon_core.package_identification:_identify(src/uros/micro-ROS-Agent/snap/local) by extensions ['colcon_meta']
[4.158s] Level 1:colcon.colcon_core.package_identification:_identify(src/uros/micro-ROS-Agent/snap/local) by extension 'colcon_meta'
[4.158s] Level 1:colcon.colcon_core.package_identification:_identify(src/uros/micro-ROS-Agent/snap/local) by extensions ['ros']
[4.158s] Level 1:colcon.colcon_core.package_identification:_identify(src/uros/micro-ROS-Agent/snap/local) by extension 'ros'
[4.158s] Level 1:colcon.colcon_core.package_identification:_identify(src/uros/micro-ROS-Agent/snap/local) by extensions ['cmake', 'python']
[4.159s] Level 1:colcon.colcon_core.package_identification:_identify(src/uros/micro-ROS-Agent/snap/local) by extension 'cmake'
[4.159s] Level 1:colcon.colcon_core.package_identification:_identify(src/uros/micro-ROS-Agent/snap/local) by extension 'python'
[4.159s] Level 1:colcon.colcon_core.package_identification:_identify(src/uros/micro-ROS-Agent/snap/local) by extensions ['python_setup_py']
[4.159s] Level 1:colcon.colcon_core.package_identification:_identify(src/uros/micro-ROS-Agent/snap/local) by extension 'python_setup_py'
[4.160s] Level 1:colcon.colcon_core.package_identification:_identify(src/uros/micro_ros_msgs) by extensions ['ignore', 'ignore_ament_install']
[4.160s] Level 1:colcon.colcon_core.package_identification:_identify(src/uros/micro_ros_msgs) by extension 'ignore'
[4.160s] Level 1:colcon.colcon_core.package_identification:_identify(src/uros/micro_ros_msgs) by extension 'ignore_ament_install'
[4.161s] Level 1:colcon.colcon_core.package_identification:_identify(src/uros/micro_ros_msgs) by extensions ['colcon_pkg']
[4.161s] Level 1:colcon.colcon_core.package_identification:_identify(src/uros/micro_ros_msgs) by extension 'colcon_pkg'
[4.161s] Level 1:colcon.colcon_core.package_identification:_identify(src/uros/micro_ros_msgs) by extensions ['colcon_meta']
[4.161s] Level 1:colcon.colcon_core.package_identification:_identify(src/uros/micro_ros_msgs) by extension 'colcon_meta'
[4.162s] Level 1:colcon.colcon_core.package_identification:_identify(src/uros/micro_ros_msgs) by extensions ['ros']
[4.162s] Level 1:colcon.colcon_core.package_identification:_identify(src/uros/micro_ros_msgs) by extension 'ros'
[4.164s] DEBUG:colcon.colcon_core.package_identification:Package 'src/uros/micro_ros_msgs' with type 'ros.ament_cmake' and name 'micro_ros_msgs'
[4.164s] Level 1:colcon.colcon_core.package_discovery:discover_packages(recursive) using defaults
[4.164s] Level 1:colcon.colcon_core.package_discovery:discover_packages(ignore) discover
[4.164s] Level 1:colcon.colcon_core.package_discovery:discover_packages(ignore) using defaults
[4.164s] Level 1:colcon.colcon_core.package_discovery:discover_packages(path) discover
[4.165s] Level 1:colcon.colcon_core.package_discovery:discover_packages(path) using defaults
[4.508s] Level 1:colcon.colcon_core.package_discovery:discover_packages(prefix_path) check parameters
[4.508s] Level 1:colcon.colcon_core.package_discovery:discover_packages(prefix_path) discover
[4.634s] DEBUG:colcon.colcon_installed_package_information.package_discovery:Found 9 installed packages in /home/iris/iris/iris_ws/install
[4.694s] DEBUG:colcon.colcon_installed_package_information.package_discovery:Found 190 installed packages in /opt/ros/humble
[4.698s] Level 1:colcon.colcon_core.package_discovery:discover_packages(prefix_path) using defaults
[4.988s] Level 5:colcon.colcon_core.verb:set package 'iris_vision' build argument 'cmake_args' from command line to 'None'
[4.988s] Level 5:colcon.colcon_core.verb:set package 'iris_vision' build argument 'cmake_target' from command line to 'None'
[4.988s] Level 5:colcon.colcon_core.verb:set package 'iris_vision' build argument 'cmake_target_skip_unavailable' from command line to 'False'
[4.988s] Level 5:colcon.colcon_core.verb:set package 'iris_vision' build argument 'cmake_clean_cache' from command line to 'False'
[4.988s] Level 5:colcon.colcon_core.verb:set package 'iris_vision' build argument 'cmake_clean_first' from command line to 'False'
[4.988s] Level 5:colcon.colcon_core.verb:set package 'iris_vision' build argument 'cmake_force_configure' from command line to 'False'
[4.988s] Level 5:colcon.colcon_core.verb:set package 'iris_vision' build argument 'ament_cmake_args' from command line to 'None'
[4.989s] Level 5:colcon.colcon_core.verb:set package 'iris_vision' build argument 'catkin_cmake_args' from command line to 'None'
[4.989s] Level 5:colcon.colcon_core.verb:set package 'iris_vision' build argument 'catkin_skip_building_tests' from command line to 'False'
[4.989s] DEBUG:colcon.colcon_core.verb:Building package 'iris_vision' with the following arguments: {'ament_cmake_args': None, 'build_base': '/home/iris/iris/iris_ws/build/iris_vision', 'catkin_cmake_args': None, 'catkin_skip_building_tests': False, 'cmake_args': None, 'cmake_clean_cache': False, 'cmake_clean_first': False, 'cmake_force_configure': False, 'cmake_target': None, 'cmake_target_skip_unavailable': False, 'install_base': '/home/iris/iris/iris_ws/install/iris_vision', 'merge_install': False, 'path': '/home/iris/iris/iris_ws/src/iris_vision', 'symlink_install': False, 'test_result_base': None}
[5.042s] Level 5:colcon.colcon_core.verb:set package 'micro_ros_msgs' build argument 'cmake_args' from command line to 'None'
[5.043s] Level 5:colcon.colcon_core.verb:set package 'micro_ros_msgs' build argument 'cmake_target' from command line to 'None'
[5.043s] Level 5:colcon.colcon_core.verb:set package 'micro_ros_msgs' build argument 'cmake_target_skip_unavailable' from command line to 'False'
[5.043s] Level 5:colcon.colcon_core.verb:set package 'micro_ros_msgs' build argument 'cmake_clean_cache' from command line to 'False'
[5.043s] Level 5:colcon.colcon_core.verb:set package 'micro_ros_msgs' build argument 'cmake_clean_first' from command line to 'False'
[5.043s] Level 5:colcon.colcon_core.verb:set package 'micro_ros_msgs' build argument 'cmake_force_configure' from command line to 'False'
[5.043s] Level 5:colcon.colcon_core.verb:set package 'micro_ros_msgs' build argument 'ament_cmake_args' from command line to 'None'
[5.043s] Level 5:colcon.colcon_core.verb:set package 'micro_ros_msgs' build argument 'catkin_cmake_args' from command line to 'None'
[5.044s] Level 5:colcon.colcon_core.verb:set package 'micro_ros_msgs' build argument 'catkin_skip_building_tests' from command line to 'False'
[5.044s] DEBUG:colcon.colcon_core.verb:Building package 'micro_ros_msgs' with the following arguments: {'ament_cmake_args': None, 'build_base': '/home/iris/iris/iris_ws/build/micro_ros_msgs', 'catkin_cmake_args': None, 'catkin_skip_building_tests': False, 'cmake_args': None, 'cmake_clean_cache': False, 'cmake_clean_first': False, 'cmake_force_configure': False, 'cmake_target': None, 'cmake_target_skip_unavailable': False, 'install_base': '/home/iris/iris/iris_ws/install/micro_ros_msgs', 'merge_install': False, 'path': '/home/iris/iris/iris_ws/src/uros/micro_ros_msgs', 'symlink_install': False, 'test_result_base': None}
[5.097s] Level 5:colcon.colcon_core.verb:set package 'micro_ros_setup' build argument 'cmake_args' from command line to 'None'
[5.097s] Level 5:colcon.colcon_core.verb:set package 'micro_ros_setup' build argument 'cmake_target' from command line to 'None'
[5.098s] Level 5:colcon.colcon_core.verb:set package 'micro_ros_setup' build argument 'cmake_target_skip_unavailable' from command line to 'False'
[5.098s] Level 5:colcon.colcon_core.verb:set package 'micro_ros_setup' build argument 'cmake_clean_cache' from command line to 'False'
[5.098s] Level 5:colcon.colcon_core.verb:set package 'micro_ros_setup' build argument 'cmake_clean_first' from command line to 'False'
[5.098s] Level 5:colcon.colcon_core.verb:set package 'micro_ros_setup' build argument 'cmake_force_configure' from command line to 'False'
[5.098s] Level 5:colcon.colcon_core.verb:set package 'micro_ros_setup' build argument 'ament_cmake_args' from command line to 'None'
[5.098s] Level 5:colcon.colcon_core.verb:set package 'micro_ros_setup' build argument 'catkin_cmake_args' from command line to 'None'
[5.098s] Level 5:colcon.colcon_core.verb:set package 'micro_ros_setup' build argument 'catkin_skip_building_tests' from command line to 'False'
[5.098s] DEBUG:colcon.colcon_core.verb:Building package 'micro_ros_setup' with the following arguments: {'ament_cmake_args': None, 'build_base': '/home/iris/iris/iris_ws/build/micro_ros_setup', 'catkin_cmake_args': None, 'catkin_skip_building_tests': False, 'cmake_args': None, 'cmake_clean_cache': False, 'cmake_clean_first': False, 'cmake_force_configure': False, 'cmake_target': None, 'cmake_target_skip_unavailable': False, 'install_base': '/home/iris/iris/iris_ws/install/micro_ros_setup', 'merge_install': False, 'path': '/home/iris/iris/iris_ws/src/micro_ros_setup', 'symlink_install': False, 'test_result_base': None}
[5.153s] Level 5:colcon.colcon_core.verb:set package 'micro_ros_agent' build argument 'cmake_args' from command line to 'None'
[5.153s] Level 5:colcon.colcon_core.verb:set package 'micro_ros_agent' build argument 'cmake_target' from command line to 'None'
[5.154s] Level 5:colcon.colcon_core.verb:set package 'micro_ros_agent' build argument 'cmake_target_skip_unavailable' from command line to 'False'
[5.154s] Level 5:colcon.colcon_core.verb:set package 'micro_ros_agent' build argument 'cmake_clean_cache' from command line to 'False'
[5.154s] Level 5:colcon.colcon_core.verb:set package 'micro_ros_agent' build argument 'cmake_clean_first' from command line to 'False'
[5.154s] Level 5:colcon.colcon_core.verb:set package 'micro_ros_agent' build argument 'cmake_force_configure' from command line to 'False'
[5.154s] Level 5:colcon.colcon_core.verb:set package 'micro_ros_agent' build argument 'ament_cmake_args' from command line to 'None'
[5.154s] Level 5:colcon.colcon_core.verb:set package 'micro_ros_agent' build argument 'catkin_cmake_args' from command line to 'None'
[5.154s] Level 5:colcon.colcon_core.verb:set package 'micro_ros_agent' build argument 'catkin_skip_building_tests' from command line to 'False'
[5.154s] DEBUG:colcon.colcon_core.verb:Building package 'micro_ros_agent' with the following arguments: {'ament_cmake_args': None, 'build_base': '/home/iris/iris/iris_ws/build/micro_ros_agent', 'catkin_cmake_args': None, 'catkin_skip_building_tests': False, 'cmake_args': None, 'cmake_clean_cache': False, 'cmake_clean_first': False, 'cmake_force_configure': False, 'cmake_target': None, 'cmake_target_skip_unavailable': False, 'install_base': '/home/iris/iris/iris_ws/install/micro_ros_agent', 'merge_install': False, 'path': '/home/iris/iris/iris_ws/src/uros/micro-ROS-Agent/micro_ros_agent', 'symlink_install': False, 'test_result_base': None}
[5.207s] INFO:colcon.colcon_core.executor:Executing jobs using 'parallel' executor
[5.266s] DEBUG:colcon.colcon_parallel_executor.executor.parallel:run_until_complete
[5.267s] INFO:colcon.colcon_ros.task.ament_cmake.build:Building ROS package in '/home/iris/iris/iris_ws/src/uros/micro_ros_msgs' with build type 'ament_cmake'
[5.268s] INFO:colcon.colcon_cmake.task.cmake.build:Building CMake package in '/home/iris/iris/iris_ws/src/uros/micro_ros_msgs'
[5.332s] INFO:colcon.colcon_core.plugin_system:Skipping extension 'colcon_core.shell.bat': Not used on non-Windows systems
[5.333s] INFO:colcon.colcon_core.shell:Skip shell extension 'powershell' for command environment: Not usable outside of PowerShell
[5.333s] DEBUG:colcon.colcon_core.shell:Skip shell extension 'dsv' for command environment
[5.519s] INFO:colcon.colcon_ros.task.ament_python.build:Building ROS package in '/home/iris/iris/iris_ws/src/iris_vision' with build type 'ament_python'
[5.520s] Level 1:colcon.colcon_core.shell:create_environment_hook('iris_vision', 'ament_prefix_path')
[5.579s] INFO:colcon.colcon_core.shell:Creating environment hook '/home/iris/iris/iris_ws/install/iris_vision/share/iris_vision/hook/ament_prefix_path.ps1'
[5.582s] INFO:colcon.colcon_core.shell:Creating environment descriptor '/home/iris/iris/iris_ws/install/iris_vision/share/iris_vision/hook/ament_prefix_path.dsv'
[5.584s] INFO:colcon.colcon_core.shell:Creating environment hook '/home/iris/iris/iris_ws/install/iris_vision/share/iris_vision/hook/ament_prefix_path.sh'
[5.643s] INFO:colcon.colcon_core.shell:Skip shell extension 'powershell' for command environment: Not usable outside of PowerShell
[5.644s] DEBUG:colcon.colcon_core.shell:Skip shell extension 'dsv' for command environment
[5.829s] INFO:colcon.colcon_ros.task.ament_cmake.build:Building ROS package in '/home/iris/iris/iris_ws/src/micro_ros_setup' with build type 'ament_cmake'
[5.831s] INFO:colcon.colcon_cmake.task.cmake.build:Building CMake package in '/home/iris/iris/iris_ws/src/micro_ros_setup'
[5.891s] INFO:colcon.colcon_core.shell:Skip shell extension 'powershell' for command environment: Not usable outside of PowerShell
[5.891s] DEBUG:colcon.colcon_core.shell:Skip shell extension 'dsv' for command environment
[6.091s] DEBUG:colcon.colcon_core.event_handler.log_command:Invoking command in '/home/iris/iris/iris_ws/build/micro_ros_msgs': CMAKE_PREFIX_PATH=${CMAKE_PREFIX_PATH}:/home/iris/iris/iris_ws/install/iris_vision:/opt/ros/humble /usr/bin/cmake --build /home/iris/iris/iris_ws/build/micro_ros_msgs -- -j4 -l4
[7.849s] INFO:colcon.colcon_core.task.python.build:Building Python package in '/home/iris/iris/iris_ws/src/iris_vision'
[7.970s] INFO:colcon.colcon_core.shell:Skip shell extension 'powershell' for command environment: Not usable outside of PowerShell
[7.970s] DEBUG:colcon.colcon_core.shell:Skip shell extension 'dsv' for command environment
[8.325s] DEBUG:colcon.colcon_core.event_handler.log_command:Invoking command in '/home/iris/iris/iris_ws/build/micro_ros_setup': CMAKE_PREFIX_PATH=${CMAKE_PREFIX_PATH}:/home/iris/iris/iris_ws/install/iris_vision:/opt/ros/humble /usr/bin/cmake --build /home/iris/iris/iris_ws/build/micro_ros_setup -- -j4 -l4
[8.610s] DEBUG:colcon.colcon_core.event_handler.log_command:Invoked command in '/home/iris/iris/iris_ws/build/micro_ros_setup' returned '0': CMAKE_PREFIX_PATH=${CMAKE_PREFIX_PATH}:/home/iris/iris/iris_ws/install/iris_vision:/opt/ros/humble /usr/bin/cmake --build /home/iris/iris/iris_ws/build/micro_ros_setup -- -j4 -l4
[8.709s] DEBUG:colcon.colcon_core.event_handler.log_command:Invoked command in '/home/iris/iris/iris_ws/build/micro_ros_msgs' returned '0': CMAKE_PREFIX_PATH=${CMAKE_PREFIX_PATH}:/home/iris/iris/iris_ws/install/iris_vision:/opt/ros/humble /usr/bin/cmake --build /home/iris/iris/iris_ws/build/micro_ros_msgs -- -j4 -l4
[8.844s] DEBUG:colcon.colcon_core.event_handler.log_command:Invoking command in '/home/iris/iris/iris_ws/build/micro_ros_setup': CMAKE_PREFIX_PATH=${CMAKE_PREFIX_PATH}:/home/iris/iris/iris_ws/install/iris_vision:/opt/ros/humble /usr/bin/cmake --install /home/iris/iris/iris_ws/build/micro_ros_setup
[9.139s] Level 1:colcon.colcon_core.environment:create_environment_scripts_only(micro_ros_setup)
[9.178s] DEBUG:colcon.colcon_core.event_handler.log_command:Invoked command in '/home/iris/iris/iris_ws/build/micro_ros_setup' returned '0': CMAKE_PREFIX_PATH=${CMAKE_PREFIX_PATH}:/home/iris/iris/iris_ws/install/iris_vision:/opt/ros/humble /usr/bin/cmake --install /home/iris/iris/iris_ws/build/micro_ros_setup
[9.270s] Level 1:colcon.colcon_core.environment:checking '/home/iris/iris/iris_ws/install/micro_ros_setup' for CMake module files
[9.274s] Level 1:colcon.colcon_core.environment:checking '/home/iris/iris/iris_ws/install/micro_ros_setup' for CMake config files
[9.277s] Level 1:colcon.colcon_core.shell:create_environment_hook('micro_ros_setup', 'cmake_prefix_path')
[9.376s] INFO:colcon.colcon_core.shell:Creating environment hook '/home/iris/iris/iris_ws/install/micro_ros_setup/share/micro_ros_setup/hook/cmake_prefix_path.ps1'
[9.380s] INFO:colcon.colcon_core.shell:Creating environment descriptor '/home/iris/iris/iris_ws/install/micro_ros_setup/share/micro_ros_setup/hook/cmake_prefix_path.dsv'
[9.386s] INFO:colcon.colcon_core.shell:Creating environment hook '/home/iris/iris/iris_ws/install/micro_ros_setup/share/micro_ros_setup/hook/cmake_prefix_path.sh'
[9.392s] Level 1:colcon.colcon_core.environment:checking '/home/iris/iris/iris_ws/install/micro_ros_setup/lib'
[9.394s] Level 1:colcon.colcon_core.environment:checking '/home/iris/iris/iris_ws/install/micro_ros_setup/bin'
[9.395s] Level 1:colcon.colcon_core.environment:checking '/home/iris/iris/iris_ws/install/micro_ros_setup/lib/pkgconfig/micro_ros_setup.pc'
[9.397s] Level 1:colcon.colcon_core.environment:checking '/home/iris/iris/iris_ws/install/micro_ros_setup/lib/python3.10/site-packages'
[9.399s] Level 1:colcon.colcon_core.environment:checking '/home/iris/iris/iris_ws/install/micro_ros_setup/bin'
[9.512s] INFO:colcon.colcon_core.shell:Creating package script '/home/iris/iris/iris_ws/install/micro_ros_setup/share/micro_ros_setup/package.ps1'
[9.518s] INFO:colcon.colcon_core.shell:Creating package descriptor '/home/iris/iris/iris_ws/install/micro_ros_setup/share/micro_ros_setup/package.dsv'
[9.524s] INFO:colcon.colcon_core.shell:Creating package script '/home/iris/iris/iris_ws/install/micro_ros_setup/share/micro_ros_setup/package.sh'
[9.531s] INFO:colcon.colcon_core.shell:Creating package script '/home/iris/iris/iris_ws/install/micro_ros_setup/share/micro_ros_setup/package.bash'
[9.538s] INFO:colcon.colcon_core.shell:Creating package script '/home/iris/iris/iris_ws/install/micro_ros_setup/share/micro_ros_setup/package.zsh'
[9.544s] Level 1:colcon.colcon_core.environment:create_file_with_runtime_dependencies(/home/iris/iris/iris_ws/install/micro_ros_setup/share/colcon-core/packages/micro_ros_setup)
[9.701s] DEBUG:colcon.colcon_core.event_handler.log_command:Invoking command in '/home/iris/iris/iris_ws/build/micro_ros_msgs': CMAKE_PREFIX_PATH=${CMAKE_PREFIX_PATH}:/home/iris/iris/iris_ws/install/iris_vision:/opt/ros/humble /usr/bin/cmake --install /home/iris/iris/iris_ws/build/micro_ros_msgs
[9.992s] Level 1:colcon.colcon_core.environment:create_environment_scripts_only(micro_ros_setup)
[10.112s] Level 1:colcon.colcon_core.environment:checking '/home/iris/iris/iris_ws/install/micro_ros_setup' for CMake module files
[10.136s] Level 1:colcon.colcon_core.environment:checking '/home/iris/iris/iris_ws/install/micro_ros_setup' for CMake config files
[10.139s] Level 1:colcon.colcon_core.shell:create_environment_hook('micro_ros_setup', 'cmake_prefix_path')
[10.439s] INFO:colcon.colcon_core.shell:Creating environment hook '/home/iris/iris/iris_ws/install/micro_ros_setup/share/micro_ros_setup/hook/cmake_prefix_path.ps1'
[10.442s] INFO:colcon.colcon_core.shell:Creating environment descriptor '/home/iris/iris/iris_ws/install/micro_ros_setup/share/micro_ros_setup/hook/cmake_prefix_path.dsv'
[10.444s] INFO:colcon.colcon_core.shell:Creating environment hook '/home/iris/iris/iris_ws/install/micro_ros_setup/share/micro_ros_setup/hook/cmake_prefix_path.sh'
[10.447s] Level 1:colcon.colcon_core.environment:checking '/home/iris/iris/iris_ws/install/micro_ros_setup/lib'
[10.448s] Level 1:colcon.colcon_core.environment:checking '/home/iris/iris/iris_ws/install/micro_ros_setup/bin'
[10.448s] Level 1:colcon.colcon_core.environment:checking '/home/iris/iris/iris_ws/install/micro_ros_setup/lib/pkgconfig/micro_ros_setup.pc'
[10.450s] Level 1:colcon.colcon_core.environment:checking '/home/iris/iris/iris_ws/install/micro_ros_setup/lib/python3.10/site-packages'
[10.451s] Level 1:colcon.colcon_core.environment:checking '/home/iris/iris/iris_ws/install/micro_ros_setup/bin'
[10.526s] INFO:colcon.colcon_core.shell:Creating package script '/home/iris/iris/iris_ws/install/micro_ros_setup/share/micro_ros_setup/package.ps1'
[10.529s] INFO:colcon.colcon_core.shell:Creating package descriptor '/home/iris/iris/iris_ws/install/micro_ros_setup/share/micro_ros_setup/package.dsv'
[10.532s] INFO:colcon.colcon_core.shell:Creating package script '/home/iris/iris/iris_ws/install/micro_ros_setup/share/micro_ros_setup/package.sh'
[10.535s] INFO:colcon.colcon_core.shell:Creating package script '/home/iris/iris/iris_ws/install/micro_ros_setup/share/micro_ros_setup/package.bash'
[10.537s] INFO:colcon.colcon_core.shell:Creating package script '/home/iris/iris/iris_ws/install/micro_ros_setup/share/micro_ros_setup/package.zsh'
[10.540s] Level 1:colcon.colcon_core.environment:create_file_with_runtime_dependencies(/home/iris/iris/iris_ws/install/micro_ros_setup/share/colcon-core/packages/micro_ros_setup)
[10.562s] DEBUG:colcon.colcon_core.event_handler.log_command:Invoking command in '/home/iris/iris/iris_ws/src/iris_vision': PYTHONPATH=/home/iris/iris/iris_ws/build/iris_vision/prefix_override:/home/iris/iris/iris_ws/install/iris_vision/lib/python3.10/site-packages:${PYTHONPATH} /usr/bin/python3 setup.py egg_info --egg-base ../../build/iris_vision build --build-base /home/iris/iris/iris_ws/build/iris_vision/build install --record /home/iris/iris/iris_ws/build/iris_vision/install.log --single-version-externally-managed
[10.564s] Level 1:colcon.colcon_core.environment:create_environment_scripts_only(micro_ros_msgs)
[10.569s] DEBUG:colcon.colcon_core.event_handler.log_command:Invoked command in '/home/iris/iris/iris_ws/build/micro_ros_msgs' returned '0': CMAKE_PREFIX_PATH=${CMAKE_PREFIX_PATH}:/home/iris/iris/iris_ws/install/iris_vision:/opt/ros/humble /usr/bin/cmake --install /home/iris/iris/iris_ws/build/micro_ros_msgs
[10.673s] Level 1:colcon.colcon_core.environment:checking '/home/iris/iris/iris_ws/install/micro_ros_msgs' for CMake module files
[10.677s] Level 1:colcon.colcon_core.environment:checking '/home/iris/iris/iris_ws/install/micro_ros_msgs' for CMake config files
[10.682s] Level 1:colcon.colcon_core.shell:create_environment_hook('micro_ros_msgs', 'cmake_prefix_path')
[10.786s] INFO:colcon.colcon_core.shell:Creating environment hook '/home/iris/iris/iris_ws/install/micro_ros_msgs/share/micro_ros_msgs/hook/cmake_prefix_path.ps1'
[10.789s] INFO:colcon.colcon_core.shell:Creating environment descriptor '/home/iris/iris/iris_ws/install/micro_ros_msgs/share/micro_ros_msgs/hook/cmake_prefix_path.dsv'
[10.792s] INFO:colcon.colcon_core.shell:Creating environment hook '/home/iris/iris/iris_ws/install/micro_ros_msgs/share/micro_ros_msgs/hook/cmake_prefix_path.sh'
[10.796s] Level 1:colcon.colcon_core.environment:checking '/home/iris/iris/iris_ws/install/micro_ros_msgs/lib'
[10.796s] Level 1:colcon.colcon_core.shell:create_environment_hook('micro_ros_msgs', 'ld_library_path_lib')
[10.899s] INFO:colcon.colcon_core.shell:Creating environment hook '/home/iris/iris/iris_ws/install/micro_ros_msgs/share/micro_ros_msgs/hook/ld_library_path_lib.ps1'
[10.902s] INFO:colcon.colcon_core.shell:Creating environment descriptor '/home/iris/iris/iris_ws/install/micro_ros_msgs/share/micro_ros_msgs/hook/ld_library_path_lib.dsv'
[10.904s] INFO:colcon.colcon_core.shell:Creating environment hook '/home/iris/iris/iris_ws/install/micro_ros_msgs/share/micro_ros_msgs/hook/ld_library_path_lib.sh'
[10.908s] Level 1:colcon.colcon_core.environment:checking '/home/iris/iris/iris_ws/install/micro_ros_msgs/bin'
[10.908s] Level 1:colcon.colcon_core.environment:checking '/home/iris/iris/iris_ws/install/micro_ros_msgs/lib/pkgconfig/micro_ros_msgs.pc'
[10.910s] Level 1:colcon.colcon_core.environment:checking '/home/iris/iris/iris_ws/install/micro_ros_msgs/lib/python3.10/site-packages'
[10.911s] Level 1:colcon.colcon_core.environment:checking '/home/iris/iris/iris_ws/install/micro_ros_msgs/bin'
[11.011s] INFO:colcon.colcon_core.shell:Creating package script '/home/iris/iris/iris_ws/install/micro_ros_msgs/share/micro_ros_msgs/package.ps1'
[11.014s] INFO:colcon.colcon_core.shell:Creating package descriptor '/home/iris/iris/iris_ws/install/micro_ros_msgs/share/micro_ros_msgs/package.dsv'
[11.017s] INFO:colcon.colcon_core.shell:Creating package script '/home/iris/iris/iris_ws/install/micro_ros_msgs/share/micro_ros_msgs/package.sh'
[11.020s] INFO:colcon.colcon_core.shell:Creating package script '/home/iris/iris/iris_ws/install/micro_ros_msgs/share/micro_ros_msgs/package.bash'
[11.023s] INFO:colcon.colcon_core.shell:Creating package script '/home/iris/iris/iris_ws/install/micro_ros_msgs/share/micro_ros_msgs/package.zsh'
[11.026s] Level 1:colcon.colcon_core.environment:create_file_with_runtime_dependencies(/home/iris/iris/iris_ws/install/micro_ros_msgs/share/colcon-core/packages/micro_ros_msgs)
[11.848s] Level 1:colcon.colcon_core.environment:create_environment_scripts_only(micro_ros_msgs)
[11.949s] Level 1:colcon.colcon_core.environment:checking '/home/iris/iris/iris_ws/install/micro_ros_msgs' for CMake module files
[11.954s] Level 1:colcon.colcon_core.environment:checking '/home/iris/iris/iris_ws/install/micro_ros_msgs' for CMake config files
[11.960s] Level 1:colcon.colcon_core.shell:create_environment_hook('micro_ros_msgs', 'cmake_prefix_path')
[12.103s] INFO:colcon.colcon_core.shell:Creating environment hook '/home/iris/iris/iris_ws/install/micro_ros_msgs/share/micro_ros_msgs/hook/cmake_prefix_path.ps1'
[12.106s] INFO:colcon.colcon_core.shell:Creating environment descriptor '/home/iris/iris/iris_ws/install/micro_ros_msgs/share/micro_ros_msgs/hook/cmake_prefix_path.dsv'
[12.110s] INFO:colcon.colcon_core.shell:Creating environment hook '/home/iris/iris/iris_ws/install/micro_ros_msgs/share/micro_ros_msgs/hook/cmake_prefix_path.sh'
[12.115s] Level 1:colcon.colcon_core.environment:checking '/home/iris/iris/iris_ws/install/micro_ros_msgs/lib'
[12.116s] Level 1:colcon.colcon_core.shell:create_environment_hook('micro_ros_msgs', 'ld_library_path_lib')
[12.287s] INFO:colcon.colcon_core.shell:Creating environment hook '/home/iris/iris/iris_ws/install/micro_ros_msgs/share/micro_ros_msgs/hook/ld_library_path_lib.ps1'
[12.295s] INFO:colcon.colcon_core.shell:Creating environment descriptor '/home/iris/iris/iris_ws/install/micro_ros_msgs/share/micro_ros_msgs/hook/ld_library_path_lib.dsv'
[12.300s] INFO:colcon.colcon_core.shell:Creating environment hook '/home/iris/iris/iris_ws/install/micro_ros_msgs/share/micro_ros_msgs/hook/ld_library_path_lib.sh'
[12.306s] Level 1:colcon.colcon_core.environment:checking '/home/iris/iris/iris_ws/install/micro_ros_msgs/bin'
[12.307s] Level 1:colcon.colcon_core.environment:checking '/home/iris/iris/iris_ws/install/micro_ros_msgs/lib/pkgconfig/micro_ros_msgs.pc'
[12.309s] Level 1:colcon.colcon_core.environment:checking '/home/iris/iris/iris_ws/install/micro_ros_msgs/lib/python3.10/site-packages'
[12.311s] Level 1:colcon.colcon_core.environment:checking '/home/iris/iris/iris_ws/install/micro_ros_msgs/bin'
[12.384s] INFO:colcon.colcon_core.shell:Creating package script '/home/iris/iris/iris_ws/install/micro_ros_msgs/share/micro_ros_msgs/package.ps1'
[12.387s] INFO:colcon.colcon_core.shell:Creating package descriptor '/home/iris/iris/iris_ws/install/micro_ros_msgs/share/micro_ros_msgs/package.dsv'
[12.390s] INFO:colcon.colcon_core.shell:Creating package script '/home/iris/iris/iris_ws/install/micro_ros_msgs/share/micro_ros_msgs/package.sh'
[12.393s] INFO:colcon.colcon_core.shell:Creating package script '/home/iris/iris/iris_ws/install/micro_ros_msgs/share/micro_ros_msgs/package.bash'
[12.396s] INFO:colcon.colcon_core.shell:Creating package script '/home/iris/iris/iris_ws/install/micro_ros_msgs/share/micro_ros_msgs/package.zsh'
[12.399s] Level 1:colcon.colcon_core.environment:create_file_with_runtime_dependencies(/home/iris/iris/iris_ws/install/micro_ros_msgs/share/colcon-core/packages/micro_ros_msgs)
[12.401s] INFO:colcon.colcon_ros.task.ament_cmake.build:Building ROS package in '/home/iris/iris/iris_ws/src/uros/micro-ROS-Agent/micro_ros_agent' with build type 'ament_cmake'
[12.403s] INFO:colcon.colcon_cmake.task.cmake.build:Building CMake package in '/home/iris/iris/iris_ws/src/uros/micro-ROS-Agent/micro_ros_agent'
[12.484s] INFO:colcon.colcon_core.shell:Skip shell extension 'powershell' for command environment: Not usable outside of PowerShell
[12.485s] DEBUG:colcon.colcon_core.shell:Skip shell extension 'dsv' for command environment
[12.812s] DEBUG:colcon.colcon_core.event_handler.log_command:Invoked command in '/home/iris/iris/iris_ws/src/iris_vision' returned '0': PYTHONPATH=/home/iris/iris/iris_ws/build/iris_vision/prefix_override:/home/iris/iris/iris_ws/install/iris_vision/lib/python3.10/site-packages:${PYTHONPATH} /usr/bin/python3 setup.py egg_info --egg-base ../../build/iris_vision build --build-base /home/iris/iris/iris_ws/build/iris_vision/build install --record /home/iris/iris/iris_ws/build/iris_vision/install.log --single-version-externally-managed
[12.943s] Level 1:colcon.colcon_core.environment:checking '/home/iris/iris/iris_ws/install/iris_vision' for CMake module files
[12.946s] Level 1:colcon.colcon_core.environment:checking '/home/iris/iris/iris_ws/install/iris_vision' for CMake config files
[12.951s] Level 1:colcon.colcon_core.environment:checking '/home/iris/iris/iris_ws/install/iris_vision/lib'
[12.952s] Level 1:colcon.colcon_core.environment:checking '/home/iris/iris/iris_ws/install/iris_vision/bin'
[12.953s] Level 1:colcon.colcon_core.environment:checking '/home/iris/iris/iris_ws/install/iris_vision/lib/pkgconfig/iris_vision.pc'
[12.954s] Level 1:colcon.colcon_core.environment:checking '/home/iris/iris/iris_ws/install/iris_vision/lib/python3.10/site-packages'
[12.955s] Level 1:colcon.colcon_core.shell:create_environment_hook('iris_vision', 'pythonpath')
[13.035s] INFO:colcon.colcon_core.shell:Creating environment hook '/home/iris/iris/iris_ws/install/iris_vision/share/iris_vision/hook/pythonpath.ps1'
[13.038s] INFO:colcon.colcon_core.shell:Creating environment descriptor '/home/iris/iris/iris_ws/install/iris_vision/share/iris_vision/hook/pythonpath.dsv'
[13.040s] INFO:colcon.colcon_core.shell:Creating environment hook '/home/iris/iris/iris_ws/install/iris_vision/share/iris_vision/hook/pythonpath.sh'
[13.043s] Level 1:colcon.colcon_core.environment:checking '/home/iris/iris/iris_ws/install/iris_vision/bin'
[13.044s] Level 1:colcon.colcon_core.environment:create_environment_scripts_only(iris_vision)
[13.125s] INFO:colcon.colcon_core.shell:Creating package script '/home/iris/iris/iris_ws/install/iris_vision/share/iris_vision/package.ps1'
[13.127s] INFO:colcon.colcon_core.shell:Creating package descriptor '/home/iris/iris/iris_ws/install/iris_vision/share/iris_vision/package.dsv'
[13.130s] INFO:colcon.colcon_core.shell:Creating package script '/home/iris/iris/iris_ws/install/iris_vision/share/iris_vision/package.sh'
[13.133s] INFO:colcon.colcon_core.shell:Creating package script '/home/iris/iris/iris_ws/install/iris_vision/share/iris_vision/package.bash'
[13.135s] INFO:colcon.colcon_core.shell:Creating package script '/home/iris/iris/iris_ws/install/iris_vision/share/iris_vision/package.zsh'
[13.137s] Level 1:colcon.colcon_core.environment:create_file_with_runtime_dependencies(/home/iris/iris/iris_ws/install/iris_vision/share/colcon-core/packages/iris_vision)
[13.158s] DEBUG:colcon.colcon_core.event_handler.log_command:Invoking command in '/home/iris/iris/iris_ws/build/micro_ros_agent': CMAKE_PREFIX_PATH=/home/iris/iris/iris_ws/install/micro_ros_msgs:/home/iris/iris/iris_ws/install/micro_ros_setup:/home/iris/iris/iris_ws/install/micro_ros_agent:/home/iris/iris/iris_ws/install/iris:/home/iris/iris/iris_ws/install/iris_vision:/opt/ros/humble LD_LIBRARY_PATH=/home/iris/iris/iris_ws/install/micro_ros_msgs/lib:/home/iris/iris/iris_ws/install/micro_ros_agent/lib:/opt/ros/humble/lib/aarch64-linux-gnu:/opt/ros/humble/lib /usr/bin/cmake --build /home/iris/iris/iris_ws/build/micro_ros_agent -- -j4 -l4
[13.461s] DEBUG:colcon.colcon_core.event_handler.log_command:Invoked command in '/home/iris/iris/iris_ws/build/micro_ros_agent' returned '0': CMAKE_PREFIX_PATH=/home/iris/iris/iris_ws/install/micro_ros_msgs:/home/iris/iris/iris_ws/install/micro_ros_setup:/home/iris/iris/iris_ws/install/micro_ros_agent:/home/iris/iris/iris_ws/install/iris:/home/iris/iris/iris_ws/install/iris_vision:/opt/ros/humble LD_LIBRARY_PATH=/home/iris/iris/iris_ws/install/micro_ros_msgs/lib:/home/iris/iris/iris_ws/install/micro_ros_agent/lib:/opt/ros/humble/lib/aarch64-linux-gnu:/opt/ros/humble/lib /usr/bin/cmake --build /home/iris/iris/iris_ws/build/micro_ros_agent -- -j4 -l4
[13.656s] DEBUG:colcon.colcon_core.event_handler.log_command:Invoking command in '/home/iris/iris/iris_ws/build/micro_ros_agent': CMAKE_PREFIX_PATH=/home/iris/iris/iris_ws/install/micro_ros_msgs:/home/iris/iris/iris_ws/install/micro_ros_setup:/home/iris/iris/iris_ws/install/micro_ros_agent:/home/iris/iris/iris_ws/install/iris:/home/iris/iris/iris_ws/install/iris_vision:/opt/ros/humble LD_LIBRARY_PATH=/home/iris/iris/iris_ws/install/micro_ros_msgs/lib:/home/iris/iris/iris_ws/install/micro_ros_agent/lib:/opt/ros/humble/lib/aarch64-linux-gnu:/opt/ros/humble/lib /usr/bin/cmake --install /home/iris/iris/iris_ws/build/micro_ros_agent
[13.710s] Level 1:colcon.colcon_core.environment:create_environment_scripts_only(micro_ros_agent)
[13.755s] DEBUG:colcon.colcon_core.event_handler.log_command:Invoked command in '/home/iris/iris/iris_ws/build/micro_ros_agent' returned '0': CMAKE_PREFIX_PATH=/home/iris/iris/iris_ws/install/micro_ros_msgs:/home/iris/iris/iris_ws/install/micro_ros_setup:/home/iris/iris/iris_ws/install/micro_ros_agent:/home/iris/iris/iris_ws/install/iris:/home/iris/iris/iris_ws/install/iris_vision:/opt/ros/humble LD_LIBRARY_PATH=/home/iris/iris/iris_ws/install/micro_ros_msgs/lib:/home/iris/iris/iris_ws/install/micro_ros_agent/lib:/opt/ros/humble/lib/aarch64-linux-gnu:/opt/ros/humble/lib /usr/bin/cmake --install /home/iris/iris/iris_ws/build/micro_ros_agent
[13.807s] Level 1:colcon.colcon_core.environment:checking '/home/iris/iris/iris_ws/install/micro_ros_agent' for CMake module files
[13.811s] Level 1:colcon.colcon_core.environment:checking '/home/iris/iris/iris_ws/install/micro_ros_agent' for CMake config files
[13.814s] Level 1:colcon.colcon_core.shell:create_environment_hook('micro_ros_agent', 'cmake_prefix_path')
[13.887s] INFO:colcon.colcon_core.shell:Creating environment hook '/home/iris/iris/iris_ws/install/micro_ros_agent/share/micro_ros_agent/hook/cmake_prefix_path.ps1'
[13.890s] INFO:colcon.colcon_core.shell:Creating environment descriptor '/home/iris/iris/iris_ws/install/micro_ros_agent/share/micro_ros_agent/hook/cmake_prefix_path.dsv'
[13.893s] INFO:colcon.colcon_core.shell:Creating environment hook '/home/iris/iris/iris_ws/install/micro_ros_agent/share/micro_ros_agent/hook/cmake_prefix_path.sh'
[13.896s] Level 1:colcon.colcon_core.environment:checking '/home/iris/iris/iris_ws/install/micro_ros_agent/lib'
[13.897s] Level 1:colcon.colcon_core.shell:create_environment_hook('micro_ros_agent', 'ld_library_path_lib')
[13.984s] INFO:colcon.colcon_core.shell:Creating environment hook '/home/iris/iris/iris_ws/install/micro_ros_agent/share/micro_ros_agent/hook/ld_library_path_lib.ps1'
[13.988s] INFO:colcon.colcon_core.shell:Creating environment descriptor '/home/iris/iris/iris_ws/install/micro_ros_agent/share/micro_ros_agent/hook/ld_library_path_lib.dsv'
[13.990s] INFO:colcon.colcon_core.shell:Creating environment hook '/home/iris/iris/iris_ws/install/micro_ros_agent/share/micro_ros_agent/hook/ld_library_path_lib.sh'
[13.993s] Level 1:colcon.colcon_core.environment:checking '/home/iris/iris/iris_ws/install/micro_ros_agent/bin'
[13.993s] Level 1:colcon.colcon_core.environment:checking '/home/iris/iris/iris_ws/install/micro_ros_agent/lib/pkgconfig/micro_ros_agent.pc'
[13.995s] Level 1:colcon.colcon_core.environment:checking '/home/iris/iris/iris_ws/install/micro_ros_agent/lib/python3.10/site-packages'
[13.997s] Level 1:colcon.colcon_core.environment:checking '/home/iris/iris/iris_ws/install/micro_ros_agent/bin'
[14.075s] INFO:colcon.colcon_core.shell:Creating package script '/home/iris/iris/iris_ws/install/micro_ros_agent/share/micro_ros_agent/package.ps1'
[14.078s] INFO:colcon.colcon_core.shell:Creating package descriptor '/home/iris/iris/iris_ws/install/micro_ros_agent/share/micro_ros_agent/package.dsv'
[14.080s] INFO:colcon.colcon_core.shell:Creating package script '/home/iris/iris/iris_ws/install/micro_ros_agent/share/micro_ros_agent/package.sh'
[14.083s] INFO:colcon.colcon_core.shell:Creating package script '/home/iris/iris/iris_ws/install/micro_ros_agent/share/micro_ros_agent/package.bash'
[14.085s] INFO:colcon.colcon_core.shell:Creating package script '/home/iris/iris/iris_ws/install/micro_ros_agent/share/micro_ros_agent/package.zsh'
[14.088s] Level 1:colcon.colcon_core.environment:create_file_with_runtime_dependencies(/home/iris/iris/iris_ws/install/micro_ros_agent/share/colcon-core/packages/micro_ros_agent)
[14.356s] Level 1:colcon.colcon_core.environment:create_environment_scripts_only(micro_ros_agent)
[14.438s] Level 1:colcon.colcon_core.environment:checking '/home/iris/iris/iris_ws/install/micro_ros_agent' for CMake module files
[14.441s] Level 1:colcon.colcon_core.environment:checking '/home/iris/iris/iris_ws/install/micro_ros_agent' for CMake config files
[14.444s] Level 1:colcon.colcon_core.shell:create_environment_hook('micro_ros_agent', 'cmake_prefix_path')
[14.524s] INFO:colcon.colcon_core.shell:Creating environment hook '/home/iris/iris/iris_ws/install/micro_ros_agent/share/micro_ros_agent/hook/cmake_prefix_path.ps1'
[14.528s] INFO:colcon.colcon_core.shell:Creating environment descriptor '/home/iris/iris/iris_ws/install/micro_ros_agent/share/micro_ros_agent/hook/cmake_prefix_path.dsv'
[14.530s] INFO:colcon.colcon_core.shell:Creating environment hook '/home/iris/iris/iris_ws/install/micro_ros_agent/share/micro_ros_agent/hook/cmake_prefix_path.sh'
[14.534s] Level 1:colcon.colcon_core.environment:checking '/home/iris/iris/iris_ws/install/micro_ros_agent/lib'
[14.535s] Level 1:colcon.colcon_core.shell:create_environment_hook('micro_ros_agent', 'ld_library_path_lib')
[14.612s] INFO:colcon.colcon_core.shell:Creating environment hook '/home/iris/iris/iris_ws/install/micro_ros_agent/share/micro_ros_agent/hook/ld_library_path_lib.ps1'
[14.615s] INFO:colcon.colcon_core.shell:Creating environment descriptor '/home/iris/iris/iris_ws/install/micro_ros_agent/share/micro_ros_agent/hook/ld_library_path_lib.dsv'
[14.617s] INFO:colcon.colcon_core.shell:Creating environment hook '/home/iris/iris/iris_ws/install/micro_ros_agent/share/micro_ros_agent/hook/ld_library_path_lib.sh'
[14.620s] Level 1:colcon.colcon_core.environment:checking '/home/iris/iris/iris_ws/install/micro_ros_agent/bin'
[14.621s] Level 1:colcon.colcon_core.environment:checking '/home/iris/iris/iris_ws/install/micro_ros_agent/lib/pkgconfig/micro_ros_agent.pc'
[14.622s] Level 1:colcon.colcon_core.environment:checking '/home/iris/iris/iris_ws/install/micro_ros_agent/lib/python3.10/site-packages'
[14.623s] Level 1:colcon.colcon_core.environment:checking '/home/iris/iris/iris_ws/install/micro_ros_agent/bin'
[14.703s] INFO:colcon.colcon_core.shell:Creating package script '/home/iris/iris/iris_ws/install/micro_ros_agent/share/micro_ros_agent/package.ps1'
[14.707s] INFO:colcon.colcon_core.shell:Creating package descriptor '/home/iris/iris/iris_ws/install/micro_ros_agent/share/micro_ros_agent/package.dsv'
[14.710s] INFO:colcon.colcon_core.shell:Creating package script '/home/iris/iris/iris_ws/install/micro_ros_agent/share/micro_ros_agent/package.sh'
[14.713s] INFO:colcon.colcon_core.shell:Creating package script '/home/iris/iris/iris_ws/install/micro_ros_agent/share/micro_ros_agent/package.bash'
[14.716s] INFO:colcon.colcon_core.shell:Creating package script '/home/iris/iris/iris_ws/install/micro_ros_agent/share/micro_ros_agent/package.zsh'
[14.719s] Level 1:colcon.colcon_core.environment:create_file_with_runtime_dependencies(/home/iris/iris/iris_ws/install/micro_ros_agent/share/colcon-core/packages/micro_ros_agent)
[14.721s] DEBUG:colcon.colcon_parallel_executor.executor.parallel:closing loop
[14.723s] DEBUG:colcon.colcon_parallel_executor.executor.parallel:loop closed
[14.724s] DEBUG:colcon.colcon_parallel_executor.executor.parallel:run_until_complete finished with '0'
[14.724s] DEBUG:colcon.colcon_core.event_reactor:joining thread
[14.828s] INFO:colcon.colcon_core.plugin_system:Skipping extension 'colcon_notification.desktop_notification.terminal_notifier': Not used on non-Darwin systems
[14.829s] INFO:colcon.colcon_core.plugin_system:Skipping extension 'colcon_notification.desktop_notification.win32': Not used on non-Windows systems
[14.829s] INFO:colcon.colcon_notification.desktop_notification:Sending desktop notification using 'notify2'
[14.881s] DEBUG:colcon.colcon_core.event_reactor:joined thread
[14.960s] INFO:colcon.colcon_core.shell:Creating prefix script '/home/iris/iris/iris_ws/install/local_setup.ps1'
[14.965s] INFO:colcon.colcon_core.shell:Creating prefix util module '/home/iris/iris/iris_ws/install/_local_setup_util_ps1.py'
[14.972s] INFO:colcon.colcon_core.shell:Creating prefix chain script '/home/iris/iris/iris_ws/install/setup.ps1'
[15.054s] INFO:colcon.colcon_core.shell:Creating prefix script '/home/iris/iris/iris_ws/install/local_setup.sh'
[15.057s] INFO:colcon.colcon_core.shell:Creating prefix util module '/home/iris/iris/iris_ws/install/_local_setup_util_sh.py'
[15.060s] INFO:colcon.colcon_core.shell:Creating prefix chain script '/home/iris/iris/iris_ws/install/setup.sh'
[15.149s] INFO:colcon.colcon_core.shell:Creating prefix script '/home/iris/iris/iris_ws/install/local_setup.bash'
[15.151s] INFO:colcon.colcon_core.shell:Creating prefix chain script '/home/iris/iris/iris_ws/install/setup.bash'
[15.235s] INFO:colcon.colcon_core.shell:Creating prefix script '/home/iris/iris/iris_ws/install/local_setup.zsh'
[15.238s] INFO:colcon.colcon_core.shell:Creating prefix chain script '/home/iris/iris/iris_ws/install/setup.zsh'
