[4.211s] Invoking command in '/home/iris/iris/iris_ws/build/iris_vision': PYTHONPATH=/home/iris/iris/iris_ws/build/iris_vision/prefix_override:/home/iris/iris/iris_ws/install/iris_vision/lib/python3.10/site-packages:${PYTHONPATH} /usr/bin/python3 setup.py develop --editable --build-directory /home/iris/iris/iris_ws/build/iris_vision/build --no-deps install_data
[5.341s] running develop
[5.342s] /usr/lib/python3/dist-packages/setuptools/command/easy_install.py:158: EasyInstallDeprecationWarning: easy_install command is deprecated. Use build and pip and other standards-based tools.
[5.343s]   warnings.warn(
[5.347s] /usr/lib/python3/dist-packages/setuptools/command/install.py:34: SetuptoolsDeprecationWarning: setup.py install is deprecated. Use build and pip and other standards-based tools.
[5.348s]   warnings.warn(
[5.980s] running egg_info
[5.981s] writing iris_vision.egg-info/PKG-INFO
[5.982s] writing dependency_links to iris_vision.egg-info/dependency_links.txt
[5.983s] writing entry points to iris_vision.egg-info/entry_points.txt
[5.984s] writing requirements to iris_vision.egg-info/requires.txt
[5.984s] writing top-level names to iris_vision.egg-info/top_level.txt
[5.992s] reading manifest file 'iris_vision.egg-info/SOURCES.txt'
[5.996s] writing manifest file 'iris_vision.egg-info/SOURCES.txt'
[6.002s] running build_ext
[6.003s] Creating /home/iris/iris/iris_ws/install/iris_vision/lib/python3.10/site-packages/iris-vision.egg-link (link to .)
[6.007s] Installing DSLR_handler script to /home/iris/iris/iris_ws/install/iris_vision/lib/iris_vision
[6.008s] Installing DSLR_handler_old script to /home/iris/iris/iris_ws/install/iris_vision/lib/iris_vision
[6.009s] Installing WEBCAM_CV script to /home/iris/iris/iris_ws/install/iris_vision/lib/iris_vision
[6.010s] Installing talker script to /home/iris/iris/iris_ws/install/iris_vision/lib/iris_vision
[6.011s] 
[6.012s] Installed /home/iris/iris/iris_ws/build/iris_vision
[6.012s] running install_data
[6.141s] Invoked command in '/home/iris/iris/iris_ws/build/iris_vision' returned '0': PYTHONPATH=/home/iris/iris/iris_ws/build/iris_vision/prefix_override:/home/iris/iris/iris_ws/install/iris_vision/lib/python3.10/site-packages:${PYTHONPATH} /usr/bin/python3 setup.py develop --editable --build-directory /home/iris/iris/iris_ws/build/iris_vision/build --no-deps install_data
