[2.667s] Invoking command in '/home/iris/iris/iris_ws/build/micro_ros_setup': CMAKE_PREFIX_PATH=${CMAKE_PREFIX_PATH}:/opt/ros/humble /usr/bin/cmake --build /home/iris/iris/iris_ws/build/micro_ros_setup -- -j4 -l4
[2.851s] Invoked command in '/home/iris/iris/iris_ws/build/micro_ros_setup' returned '0': CMAKE_PREFIX_PATH=${CMAKE_PREFIX_PATH}:/opt/ros/humble /usr/bin/cmake --build /home/iris/iris/iris_ws/build/micro_ros_setup -- -j4 -l4
[3.048s] Invoking command in '/home/iris/iris/iris_ws/build/micro_ros_setup': CMAKE_PREFIX_PATH=${CMAKE_PREFIX_PATH}:/opt/ros/humble /usr/bin/cmake --install /home/iris/iris/iris_ws/build/micro_ros_setup
[3.090s] -- Install configuration: ""
[3.095s] -- Up-to-date: /home/iris/iris/iris_ws/install/micro_ros_setup/share/ament_index/resource_index/package_run_dependencies/micro_ros_setup
[3.097s] -- Up-to-date: /home/iris/iris/iris_ws/install/micro_ros_setup/share/ament_index/resource_index/parent_prefix_path/micro_ros_setup
[3.102s] -- Up-to-date: /home/iris/iris/iris_ws/install/micro_ros_setup/share/micro_ros_setup/environment/ament_prefix_path.sh
[3.107s] -- Up-to-date: /home/iris/iris/iris_ws/install/micro_ros_setup/share/micro_ros_setup/environment/ament_prefix_path.dsv
[3.110s] -- Up-to-date: /home/iris/iris/iris_ws/install/micro_ros_setup/share/micro_ros_setup/environment/path.sh
[3.115s] -- Up-to-date: /home/iris/iris/iris_ws/install/micro_ros_setup/share/micro_ros_setup/environment/path.dsv
[3.118s] -- Up-to-date: /home/iris/iris/iris_ws/install/micro_ros_setup/share/micro_ros_setup/local_setup.bash
[3.122s] -- Up-to-date: /home/iris/iris/iris_ws/install/micro_ros_setup/share/micro_ros_setup/local_setup.sh
[3.125s] -- Up-to-date: /home/iris/iris/iris_ws/install/micro_ros_setup/share/micro_ros_setup/local_setup.zsh
[3.128s] -- Up-to-date: /home/iris/iris/iris_ws/install/micro_ros_setup/share/micro_ros_setup/local_setup.dsv
[3.133s] -- Installing: /home/iris/iris/iris_ws/install/micro_ros_setup/share/micro_ros_setup/package.dsv
[3.139s] -- Up-to-date: /home/iris/iris/iris_ws/install/micro_ros_setup/share/ament_index/resource_index/packages/micro_ros_setup
[3.141s] -- Up-to-date: /home/iris/iris/iris_ws/install/micro_ros_setup/share/micro_ros_setup/cmake/micro_ros_setupConfig.cmake
[3.145s] -- Up-to-date: /home/iris/iris/iris_ws/install/micro_ros_setup/share/micro_ros_setup/cmake/micro_ros_setupConfig-version.cmake
[3.147s] -- Up-to-date: /home/iris/iris/iris_ws/install/micro_ros_setup/share/micro_ros_setup/package.xml
[3.148s] -- Up-to-date: /home/iris/iris/iris_ws/install/micro_ros_setup/./config
[3.150s] -- Up-to-date: /home/iris/iris/iris_ws/install/micro_ros_setup/./config/generate_lib
[3.157s] -- Up-to-date: /home/iris/iris/iris_ws/install/micro_ros_setup/./config/generate_lib/generic
[3.158s] -- Up-to-date: /home/iris/iris/iris_ws/install/micro_ros_setup/./config/generate_lib/generic/flash.sh
[3.160s] -- Up-to-date: /home/iris/iris/iris_ws/install/micro_ros_setup/./config/generate_lib/generic/client_uros_packages.repos
[3.161s] -- Up-to-date: /home/iris/iris/iris_ws/install/micro_ros_setup/./config/generate_lib/generic/client-colcon.meta
[3.162s] -- Up-to-date: /home/iris/iris/iris_ws/install/micro_ros_setup/./config/generate_lib/generic/build.sh
[3.169s] -- Up-to-date: /home/iris/iris/iris_ws/install/micro_ros_setup/./config/generate_lib/generic/create.sh
[3.171s] -- Up-to-date: /home/iris/iris/iris_ws/install/micro_ros_setup/./config/generate_lib/generic/demo_toolchain.cmake
[3.172s] -- Up-to-date: /home/iris/iris/iris_ws/install/micro_ros_setup/./config/generate_lib/generic/package.xml
[3.174s] -- Up-to-date: /home/iris/iris/iris_ws/install/micro_ros_setup/./config/generate_lib/dev_ros2_packages.txt
[3.175s] -- Up-to-date: /home/iris/iris/iris_ws/install/micro_ros_setup/./config/generate_lib/dev_uros_packages.repos
[3.175s] -- Up-to-date: /home/iris/iris/iris_ws/install/micro_ros_setup/./config/client_uros_packages.repos
[3.179s] -- Up-to-date: /home/iris/iris/iris_ws/install/micro_ros_setup/./config/freertos
[3.179s] -- Up-to-date: /home/iris/iris/iris_ws/install/micro_ros_setup/./config/freertos/olimex-stm32-e407
[3.180s] -- Up-to-date: /home/iris/iris/iris_ws/install/micro_ros_setup/./config/freertos/olimex-stm32-e407/flash.sh
[3.181s] -- Up-to-date: /home/iris/iris/iris_ws/install/micro_ros_setup/./config/freertos/olimex-stm32-e407/client_uros_packages.repos
[3.194s] -- Up-to-date: /home/iris/iris/iris_ws/install/micro_ros_setup/./config/freertos/olimex-stm32-e407/client-colcon.meta
[3.194s] -- Up-to-date: /home/iris/iris/iris_ws/install/micro_ros_setup/./config/freertos/olimex-stm32-e407/build.sh
[3.195s] -- Up-to-date: /home/iris/iris/iris_ws/install/micro_ros_setup/./config/freertos/olimex-stm32-e407/create.sh
[3.195s] -- Up-to-date: /home/iris/iris/iris_ws/install/micro_ros_setup/./config/freertos/olimex-stm32-e407/configure.sh
[3.196s] -- Up-to-date: /home/iris/iris/iris_ws/install/micro_ros_setup/./config/freertos/olimex-stm32-e407/board.repos
[3.197s] -- Up-to-date: /home/iris/iris/iris_ws/install/micro_ros_setup/./config/freertos/olimex-stm32-e407/package.xml
[3.197s] -- Up-to-date: /home/iris/iris/iris_ws/install/micro_ros_setup/./config/freertos/list_apps.sh
[3.198s] -- Up-to-date: /home/iris/iris/iris_ws/install/micro_ros_setup/./config/freertos/dev_ros2_packages.txt
[3.213s] -- Up-to-date: /home/iris/iris/iris_ws/install/micro_ros_setup/./config/freertos/nucleo_f746zg
[3.220s] -- Up-to-date: /home/iris/iris/iris_ws/install/micro_ros_setup/./config/freertos/nucleo_f746zg/flash.sh
[3.220s] -- Up-to-date: /home/iris/iris/iris_ws/install/micro_ros_setup/./config/freertos/nucleo_f746zg/client_uros_packages.repos
[3.223s] -- Up-to-date: /home/iris/iris/iris_ws/install/micro_ros_setup/./config/freertos/nucleo_f746zg/client-colcon.meta
[3.224s] -- Up-to-date: /home/iris/iris/iris_ws/install/micro_ros_setup/./config/freertos/nucleo_f746zg/build.sh
[3.224s] -- Up-to-date: /home/iris/iris/iris_ws/install/micro_ros_setup/./config/freertos/nucleo_f746zg/create.sh
[3.225s] -- Up-to-date: /home/iris/iris/iris_ws/install/micro_ros_setup/./config/freertos/nucleo_f746zg/configure.sh
[3.225s] -- Up-to-date: /home/iris/iris/iris_ws/install/micro_ros_setup/./config/freertos/nucleo_f746zg/board.repos
[3.226s] -- Up-to-date: /home/iris/iris/iris_ws/install/micro_ros_setup/./config/freertos/nucleo_f746zg/package.xml
[3.226s] -- Up-to-date: /home/iris/iris/iris_ws/install/micro_ros_setup/./config/freertos/nucleo_f446ze
[3.227s] -- Up-to-date: /home/iris/iris/iris_ws/install/micro_ros_setup/./config/freertos/nucleo_f446ze/flash.sh
[3.227s] -- Up-to-date: /home/iris/iris/iris_ws/install/micro_ros_setup/./config/freertos/nucleo_f446ze/client_uros_packages.repos
[3.228s] -- Up-to-date: /home/iris/iris/iris_ws/install/micro_ros_setup/./config/freertos/nucleo_f446ze/client-colcon.meta
[3.228s] -- Up-to-date: /home/iris/iris/iris_ws/install/micro_ros_setup/./config/freertos/nucleo_f446ze/build.sh
[3.229s] -- Up-to-date: /home/iris/iris/iris_ws/install/micro_ros_setup/./config/freertos/nucleo_f446ze/create.sh
[3.230s] -- Up-to-date: /home/iris/iris/iris_ws/install/micro_ros_setup/./config/freertos/nucleo_f446ze/configure.sh
[3.230s] -- Up-to-date: /home/iris/iris/iris_ws/install/micro_ros_setup/./config/freertos/nucleo_f446ze/board.repos
[3.231s] -- Up-to-date: /home/iris/iris/iris_ws/install/micro_ros_setup/./config/freertos/nucleo_f446ze/package.xml
[3.232s] -- Up-to-date: /home/iris/iris/iris_ws/install/micro_ros_setup/./config/freertos/esp32
[3.252s] -- Up-to-date: /home/iris/iris/iris_ws/install/micro_ros_setup/./config/freertos/esp32/flash.sh
[3.253s] -- Up-to-date: /home/iris/iris/iris_ws/install/micro_ros_setup/./config/freertos/esp32/client_uros_packages.repos
[3.257s] -- Up-to-date: /home/iris/iris/iris_ws/install/micro_ros_setup/./config/freertos/esp32/client-colcon.meta
[3.257s] -- Up-to-date: /home/iris/iris/iris_ws/install/micro_ros_setup/./config/freertos/esp32/build.sh
[3.258s] -- Up-to-date: /home/iris/iris/iris_ws/install/micro_ros_setup/./config/freertos/esp32/create.sh
[3.258s] -- Up-to-date: /home/iris/iris/iris_ws/install/micro_ros_setup/./config/freertos/esp32/configure.sh
[3.259s] -- Up-to-date: /home/iris/iris/iris_ws/install/micro_ros_setup/./config/freertos/esp32/README.md
[3.259s] -- Up-to-date: /home/iris/iris/iris_ws/install/micro_ros_setup/./config/freertos/esp32/board.repos
[3.260s] -- Up-to-date: /home/iris/iris/iris_ws/install/micro_ros_setup/./config/freertos/esp32/package.xml
[3.260s] -- Up-to-date: /home/iris/iris/iris_ws/install/micro_ros_setup/./config/freertos/dev_uros_packages.repos
[3.261s] -- Up-to-date: /home/iris/iris/iris_ws/install/micro_ros_setup/./config/freertos/nucleo_f767zi
[3.261s] -- Up-to-date: /home/iris/iris/iris_ws/install/micro_ros_setup/./config/freertos/nucleo_f767zi/flash.sh
[3.262s] -- Up-to-date: /home/iris/iris/iris_ws/install/micro_ros_setup/./config/freertos/nucleo_f767zi/client_uros_packages.repos
[3.263s] -- Up-to-date: /home/iris/iris/iris_ws/install/micro_ros_setup/./config/freertos/nucleo_f767zi/client-colcon.meta
[3.263s] -- Up-to-date: /home/iris/iris/iris_ws/install/micro_ros_setup/./config/freertos/nucleo_f767zi/build.sh
[3.264s] -- Up-to-date: /home/iris/iris/iris_ws/install/micro_ros_setup/./config/freertos/nucleo_f767zi/create.sh
[3.264s] -- Up-to-date: /home/iris/iris/iris_ws/install/micro_ros_setup/./config/freertos/nucleo_f767zi/configure.sh
[3.281s] -- Up-to-date: /home/iris/iris/iris_ws/install/micro_ros_setup/./config/freertos/nucleo_f767zi/board.repos
[3.282s] -- Up-to-date: /home/iris/iris/iris_ws/install/micro_ros_setup/./config/freertos/nucleo_f767zi/package.xml
[3.282s] -- Up-to-date: /home/iris/iris/iris_ws/install/micro_ros_setup/./config/freertos/nucleo_f446re
[3.283s] -- Up-to-date: /home/iris/iris/iris_ws/install/micro_ros_setup/./config/freertos/nucleo_f446re/flash.sh
[3.283s] -- Up-to-date: /home/iris/iris/iris_ws/install/micro_ros_setup/./config/freertos/nucleo_f446re/client_uros_packages.repos
[3.284s] -- Up-to-date: /home/iris/iris/iris_ws/install/micro_ros_setup/./config/freertos/nucleo_f446re/client-colcon.meta
[3.284s] -- Up-to-date: /home/iris/iris/iris_ws/install/micro_ros_setup/./config/freertos/nucleo_f446re/build.sh
[3.284s] -- Up-to-date: /home/iris/iris/iris_ws/install/micro_ros_setup/./config/freertos/nucleo_f446re/create.sh
[3.285s] -- Up-to-date: /home/iris/iris/iris_ws/install/micro_ros_setup/./config/freertos/nucleo_f446re/configure.sh
[3.285s] -- Up-to-date: /home/iris/iris/iris_ws/install/micro_ros_setup/./config/freertos/nucleo_f446re/board.repos
[3.286s] -- Up-to-date: /home/iris/iris/iris_ws/install/micro_ros_setup/./config/freertos/nucleo_f446re/package.xml
[3.286s] -- Up-to-date: /home/iris/iris/iris_ws/install/micro_ros_setup/./config/freertos/crazyflie21
[3.287s] -- Up-to-date: /home/iris/iris/iris_ws/install/micro_ros_setup/./config/freertos/crazyflie21/flash.sh
[3.287s] -- Up-to-date: /home/iris/iris/iris_ws/install/micro_ros_setup/./config/freertos/crazyflie21/client_uros_packages.repos
[3.288s] -- Up-to-date: /home/iris/iris/iris_ws/install/micro_ros_setup/./config/freertos/crazyflie21/client-colcon.meta
[3.288s] -- Up-to-date: /home/iris/iris/iris_ws/install/micro_ros_setup/./config/freertos/crazyflie21/build.sh
[3.289s] -- Up-to-date: /home/iris/iris/iris_ws/install/micro_ros_setup/./config/freertos/crazyflie21/create.sh
[3.289s] -- Up-to-date: /home/iris/iris/iris_ws/install/micro_ros_setup/./config/freertos/crazyflie21/configure.sh
[3.290s] -- Up-to-date: /home/iris/iris/iris_ws/install/micro_ros_setup/./config/freertos/crazyflie21/board.repos
[3.291s] -- Up-to-date: /home/iris/iris/iris_ws/install/micro_ros_setup/./config/freertos/crazyflie21/package.xml
[3.291s] -- Up-to-date: /home/iris/iris/iris_ws/install/micro_ros_setup/./config/agent_uros_packages.repos
[3.292s] -- Up-to-date: /home/iris/iris/iris_ws/install/micro_ros_setup/./config/zephyr
[3.311s] -- Up-to-date: /home/iris/iris/iris_ws/install/micro_ros_setup/./config/zephyr/list_apps.sh
[3.311s] -- Up-to-date: /home/iris/iris/iris_ws/install/micro_ros_setup/./config/zephyr/generic
[3.312s] -- Up-to-date: /home/iris/iris/iris_ws/install/micro_ros_setup/./config/zephyr/generic/flash.sh
[3.313s] -- Up-to-date: /home/iris/iris/iris_ws/install/micro_ros_setup/./config/zephyr/generic/client_uros_packages.repos
[3.317s] -- Up-to-date: /home/iris/iris/iris_ws/install/micro_ros_setup/./config/zephyr/generic/supported_platforms
[3.317s] -- Up-to-date: /home/iris/iris/iris_ws/install/micro_ros_setup/./config/zephyr/generic/client-colcon.meta
[3.318s] -- Up-to-date: /home/iris/iris/iris_ws/install/micro_ros_setup/./config/zephyr/generic/build.sh
[3.319s] -- Up-to-date: /home/iris/iris/iris_ws/install/micro_ros_setup/./config/zephyr/generic/create.sh
[3.319s] -- Up-to-date: /home/iris/iris/iris_ws/install/micro_ros_setup/./config/zephyr/generic/configure.sh
[3.320s] -- Up-to-date: /home/iris/iris/iris_ws/install/micro_ros_setup/./config/zephyr/generic/board.repos
[3.320s] -- Up-to-date: /home/iris/iris/iris_ws/install/micro_ros_setup/./config/zephyr/generic/package.xml
[3.321s] -- Up-to-date: /home/iris/iris/iris_ws/install/micro_ros_setup/./config/zephyr/dev_ros2_packages.txt
[3.322s] -- Up-to-date: /home/iris/iris/iris_ws/install/micro_ros_setup/./config/zephyr/dev_uros_packages.repos
[3.322s] -- Up-to-date: /home/iris/iris/iris_ws/install/micro_ros_setup/./config/client_ros2_packages.txt
[3.323s] -- Up-to-date: /home/iris/iris/iris_ws/install/micro_ros_setup/./config/utils.sh
[3.323s] -- Up-to-date: /home/iris/iris/iris_ws/install/micro_ros_setup/./config/host
[3.324s] -- Up-to-date: /home/iris/iris/iris_ws/install/micro_ros_setup/./config/host/generic
[3.334s] -- Up-to-date: /home/iris/iris/iris_ws/install/micro_ros_setup/./config/host/generic/flash.sh
[3.334s] -- Up-to-date: /home/iris/iris/iris_ws/install/micro_ros_setup/./config/host/generic/build.sh
[3.335s] -- Up-to-date: /home/iris/iris/iris_ws/install/micro_ros_setup/./config/host/generic/create.sh
[3.337s] -- Up-to-date: /home/iris/iris/iris_ws/install/micro_ros_setup/./config/host/generic/client_host_packages.repos
[3.337s] -- Up-to-date: /home/iris/iris/iris_ws/install/micro_ros_setup/./config/host/generic/client-host-colcon.meta
[3.338s] -- Up-to-date: /home/iris/iris/iris_ws/install/micro_ros_setup/./config/host/generic/package.xml
[3.338s] -- Up-to-date: /home/iris/iris/iris_ws/install/micro_ros_setup/./config/host/dev_ros2_packages.txt
[3.339s] -- Up-to-date: /home/iris/iris/iris_ws/install/micro_ros_setup/./config/host/client_ros2_packages.txt
[3.339s] -- Up-to-date: /home/iris/iris/iris_ws/install/micro_ros_setup/./config/host/dev_uros_packages.repos
[3.340s] -- Up-to-date: /home/iris/iris/iris_ws/install/micro_ros_setup/./config/android
[3.352s] -- Up-to-date: /home/iris/iris/iris_ws/install/micro_ros_setup/./config/android/generic
[3.359s] -- Up-to-date: /home/iris/iris/iris_ws/install/micro_ros_setup/./config/android/generic/flash.sh
[3.360s] -- Up-to-date: /home/iris/iris/iris_ws/install/micro_ros_setup/./config/android/generic/client_uros_packages.repos
[3.360s] -- Up-to-date: /home/iris/iris/iris_ws/install/micro_ros_setup/./config/android/generic/client-colcon.meta
[3.361s] -- Up-to-date: /home/iris/iris/iris_ws/install/micro_ros_setup/./config/android/generic/build.sh
[3.362s] -- Up-to-date: /home/iris/iris/iris_ws/install/micro_ros_setup/./config/android/generic/create.sh
[3.362s] -- Up-to-date: /home/iris/iris/iris_ws/install/micro_ros_setup/./config/android/generic/package.xml
[3.363s] -- Up-to-date: /home/iris/iris/iris_ws/install/micro_ros_setup/./config/android/dev_ros2_packages.txt
[3.363s] -- Up-to-date: /home/iris/iris/iris_ws/install/micro_ros_setup/./config/android/dev_uros_packages.repos
[3.364s] -- Up-to-date: /home/iris/iris/iris_ws/install/micro_ros_setup/./config/renesas_ra
[3.365s] -- Up-to-date: /home/iris/iris/iris_ws/install/micro_ros_setup/./config/renesas_ra/list_apps.sh
[3.366s] -- Up-to-date: /home/iris/iris/iris_ws/install/micro_ros_setup/./config/renesas_ra/dev_ros2_packages.txt
[3.367s] -- Up-to-date: /home/iris/iris/iris_ws/install/micro_ros_setup/./config/renesas_ra/dev_uros_packages.repos
[3.368s] -- Up-to-date: /home/iris/iris/iris_ws/install/micro_ros_setup/./config/renesas_ra/ra6m5
[3.368s] -- Up-to-date: /home/iris/iris/iris_ws/install/micro_ros_setup/./config/renesas_ra/ra6m5/flash.sh
[3.369s] -- Up-to-date: /home/iris/iris/iris_ws/install/micro_ros_setup/./config/renesas_ra/ra6m5/client_uros_packages.repos
[3.370s] -- Up-to-date: /home/iris/iris/iris_ws/install/micro_ros_setup/./config/renesas_ra/ra6m5/client-colcon.meta
[3.382s] -- Up-to-date: /home/iris/iris/iris_ws/install/micro_ros_setup/./config/renesas_ra/ra6m5/build.sh
[3.383s] -- Up-to-date: /home/iris/iris/iris_ws/install/micro_ros_setup/./config/renesas_ra/ra6m5/create.sh
[3.383s] -- Up-to-date: /home/iris/iris/iris_ws/install/micro_ros_setup/./config/renesas_ra/ra6m5/configure.sh
[3.383s] -- Up-to-date: /home/iris/iris/iris_ws/install/micro_ros_setup/./config/renesas_ra/ra6m5/board.repos
[3.384s] -- Up-to-date: /home/iris/iris/iris_ws/install/micro_ros_setup/./config/mbed
[3.384s] -- Up-to-date: /home/iris/iris/iris_ws/install/micro_ros_setup/./config/mbed/list_apps.sh
[3.385s] -- Up-to-date: /home/iris/iris/iris_ws/install/micro_ros_setup/./config/mbed/generic
[3.385s] -- Up-to-date: /home/iris/iris/iris_ws/install/micro_ros_setup/./config/mbed/generic/flash.sh
[3.386s] -- Up-to-date: /home/iris/iris/iris_ws/install/micro_ros_setup/./config/mbed/generic/client_uros_packages.repos
[3.386s] -- Up-to-date: /home/iris/iris/iris_ws/install/micro_ros_setup/./config/mbed/generic/supported_platforms
[3.386s] -- Up-to-date: /home/iris/iris/iris_ws/install/micro_ros_setup/./config/mbed/generic/build.sh
[3.387s] -- Up-to-date: /home/iris/iris/iris_ws/install/micro_ros_setup/./config/mbed/generic/create.sh
[3.387s] -- Up-to-date: /home/iris/iris/iris_ws/install/micro_ros_setup/./config/mbed/generic/board.repos
[3.387s] -- Up-to-date: /home/iris/iris/iris_ws/install/micro_ros_setup/./config/mbed/generic/package.xml
[3.388s] -- Up-to-date: /home/iris/iris/iris_ws/install/micro_ros_setup/./config/mbed/dev_ros2_packages.txt
[3.388s] -- Up-to-date: /home/iris/iris/iris_ws/install/micro_ros_setup/./config/mbed/dev_uros_packages.repos
[3.389s] -- Up-to-date: /home/iris/iris/iris_ws/install/micro_ros_setup/./config/agent_ros2_packages.txt
[3.390s] -- Up-to-date: /home/iris/iris/iris_ws/install/micro_ros_setup/./config/raspbian
[3.390s] -- Up-to-date: /home/iris/iris/iris_ws/install/micro_ros_setup/./config/raspbian/generic
[3.391s] -- Up-to-date: /home/iris/iris/iris_ws/install/micro_ros_setup/./config/raspbian/generic/flash.sh
[3.391s] -- Up-to-date: /home/iris/iris/iris_ws/install/micro_ros_setup/./config/raspbian/generic/client_uros_packages.repos
[3.392s] -- Up-to-date: /home/iris/iris/iris_ws/install/micro_ros_setup/./config/raspbian/generic/supported_platforms
[3.393s] -- Up-to-date: /home/iris/iris/iris_ws/install/micro_ros_setup/./config/raspbian/generic/client-colcon.meta
[3.393s] -- Up-to-date: /home/iris/iris/iris_ws/install/micro_ros_setup/./config/raspbian/generic/build.sh
[3.406s] -- Up-to-date: /home/iris/iris/iris_ws/install/micro_ros_setup/./config/raspbian/generic/create.sh
[3.407s] -- Up-to-date: /home/iris/iris/iris_ws/install/micro_ros_setup/./config/raspbian/generic/configure.sh
[3.408s] -- Up-to-date: /home/iris/iris/iris_ws/install/micro_ros_setup/./config/raspbian/dev_ros2_packages.txt
[3.408s] -- Up-to-date: /home/iris/iris/iris_ws/install/micro_ros_setup/./config/raspbian/dev_uros_packages.repos
[3.409s] -- Up-to-date: /home/iris/iris/iris_ws/install/micro_ros_setup/lib/micro_ros_setup/create_ws.sh
[3.410s] -- Up-to-date: /home/iris/iris/iris_ws/install/micro_ros_setup/lib/micro_ros_setup/create_agent_ws.sh
[3.411s] -- Up-to-date: /home/iris/iris/iris_ws/install/micro_ros_setup/lib/micro_ros_setup/create_firmware_ws.sh
[3.411s] -- Up-to-date: /home/iris/iris/iris_ws/install/micro_ros_setup/lib/micro_ros_setup/configure_firmware.sh
[3.412s] -- Up-to-date: /home/iris/iris/iris_ws/install/micro_ros_setup/lib/micro_ros_setup/flash_firmware.sh
[3.413s] -- Up-to-date: /home/iris/iris/iris_ws/install/micro_ros_setup/lib/micro_ros_setup/build_firmware.sh
[3.413s] -- Up-to-date: /home/iris/iris/iris_ws/install/micro_ros_setup/lib/micro_ros_setup/build_agent.sh
[3.414s] -- Up-to-date: /home/iris/iris/iris_ws/install/micro_ros_setup/lib/micro_ros_setup/yaml_filter.py
[3.415s] -- Up-to-date: /home/iris/iris/iris_ws/install/micro_ros_setup/lib/micro_ros_setup/clean_env.sh
[3.415s] -- Up-to-date: /home/iris/iris/iris_ws/install/micro_ros_setup/lib/micro_ros_setup/component
[3.416s] Invoked command in '/home/iris/iris/iris_ws/build/micro_ros_setup' returned '0': CMAKE_PREFIX_PATH=${CMAKE_PREFIX_PATH}:/opt/ros/humble /usr/bin/cmake --install /home/iris/iris/iris_ws/build/micro_ros_setup
