[1.245s] Invoking command in '/home/iris/iris/iris_ws/build/odrive_demo_bringup': CMAKE_PREFIX_PATH=/home/iris/iris/iris_ws/install/odrive_demo_description:/home/iris/iris/iris_ws/install/odrive_ros2_control:/home/iris/iris/iris_ws/install/odrive_hardware_interface:/home/iris/iris/iris_ws/install/sllidar_ros2:/home/iris/iris/iris_ws/install/ralph6:/home/iris/iris/iris_ws/install/odrive_demo_bringup:/home/iris/iris/iris_ws/install/micro_ros_setup:/home/iris/iris/iris_ws/install/micro_ros_agent:/home/iris/iris/iris_ws/install/micro_ros_msgs:/home/iris/iris/iris_ws/install/iris:/home/iris/iris/iris_ws/install/iris_vision:/opt/ros/humble /usr/bin/cmake --build /home/iris/iris/iris_ws/build/odrive_demo_bringup -- -j4 -l4
[1.721s] Invoked command in '/home/iris/iris/iris_ws/build/odrive_demo_bringup' returned '0': CMAKE_PREFIX_PATH=/home/iris/iris/iris_ws/install/odrive_demo_description:/home/iris/iris/iris_ws/install/odrive_ros2_control:/home/iris/iris/iris_ws/install/odrive_hardware_interface:/home/iris/iris/iris_ws/install/sllidar_ros2:/home/iris/iris/iris_ws/install/ralph6:/home/iris/iris/iris_ws/install/odrive_demo_bringup:/home/iris/iris/iris_ws/install/micro_ros_setup:/home/iris/iris/iris_ws/install/micro_ros_agent:/home/iris/iris/iris_ws/install/micro_ros_msgs:/home/iris/iris/iris_ws/install/iris:/home/iris/iris/iris_ws/install/iris_vision:/opt/ros/humble /usr/bin/cmake --build /home/iris/iris/iris_ws/build/odrive_demo_bringup -- -j4 -l4
[1.910s] Invoking command in '/home/iris/iris/iris_ws/build/odrive_demo_bringup': CMAKE_PREFIX_PATH=/home/iris/iris/iris_ws/install/odrive_demo_description:/home/iris/iris/iris_ws/install/odrive_ros2_control:/home/iris/iris/iris_ws/install/odrive_hardware_interface:/home/iris/iris/iris_ws/install/sllidar_ros2:/home/iris/iris/iris_ws/install/ralph6:/home/iris/iris/iris_ws/install/odrive_demo_bringup:/home/iris/iris/iris_ws/install/micro_ros_setup:/home/iris/iris/iris_ws/install/micro_ros_agent:/home/iris/iris/iris_ws/install/micro_ros_msgs:/home/iris/iris/iris_ws/install/iris:/home/iris/iris/iris_ws/install/iris_vision:/opt/ros/humble /usr/bin/cmake --install /home/iris/iris/iris_ws/build/odrive_demo_bringup
[1.960s] -- Install configuration: ""
[1.969s] -- Execute custom install script
[1.978s] -- Up-to-date symlink: /home/iris/iris/iris_ws/install/odrive_demo_bringup/share/odrive_demo_bringup/config/diffbot_controllers.yaml
[1.990s] -- Up-to-date symlink: /home/iris/iris/iris_ws/install/odrive_demo_bringup/share/odrive_demo_bringup/config/odrive_multi_interface_forward_controllers.yaml
[1.996s] -- Up-to-date symlink: /home/iris/iris/iris_ws/install/odrive_demo_bringup/share/odrive_demo_bringup/config/rrbot_controllers.yaml
[1.999s] -- Up-to-date symlink: /home/iris/iris/iris_ws/install/odrive_demo_bringup/share/odrive_demo_bringup/launch/odrive_diffbot.launch.py
[2.002s] -- Up-to-date symlink: /home/iris/iris/iris_ws/install/odrive_demo_bringup/share/odrive_demo_bringup/launch/odrive_multi_interface.launch.py
[2.016s] -- Up-to-date symlink: /home/iris/iris/iris_ws/install/odrive_demo_bringup/share/odrive_demo_bringup/launch/odrive_rrbot.launch.py
[2.019s] -- Up-to-date symlink: /home/iris/iris/iris_ws/install/odrive_demo_bringup/share/ament_index/resource_index/package_run_dependencies/odrive_demo_bringup
[2.023s] -- Up-to-date symlink: /home/iris/iris/iris_ws/install/odrive_demo_bringup/share/ament_index/resource_index/parent_prefix_path/odrive_demo_bringup
[2.029s] -- Up-to-date symlink: /home/iris/iris/iris_ws/install/odrive_demo_bringup/share/odrive_demo_bringup/environment/ament_prefix_path.sh
[2.033s] -- Up-to-date symlink: /home/iris/iris/iris_ws/install/odrive_demo_bringup/share/odrive_demo_bringup/environment/ament_prefix_path.dsv
[2.037s] -- Up-to-date symlink: /home/iris/iris/iris_ws/install/odrive_demo_bringup/share/odrive_demo_bringup/environment/path.sh
[2.040s] -- Up-to-date symlink: /home/iris/iris/iris_ws/install/odrive_demo_bringup/share/odrive_demo_bringup/environment/path.dsv
[2.043s] -- Up-to-date symlink: /home/iris/iris/iris_ws/install/odrive_demo_bringup/share/odrive_demo_bringup/local_setup.bash
[2.046s] -- Up-to-date symlink: /home/iris/iris/iris_ws/install/odrive_demo_bringup/share/odrive_demo_bringup/local_setup.sh
[2.051s] -- Up-to-date symlink: /home/iris/iris/iris_ws/install/odrive_demo_bringup/share/odrive_demo_bringup/local_setup.zsh
[2.056s] -- Up-to-date symlink: /home/iris/iris/iris_ws/install/odrive_demo_bringup/share/odrive_demo_bringup/local_setup.dsv
[2.057s] -- Symlinking: /home/iris/iris/iris_ws/install/odrive_demo_bringup/share/odrive_demo_bringup/package.dsv
[2.059s] -- Up-to-date symlink: /home/iris/iris/iris_ws/install/odrive_demo_bringup/share/ament_index/resource_index/packages/odrive_demo_bringup
[2.061s] -- Up-to-date symlink: /home/iris/iris/iris_ws/install/odrive_demo_bringup/share/odrive_demo_bringup/cmake/odrive_demo_bringupConfig.cmake
[2.062s] -- Up-to-date symlink: /home/iris/iris/iris_ws/install/odrive_demo_bringup/share/odrive_demo_bringup/cmake/odrive_demo_bringupConfig-version.cmake
[2.064s] -- Up-to-date symlink: /home/iris/iris/iris_ws/install/odrive_demo_bringup/share/odrive_demo_bringup/package.xml
[2.946s] Invoked command in '/home/iris/iris/iris_ws/build/odrive_demo_bringup' returned '0': CMAKE_PREFIX_PATH=/home/iris/iris/iris_ws/install/odrive_demo_description:/home/iris/iris/iris_ws/install/odrive_ros2_control:/home/iris/iris/iris_ws/install/odrive_hardware_interface:/home/iris/iris/iris_ws/install/sllidar_ros2:/home/iris/iris/iris_ws/install/ralph6:/home/iris/iris/iris_ws/install/odrive_demo_bringup:/home/iris/iris/iris_ws/install/micro_ros_setup:/home/iris/iris/iris_ws/install/micro_ros_agent:/home/iris/iris/iris_ws/install/micro_ros_msgs:/home/iris/iris/iris_ws/install/iris:/home/iris/iris/iris_ws/install/iris_vision:/opt/ros/humble /usr/bin/cmake --install /home/iris/iris/iris_ws/build/odrive_demo_bringup
