[0.806s] Invoking command in '/home/iris/iris/iris_ws/build/micro_ros_msgs': CMAKE_PREFIX_PATH=${CMAKE_PREFIX_PATH}:/opt/ros/humble /usr/bin/cmake --build /home/iris/iris/iris_ws/build/micro_ros_msgs -- -j4 -l4
[1.153s] [ 10%] Built target micro_ros_msgs__rosidl_generator_c
[1.194s] [ 12%] Built target micro_ros_msgs__cpp
[1.248s] [ 12%] Built target ament_cmake_python_copy_micro_ros_msgs
[1.370s] [ 23%] Built target micro_ros_msgs__rosidl_typesupport_introspection_c
[1.401s] [ 34%] Built target micro_ros_msgs__rosidl_typesupport_c
[1.445s] [ 44%] Built target micro_ros_msgs__rosidl_typesupport_fastrtps_c
[1.484s] [ 55%] Built target micro_ros_msgs__rosidl_typesupport_fastrtps_cpp
[1.669s] [ 65%] Built target micro_ros_msgs__rosidl_typesupport_cpp
[1.900s] [ 76%] Built target micro_ros_msgs__rosidl_typesupport_introspection_cpp
[1.935s] [ 76%] Built target micro_ros_msgs
[2.092s] [ 78%] Built target micro_ros_msgs__py
[2.309s] [ 87%] Built target micro_ros_msgs__rosidl_generator_py
[2.574s] [ 91%] Built target micro_ros_msgs__rosidl_typesupport_introspection_c__pyext
[2.605s] [ 95%] Built target micro_ros_msgs__rosidl_typesupport_c__pyext
[2.628s] [100%] Built target micro_ros_msgs__rosidl_typesupport_fastrtps_c__pyext
[3.540s] running egg_info
[3.545s] writing micro_ros_msgs.egg-info/PKG-INFO
[3.547s] writing dependency_links to micro_ros_msgs.egg-info/dependency_links.txt
[3.548s] writing top-level names to micro_ros_msgs.egg-info/top_level.txt
[3.562s] reading manifest file 'micro_ros_msgs.egg-info/SOURCES.txt'
[3.566s] writing manifest file 'micro_ros_msgs.egg-info/SOURCES.txt'
[3.749s] [100%] Built target ament_cmake_python_build_micro_ros_msgs_egg
[3.872s] Invoked command in '/home/iris/iris/iris_ws/build/micro_ros_msgs' returned '0': CMAKE_PREFIX_PATH=${CMAKE_PREFIX_PATH}:/opt/ros/humble /usr/bin/cmake --build /home/iris/iris/iris_ws/build/micro_ros_msgs -- -j4 -l4
[4.532s] Invoking command in '/home/iris/iris/iris_ws/build/micro_ros_msgs': CMAKE_PREFIX_PATH=${CMAKE_PREFIX_PATH}:/opt/ros/humble /usr/bin/cmake --install /home/iris/iris/iris_ws/build/micro_ros_msgs
[4.565s] -- Install configuration: ""
[4.567s] -- Up-to-date: /home/iris/iris/iris_ws/install/micro_ros_msgs/share/ament_index/resource_index/rosidl_interfaces/micro_ros_msgs
[4.568s] -- Up-to-date: /home/iris/iris/iris_ws/install/micro_ros_msgs/include/micro_ros_msgs/micro_ros_msgs
[4.569s] -- Up-to-date: /home/iris/iris/iris_ws/install/micro_ros_msgs/include/micro_ros_msgs/micro_ros_msgs/msg
[4.569s] -- Up-to-date: /home/iris/iris/iris_ws/install/micro_ros_msgs/include/micro_ros_msgs/micro_ros_msgs/msg/node.h
[4.570s] -- Up-to-date: /home/iris/iris/iris_ws/install/micro_ros_msgs/include/micro_ros_msgs/micro_ros_msgs/msg/detail
[4.581s] -- Up-to-date: /home/iris/iris/iris_ws/install/micro_ros_msgs/include/micro_ros_msgs/micro_ros_msgs/msg/detail/graph__functions.h
[4.581s] -- Up-to-date: /home/iris/iris/iris_ws/install/micro_ros_msgs/include/micro_ros_msgs/micro_ros_msgs/msg/detail/entity__functions.h
[4.587s] -- Up-to-date: /home/iris/iris/iris_ws/install/micro_ros_msgs/include/micro_ros_msgs/micro_ros_msgs/msg/detail/graph__struct.h
[4.590s] -- Up-to-date: /home/iris/iris/iris_ws/install/micro_ros_msgs/include/micro_ros_msgs/micro_ros_msgs/msg/detail/node__functions.c
[4.591s] -- Up-to-date: /home/iris/iris/iris_ws/install/micro_ros_msgs/include/micro_ros_msgs/micro_ros_msgs/msg/detail/node__type_support.h
[4.595s] -- Up-to-date: /home/iris/iris/iris_ws/install/micro_ros_msgs/include/micro_ros_msgs/micro_ros_msgs/msg/detail/node__functions.h
[4.595s] -- Up-to-date: /home/iris/iris/iris_ws/install/micro_ros_msgs/include/micro_ros_msgs/micro_ros_msgs/msg/detail/entity__type_support.h
[4.598s] -- Up-to-date: /home/iris/iris/iris_ws/install/micro_ros_msgs/include/micro_ros_msgs/micro_ros_msgs/msg/detail/graph__type_support.h
[4.599s] -- Up-to-date: /home/iris/iris/iris_ws/install/micro_ros_msgs/include/micro_ros_msgs/micro_ros_msgs/msg/detail/graph__functions.c
[4.599s] -- Up-to-date: /home/iris/iris/iris_ws/install/micro_ros_msgs/include/micro_ros_msgs/micro_ros_msgs/msg/detail/entity__functions.c
[4.600s] -- Up-to-date: /home/iris/iris/iris_ws/install/micro_ros_msgs/include/micro_ros_msgs/micro_ros_msgs/msg/detail/node__struct.h
[4.601s] -- Up-to-date: /home/iris/iris/iris_ws/install/micro_ros_msgs/include/micro_ros_msgs/micro_ros_msgs/msg/detail/entity__struct.h
[4.601s] -- Up-to-date: /home/iris/iris/iris_ws/install/micro_ros_msgs/include/micro_ros_msgs/micro_ros_msgs/msg/graph.h
[4.602s] -- Up-to-date: /home/iris/iris/iris_ws/install/micro_ros_msgs/include/micro_ros_msgs/micro_ros_msgs/msg/rosidl_generator_c__visibility_control.h
[4.602s] -- Up-to-date: /home/iris/iris/iris_ws/install/micro_ros_msgs/include/micro_ros_msgs/micro_ros_msgs/msg/entity.h
[4.603s] -- Up-to-date: /home/iris/iris/iris_ws/install/micro_ros_msgs/share/micro_ros_msgs/environment/library_path.sh
[4.603s] -- Up-to-date: /home/iris/iris/iris_ws/install/micro_ros_msgs/share/micro_ros_msgs/environment/library_path.dsv
[4.603s] -- Up-to-date: /home/iris/iris/iris_ws/install/micro_ros_msgs/lib/libmicro_ros_msgs__rosidl_generator_c.so
[4.613s] -- Up-to-date: /home/iris/iris/iris_ws/install/micro_ros_msgs/include/micro_ros_msgs/micro_ros_msgs
[4.618s] -- Up-to-date: /home/iris/iris/iris_ws/install/micro_ros_msgs/include/micro_ros_msgs/micro_ros_msgs/msg
[4.619s] -- Up-to-date: /home/iris/iris/iris_ws/install/micro_ros_msgs/include/micro_ros_msgs/micro_ros_msgs/msg/detail
[4.624s] -- Up-to-date: /home/iris/iris/iris_ws/install/micro_ros_msgs/include/micro_ros_msgs/micro_ros_msgs/msg/detail/node__rosidl_typesupport_fastrtps_c.h
[4.625s] -- Up-to-date: /home/iris/iris/iris_ws/install/micro_ros_msgs/include/micro_ros_msgs/micro_ros_msgs/msg/detail/graph__rosidl_typesupport_fastrtps_c.h
[4.625s] -- Up-to-date: /home/iris/iris/iris_ws/install/micro_ros_msgs/include/micro_ros_msgs/micro_ros_msgs/msg/detail/entity__rosidl_typesupport_fastrtps_c.h
[4.626s] -- Up-to-date: /home/iris/iris/iris_ws/install/micro_ros_msgs/include/micro_ros_msgs/micro_ros_msgs/msg/rosidl_typesupport_fastrtps_c__visibility_control.h
[4.627s] -- Up-to-date: /home/iris/iris/iris_ws/install/micro_ros_msgs/lib/libmicro_ros_msgs__rosidl_typesupport_fastrtps_c.so
[4.630s] -- Up-to-date: /home/iris/iris/iris_ws/install/micro_ros_msgs/include/micro_ros_msgs/micro_ros_msgs
[4.631s] -- Up-to-date: /home/iris/iris/iris_ws/install/micro_ros_msgs/include/micro_ros_msgs/micro_ros_msgs/msg
[4.634s] -- Up-to-date: /home/iris/iris/iris_ws/install/micro_ros_msgs/include/micro_ros_msgs/micro_ros_msgs/msg/rosidl_typesupport_introspection_c__visibility_control.h
[4.634s] -- Up-to-date: /home/iris/iris/iris_ws/install/micro_ros_msgs/include/micro_ros_msgs/micro_ros_msgs/msg/detail
[4.637s] -- Up-to-date: /home/iris/iris/iris_ws/install/micro_ros_msgs/include/micro_ros_msgs/micro_ros_msgs/msg/detail/entity__rosidl_typesupport_introspection_c.h
[4.637s] -- Up-to-date: /home/iris/iris/iris_ws/install/micro_ros_msgs/include/micro_ros_msgs/micro_ros_msgs/msg/detail/graph__rosidl_typesupport_introspection_c.h
[4.638s] -- Up-to-date: /home/iris/iris/iris_ws/install/micro_ros_msgs/include/micro_ros_msgs/micro_ros_msgs/msg/detail/node__rosidl_typesupport_introspection_c.h
[4.639s] -- Up-to-date: /home/iris/iris/iris_ws/install/micro_ros_msgs/include/micro_ros_msgs/micro_ros_msgs/msg/detail/entity__type_support.c
[4.639s] -- Up-to-date: /home/iris/iris/iris_ws/install/micro_ros_msgs/include/micro_ros_msgs/micro_ros_msgs/msg/detail/node__type_support.c
[4.647s] -- Up-to-date: /home/iris/iris/iris_ws/install/micro_ros_msgs/include/micro_ros_msgs/micro_ros_msgs/msg/detail/graph__type_support.c
[4.647s] -- Up-to-date: /home/iris/iris/iris_ws/install/micro_ros_msgs/lib/libmicro_ros_msgs__rosidl_typesupport_introspection_c.so
[4.651s] -- Up-to-date: /home/iris/iris/iris_ws/install/micro_ros_msgs/lib/libmicro_ros_msgs__rosidl_typesupport_c.so
[4.651s] -- Up-to-date: /home/iris/iris/iris_ws/install/micro_ros_msgs/include/micro_ros_msgs/micro_ros_msgs
[4.652s] -- Up-to-date: /home/iris/iris/iris_ws/install/micro_ros_msgs/include/micro_ros_msgs/micro_ros_msgs/msg
[4.652s] -- Up-to-date: /home/iris/iris/iris_ws/install/micro_ros_msgs/include/micro_ros_msgs/micro_ros_msgs/msg/graph.hpp
[4.653s] -- Up-to-date: /home/iris/iris/iris_ws/install/micro_ros_msgs/include/micro_ros_msgs/micro_ros_msgs/msg/detail
[4.653s] -- Up-to-date: /home/iris/iris/iris_ws/install/micro_ros_msgs/include/micro_ros_msgs/micro_ros_msgs/msg/detail/graph__traits.hpp
[4.654s] -- Up-to-date: /home/iris/iris/iris_ws/install/micro_ros_msgs/include/micro_ros_msgs/micro_ros_msgs/msg/detail/node__builder.hpp
[4.654s] -- Up-to-date: /home/iris/iris/iris_ws/install/micro_ros_msgs/include/micro_ros_msgs/micro_ros_msgs/msg/detail/graph__builder.hpp
[4.655s] -- Up-to-date: /home/iris/iris/iris_ws/install/micro_ros_msgs/include/micro_ros_msgs/micro_ros_msgs/msg/detail/entity__struct.hpp
[4.655s] -- Up-to-date: /home/iris/iris/iris_ws/install/micro_ros_msgs/include/micro_ros_msgs/micro_ros_msgs/msg/detail/graph__struct.hpp
[4.655s] -- Up-to-date: /home/iris/iris/iris_ws/install/micro_ros_msgs/include/micro_ros_msgs/micro_ros_msgs/msg/detail/node__struct.hpp
[4.664s] -- Up-to-date: /home/iris/iris/iris_ws/install/micro_ros_msgs/include/micro_ros_msgs/micro_ros_msgs/msg/detail/node__traits.hpp
[4.665s] -- Up-to-date: /home/iris/iris/iris_ws/install/micro_ros_msgs/include/micro_ros_msgs/micro_ros_msgs/msg/detail/entity__builder.hpp
[4.666s] -- Up-to-date: /home/iris/iris/iris_ws/install/micro_ros_msgs/include/micro_ros_msgs/micro_ros_msgs/msg/detail/entity__traits.hpp
[4.667s] -- Up-to-date: /home/iris/iris/iris_ws/install/micro_ros_msgs/include/micro_ros_msgs/micro_ros_msgs/msg/node.hpp
[4.667s] -- Up-to-date: /home/iris/iris/iris_ws/install/micro_ros_msgs/include/micro_ros_msgs/micro_ros_msgs/msg/entity.hpp
[4.676s] -- Up-to-date: /home/iris/iris/iris_ws/install/micro_ros_msgs/include/micro_ros_msgs/micro_ros_msgs
[4.677s] -- Up-to-date: /home/iris/iris/iris_ws/install/micro_ros_msgs/include/micro_ros_msgs/micro_ros_msgs/msg
[4.677s] -- Up-to-date: /home/iris/iris/iris_ws/install/micro_ros_msgs/include/micro_ros_msgs/micro_ros_msgs/msg/detail
[4.677s] -- Up-to-date: /home/iris/iris/iris_ws/install/micro_ros_msgs/include/micro_ros_msgs/micro_ros_msgs/msg/detail/node__rosidl_typesupport_fastrtps_cpp.hpp
[4.678s] -- Up-to-date: /home/iris/iris/iris_ws/install/micro_ros_msgs/include/micro_ros_msgs/micro_ros_msgs/msg/detail/entity__rosidl_typesupport_fastrtps_cpp.hpp
[4.678s] -- Up-to-date: /home/iris/iris/iris_ws/install/micro_ros_msgs/include/micro_ros_msgs/micro_ros_msgs/msg/detail/graph__rosidl_typesupport_fastrtps_cpp.hpp
[4.678s] -- Up-to-date: /home/iris/iris/iris_ws/install/micro_ros_msgs/include/micro_ros_msgs/micro_ros_msgs/msg/detail/dds_fastrtps
[4.679s] -- Up-to-date: /home/iris/iris/iris_ws/install/micro_ros_msgs/include/micro_ros_msgs/micro_ros_msgs/msg/rosidl_typesupport_fastrtps_cpp__visibility_control.h
[4.679s] -- Up-to-date: /home/iris/iris/iris_ws/install/micro_ros_msgs/lib/libmicro_ros_msgs__rosidl_typesupport_fastrtps_cpp.so
[4.679s] -- Up-to-date: /home/iris/iris/iris_ws/install/micro_ros_msgs/include/micro_ros_msgs/micro_ros_msgs
[4.680s] -- Up-to-date: /home/iris/iris/iris_ws/install/micro_ros_msgs/include/micro_ros_msgs/micro_ros_msgs/msg
[4.681s] -- Up-to-date: /home/iris/iris/iris_ws/install/micro_ros_msgs/include/micro_ros_msgs/micro_ros_msgs/msg/detail
[4.681s] -- Up-to-date: /home/iris/iris/iris_ws/install/micro_ros_msgs/include/micro_ros_msgs/micro_ros_msgs/msg/detail/node__type_support.cpp
[4.682s] -- Up-to-date: /home/iris/iris/iris_ws/install/micro_ros_msgs/include/micro_ros_msgs/micro_ros_msgs/msg/detail/node__rosidl_typesupport_introspection_cpp.hpp
[4.682s] -- Up-to-date: /home/iris/iris/iris_ws/install/micro_ros_msgs/include/micro_ros_msgs/micro_ros_msgs/msg/detail/entity__type_support.cpp
[4.683s] -- Up-to-date: /home/iris/iris/iris_ws/install/micro_ros_msgs/include/micro_ros_msgs/micro_ros_msgs/msg/detail/graph__rosidl_typesupport_introspection_cpp.hpp
[4.683s] -- Up-to-date: /home/iris/iris/iris_ws/install/micro_ros_msgs/include/micro_ros_msgs/micro_ros_msgs/msg/detail/entity__rosidl_typesupport_introspection_cpp.hpp
[4.684s] -- Up-to-date: /home/iris/iris/iris_ws/install/micro_ros_msgs/include/micro_ros_msgs/micro_ros_msgs/msg/detail/graph__type_support.cpp
[4.693s] -- Up-to-date: /home/iris/iris/iris_ws/install/micro_ros_msgs/lib/libmicro_ros_msgs__rosidl_typesupport_introspection_cpp.so
[4.693s] -- Up-to-date: /home/iris/iris/iris_ws/install/micro_ros_msgs/lib/libmicro_ros_msgs__rosidl_typesupport_cpp.so
[4.694s] -- Up-to-date: /home/iris/iris/iris_ws/install/micro_ros_msgs/share/micro_ros_msgs/environment/pythonpath.sh
[4.694s] -- Up-to-date: /home/iris/iris/iris_ws/install/micro_ros_msgs/share/micro_ros_msgs/environment/pythonpath.dsv
[4.695s] -- Up-to-date: /home/iris/iris/iris_ws/install/micro_ros_msgs/local/lib/python3.10/dist-packages/micro_ros_msgs-3.0.0-py3.10.egg-info
[4.695s] -- Installing: /home/iris/iris/iris_ws/install/micro_ros_msgs/local/lib/python3.10/dist-packages/micro_ros_msgs-3.0.0-py3.10.egg-info/dependency_links.txt
[4.696s] -- Installing: /home/iris/iris/iris_ws/install/micro_ros_msgs/local/lib/python3.10/dist-packages/micro_ros_msgs-3.0.0-py3.10.egg-info/SOURCES.txt
[4.697s] -- Installing: /home/iris/iris/iris_ws/install/micro_ros_msgs/local/lib/python3.10/dist-packages/micro_ros_msgs-3.0.0-py3.10.egg-info/top_level.txt
[4.697s] -- Installing: /home/iris/iris/iris_ws/install/micro_ros_msgs/local/lib/python3.10/dist-packages/micro_ros_msgs-3.0.0-py3.10.egg-info/PKG-INFO
[4.697s] -- Up-to-date: /home/iris/iris/iris_ws/install/micro_ros_msgs/local/lib/python3.10/dist-packages/micro_ros_msgs
[4.698s] -- Up-to-date: /home/iris/iris/iris_ws/install/micro_ros_msgs/local/lib/python3.10/dist-packages/micro_ros_msgs/msg
[4.698s] -- Up-to-date: /home/iris/iris/iris_ws/install/micro_ros_msgs/local/lib/python3.10/dist-packages/micro_ros_msgs/msg/__init__.py
[4.699s] -- Up-to-date: /home/iris/iris/iris_ws/install/micro_ros_msgs/local/lib/python3.10/dist-packages/micro_ros_msgs/msg/_entity.py
[4.699s] -- Up-to-date: /home/iris/iris/iris_ws/install/micro_ros_msgs/local/lib/python3.10/dist-packages/micro_ros_msgs/msg/_node.py
[4.700s] -- Up-to-date: /home/iris/iris/iris_ws/install/micro_ros_msgs/local/lib/python3.10/dist-packages/micro_ros_msgs/msg/_node_s.c
[4.701s] -- Up-to-date: /home/iris/iris/iris_ws/install/micro_ros_msgs/local/lib/python3.10/dist-packages/micro_ros_msgs/msg/_graph.py
[4.701s] -- Up-to-date: /home/iris/iris/iris_ws/install/micro_ros_msgs/local/lib/python3.10/dist-packages/micro_ros_msgs/msg/_graph_s.c
[4.702s] -- Up-to-date: /home/iris/iris/iris_ws/install/micro_ros_msgs/local/lib/python3.10/dist-packages/micro_ros_msgs/msg/_entity_s.c
[4.702s] -- Up-to-date: /home/iris/iris/iris_ws/install/micro_ros_msgs/local/lib/python3.10/dist-packages/micro_ros_msgs/_micro_ros_msgs_s.ep.rosidl_typesupport_fastrtps_c.c
[4.703s] -- Up-to-date: /home/iris/iris/iris_ws/install/micro_ros_msgs/local/lib/python3.10/dist-packages/micro_ros_msgs/libmicro_ros_msgs__rosidl_generator_py.so
[4.703s] -- Up-to-date: /home/iris/iris/iris_ws/install/micro_ros_msgs/local/lib/python3.10/dist-packages/micro_ros_msgs/micro_ros_msgs_s__rosidl_typesupport_introspection_c.cpython-310-aarch64-linux-gnu.so
[4.703s] -- Up-to-date: /home/iris/iris/iris_ws/install/micro_ros_msgs/local/lib/python3.10/dist-packages/micro_ros_msgs/__init__.py
[4.712s] -- Up-to-date: /home/iris/iris/iris_ws/install/micro_ros_msgs/local/lib/python3.10/dist-packages/micro_ros_msgs/_micro_ros_msgs_s.ep.rosidl_typesupport_introspection_c.c
[4.713s] -- Up-to-date: /home/iris/iris/iris_ws/install/micro_ros_msgs/local/lib/python3.10/dist-packages/micro_ros_msgs/micro_ros_msgs_s__rosidl_typesupport_fastrtps_c.cpython-310-aarch64-linux-gnu.so
[4.714s] -- Up-to-date: /home/iris/iris/iris_ws/install/micro_ros_msgs/local/lib/python3.10/dist-packages/micro_ros_msgs/micro_ros_msgs_s__rosidl_typesupport_c.cpython-310-aarch64-linux-gnu.so
[4.714s] -- Up-to-date: /home/iris/iris/iris_ws/install/micro_ros_msgs/local/lib/python3.10/dist-packages/micro_ros_msgs/_micro_ros_msgs_s.ep.rosidl_typesupport_c.c
[4.826s] Listing '/home/iris/iris/iris_ws/install/micro_ros_msgs/local/lib/python3.10/dist-packages/micro_ros_msgs'...
[4.828s] Listing '/home/iris/iris/iris_ws/install/micro_ros_msgs/local/lib/python3.10/dist-packages/micro_ros_msgs/msg'...
[4.854s] -- Up-to-date: /home/iris/iris/iris_ws/install/micro_ros_msgs/local/lib/python3.10/dist-packages/micro_ros_msgs/micro_ros_msgs_s__rosidl_typesupport_fastrtps_c.cpython-310-aarch64-linux-gnu.so
[4.857s] -- Up-to-date: /home/iris/iris/iris_ws/install/micro_ros_msgs/local/lib/python3.10/dist-packages/micro_ros_msgs/micro_ros_msgs_s__rosidl_typesupport_introspection_c.cpython-310-aarch64-linux-gnu.so
[4.859s] -- Up-to-date: /home/iris/iris/iris_ws/install/micro_ros_msgs/local/lib/python3.10/dist-packages/micro_ros_msgs/micro_ros_msgs_s__rosidl_typesupport_c.cpython-310-aarch64-linux-gnu.so
[4.862s] -- Up-to-date: /home/iris/iris/iris_ws/install/micro_ros_msgs/lib/libmicro_ros_msgs__rosidl_generator_py.so
[4.863s] -- Up-to-date: /home/iris/iris/iris_ws/install/micro_ros_msgs/share/micro_ros_msgs/msg/Graph.idl
[4.864s] -- Up-to-date: /home/iris/iris/iris_ws/install/micro_ros_msgs/share/micro_ros_msgs/msg/Node.idl
[4.864s] -- Up-to-date: /home/iris/iris/iris_ws/install/micro_ros_msgs/share/micro_ros_msgs/msg/Entity.idl
[4.865s] -- Up-to-date: /home/iris/iris/iris_ws/install/micro_ros_msgs/share/micro_ros_msgs/msg/Graph.msg
[4.866s] -- Up-to-date: /home/iris/iris/iris_ws/install/micro_ros_msgs/share/micro_ros_msgs/msg/Node.msg
[4.866s] -- Up-to-date: /home/iris/iris/iris_ws/install/micro_ros_msgs/share/micro_ros_msgs/msg/Entity.msg
[4.867s] -- Up-to-date: /home/iris/iris/iris_ws/install/micro_ros_msgs/share/ament_index/resource_index/package_run_dependencies/micro_ros_msgs
[4.868s] -- Up-to-date: /home/iris/iris/iris_ws/install/micro_ros_msgs/share/ament_index/resource_index/parent_prefix_path/micro_ros_msgs
[4.869s] -- Up-to-date: /home/iris/iris/iris_ws/install/micro_ros_msgs/share/micro_ros_msgs/environment/ament_prefix_path.sh
[4.870s] -- Up-to-date: /home/iris/iris/iris_ws/install/micro_ros_msgs/share/micro_ros_msgs/environment/ament_prefix_path.dsv
[4.870s] -- Up-to-date: /home/iris/iris/iris_ws/install/micro_ros_msgs/share/micro_ros_msgs/environment/path.sh
[4.871s] -- Up-to-date: /home/iris/iris/iris_ws/install/micro_ros_msgs/share/micro_ros_msgs/environment/path.dsv
[4.873s] -- Up-to-date: /home/iris/iris/iris_ws/install/micro_ros_msgs/share/micro_ros_msgs/local_setup.bash
[4.875s] -- Up-to-date: /home/iris/iris/iris_ws/install/micro_ros_msgs/share/micro_ros_msgs/local_setup.sh
[4.876s] -- Up-to-date: /home/iris/iris/iris_ws/install/micro_ros_msgs/share/micro_ros_msgs/local_setup.zsh
[4.878s] -- Up-to-date: /home/iris/iris/iris_ws/install/micro_ros_msgs/share/micro_ros_msgs/local_setup.dsv
[4.881s] -- Installing: /home/iris/iris/iris_ws/install/micro_ros_msgs/share/micro_ros_msgs/package.dsv
[4.881s] -- Up-to-date: /home/iris/iris/iris_ws/install/micro_ros_msgs/share/ament_index/resource_index/packages/micro_ros_msgs
[4.882s] -- Up-to-date: /home/iris/iris/iris_ws/install/micro_ros_msgs/share/micro_ros_msgs/cmake/export_micro_ros_msgs__rosidl_generator_cExport.cmake
[4.883s] -- Up-to-date: /home/iris/iris/iris_ws/install/micro_ros_msgs/share/micro_ros_msgs/cmake/export_micro_ros_msgs__rosidl_generator_cExport-noconfig.cmake
[4.901s] -- Up-to-date: /home/iris/iris/iris_ws/install/micro_ros_msgs/share/micro_ros_msgs/cmake/export_micro_ros_msgs__rosidl_typesupport_fastrtps_cExport.cmake
[4.901s] -- Up-to-date: /home/iris/iris/iris_ws/install/micro_ros_msgs/share/micro_ros_msgs/cmake/export_micro_ros_msgs__rosidl_typesupport_fastrtps_cExport-noconfig.cmake
[4.902s] -- Up-to-date: /home/iris/iris/iris_ws/install/micro_ros_msgs/share/micro_ros_msgs/cmake/micro_ros_msgs__rosidl_typesupport_introspection_cExport.cmake
[4.902s] -- Up-to-date: /home/iris/iris/iris_ws/install/micro_ros_msgs/share/micro_ros_msgs/cmake/micro_ros_msgs__rosidl_typesupport_introspection_cExport-noconfig.cmake
[4.903s] -- Up-to-date: /home/iris/iris/iris_ws/install/micro_ros_msgs/share/micro_ros_msgs/cmake/micro_ros_msgs__rosidl_typesupport_cExport.cmake
[4.903s] -- Up-to-date: /home/iris/iris/iris_ws/install/micro_ros_msgs/share/micro_ros_msgs/cmake/micro_ros_msgs__rosidl_typesupport_cExport-noconfig.cmake
[4.905s] -- Up-to-date: /home/iris/iris/iris_ws/install/micro_ros_msgs/share/micro_ros_msgs/cmake/export_micro_ros_msgs__rosidl_generator_cppExport.cmake
[4.906s] -- Up-to-date: /home/iris/iris/iris_ws/install/micro_ros_msgs/share/micro_ros_msgs/cmake/export_micro_ros_msgs__rosidl_typesupport_fastrtps_cppExport.cmake
[4.907s] -- Up-to-date: /home/iris/iris/iris_ws/install/micro_ros_msgs/share/micro_ros_msgs/cmake/export_micro_ros_msgs__rosidl_typesupport_fastrtps_cppExport-noconfig.cmake
[4.907s] -- Up-to-date: /home/iris/iris/iris_ws/install/micro_ros_msgs/share/micro_ros_msgs/cmake/micro_ros_msgs__rosidl_typesupport_introspection_cppExport.cmake
[4.910s] -- Up-to-date: /home/iris/iris/iris_ws/install/micro_ros_msgs/share/micro_ros_msgs/cmake/micro_ros_msgs__rosidl_typesupport_introspection_cppExport-noconfig.cmake
[4.911s] -- Up-to-date: /home/iris/iris/iris_ws/install/micro_ros_msgs/share/micro_ros_msgs/cmake/micro_ros_msgs__rosidl_typesupport_cppExport.cmake
[4.911s] -- Up-to-date: /home/iris/iris/iris_ws/install/micro_ros_msgs/share/micro_ros_msgs/cmake/micro_ros_msgs__rosidl_typesupport_cppExport-noconfig.cmake
[4.912s] -- Up-to-date: /home/iris/iris/iris_ws/install/micro_ros_msgs/share/micro_ros_msgs/cmake/export_micro_ros_msgs__rosidl_generator_pyExport.cmake
[4.913s] -- Up-to-date: /home/iris/iris/iris_ws/install/micro_ros_msgs/share/micro_ros_msgs/cmake/export_micro_ros_msgs__rosidl_generator_pyExport-noconfig.cmake
[4.914s] -- Up-to-date: /home/iris/iris/iris_ws/install/micro_ros_msgs/share/micro_ros_msgs/cmake/rosidl_cmake-extras.cmake
[4.914s] -- Up-to-date: /home/iris/iris/iris_ws/install/micro_ros_msgs/share/micro_ros_msgs/cmake/ament_cmake_export_include_directories-extras.cmake
[4.915s] -- Up-to-date: /home/iris/iris/iris_ws/install/micro_ros_msgs/share/micro_ros_msgs/cmake/ament_cmake_export_libraries-extras.cmake
[4.915s] -- Up-to-date: /home/iris/iris/iris_ws/install/micro_ros_msgs/share/micro_ros_msgs/cmake/ament_cmake_export_targets-extras.cmake
[4.921s] -- Up-to-date: /home/iris/iris/iris_ws/install/micro_ros_msgs/share/micro_ros_msgs/cmake/rosidl_cmake_export_typesupport_targets-extras.cmake
[4.923s] -- Up-to-date: /home/iris/iris/iris_ws/install/micro_ros_msgs/share/micro_ros_msgs/cmake/ament_cmake_export_dependencies-extras.cmake
[4.924s] -- Up-to-date: /home/iris/iris/iris_ws/install/micro_ros_msgs/share/micro_ros_msgs/cmake/rosidl_cmake_export_typesupport_libraries-extras.cmake
[4.927s] -- Up-to-date: /home/iris/iris/iris_ws/install/micro_ros_msgs/share/micro_ros_msgs/cmake/micro_ros_msgsConfig.cmake
[4.928s] -- Up-to-date: /home/iris/iris/iris_ws/install/micro_ros_msgs/share/micro_ros_msgs/cmake/micro_ros_msgsConfig-version.cmake
[4.930s] -- Up-to-date: /home/iris/iris/iris_ws/install/micro_ros_msgs/share/micro_ros_msgs/package.xml
[4.932s] Invoked command in '/home/iris/iris/iris_ws/build/micro_ros_msgs' returned '0': CMAKE_PREFIX_PATH=${CMAKE_PREFIX_PATH}:/opt/ros/humble /usr/bin/cmake --install /home/iris/iris/iris_ws/build/micro_ros_msgs
