[0.843s] Invoking command in '/home/iris/iris/iris_ws/build/micro_ros_msgs': CMAKE_PREFIX_PATH=${CMAKE_PREFIX_PATH}:/home/iris/iris/iris_ws/install/iris_vision:/opt/ros/humble /usr/bin/cmake --build /home/iris/iris/iris_ws/build/micro_ros_msgs -- -j4 -l4
[3.138s] [  2%] Built target micro_ros_msgs__cpp
[3.139s] [ 12%] Built target micro_ros_msgs__rosidl_generator_c
[3.143s] [ 12%] Built target ament_cmake_python_copy_micro_ros_msgs
[3.145s] [ 23%] Built target micro_ros_msgs__rosidl_typesupport_fastrtps_cpp
[3.147s] [ 34%] Built target micro_ros_msgs__rosidl_typesupport_introspection_cpp
[3.162s] [ 44%] Built target micro_ros_msgs__rosidl_typesupport_fastrtps_c
[3.167s] [ 55%] Built target micro_ros_msgs__rosidl_typesupport_cpp
[3.168s] [ 65%] Built target micro_ros_msgs__rosidl_typesupport_introspection_c
[3.169s] [ 76%] Built target micro_ros_msgs__rosidl_typesupport_c
[3.174s] [ 76%] Built target micro_ros_msgs
[3.175s] [ 78%] Built target micro_ros_msgs__py
[3.176s] [ 87%] Built target micro_ros_msgs__rosidl_generator_py
[3.177s] [ 91%] Built target micro_ros_msgs__rosidl_typesupport_fastrtps_c__pyext
[3.178s] [ 95%] Built target micro_ros_msgs__rosidl_typesupport_introspection_c__pyext
[3.180s] [100%] Built target micro_ros_msgs__rosidl_typesupport_c__pyext
[3.181s] running egg_info
[3.181s] writing micro_ros_msgs.egg-info/PKG-INFO
[3.182s] writing dependency_links to micro_ros_msgs.egg-info/dependency_links.txt
[3.182s] writing top-level names to micro_ros_msgs.egg-info/top_level.txt
[3.182s] reading manifest file 'micro_ros_msgs.egg-info/SOURCES.txt'
[3.183s] writing manifest file 'micro_ros_msgs.egg-info/SOURCES.txt'
[3.242s] [100%] Built target ament_cmake_python_build_micro_ros_msgs_egg
[3.322s] Invoked command in '/home/iris/iris/iris_ws/build/micro_ros_msgs' returned '0': CMAKE_PREFIX_PATH=${CMAKE_PREFIX_PATH}:/home/iris/iris/iris_ws/install/iris_vision:/opt/ros/humble /usr/bin/cmake --build /home/iris/iris/iris_ws/build/micro_ros_msgs -- -j4 -l4
[4.437s] Invoking command in '/home/iris/iris/iris_ws/build/micro_ros_msgs': CMAKE_PREFIX_PATH=${CMAKE_PREFIX_PATH}:/home/iris/iris/iris_ws/install/iris_vision:/opt/ros/humble /usr/bin/cmake --install /home/iris/iris/iris_ws/build/micro_ros_msgs
[4.475s] -- Install configuration: ""
[4.477s] -- Up-to-date: /home/iris/iris/iris_ws/install/micro_ros_msgs/share/ament_index/resource_index/rosidl_interfaces/micro_ros_msgs
[4.478s] -- Up-to-date: /home/iris/iris/iris_ws/install/micro_ros_msgs/include/micro_ros_msgs/micro_ros_msgs
[4.480s] -- Up-to-date: /home/iris/iris/iris_ws/install/micro_ros_msgs/include/micro_ros_msgs/micro_ros_msgs/msg
[4.482s] -- Up-to-date: /home/iris/iris/iris_ws/install/micro_ros_msgs/include/micro_ros_msgs/micro_ros_msgs/msg/node.h
[4.483s] -- Up-to-date: /home/iris/iris/iris_ws/install/micro_ros_msgs/include/micro_ros_msgs/micro_ros_msgs/msg/detail
[4.485s] -- Up-to-date: /home/iris/iris/iris_ws/install/micro_ros_msgs/include/micro_ros_msgs/micro_ros_msgs/msg/detail/graph__functions.h
[4.486s] -- Up-to-date: /home/iris/iris/iris_ws/install/micro_ros_msgs/include/micro_ros_msgs/micro_ros_msgs/msg/detail/entity__functions.h
[4.488s] -- Up-to-date: /home/iris/iris/iris_ws/install/micro_ros_msgs/include/micro_ros_msgs/micro_ros_msgs/msg/detail/graph__struct.h
[4.489s] -- Up-to-date: /home/iris/iris/iris_ws/install/micro_ros_msgs/include/micro_ros_msgs/micro_ros_msgs/msg/detail/node__functions.c
[4.490s] -- Up-to-date: /home/iris/iris/iris_ws/install/micro_ros_msgs/include/micro_ros_msgs/micro_ros_msgs/msg/detail/node__type_support.h
[4.492s] -- Up-to-date: /home/iris/iris/iris_ws/install/micro_ros_msgs/include/micro_ros_msgs/micro_ros_msgs/msg/detail/node__functions.h
[4.493s] -- Up-to-date: /home/iris/iris/iris_ws/install/micro_ros_msgs/include/micro_ros_msgs/micro_ros_msgs/msg/detail/entity__type_support.h
[4.495s] -- Up-to-date: /home/iris/iris/iris_ws/install/micro_ros_msgs/include/micro_ros_msgs/micro_ros_msgs/msg/detail/graph__type_support.h
[4.496s] -- Up-to-date: /home/iris/iris/iris_ws/install/micro_ros_msgs/include/micro_ros_msgs/micro_ros_msgs/msg/detail/graph__functions.c
[4.497s] -- Up-to-date: /home/iris/iris/iris_ws/install/micro_ros_msgs/include/micro_ros_msgs/micro_ros_msgs/msg/detail/entity__functions.c
[4.499s] -- Up-to-date: /home/iris/iris/iris_ws/install/micro_ros_msgs/include/micro_ros_msgs/micro_ros_msgs/msg/detail/node__struct.h
[4.500s] -- Up-to-date: /home/iris/iris/iris_ws/install/micro_ros_msgs/include/micro_ros_msgs/micro_ros_msgs/msg/detail/entity__struct.h
[4.503s] -- Up-to-date: /home/iris/iris/iris_ws/install/micro_ros_msgs/include/micro_ros_msgs/micro_ros_msgs/msg/graph.h
[4.504s] -- Up-to-date: /home/iris/iris/iris_ws/install/micro_ros_msgs/include/micro_ros_msgs/micro_ros_msgs/msg/rosidl_generator_c__visibility_control.h
[4.505s] -- Up-to-date: /home/iris/iris/iris_ws/install/micro_ros_msgs/include/micro_ros_msgs/micro_ros_msgs/msg/entity.h
[4.507s] -- Up-to-date: /home/iris/iris/iris_ws/install/micro_ros_msgs/share/micro_ros_msgs/environment/library_path.sh
[4.510s] -- Up-to-date: /home/iris/iris/iris_ws/install/micro_ros_msgs/share/micro_ros_msgs/environment/library_path.dsv
[4.514s] -- Up-to-date: /home/iris/iris/iris_ws/install/micro_ros_msgs/lib/libmicro_ros_msgs__rosidl_generator_c.so
[4.517s] -- Up-to-date: /home/iris/iris/iris_ws/install/micro_ros_msgs/include/micro_ros_msgs/micro_ros_msgs
[4.518s] -- Up-to-date: /home/iris/iris/iris_ws/install/micro_ros_msgs/include/micro_ros_msgs/micro_ros_msgs/msg
[4.520s] -- Up-to-date: /home/iris/iris/iris_ws/install/micro_ros_msgs/include/micro_ros_msgs/micro_ros_msgs/msg/detail
[4.522s] -- Up-to-date: /home/iris/iris/iris_ws/install/micro_ros_msgs/include/micro_ros_msgs/micro_ros_msgs/msg/detail/node__rosidl_typesupport_fastrtps_c.h
[4.523s] -- Up-to-date: /home/iris/iris/iris_ws/install/micro_ros_msgs/include/micro_ros_msgs/micro_ros_msgs/msg/detail/graph__rosidl_typesupport_fastrtps_c.h
[4.525s] -- Up-to-date: /home/iris/iris/iris_ws/install/micro_ros_msgs/include/micro_ros_msgs/micro_ros_msgs/msg/detail/entity__rosidl_typesupport_fastrtps_c.h
[4.526s] -- Up-to-date: /home/iris/iris/iris_ws/install/micro_ros_msgs/include/micro_ros_msgs/micro_ros_msgs/msg/rosidl_typesupport_fastrtps_c__visibility_control.h
[4.529s] -- Up-to-date: /home/iris/iris/iris_ws/install/micro_ros_msgs/lib/libmicro_ros_msgs__rosidl_typesupport_fastrtps_c.so
[4.532s] -- Up-to-date: /home/iris/iris/iris_ws/install/micro_ros_msgs/include/micro_ros_msgs/micro_ros_msgs
[4.534s] -- Up-to-date: /home/iris/iris/iris_ws/install/micro_ros_msgs/include/micro_ros_msgs/micro_ros_msgs/msg
[4.536s] -- Up-to-date: /home/iris/iris/iris_ws/install/micro_ros_msgs/include/micro_ros_msgs/micro_ros_msgs/msg/rosidl_typesupport_introspection_c__visibility_control.h
[4.537s] -- Up-to-date: /home/iris/iris/iris_ws/install/micro_ros_msgs/include/micro_ros_msgs/micro_ros_msgs/msg/detail
[4.539s] -- Up-to-date: /home/iris/iris/iris_ws/install/micro_ros_msgs/include/micro_ros_msgs/micro_ros_msgs/msg/detail/entity__rosidl_typesupport_introspection_c.h
[4.540s] -- Up-to-date: /home/iris/iris/iris_ws/install/micro_ros_msgs/include/micro_ros_msgs/micro_ros_msgs/msg/detail/graph__rosidl_typesupport_introspection_c.h
[4.542s] -- Up-to-date: /home/iris/iris/iris_ws/install/micro_ros_msgs/include/micro_ros_msgs/micro_ros_msgs/msg/detail/node__rosidl_typesupport_introspection_c.h
[4.543s] -- Up-to-date: /home/iris/iris/iris_ws/install/micro_ros_msgs/include/micro_ros_msgs/micro_ros_msgs/msg/detail/entity__type_support.c
[4.544s] -- Up-to-date: /home/iris/iris/iris_ws/install/micro_ros_msgs/include/micro_ros_msgs/micro_ros_msgs/msg/detail/node__type_support.c
[4.546s] -- Up-to-date: /home/iris/iris/iris_ws/install/micro_ros_msgs/include/micro_ros_msgs/micro_ros_msgs/msg/detail/graph__type_support.c
[4.548s] -- Up-to-date: /home/iris/iris/iris_ws/install/micro_ros_msgs/lib/libmicro_ros_msgs__rosidl_typesupport_introspection_c.so
[4.552s] -- Up-to-date: /home/iris/iris/iris_ws/install/micro_ros_msgs/lib/libmicro_ros_msgs__rosidl_typesupport_c.so
[4.554s] -- Up-to-date: /home/iris/iris/iris_ws/install/micro_ros_msgs/include/micro_ros_msgs/micro_ros_msgs
[4.556s] -- Up-to-date: /home/iris/iris/iris_ws/install/micro_ros_msgs/include/micro_ros_msgs/micro_ros_msgs/msg
[4.557s] -- Up-to-date: /home/iris/iris/iris_ws/install/micro_ros_msgs/include/micro_ros_msgs/micro_ros_msgs/msg/graph.hpp
[4.559s] -- Up-to-date: /home/iris/iris/iris_ws/install/micro_ros_msgs/include/micro_ros_msgs/micro_ros_msgs/msg/detail
[4.560s] -- Up-to-date: /home/iris/iris/iris_ws/install/micro_ros_msgs/include/micro_ros_msgs/micro_ros_msgs/msg/detail/graph__traits.hpp
[4.562s] -- Up-to-date: /home/iris/iris/iris_ws/install/micro_ros_msgs/include/micro_ros_msgs/micro_ros_msgs/msg/detail/node__builder.hpp
[4.563s] -- Up-to-date: /home/iris/iris/iris_ws/install/micro_ros_msgs/include/micro_ros_msgs/micro_ros_msgs/msg/detail/graph__builder.hpp
[4.564s] -- Up-to-date: /home/iris/iris/iris_ws/install/micro_ros_msgs/include/micro_ros_msgs/micro_ros_msgs/msg/detail/entity__struct.hpp
[4.566s] -- Up-to-date: /home/iris/iris/iris_ws/install/micro_ros_msgs/include/micro_ros_msgs/micro_ros_msgs/msg/detail/graph__struct.hpp
[4.567s] -- Up-to-date: /home/iris/iris/iris_ws/install/micro_ros_msgs/include/micro_ros_msgs/micro_ros_msgs/msg/detail/node__struct.hpp
[4.569s] -- Up-to-date: /home/iris/iris/iris_ws/install/micro_ros_msgs/include/micro_ros_msgs/micro_ros_msgs/msg/detail/node__traits.hpp
[4.570s] -- Up-to-date: /home/iris/iris/iris_ws/install/micro_ros_msgs/include/micro_ros_msgs/micro_ros_msgs/msg/detail/entity__builder.hpp
[4.571s] -- Up-to-date: /home/iris/iris/iris_ws/install/micro_ros_msgs/include/micro_ros_msgs/micro_ros_msgs/msg/detail/entity__traits.hpp
[4.573s] -- Up-to-date: /home/iris/iris/iris_ws/install/micro_ros_msgs/include/micro_ros_msgs/micro_ros_msgs/msg/node.hpp
[4.575s] -- Up-to-date: /home/iris/iris/iris_ws/install/micro_ros_msgs/include/micro_ros_msgs/micro_ros_msgs/msg/entity.hpp
[4.576s] -- Up-to-date: /home/iris/iris/iris_ws/install/micro_ros_msgs/include/micro_ros_msgs/micro_ros_msgs
[4.578s] -- Up-to-date: /home/iris/iris/iris_ws/install/micro_ros_msgs/include/micro_ros_msgs/micro_ros_msgs/msg
[4.579s] -- Up-to-date: /home/iris/iris/iris_ws/install/micro_ros_msgs/include/micro_ros_msgs/micro_ros_msgs/msg/detail
[4.581s] -- Up-to-date: /home/iris/iris/iris_ws/install/micro_ros_msgs/include/micro_ros_msgs/micro_ros_msgs/msg/detail/node__rosidl_typesupport_fastrtps_cpp.hpp
[4.582s] -- Up-to-date: /home/iris/iris/iris_ws/install/micro_ros_msgs/include/micro_ros_msgs/micro_ros_msgs/msg/detail/entity__rosidl_typesupport_fastrtps_cpp.hpp
[4.588s] -- Up-to-date: /home/iris/iris/iris_ws/install/micro_ros_msgs/include/micro_ros_msgs/micro_ros_msgs/msg/detail/graph__rosidl_typesupport_fastrtps_cpp.hpp
[4.588s] -- Up-to-date: /home/iris/iris/iris_ws/install/micro_ros_msgs/include/micro_ros_msgs/micro_ros_msgs/msg/detail/dds_fastrtps
[4.589s] -- Up-to-date: /home/iris/iris/iris_ws/install/micro_ros_msgs/include/micro_ros_msgs/micro_ros_msgs/msg/rosidl_typesupport_fastrtps_cpp__visibility_control.h
[4.592s] -- Up-to-date: /home/iris/iris/iris_ws/install/micro_ros_msgs/lib/libmicro_ros_msgs__rosidl_typesupport_fastrtps_cpp.so
[4.592s] -- Up-to-date: /home/iris/iris/iris_ws/install/micro_ros_msgs/include/micro_ros_msgs/micro_ros_msgs
[4.595s] -- Up-to-date: /home/iris/iris/iris_ws/install/micro_ros_msgs/include/micro_ros_msgs/micro_ros_msgs/msg
[4.595s] -- Up-to-date: /home/iris/iris/iris_ws/install/micro_ros_msgs/include/micro_ros_msgs/micro_ros_msgs/msg/detail
[4.596s] -- Up-to-date: /home/iris/iris/iris_ws/install/micro_ros_msgs/include/micro_ros_msgs/micro_ros_msgs/msg/detail/node__type_support.cpp
[4.599s] -- Up-to-date: /home/iris/iris/iris_ws/install/micro_ros_msgs/include/micro_ros_msgs/micro_ros_msgs/msg/detail/node__rosidl_typesupport_introspection_cpp.hpp
[4.600s] -- Up-to-date: /home/iris/iris/iris_ws/install/micro_ros_msgs/include/micro_ros_msgs/micro_ros_msgs/msg/detail/entity__type_support.cpp
[4.600s] -- Up-to-date: /home/iris/iris/iris_ws/install/micro_ros_msgs/include/micro_ros_msgs/micro_ros_msgs/msg/detail/graph__rosidl_typesupport_introspection_cpp.hpp
[4.614s] -- Up-to-date: /home/iris/iris/iris_ws/install/micro_ros_msgs/include/micro_ros_msgs/micro_ros_msgs/msg/detail/entity__rosidl_typesupport_introspection_cpp.hpp
[4.615s] -- Up-to-date: /home/iris/iris/iris_ws/install/micro_ros_msgs/include/micro_ros_msgs/micro_ros_msgs/msg/detail/graph__type_support.cpp
[4.615s] -- Up-to-date: /home/iris/iris/iris_ws/install/micro_ros_msgs/lib/libmicro_ros_msgs__rosidl_typesupport_introspection_cpp.so
[4.616s] -- Up-to-date: /home/iris/iris/iris_ws/install/micro_ros_msgs/lib/libmicro_ros_msgs__rosidl_typesupport_cpp.so
[4.621s] -- Up-to-date: /home/iris/iris/iris_ws/install/micro_ros_msgs/share/micro_ros_msgs/environment/pythonpath.sh
[4.624s] -- Up-to-date: /home/iris/iris/iris_ws/install/micro_ros_msgs/share/micro_ros_msgs/environment/pythonpath.dsv
[4.627s] -- Up-to-date: /home/iris/iris/iris_ws/install/micro_ros_msgs/local/lib/python3.10/dist-packages/micro_ros_msgs-3.0.0-py3.10.egg-info
[4.629s] -- Installing: /home/iris/iris/iris_ws/install/micro_ros_msgs/local/lib/python3.10/dist-packages/micro_ros_msgs-3.0.0-py3.10.egg-info/dependency_links.txt
[4.637s] -- Installing: /home/iris/iris/iris_ws/install/micro_ros_msgs/local/lib/python3.10/dist-packages/micro_ros_msgs-3.0.0-py3.10.egg-info/SOURCES.txt
[4.639s] -- Installing: /home/iris/iris/iris_ws/install/micro_ros_msgs/local/lib/python3.10/dist-packages/micro_ros_msgs-3.0.0-py3.10.egg-info/top_level.txt
[4.642s] -- Installing: /home/iris/iris/iris_ws/install/micro_ros_msgs/local/lib/python3.10/dist-packages/micro_ros_msgs-3.0.0-py3.10.egg-info/PKG-INFO
[4.651s] -- Up-to-date: /home/iris/iris/iris_ws/install/micro_ros_msgs/local/lib/python3.10/dist-packages/micro_ros_msgs
[4.652s] -- Up-to-date: /home/iris/iris/iris_ws/install/micro_ros_msgs/local/lib/python3.10/dist-packages/micro_ros_msgs/msg
[4.654s] -- Up-to-date: /home/iris/iris/iris_ws/install/micro_ros_msgs/local/lib/python3.10/dist-packages/micro_ros_msgs/msg/__init__.py
[4.655s] -- Up-to-date: /home/iris/iris/iris_ws/install/micro_ros_msgs/local/lib/python3.10/dist-packages/micro_ros_msgs/msg/_entity.py
[4.656s] -- Up-to-date: /home/iris/iris/iris_ws/install/micro_ros_msgs/local/lib/python3.10/dist-packages/micro_ros_msgs/msg/_node.py
[4.658s] -- Up-to-date: /home/iris/iris/iris_ws/install/micro_ros_msgs/local/lib/python3.10/dist-packages/micro_ros_msgs/msg/_node_s.c
[4.660s] -- Up-to-date: /home/iris/iris/iris_ws/install/micro_ros_msgs/local/lib/python3.10/dist-packages/micro_ros_msgs/msg/_graph.py
[4.663s] -- Up-to-date: /home/iris/iris/iris_ws/install/micro_ros_msgs/local/lib/python3.10/dist-packages/micro_ros_msgs/msg/_graph_s.c
[4.670s] -- Up-to-date: /home/iris/iris/iris_ws/install/micro_ros_msgs/local/lib/python3.10/dist-packages/micro_ros_msgs/msg/_entity_s.c
[4.671s] -- Up-to-date: /home/iris/iris/iris_ws/install/micro_ros_msgs/local/lib/python3.10/dist-packages/micro_ros_msgs/_micro_ros_msgs_s.ep.rosidl_typesupport_fastrtps_c.c
[4.677s] -- Up-to-date: /home/iris/iris/iris_ws/install/micro_ros_msgs/local/lib/python3.10/dist-packages/micro_ros_msgs/libmicro_ros_msgs__rosidl_generator_py.so
[4.677s] -- Up-to-date: /home/iris/iris/iris_ws/install/micro_ros_msgs/local/lib/python3.10/dist-packages/micro_ros_msgs/micro_ros_msgs_s__rosidl_typesupport_introspection_c.cpython-310-aarch64-linux-gnu.so
[4.678s] -- Up-to-date: /home/iris/iris/iris_ws/install/micro_ros_msgs/local/lib/python3.10/dist-packages/micro_ros_msgs/__init__.py
[4.678s] -- Up-to-date: /home/iris/iris/iris_ws/install/micro_ros_msgs/local/lib/python3.10/dist-packages/micro_ros_msgs/_micro_ros_msgs_s.ep.rosidl_typesupport_introspection_c.c
[4.679s] -- Up-to-date: /home/iris/iris/iris_ws/install/micro_ros_msgs/local/lib/python3.10/dist-packages/micro_ros_msgs/micro_ros_msgs_s__rosidl_typesupport_fastrtps_c.cpython-310-aarch64-linux-gnu.so
[4.679s] -- Up-to-date: /home/iris/iris/iris_ws/install/micro_ros_msgs/local/lib/python3.10/dist-packages/micro_ros_msgs/micro_ros_msgs_s__rosidl_typesupport_c.cpython-310-aarch64-linux-gnu.so
[4.680s] -- Up-to-date: /home/iris/iris/iris_ws/install/micro_ros_msgs/local/lib/python3.10/dist-packages/micro_ros_msgs/_micro_ros_msgs_s.ep.rosidl_typesupport_c.c
[4.890s] Listing '/home/iris/iris/iris_ws/install/micro_ros_msgs/local/lib/python3.10/dist-packages/micro_ros_msgs'...
[4.892s] Listing '/home/iris/iris/iris_ws/install/micro_ros_msgs/local/lib/python3.10/dist-packages/micro_ros_msgs/msg'...
[4.938s] -- Up-to-date: /home/iris/iris/iris_ws/install/micro_ros_msgs/local/lib/python3.10/dist-packages/micro_ros_msgs/micro_ros_msgs_s__rosidl_typesupport_fastrtps_c.cpython-310-aarch64-linux-gnu.so
[4.939s] -- Up-to-date: /home/iris/iris/iris_ws/install/micro_ros_msgs/local/lib/python3.10/dist-packages/micro_ros_msgs/micro_ros_msgs_s__rosidl_typesupport_introspection_c.cpython-310-aarch64-linux-gnu.so
[4.939s] -- Up-to-date: /home/iris/iris/iris_ws/install/micro_ros_msgs/local/lib/python3.10/dist-packages/micro_ros_msgs/micro_ros_msgs_s__rosidl_typesupport_c.cpython-310-aarch64-linux-gnu.so
[4.944s] -- Up-to-date: /home/iris/iris/iris_ws/install/micro_ros_msgs/lib/libmicro_ros_msgs__rosidl_generator_py.so
[4.953s] -- Up-to-date: /home/iris/iris/iris_ws/install/micro_ros_msgs/share/micro_ros_msgs/msg/Graph.idl
[4.954s] -- Up-to-date: /home/iris/iris/iris_ws/install/micro_ros_msgs/share/micro_ros_msgs/msg/Node.idl
[4.956s] -- Up-to-date: /home/iris/iris/iris_ws/install/micro_ros_msgs/share/micro_ros_msgs/msg/Entity.idl
[4.958s] -- Up-to-date: /home/iris/iris/iris_ws/install/micro_ros_msgs/share/micro_ros_msgs/msg/Graph.msg
[4.963s] -- Up-to-date: /home/iris/iris/iris_ws/install/micro_ros_msgs/share/micro_ros_msgs/msg/Node.msg
[4.965s] -- Up-to-date: /home/iris/iris/iris_ws/install/micro_ros_msgs/share/micro_ros_msgs/msg/Entity.msg
[4.967s] -- Up-to-date: /home/iris/iris/iris_ws/install/micro_ros_msgs/share/ament_index/resource_index/package_run_dependencies/micro_ros_msgs
[4.972s] -- Up-to-date: /home/iris/iris/iris_ws/install/micro_ros_msgs/share/ament_index/resource_index/parent_prefix_path/micro_ros_msgs
[4.974s] -- Up-to-date: /home/iris/iris/iris_ws/install/micro_ros_msgs/share/micro_ros_msgs/environment/ament_prefix_path.sh
[4.976s] -- Up-to-date: /home/iris/iris/iris_ws/install/micro_ros_msgs/share/micro_ros_msgs/environment/ament_prefix_path.dsv
[4.978s] -- Up-to-date: /home/iris/iris/iris_ws/install/micro_ros_msgs/share/micro_ros_msgs/environment/path.sh
[4.980s] -- Up-to-date: /home/iris/iris/iris_ws/install/micro_ros_msgs/share/micro_ros_msgs/environment/path.dsv
[4.982s] -- Up-to-date: /home/iris/iris/iris_ws/install/micro_ros_msgs/share/micro_ros_msgs/local_setup.bash
[4.983s] -- Up-to-date: /home/iris/iris/iris_ws/install/micro_ros_msgs/share/micro_ros_msgs/local_setup.sh
[4.986s] -- Up-to-date: /home/iris/iris/iris_ws/install/micro_ros_msgs/share/micro_ros_msgs/local_setup.zsh
[4.989s] -- Up-to-date: /home/iris/iris/iris_ws/install/micro_ros_msgs/share/micro_ros_msgs/local_setup.dsv
[4.991s] -- Installing: /home/iris/iris/iris_ws/install/micro_ros_msgs/share/micro_ros_msgs/package.dsv
[4.994s] -- Up-to-date: /home/iris/iris/iris_ws/install/micro_ros_msgs/share/ament_index/resource_index/packages/micro_ros_msgs
[4.996s] -- Up-to-date: /home/iris/iris/iris_ws/install/micro_ros_msgs/share/micro_ros_msgs/cmake/export_micro_ros_msgs__rosidl_generator_cExport.cmake
[4.998s] -- Up-to-date: /home/iris/iris/iris_ws/install/micro_ros_msgs/share/micro_ros_msgs/cmake/export_micro_ros_msgs__rosidl_generator_cExport-noconfig.cmake
[5.002s] -- Up-to-date: /home/iris/iris/iris_ws/install/micro_ros_msgs/share/micro_ros_msgs/cmake/export_micro_ros_msgs__rosidl_typesupport_fastrtps_cExport.cmake
[5.002s] -- Up-to-date: /home/iris/iris/iris_ws/install/micro_ros_msgs/share/micro_ros_msgs/cmake/export_micro_ros_msgs__rosidl_typesupport_fastrtps_cExport-noconfig.cmake
[5.005s] -- Up-to-date: /home/iris/iris/iris_ws/install/micro_ros_msgs/share/micro_ros_msgs/cmake/micro_ros_msgs__rosidl_typesupport_introspection_cExport.cmake
[5.007s] -- Up-to-date: /home/iris/iris/iris_ws/install/micro_ros_msgs/share/micro_ros_msgs/cmake/micro_ros_msgs__rosidl_typesupport_introspection_cExport-noconfig.cmake
[5.011s] -- Up-to-date: /home/iris/iris/iris_ws/install/micro_ros_msgs/share/micro_ros_msgs/cmake/micro_ros_msgs__rosidl_typesupport_cExport.cmake
[5.013s] -- Up-to-date: /home/iris/iris/iris_ws/install/micro_ros_msgs/share/micro_ros_msgs/cmake/micro_ros_msgs__rosidl_typesupport_cExport-noconfig.cmake
[5.016s] -- Up-to-date: /home/iris/iris/iris_ws/install/micro_ros_msgs/share/micro_ros_msgs/cmake/export_micro_ros_msgs__rosidl_generator_cppExport.cmake
[5.019s] -- Up-to-date: /home/iris/iris/iris_ws/install/micro_ros_msgs/share/micro_ros_msgs/cmake/export_micro_ros_msgs__rosidl_typesupport_fastrtps_cppExport.cmake
[5.020s] -- Up-to-date: /home/iris/iris/iris_ws/install/micro_ros_msgs/share/micro_ros_msgs/cmake/export_micro_ros_msgs__rosidl_typesupport_fastrtps_cppExport-noconfig.cmake
[5.022s] -- Up-to-date: /home/iris/iris/iris_ws/install/micro_ros_msgs/share/micro_ros_msgs/cmake/micro_ros_msgs__rosidl_typesupport_introspection_cppExport.cmake
[5.024s] -- Up-to-date: /home/iris/iris/iris_ws/install/micro_ros_msgs/share/micro_ros_msgs/cmake/micro_ros_msgs__rosidl_typesupport_introspection_cppExport-noconfig.cmake
[5.026s] -- Up-to-date: /home/iris/iris/iris_ws/install/micro_ros_msgs/share/micro_ros_msgs/cmake/micro_ros_msgs__rosidl_typesupport_cppExport.cmake
[5.028s] -- Up-to-date: /home/iris/iris/iris_ws/install/micro_ros_msgs/share/micro_ros_msgs/cmake/micro_ros_msgs__rosidl_typesupport_cppExport-noconfig.cmake
[5.031s] -- Up-to-date: /home/iris/iris/iris_ws/install/micro_ros_msgs/share/micro_ros_msgs/cmake/export_micro_ros_msgs__rosidl_generator_pyExport.cmake
[5.041s] -- Up-to-date: /home/iris/iris/iris_ws/install/micro_ros_msgs/share/micro_ros_msgs/cmake/export_micro_ros_msgs__rosidl_generator_pyExport-noconfig.cmake
[5.041s] -- Up-to-date: /home/iris/iris/iris_ws/install/micro_ros_msgs/share/micro_ros_msgs/cmake/rosidl_cmake-extras.cmake
[5.046s] -- Up-to-date: /home/iris/iris/iris_ws/install/micro_ros_msgs/share/micro_ros_msgs/cmake/ament_cmake_export_include_directories-extras.cmake
[5.046s] -- Up-to-date: /home/iris/iris/iris_ws/install/micro_ros_msgs/share/micro_ros_msgs/cmake/ament_cmake_export_libraries-extras.cmake
[5.047s] -- Up-to-date: /home/iris/iris/iris_ws/install/micro_ros_msgs/share/micro_ros_msgs/cmake/ament_cmake_export_targets-extras.cmake
[5.048s] -- Up-to-date: /home/iris/iris/iris_ws/install/micro_ros_msgs/share/micro_ros_msgs/cmake/rosidl_cmake_export_typesupport_targets-extras.cmake
[5.049s] -- Up-to-date: /home/iris/iris/iris_ws/install/micro_ros_msgs/share/micro_ros_msgs/cmake/ament_cmake_export_dependencies-extras.cmake
[5.050s] -- Up-to-date: /home/iris/iris/iris_ws/install/micro_ros_msgs/share/micro_ros_msgs/cmake/rosidl_cmake_export_typesupport_libraries-extras.cmake
[5.051s] -- Up-to-date: /home/iris/iris/iris_ws/install/micro_ros_msgs/share/micro_ros_msgs/cmake/micro_ros_msgsConfig.cmake
[5.051s] -- Up-to-date: /home/iris/iris/iris_ws/install/micro_ros_msgs/share/micro_ros_msgs/cmake/micro_ros_msgsConfig-version.cmake
[5.052s] -- Up-to-date: /home/iris/iris/iris_ws/install/micro_ros_msgs/share/micro_ros_msgs/package.xml
[5.366s] Invoked command in '/home/iris/iris/iris_ws/build/micro_ros_msgs' returned '0': CMAKE_PREFIX_PATH=${CMAKE_PREFIX_PATH}:/home/iris/iris/iris_ws/install/iris_vision:/opt/ros/humble /usr/bin/cmake --install /home/iris/iris/iris_ws/build/micro_ros_msgs
