[5.523s] Invoking command in '/home/iris/iris/iris_ws/src/iris_vision': PYTHONPATH=/home/iris/iris/iris_ws/build/iris_vision/prefix_override:/home/iris/iris/iris_ws/install/iris_vision/lib/python3.10/site-packages:${PYTHONPATH} /usr/bin/python3 setup.py egg_info --egg-base ../../build/iris_vision build --build-base /home/iris/iris/iris_ws/build/iris_vision/build install --record /home/iris/iris/iris_ws/build/iris_vision/install.log --single-version-externally-managed
[6.922s] running egg_info
[6.924s] writing ../../build/iris_vision/iris_vision.egg-info/PKG-INFO
[6.930s] writing dependency_links to ../../build/iris_vision/iris_vision.egg-info/dependency_links.txt
[6.932s] writing entry points to ../../build/iris_vision/iris_vision.egg-info/entry_points.txt
[6.933s] writing requirements to ../../build/iris_vision/iris_vision.egg-info/requires.txt
[6.933s] writing top-level names to ../../build/iris_vision/iris_vision.egg-info/top_level.txt
[6.940s] reading manifest file '../../build/iris_vision/iris_vision.egg-info/SOURCES.txt'
[6.946s] writing manifest file '../../build/iris_vision/iris_vision.egg-info/SOURCES.txt'
[6.946s] running build
[6.947s] running build_py
[6.948s] copying iris_vision/image_sub.py -> /home/iris/iris/iris_ws/build/iris_vision/build/lib/iris_vision
[6.950s] running install
[6.951s] /usr/lib/python3/dist-packages/setuptools/command/install.py:34: SetuptoolsDeprecationWarning: setup.py install is deprecated. Use build and pip and other standards-based tools.
[6.952s]   warnings.warn(
[6.953s] running install_lib
[6.956s] copying /home/iris/iris/iris_ws/build/iris_vision/build/lib/iris_vision/image_sub.py -> /home/iris/iris/iris_ws/install/iris_vision/lib/python3.10/site-packages/iris_vision
[6.959s] byte-compiling /home/iris/iris/iris_ws/install/iris_vision/lib/python3.10/site-packages/iris_vision/image_sub.py to image_sub.cpython-310.pyc
[6.962s] running install_data
[6.965s] running install_egg_info
[6.974s] removing '/home/iris/iris/iris_ws/install/iris_vision/lib/python3.10/site-packages/iris_vision-0.0.0-py3.10.egg-info' (and everything under it)
[6.976s] Copying ../../build/iris_vision/iris_vision.egg-info to /home/iris/iris/iris_ws/install/iris_vision/lib/python3.10/site-packages/iris_vision-0.0.0-py3.10.egg-info
[6.983s] running install_scripts
[7.089s] Installing testsub script to /home/iris/iris/iris_ws/install/iris_vision/lib/iris_vision
[7.091s] writing list of installed files to '/home/iris/iris/iris_ws/build/iris_vision/install.log'
[7.344s] Invoked command in '/home/iris/iris/iris_ws/src/iris_vision' returned '0': PYTHONPATH=/home/iris/iris/iris_ws/build/iris_vision/prefix_override:/home/iris/iris/iris_ws/install/iris_vision/lib/python3.10/site-packages:${PYTHONPATH} /usr/bin/python3 setup.py egg_info --egg-base ../../build/iris_vision build --build-base /home/iris/iris/iris_ws/build/iris_vision/build install --record /home/iris/iris/iris_ws/build/iris_vision/install.log --single-version-externally-managed
