[0.691s] Invoking command in '/home/iris/iris/iris_ws/build/odrive_hardware_interface': CMAKE_PREFIX_PATH=/opt/ros/humble /usr/bin/cmake /home/iris/iris/iris_ws/src/odrive_ros2_control/odrive_hardware_interface -DAMENT_CMAKE_SYMLINK_INSTALL=1 -DCMAKE_INSTALL_PREFIX=/home/iris/iris/iris_ws/install/odrive_hardware_interface
[2.189s] -- The C compiler identification is GNU 11.4.0
[2.379s] -- The CXX compiler identification is GNU 11.4.0
[2.425s] -- Detecting C compiler ABI info
[2.852s] -- Detecting C compiler ABI info - done
[2.887s] -- Check for working C compiler: /usr/bin/cc - skipped
[2.892s] -- Detecting C compile features
[2.895s] -- Detecting C compile features - done
[2.922s] -- Detecting CXX compiler ABI info
[3.394s] -- Detecting CXX compiler ABI info - done
[3.426s] -- Check for working CXX compiler: /usr/bin/c++ - skipped
[3.430s] -- Detecting CXX compile features
[3.440s] -- Detecting CXX compile features - done
[3.538s] -- Found ament_cmake_auto: 1.3.7 (/opt/ros/humble/share/ament_cmake_auto/cmake)
[4.689s] -- Found Python3: /usr/bin/python3.10 (found version "3.10.12") found components: Interpreter 
[5.090s] -- Override CMake install command with custom implementation using symlinks instead of copying resources
[6.992s] -- Found rosidl_generator_c: 3.1.5 (/opt/ros/humble/share/rosidl_generator_c/cmake)
[7.083s] -- Found rosidl_adapter: 3.1.5 (/opt/ros/humble/share/rosidl_adapter/cmake)
[7.189s] -- Found rosidl_generator_cpp: 3.1.5 (/opt/ros/humble/share/rosidl_generator_cpp/cmake)
[7.330s] -- Using all available rosidl_typesupport_c: rosidl_typesupport_fastrtps_c;rosidl_typesupport_introspection_c
[7.482s] -- Using all available rosidl_typesupport_cpp: rosidl_typesupport_fastrtps_cpp;rosidl_typesupport_introspection_cpp
[8.024s] -- Found rmw_implementation_cmake: 6.1.1 (/opt/ros/humble/share/rmw_implementation_cmake/cmake)
[8.056s] -- Found rmw_fastrtps_cpp: 6.2.6 (/opt/ros/humble/share/rmw_fastrtps_cpp/cmake)
[8.469s] -- Found TinyXML2 via Config file: TinyXML2_DIR-NOTFOUND
[8.865s] -- Found OpenSSL: /usr/lib/aarch64-linux-gnu/libcrypto.so (found version "3.0.2")  
[8.877s] -- Found TinyXML2 via Config file: TinyXML2_DIR-NOTFOUND
[8.955s] -- Found FastRTPS: /opt/ros/humble/include  
[9.000s] -- Found TinyXML2 via Config file: TinyXML2_DIR-NOTFOUND
[9.038s] -- Found TinyXML2 via Config file: TinyXML2_DIR-NOTFOUND
[9.075s] -- Using RMW implementation 'rmw_fastrtps_cpp' as default
[9.179s] -- Looking for pthread.h
[9.619s] -- Looking for pthread.h - found
[9.623s] -- Performing Test CMAKE_HAVE_LIBC_PTHREAD
[10.102s] -- Performing Test CMAKE_HAVE_LIBC_PTHREAD - Success
[10.112s] -- Found Threads: TRUE  
[11.169s] -- Found PkgConfig: /usr/bin/pkg-config (found version "0.29.2") 
[11.172s] -- Checking for one of the modules 'libusb-1.0'
[11.195s] [31mCMake Error at /usr/share/cmake-3.22/Modules/FindPkgConfig.cmake:890 (message):
[11.199s]   None of the required 'libusb-1.0' found
[11.203s] Call Stack (most recent call first):
[11.206s]   CMakeLists.txt:23 (pkg_search_module)
[11.216s] 
[11.221s] [0m
[11.227s] [31mCMake Error at CMakeLists.txt:28 (message):
[11.230s]   Failed to find libusb-1.0
[11.236s] 
[11.240s] [0m
[11.243s] -- Configuring incomplete, errors occurred!
[11.245s] See also "/home/iris/iris/iris_ws/build/odrive_hardware_interface/CMakeFiles/CMakeOutput.log".
[11.256s] Invoked command in '/home/iris/iris/iris_ws/build/odrive_hardware_interface' returned '1': CMAKE_PREFIX_PATH=/opt/ros/humble /usr/bin/cmake /home/iris/iris/iris_ws/src/odrive_ros2_control/odrive_hardware_interface -DAMENT_CMAKE_SYMLINK_INSTALL=1 -DCMAKE_INSTALL_PREFIX=/home/iris/iris/iris_ws/install/odrive_hardware_interface
