[0.517s] Invoking command in '/home/iris/iris/iris_ws/build/iris': CMAKE_PREFIX_PATH=${CMAKE_PREFIX_PATH}:/opt/ros/humble /usr/bin/cmake --build /home/iris/iris/iris_ws/build/iris -- -j4 -l4
[0.614s] -- Found ament_cmake: 1.3.6 (/opt/ros/humble/share/ament_cmake/cmake)
[2.049s] -- Found ament_lint_auto: 0.12.9 (/opt/ros/humble/share/ament_lint_auto/cmake)
[2.518s] -- Added test 'flake8' to check Python code syntax and style conventions
[2.521s] -- Added test 'lint_cmake' to check CMake code style
[2.522s] -- Added test 'pep257' to check Python code against some of the docstring style conventions in PEP 257
[2.532s] -- Added test 'xmllint' to check XML markup files
[2.542s] -- Configuring done
[2.571s] -- Generating done
[2.590s] -- Build files have been written to: /home/iris/iris/iris_ws/build/iris
[2.900s] Invoked command in '/home/iris/iris/iris_ws/build/iris' returned '0': CMAKE_PREFIX_PATH=${CMAKE_PREFIX_PATH}:/opt/ros/humble /usr/bin/cmake --build /home/iris/iris/iris_ws/build/iris -- -j4 -l4
[3.037s] Invoking command in '/home/iris/iris/iris_ws/build/iris': CMAKE_PREFIX_PATH=${CMAKE_PREFIX_PATH}:/opt/ros/humble /usr/bin/cmake --install /home/iris/iris/iris_ws/build/iris
[3.087s] -- Install configuration: ""
[3.089s] -- Installing: /home/iris/iris/iris_ws/install/iris/share/iris//launch
[3.090s] -- Installing: /home/iris/iris/iris_ws/install/iris/share/iris//launch/iris_bringup.py
[3.090s] -- Installing: /home/iris/iris/iris_ws/install/iris/share/iris//launch/__pycache__
[3.091s] -- Installing: /home/iris/iris/iris_ws/install/iris/share/iris//launch/__pycache__/iris_bringup.cpython-310.pyc
[3.092s] -- Up-to-date: /home/iris/iris/iris_ws/install/iris/share/ament_index/resource_index/package_run_dependencies/iris
[3.092s] -- Up-to-date: /home/iris/iris/iris_ws/install/iris/share/ament_index/resource_index/parent_prefix_path/iris
[3.093s] -- Up-to-date: /home/iris/iris/iris_ws/install/iris/share/iris/environment/ament_prefix_path.sh
[3.094s] -- Installing: /home/iris/iris/iris_ws/install/iris/share/iris/environment/ament_prefix_path.dsv
[3.094s] -- Up-to-date: /home/iris/iris/iris_ws/install/iris/share/iris/environment/path.sh
[3.107s] -- Installing: /home/iris/iris/iris_ws/install/iris/share/iris/environment/path.dsv
[3.116s] -- Up-to-date: /home/iris/iris/iris_ws/install/iris/share/iris/local_setup.bash
[3.116s] -- Up-to-date: /home/iris/iris/iris_ws/install/iris/share/iris/local_setup.sh
[3.117s] -- Up-to-date: /home/iris/iris/iris_ws/install/iris/share/iris/local_setup.zsh
[3.118s] -- Installing: /home/iris/iris/iris_ws/install/iris/share/iris/local_setup.dsv
[3.118s] -- Installing: /home/iris/iris/iris_ws/install/iris/share/iris/package.dsv
[3.119s] -- Up-to-date: /home/iris/iris/iris_ws/install/iris/share/ament_index/resource_index/packages/iris
[3.119s] -- Up-to-date: /home/iris/iris/iris_ws/install/iris/share/iris/cmake/irisConfig.cmake
[3.120s] -- Up-to-date: /home/iris/iris/iris_ws/install/iris/share/iris/cmake/irisConfig-version.cmake
[3.120s] -- Up-to-date: /home/iris/iris/iris_ws/install/iris/share/iris/package.xml
[3.121s] Invoked command in '/home/iris/iris/iris_ws/build/iris' returned '0': CMAKE_PREFIX_PATH=${CMAKE_PREFIX_PATH}:/opt/ros/humble /usr/bin/cmake --install /home/iris/iris/iris_ws/build/iris
