[0.380s] Invoking command in '/home/iris/iris/iris_ws/build/ralph6': CMAKE_PREFIX_PATH=${CMAKE_PREFIX_PATH}:/home/iris/iris/iris_ws/install/iris_vision:/opt/ros/humble /usr/bin/cmake --build /home/iris/iris/iris_ws/build/ralph6 -- -j4 -l4
[0.656s] [100%] Built target test_node
[0.714s] Invoked command in '/home/iris/iris/iris_ws/build/ralph6' returned '0': CMAKE_PREFIX_PATH=${CMAKE_PREFIX_PATH}:/home/iris/iris/iris_ws/install/iris_vision:/opt/ros/humble /usr/bin/cmake --build /home/iris/iris/iris_ws/build/ralph6 -- -j4 -l4
[1.379s] Invoking command in '/home/iris/iris/iris_ws/build/ralph6': CMAKE_PREFIX_PATH=${CMAKE_PREFIX_PATH}:/home/iris/iris/iris_ws/install/iris_vision:/opt/ros/humble /usr/bin/cmake --install /home/iris/iris/iris_ws/build/ralph6
[1.438s] -- Install configuration: ""
[1.441s] -- Execute custom install script
[1.445s] -- Up-to-date symlink: /home/iris/iris/iris_ws/install/ralph6/lib/ralph6/test_node
[1.450s] -- Up-to-date symlink: /home/iris/iris/iris_ws/install/ralph6/share/ament_index/resource_index/package_run_dependencies/ralph6
[1.452s] -- Up-to-date symlink: /home/iris/iris/iris_ws/install/ralph6/share/ament_index/resource_index/parent_prefix_path/ralph6
[1.453s] -- Up-to-date symlink: /home/iris/iris/iris_ws/install/ralph6/share/ralph6/environment/ament_prefix_path.sh
[1.454s] -- Up-to-date symlink: /home/iris/iris/iris_ws/install/ralph6/share/ralph6/environment/ament_prefix_path.dsv
[1.455s] -- Up-to-date symlink: /home/iris/iris/iris_ws/install/ralph6/share/ralph6/environment/path.sh
[1.456s] -- Up-to-date symlink: /home/iris/iris/iris_ws/install/ralph6/share/ralph6/environment/path.dsv
[1.458s] -- Up-to-date symlink: /home/iris/iris/iris_ws/install/ralph6/share/ralph6/local_setup.bash
[1.459s] -- Up-to-date symlink: /home/iris/iris/iris_ws/install/ralph6/share/ralph6/local_setup.sh
[1.460s] -- Up-to-date symlink: /home/iris/iris/iris_ws/install/ralph6/share/ralph6/local_setup.zsh
[1.462s] -- Up-to-date symlink: /home/iris/iris/iris_ws/install/ralph6/share/ralph6/local_setup.dsv
[1.463s] -- Symlinking: /home/iris/iris/iris_ws/install/ralph6/share/ralph6/package.dsv
[1.511s] -- Up-to-date symlink: /home/iris/iris/iris_ws/install/ralph6/share/ament_index/resource_index/packages/ralph6
[1.512s] -- Up-to-date symlink: /home/iris/iris/iris_ws/install/ralph6/share/ralph6/cmake/ralph6Config.cmake
[1.515s] -- Up-to-date symlink: /home/iris/iris/iris_ws/install/ralph6/share/ralph6/cmake/ralph6Config-version.cmake
[1.519s] -- Up-to-date symlink: /home/iris/iris/iris_ws/install/ralph6/share/ralph6/package.xml
[1.537s] Invoked command in '/home/iris/iris/iris_ws/build/ralph6' returned '0': CMAKE_PREFIX_PATH=${CMAKE_PREFIX_PATH}:/home/iris/iris/iris_ws/install/iris_vision:/opt/ros/humble /usr/bin/cmake --install /home/iris/iris/iris_ws/build/ralph6
