[4.809s] Invoking command in '/home/iris/iris/iris_ws/build/iris_vision': PYTHONPATH=/home/iris/iris/iris_ws/build/iris_vision/prefix_override:/home/iris/iris/iris_ws/install/iris_vision/lib/python3.10/site-packages:${PYTHONPATH} /usr/bin/python3 setup.py develop --editable --build-directory /home/iris/iris/iris_ws/build/iris_vision/build --no-deps install_data
[5.947s] running develop
[5.955s] /usr/lib/python3/dist-packages/setuptools/command/easy_install.py:158: EasyInstallDeprecationWarning: easy_install command is deprecated. Use build and pip and other standards-based tools.
[5.956s]   warnings.warn(
[5.962s] /usr/lib/python3/dist-packages/setuptools/command/install.py:34: SetuptoolsDeprecationWarning: setup.py install is deprecated. Use build and pip and other standards-based tools.
[5.963s]   warnings.warn(
[6.687s] running egg_info
[6.688s] writing iris_vision.egg-info/PKG-INFO
[6.689s] writing dependency_links to iris_vision.egg-info/dependency_links.txt
[6.692s] writing entry points to iris_vision.egg-info/entry_points.txt
[6.692s] writing requirements to iris_vision.egg-info/requires.txt
[6.693s] writing top-level names to iris_vision.egg-info/top_level.txt
[6.700s] reading manifest file 'iris_vision.egg-info/SOURCES.txt'
[6.707s] writing manifest file 'iris_vision.egg-info/SOURCES.txt'
[6.715s] running build_ext
[6.715s] Creating /home/iris/iris/iris_ws/install/iris_vision/lib/python3.10/site-packages/iris-vision.egg-link (link to .)
[6.721s] Installing DSLR_handler script to /home/iris/iris/iris_ws/install/iris_vision/lib/iris_vision
[6.722s] Installing talker script to /home/iris/iris/iris_ws/install/iris_vision/lib/iris_vision
[6.725s] 
[6.725s] Installed /home/iris/iris/iris_ws/build/iris_vision
[6.726s] running install_data
[6.866s] Invoked command in '/home/iris/iris/iris_ws/build/iris_vision' returned '0': PYTHONPATH=/home/iris/iris/iris_ws/build/iris_vision/prefix_override:/home/iris/iris/iris_ws/install/iris_vision/lib/python3.10/site-packages:${PYTHONPATH} /usr/bin/python3 setup.py develop --editable --build-directory /home/iris/iris/iris_ws/build/iris_vision/build --no-deps install_data
