[1.779s] Invoking command in '/home/iris/iris/iris_ws/build/ralph6': CMAKE_PREFIX_PATH=${CMAKE_PREFIX_PATH}:/home/iris/iris/iris_ws/install/iris_vision:/opt/ros/humble /usr/bin/cmake --build /home/iris/iris/iris_ws/build/ralph6 -- -j4 -l4
[2.158s] [100%] Built target test_node
[2.249s] Invoked command in '/home/iris/iris/iris_ws/build/ralph6' returned '0': CMAKE_PREFIX_PATH=${CMAKE_PREFIX_PATH}:/home/iris/iris/iris_ws/install/iris_vision:/opt/ros/humble /usr/bin/cmake --build /home/iris/iris/iris_ws/build/ralph6 -- -j4 -l4
[2.946s] Invoking command in '/home/iris/iris/iris_ws/build/ralph6': CMAKE_PREFIX_PATH=${CMAKE_PREFIX_PATH}:/home/iris/iris/iris_ws/install/iris_vision:/opt/ros/humble /usr/bin/cmake --install /home/iris/iris/iris_ws/build/ralph6
[2.971s] -- Install configuration: ""
[2.977s] -- Execute custom install script
[2.982s] -- Up-to-date symlink: /home/iris/iris/iris_ws/install/ralph6/lib/ralph6/test_node
[2.991s] -- Up-to-date symlink: /home/iris/iris/iris_ws/install/ralph6/share/ament_index/resource_index/package_run_dependencies/ralph6
[2.998s] -- Up-to-date symlink: /home/iris/iris/iris_ws/install/ralph6/share/ament_index/resource_index/parent_prefix_path/ralph6
[3.054s] -- Up-to-date symlink: /home/iris/iris/iris_ws/install/ralph6/share/ralph6/environment/ament_prefix_path.sh
[3.057s] -- Up-to-date symlink: /home/iris/iris/iris_ws/install/ralph6/share/ralph6/environment/ament_prefix_path.dsv
[3.063s] -- Up-to-date symlink: /home/iris/iris/iris_ws/install/ralph6/share/ralph6/environment/path.sh
[3.068s] -- Up-to-date symlink: /home/iris/iris/iris_ws/install/ralph6/share/ralph6/environment/path.dsv
[3.072s] -- Up-to-date symlink: /home/iris/iris/iris_ws/install/ralph6/share/ralph6/local_setup.bash
[3.074s] -- Up-to-date symlink: /home/iris/iris/iris_ws/install/ralph6/share/ralph6/local_setup.sh
[3.078s] -- Up-to-date symlink: /home/iris/iris/iris_ws/install/ralph6/share/ralph6/local_setup.zsh
[3.088s] -- Up-to-date symlink: /home/iris/iris/iris_ws/install/ralph6/share/ralph6/local_setup.dsv
[3.106s] -- Symlinking: /home/iris/iris/iris_ws/install/ralph6/share/ralph6/package.dsv
[3.139s] -- Up-to-date symlink: /home/iris/iris/iris_ws/install/ralph6/share/ament_index/resource_index/packages/ralph6
[3.144s] -- Up-to-date symlink: /home/iris/iris/iris_ws/install/ralph6/share/ralph6/cmake/ralph6Config.cmake
[3.148s] -- Up-to-date symlink: /home/iris/iris/iris_ws/install/ralph6/share/ralph6/cmake/ralph6Config-version.cmake
[3.152s] -- Up-to-date symlink: /home/iris/iris/iris_ws/install/ralph6/share/ralph6/package.xml
[4.309s] Invoked command in '/home/iris/iris/iris_ws/build/ralph6' returned '0': CMAKE_PREFIX_PATH=${CMAKE_PREFIX_PATH}:/home/iris/iris/iris_ws/install/iris_vision:/opt/ros/humble /usr/bin/cmake --install /home/iris/iris/iris_ws/build/ralph6
