-- The C compiler identification is GNU 11.4.0
-- The CXX compiler identification is GNU 11.4.0
-- Detecting C compiler ABI info
-- Detecting C compiler ABI info - done
-- Check for working C compiler: /usr/bin/cc - skipped
-- Detecting C compile features
-- Detecting C compile features - done
-- Detecting CXX compiler ABI info
-- Detecting CXX compiler ABI info - done
-- Check for working CXX compiler: /usr/bin/c++ - skipped
-- Detecting CXX compile features
-- Detecting CXX compile features - done
-- Searching required modules
-- Found PkgConfig: /usr/bin/pkg-config (found version "0.29.2") 
-- Checking for module 'libavcodec'
--   No package 'libavcodec' found
[31mCMake Error at /usr/share/cmake-3.22/Modules/FindPkgConfig.cmake:603 (message):
  A required package was not found
Call Stack (most recent call first):
  /usr/share/cmake-3.22/Modules/FindPkgConfig.cmake:825 (_pkg_check_modules_internal)
  CMakeLists.txt:7 (pkg_check_modules)

[0m
-- Configuring incomplete, errors occurred!
See also "/home/iris/iris/iris_ws/build/usb_cam/CMakeFiles/CMakeOutput.log".
