[1.297s] Invoking command in '/home/iris/iris/iris_ws/build/ros2_control_demo_example_2': CMAKE_PREFIX_PATH=${CMAKE_PREFIX_PATH}:/home/iris/iris/iris_ws/install/iris_vision:/opt/ros/humble /usr/bin/cmake --build /home/iris/iris/iris_ws/build/ros2_control_demo_example_2 -- -j4 -l4
[1.428s] -- Found ament_cmake: 1.3.7 (/opt/ros/humble/share/ament_cmake/cmake)
[2.221s] -- Override CMake install command with custom implementation using symlinks instead of copying resources
[2.281s] -- Found hardware_interface: 2.40.0 (/opt/ros/humble/share/hardware_interface/cmake)
[2.502s] -- Found rosidl_generator_c: 3.1.5 (/opt/ros/humble/share/rosidl_generator_c/cmake)
[2.513s] -- Found rosidl_adapter: 3.1.5 (/opt/ros/humble/share/rosidl_adapter/cmake)
[2.546s] -- Found rosidl_generator_cpp: 3.1.5 (/opt/ros/humble/share/rosidl_generator_cpp/cmake)
[2.600s] -- Using all available rosidl_typesupport_c: rosidl_typesupport_fastrtps_c;rosidl_typesupport_introspection_c
[2.684s] -- Using all available rosidl_typesupport_cpp: rosidl_typesupport_fastrtps_cpp;rosidl_typesupport_introspection_cpp
[5.302s] -- Found rmw_implementation_cmake: 6.1.1 (/opt/ros/humble/share/rmw_implementation_cmake/cmake)
[5.310s] -- Found rmw_fastrtps_cpp: 6.2.6 (/opt/ros/humble/share/rmw_fastrtps_cpp/cmake)
[5.428s] -- Found TinyXML2 via Config file: TinyXML2_DIR-NOTFOUND
[5.463s] -- Found TinyXML2 via Config file: TinyXML2_DIR-NOTFOUND
[5.560s] -- Found TinyXML2 via Config file: TinyXML2_DIR-NOTFOUND
[5.594s] -- Found TinyXML2 via Config file: TinyXML2_DIR-NOTFOUND
[5.634s] -- Using RMW implementation 'rmw_fastrtps_cpp' as default
[6.417s] -- Found ament_cmake_pytest: 1.3.7 (/opt/ros/humble/share/ament_cmake_pytest/cmake)
[9.514s] -- Configuring done
[9.740s] -- Generating done
[9.751s] -- Build files have been written to: /home/iris/iris/iris_ws/build/ros2_control_demo_example_2
[9.870s] [35m[1mConsolidate compiler generated dependencies of target ros2_control_demo_example_2[0m
[9.972s] [ 50%] [32mBuilding CXX object CMakeFiles/ros2_control_demo_example_2.dir/hardware/diffbot_system.cpp.o[0m
[25.443s] [100%] [32m[1mLinking CXX shared library libros2_control_demo_example_2.so[0m
[26.389s] [100%] Built target ros2_control_demo_example_2
[26.433s] Invoked command in '/home/iris/iris/iris_ws/build/ros2_control_demo_example_2' returned '0': CMAKE_PREFIX_PATH=${CMAKE_PREFIX_PATH}:/home/iris/iris/iris_ws/install/iris_vision:/opt/ros/humble /usr/bin/cmake --build /home/iris/iris/iris_ws/build/ros2_control_demo_example_2 -- -j4 -l4
[26.590s] Invoking command in '/home/iris/iris/iris_ws/build/ros2_control_demo_example_2': CMAKE_PREFIX_PATH=${CMAKE_PREFIX_PATH}:/home/iris/iris/iris_ws/install/iris_vision:/opt/ros/humble /usr/bin/cmake --install /home/iris/iris/iris_ws/build/ros2_control_demo_example_2
[26.619s] -- Install configuration: ""
[26.621s] -- Execute custom install script
[26.622s] -- Up-to-date symlink: /home/iris/iris/iris_ws/install/ros2_control_demo_example_2/share/ros2_control_demo_example_2//ros2_control_demo_example_2.xml
[26.624s] -- Up-to-date symlink: /home/iris/iris/iris_ws/install/ros2_control_demo_example_2/include/ros2_control_demo_example_2/ros2_control_demo_example_2/diffbot_system.hpp
[26.625s] -- Up-to-date symlink: /home/iris/iris/iris_ws/install/ros2_control_demo_example_2/include/ros2_control_demo_example_2/ros2_control_demo_example_2/visibility_control.h
[26.627s] -- Up-to-date symlink: /home/iris/iris/iris_ws/install/ros2_control_demo_example_2/share/ros2_control_demo_example_2/launch/view_robot.launch.py
[26.628s] -- Up-to-date symlink: /home/iris/iris/iris_ws/install/ros2_control_demo_example_2/share/ros2_control_demo_example_2/ros2_control/diffbot.ros2_control.xacro
[26.629s] -- Up-to-date symlink: /home/iris/iris/iris_ws/install/ros2_control_demo_example_2/share/ros2_control_demo_example_2/urdf/diffbot.urdf.xacro
[26.631s] -- Up-to-date symlink: /home/iris/iris/iris_ws/install/ros2_control_demo_example_2/share/ros2_control_demo_example_2/launch/diffbot.launch.py
[26.632s] -- Up-to-date symlink: /home/iris/iris/iris_ws/install/ros2_control_demo_example_2/share/ros2_control_demo_example_2/config/diffbot_controllers.yaml
[26.633s] -- Up-to-date symlink: /home/iris/iris/iris_ws/install/ros2_control_demo_example_2/share/ros2_control_demo_example_2/environment/library_path.sh
[26.634s] -- Up-to-date symlink: /home/iris/iris/iris_ws/install/ros2_control_demo_example_2/share/ros2_control_demo_example_2/environment/library_path.dsv
[26.636s] -- Up-to-date symlink: /home/iris/iris/iris_ws/install/ros2_control_demo_example_2/share/ament_index/resource_index/package_run_dependencies/ros2_control_demo_example_2
[26.637s] -- Up-to-date symlink: /home/iris/iris/iris_ws/install/ros2_control_demo_example_2/share/ament_index/resource_index/parent_prefix_path/ros2_control_demo_example_2
[26.638s] -- Up-to-date symlink: /home/iris/iris/iris_ws/install/ros2_control_demo_example_2/share/ros2_control_demo_example_2/environment/ament_prefix_path.sh
[26.640s] -- Up-to-date symlink: /home/iris/iris/iris_ws/install/ros2_control_demo_example_2/share/ros2_control_demo_example_2/environment/ament_prefix_path.dsv
[26.640s] -- Up-to-date symlink: /home/iris/iris/iris_ws/install/ros2_control_demo_example_2/share/ros2_control_demo_example_2/environment/path.sh
[26.641s] -- Up-to-date symlink: /home/iris/iris/iris_ws/install/ros2_control_demo_example_2/share/ros2_control_demo_example_2/environment/path.dsv
[26.643s] -- Up-to-date symlink: /home/iris/iris/iris_ws/install/ros2_control_demo_example_2/share/ros2_control_demo_example_2/local_setup.bash
[26.647s] -- Up-to-date symlink: /home/iris/iris/iris_ws/install/ros2_control_demo_example_2/share/ros2_control_demo_example_2/local_setup.sh
[26.647s] -- Up-to-date symlink: /home/iris/iris/iris_ws/install/ros2_control_demo_example_2/share/ros2_control_demo_example_2/local_setup.zsh
[26.648s] -- Up-to-date symlink: /home/iris/iris/iris_ws/install/ros2_control_demo_example_2/share/ros2_control_demo_example_2/local_setup.dsv
[26.648s] -- Symlinking: /home/iris/iris/iris_ws/install/ros2_control_demo_example_2/share/ros2_control_demo_example_2/package.dsv
[26.682s] -- Up-to-date symlink: /home/iris/iris/iris_ws/install/ros2_control_demo_example_2/share/ament_index/resource_index/packages/ros2_control_demo_example_2
[26.683s] -- Up-to-date symlink: /home/iris/iris/iris_ws/install/ros2_control_demo_example_2/share/ament_index/resource_index/hardware_interface__pluginlib__plugin/ros2_control_demo_example_2
[26.684s] -- Up-to-date symlink: /home/iris/iris/iris_ws/install/ros2_control_demo_example_2/share/ros2_control_demo_example_2/cmake/ament_cmake_export_targets-extras.cmake
[26.685s] -- Up-to-date symlink: /home/iris/iris/iris_ws/install/ros2_control_demo_example_2/share/ros2_control_demo_example_2/cmake/ament_cmake_export_dependencies-extras.cmake
[26.686s] -- Up-to-date symlink: /home/iris/iris/iris_ws/install/ros2_control_demo_example_2/share/ros2_control_demo_example_2/cmake/ros2_control_demo_example_2Config.cmake
[26.687s] -- Up-to-date symlink: /home/iris/iris/iris_ws/install/ros2_control_demo_example_2/share/ros2_control_demo_example_2/cmake/ros2_control_demo_example_2Config-version.cmake
[26.688s] -- Up-to-date symlink: /home/iris/iris/iris_ws/install/ros2_control_demo_example_2/share/ros2_control_demo_example_2/package.xml
[26.690s] -- Installing: /home/iris/iris/iris_ws/install/ros2_control_demo_example_2/lib/libros2_control_demo_example_2.so
[26.698s] -- Set runtime path of "/home/iris/iris/iris_ws/install/ros2_control_demo_example_2/lib/libros2_control_demo_example_2.so" to ""
[26.699s] -- Up-to-date: /home/iris/iris/iris_ws/install/ros2_control_demo_example_2/share/ros2_control_demo_example_2/cmake/export_ros2_control_demo_example_2Export.cmake
[26.700s] -- Up-to-date: /home/iris/iris/iris_ws/install/ros2_control_demo_example_2/share/ros2_control_demo_example_2/cmake/export_ros2_control_demo_example_2Export-noconfig.cmake
[26.707s] Invoked command in '/home/iris/iris/iris_ws/build/ros2_control_demo_example_2' returned '0': CMAKE_PREFIX_PATH=${CMAKE_PREFIX_PATH}:/home/iris/iris/iris_ws/install/iris_vision:/opt/ros/humble /usr/bin/cmake --install /home/iris/iris/iris_ws/build/ros2_control_demo_example_2
