[1.197s] Invoking command in '/home/iris/iris/iris_ws/build/odrive_demo_description': CMAKE_PREFIX_PATH=${CMAKE_PREFIX_PATH}:/home/iris/iris/iris_ws/install/iris_vision:/opt/ros/humble /usr/bin/cmake /home/iris/iris/iris_ws/src/odrive_ros2_control/odrive_demo_description -DAMENT_CMAKE_SYMLINK_INSTALL=1 -DCMAKE_INSTALL_PREFIX=/home/iris/iris/iris_ws/install/odrive_demo_description
[3.156s] -- Found ament_cmake_auto: 1.3.7 (/opt/ros/humble/share/ament_cmake_auto/cmake)
[3.160s] -- Override CMake install command with custom implementation using symlinks instead of copying resources
[3.161s] -- Configuring done
[3.162s] -- Generating done
[3.162s] -- Build files have been written to: /home/iris/iris/iris_ws/build/odrive_demo_description
[3.257s] Invoked command in '/home/iris/iris/iris_ws/build/odrive_demo_description' returned '0': CMAKE_PREFIX_PATH=${CMAKE_PREFIX_PATH}:/home/iris/iris/iris_ws/install/iris_vision:/opt/ros/humble /usr/bin/cmake /home/iris/iris/iris_ws/src/odrive_ros2_control/odrive_demo_description -DAMENT_CMAKE_SYMLINK_INSTALL=1 -DCMAKE_INSTALL_PREFIX=/home/iris/iris/iris_ws/install/odrive_demo_description
[3.260s] Invoking command in '/home/iris/iris/iris_ws/build/odrive_demo_description': CMAKE_PREFIX_PATH=${CMAKE_PREFIX_PATH}:/home/iris/iris/iris_ws/install/iris_vision:/opt/ros/humble /usr/bin/cmake --build /home/iris/iris/iris_ws/build/odrive_demo_description -- -j4 -l4
[3.474s] Invoked command in '/home/iris/iris/iris_ws/build/odrive_demo_description' returned '0': CMAKE_PREFIX_PATH=${CMAKE_PREFIX_PATH}:/home/iris/iris/iris_ws/install/iris_vision:/opt/ros/humble /usr/bin/cmake --build /home/iris/iris/iris_ws/build/odrive_demo_description -- -j4 -l4
[3.714s] Invoking command in '/home/iris/iris/iris_ws/build/odrive_demo_description': CMAKE_PREFIX_PATH=${CMAKE_PREFIX_PATH}:/home/iris/iris/iris_ws/install/iris_vision:/opt/ros/humble /usr/bin/cmake --install /home/iris/iris/iris_ws/build/odrive_demo_description
[3.760s] -- Install configuration: ""
[3.763s] -- Execute custom install script
[3.769s] -- Up-to-date symlink: /home/iris/iris/iris_ws/install/odrive_demo_description/share/odrive_demo_description/urdf/odrive.ros2_control.xacro
[3.774s] -- Up-to-date symlink: /home/iris/iris/iris_ws/install/odrive_demo_description/share/odrive_demo_description/urdf/odrive.urdf.xacro
[3.777s] -- Up-to-date symlink: /home/iris/iris/iris_ws/install/odrive_demo_description/share/odrive_demo_description/urdf/odrive_diffbot.urdf.xacro
[3.782s] -- Up-to-date symlink: /home/iris/iris/iris_ws/install/odrive_demo_description/share/odrive_demo_description/urdf/odrive_rrbot.urdf.xacro
[3.789s] -- Up-to-date symlink: /home/iris/iris/iris_ws/install/odrive_demo_description/share/ament_index/resource_index/package_run_dependencies/odrive_demo_description
[3.793s] -- Up-to-date symlink: /home/iris/iris/iris_ws/install/odrive_demo_description/share/ament_index/resource_index/parent_prefix_path/odrive_demo_description
[3.797s] -- Up-to-date symlink: /home/iris/iris/iris_ws/install/odrive_demo_description/share/odrive_demo_description/environment/ament_prefix_path.sh
[3.801s] -- Up-to-date symlink: /home/iris/iris/iris_ws/install/odrive_demo_description/share/odrive_demo_description/environment/ament_prefix_path.dsv
[3.809s] -- Up-to-date symlink: /home/iris/iris/iris_ws/install/odrive_demo_description/share/odrive_demo_description/environment/path.sh
[3.809s] -- Up-to-date symlink: /home/iris/iris/iris_ws/install/odrive_demo_description/share/odrive_demo_description/environment/path.dsv
[3.810s] -- Up-to-date symlink: /home/iris/iris/iris_ws/install/odrive_demo_description/share/odrive_demo_description/local_setup.bash
[3.810s] -- Up-to-date symlink: /home/iris/iris/iris_ws/install/odrive_demo_description/share/odrive_demo_description/local_setup.sh
[3.817s] -- Up-to-date symlink: /home/iris/iris/iris_ws/install/odrive_demo_description/share/odrive_demo_description/local_setup.zsh
[3.823s] -- Up-to-date symlink: /home/iris/iris/iris_ws/install/odrive_demo_description/share/odrive_demo_description/local_setup.dsv
[3.831s] -- Symlinking: /home/iris/iris/iris_ws/install/odrive_demo_description/share/odrive_demo_description/package.dsv
[3.854s] -- Up-to-date symlink: /home/iris/iris/iris_ws/install/odrive_demo_description/share/ament_index/resource_index/packages/odrive_demo_description
[3.858s] -- Up-to-date symlink: /home/iris/iris/iris_ws/install/odrive_demo_description/share/odrive_demo_description/cmake/odrive_demo_descriptionConfig.cmake
[3.859s] -- Up-to-date symlink: /home/iris/iris/iris_ws/install/odrive_demo_description/share/odrive_demo_description/cmake/odrive_demo_descriptionConfig-version.cmake
[3.861s] -- Up-to-date symlink: /home/iris/iris/iris_ws/install/odrive_demo_description/share/odrive_demo_description/package.xml
[3.873s] Invoked command in '/home/iris/iris/iris_ws/build/odrive_demo_description' returned '0': CMAKE_PREFIX_PATH=${CMAKE_PREFIX_PATH}:/home/iris/iris/iris_ws/install/iris_vision:/opt/ros/humble /usr/bin/cmake --install /home/iris/iris/iris_ws/build/odrive_demo_description
