[1.254s] Invoking command in '/home/iris/iris/iris_ws/build/ros2_control_demo_description': CMAKE_PREFIX_PATH=${CMAKE_PREFIX_PATH}:/home/iris/iris/iris_ws/install/iris_vision:/opt/ros/humble /usr/bin/cmake /home/iris/iris/iris_ws/src/ros2_control_demos/ros2_control_demo_description -DAMENT_CMAKE_SYMLINK_INSTALL=1 -DCMAKE_INSTALL_PREFIX=/home/iris/iris/iris_ws/install/ros2_control_demo_description
[3.278s] -- The C compiler identification is GNU 11.4.0
[3.283s] -- The CXX compiler identification is GNU 11.4.0
[3.287s] -- Detecting C compiler ABI info
[3.289s] -- Detecting C compiler ABI info - done
[3.293s] -- Check for working C compiler: /usr/bin/cc - skipped
[3.296s] -- Detecting C compile features
[3.301s] -- Detecting C compile features - done
[3.305s] -- Detecting CXX compiler ABI info
[3.482s] -- Detecting CXX compiler ABI info - done
[3.520s] -- Check for working CXX compiler: /usr/bin/c++ - skipped
[3.521s] -- Detecting CXX compile features
[3.524s] -- Detecting CXX compile features - done
[3.566s] -- Found ament_cmake: 1.3.7 (/opt/ros/humble/share/ament_cmake/cmake)
[4.595s] -- Found Python3: /usr/bin/python3.10 (found version "3.10.12") found components: Interpreter 
[4.992s] -- Override CMake install command with custom implementation using symlinks instead of copying resources
[5.939s] -- Configuring done
[5.957s] -- Generating done
[5.962s] -- Build files have been written to: /home/iris/iris/iris_ws/build/ros2_control_demo_description
[6.241s] Invoked command in '/home/iris/iris/iris_ws/build/ros2_control_demo_description' returned '0': CMAKE_PREFIX_PATH=${CMAKE_PREFIX_PATH}:/home/iris/iris/iris_ws/install/iris_vision:/opt/ros/humble /usr/bin/cmake /home/iris/iris/iris_ws/src/ros2_control_demos/ros2_control_demo_description -DAMENT_CMAKE_SYMLINK_INSTALL=1 -DCMAKE_INSTALL_PREFIX=/home/iris/iris/iris_ws/install/ros2_control_demo_description
[6.244s] Invoking command in '/home/iris/iris/iris_ws/build/ros2_control_demo_description': CMAKE_PREFIX_PATH=${CMAKE_PREFIX_PATH}:/home/iris/iris/iris_ws/install/iris_vision:/opt/ros/humble /usr/bin/cmake --build /home/iris/iris/iris_ws/build/ros2_control_demo_description -- -j4 -l4
[6.528s] Invoked command in '/home/iris/iris/iris_ws/build/ros2_control_demo_description' returned '0': CMAKE_PREFIX_PATH=${CMAKE_PREFIX_PATH}:/home/iris/iris/iris_ws/install/iris_vision:/opt/ros/humble /usr/bin/cmake --build /home/iris/iris/iris_ws/build/ros2_control_demo_description -- -j4 -l4
[6.669s] Invoking command in '/home/iris/iris/iris_ws/build/ros2_control_demo_description': CMAKE_PREFIX_PATH=${CMAKE_PREFIX_PATH}:/home/iris/iris/iris_ws/install/iris_vision:/opt/ros/humble /usr/bin/cmake --install /home/iris/iris/iris_ws/build/ros2_control_demo_description
[6.720s] -- Install configuration: ""
[6.722s] -- Execute custom install script
[6.725s] -- Symlinking: /home/iris/iris/iris_ws/install/ros2_control_demo_description/share/ros2_control_demo_description/rrbot/urdf/rrbot.materials.xacro
[6.857s] -- Symlinking: /home/iris/iris/iris_ws/install/ros2_control_demo_description/share/ros2_control_demo_description/rrbot/urdf/rrbot_description.urdf.xacro
[7.032s] -- Symlinking: /home/iris/iris/iris_ws/install/ros2_control_demo_description/share/ros2_control_demo_description/rrbot/rviz/rrbot.rviz
[7.076s] -- Symlinking: /home/iris/iris/iris_ws/install/ros2_control_demo_description/share/ros2_control_demo_description/diffbot/urdf/diffbot.materials.xacro
[7.123s] -- Symlinking: /home/iris/iris/iris_ws/install/ros2_control_demo_description/share/ros2_control_demo_description/diffbot/urdf/diffbot_description.urdf.xacro
[7.196s] -- Symlinking: /home/iris/iris/iris_ws/install/ros2_control_demo_description/share/ros2_control_demo_description/diffbot/rviz/diffbot.rviz
[7.242s] -- Symlinking: /home/iris/iris/iris_ws/install/ros2_control_demo_description/share/ros2_control_demo_description/diffbot/rviz/diffbot_view.rviz
[7.327s] -- Symlinking: /home/iris/iris/iris_ws/install/ros2_control_demo_description/share/ros2_control_demo_description/carlikebot/urdf/carlikebot.materials.xacro
[7.380s] -- Symlinking: /home/iris/iris/iris_ws/install/ros2_control_demo_description/share/ros2_control_demo_description/carlikebot/urdf/carlikebot_description.urdf.xacro
[7.429s] -- Symlinking: /home/iris/iris/iris_ws/install/ros2_control_demo_description/share/ros2_control_demo_description/carlikebot/rviz/carlikebot.rviz
[7.473s] -- Symlinking: /home/iris/iris/iris_ws/install/ros2_control_demo_description/share/ros2_control_demo_description/carlikebot/rviz/carlikebot_view.rviz
[7.537s] -- Symlinking: /home/iris/iris/iris_ws/install/ros2_control_demo_description/share/ros2_control_demo_description/r6bot/meshes/collision/link_0.stl
[7.579s] -- Symlinking: /home/iris/iris/iris_ws/install/ros2_control_demo_description/share/ros2_control_demo_description/r6bot/meshes/collision/link_1.stl
[7.668s] -- Symlinking: /home/iris/iris/iris_ws/install/ros2_control_demo_description/share/ros2_control_demo_description/r6bot/meshes/collision/link_2.stl
[7.713s] -- Symlinking: /home/iris/iris/iris_ws/install/ros2_control_demo_description/share/ros2_control_demo_description/r6bot/meshes/collision/link_3.stl
[7.759s] -- Symlinking: /home/iris/iris/iris_ws/install/ros2_control_demo_description/share/ros2_control_demo_description/r6bot/meshes/collision/link_4.stl
[7.804s] -- Symlinking: /home/iris/iris/iris_ws/install/ros2_control_demo_description/share/ros2_control_demo_description/r6bot/meshes/collision/link_5.stl
[7.850s] -- Symlinking: /home/iris/iris/iris_ws/install/ros2_control_demo_description/share/ros2_control_demo_description/r6bot/meshes/collision/link_6.stl
[7.893s] -- Symlinking: /home/iris/iris/iris_ws/install/ros2_control_demo_description/share/ros2_control_demo_description/r6bot/meshes/visual/link_0.dae
[7.936s] -- Symlinking: /home/iris/iris/iris_ws/install/ros2_control_demo_description/share/ros2_control_demo_description/r6bot/meshes/visual/link_1.dae
[7.978s] -- Symlinking: /home/iris/iris/iris_ws/install/ros2_control_demo_description/share/ros2_control_demo_description/r6bot/meshes/visual/link_2.dae
[8.022s] -- Symlinking: /home/iris/iris/iris_ws/install/ros2_control_demo_description/share/ros2_control_demo_description/r6bot/meshes/visual/link_3.dae
[8.066s] -- Symlinking: /home/iris/iris/iris_ws/install/ros2_control_demo_description/share/ros2_control_demo_description/r6bot/meshes/visual/link_4.dae
[8.112s] -- Symlinking: /home/iris/iris/iris_ws/install/ros2_control_demo_description/share/ros2_control_demo_description/r6bot/meshes/visual/link_5.dae
[8.160s] -- Symlinking: /home/iris/iris/iris_ws/install/ros2_control_demo_description/share/ros2_control_demo_description/r6bot/meshes/visual/link_6.dae
[8.205s] -- Symlinking: /home/iris/iris/iris_ws/install/ros2_control_demo_description/share/ros2_control_demo_description/r6bot/srdf/r6bot.srdf
[8.253s] -- Symlinking: /home/iris/iris/iris_ws/install/ros2_control_demo_description/share/ros2_control_demo_description/r6bot/urdf/inc/create_link.xacro
[8.298s] -- Symlinking: /home/iris/iris/iris_ws/install/ros2_control_demo_description/share/ros2_control_demo_description/r6bot/urdf/r6bot_description.urdf.xacro
[8.351s] -- Symlinking: /home/iris/iris/iris_ws/install/ros2_control_demo_description/share/ros2_control_demo_description/r6bot/rviz/view_robot.rviz
[8.394s] -- Symlinking: /home/iris/iris/iris_ws/install/ros2_control_demo_description/share/ament_index/resource_index/package_run_dependencies/ros2_control_demo_description
[8.443s] -- Symlinking: /home/iris/iris/iris_ws/install/ros2_control_demo_description/share/ament_index/resource_index/parent_prefix_path/ros2_control_demo_description
[8.487s] -- Symlinking: /home/iris/iris/iris_ws/install/ros2_control_demo_description/share/ros2_control_demo_description/environment/ament_prefix_path.sh
[8.533s] -- Symlinking: /home/iris/iris/iris_ws/install/ros2_control_demo_description/share/ros2_control_demo_description/environment/ament_prefix_path.dsv
[8.578s] -- Symlinking: /home/iris/iris/iris_ws/install/ros2_control_demo_description/share/ros2_control_demo_description/environment/path.sh
[8.621s] -- Symlinking: /home/iris/iris/iris_ws/install/ros2_control_demo_description/share/ros2_control_demo_description/environment/path.dsv
[8.664s] -- Symlinking: /home/iris/iris/iris_ws/install/ros2_control_demo_description/share/ros2_control_demo_description/local_setup.bash
[8.709s] -- Symlinking: /home/iris/iris/iris_ws/install/ros2_control_demo_description/share/ros2_control_demo_description/local_setup.sh
[8.755s] -- Symlinking: /home/iris/iris/iris_ws/install/ros2_control_demo_description/share/ros2_control_demo_description/local_setup.zsh
[8.799s] -- Symlinking: /home/iris/iris/iris_ws/install/ros2_control_demo_description/share/ros2_control_demo_description/local_setup.dsv
[8.843s] -- Symlinking: /home/iris/iris/iris_ws/install/ros2_control_demo_description/share/ros2_control_demo_description/package.dsv
[8.886s] -- Symlinking: /home/iris/iris/iris_ws/install/ros2_control_demo_description/share/ament_index/resource_index/packages/ros2_control_demo_description
[8.933s] -- Symlinking: /home/iris/iris/iris_ws/install/ros2_control_demo_description/share/ros2_control_demo_description/cmake/ros2_control_demo_descriptionConfig.cmake
[8.975s] -- Symlinking: /home/iris/iris/iris_ws/install/ros2_control_demo_description/share/ros2_control_demo_description/cmake/ros2_control_demo_descriptionConfig-version.cmake
[9.016s] -- Symlinking: /home/iris/iris/iris_ws/install/ros2_control_demo_description/share/ros2_control_demo_description/package.xml
[9.077s] Invoked command in '/home/iris/iris/iris_ws/build/ros2_control_demo_description' returned '0': CMAKE_PREFIX_PATH=${CMAKE_PREFIX_PATH}:/home/iris/iris/iris_ws/install/iris_vision:/opt/ros/humble /usr/bin/cmake --install /home/iris/iris/iris_ws/build/ros2_control_demo_description
