[5.022s] Invoking command in '/home/iris/iris/iris_ws/build/iris_vision': PYTHONPATH=/home/iris/iris/iris_ws/build/iris_vision/prefix_override:/home/iris/iris/iris_ws/install/iris_vision/lib/python3.10/site-packages:${PYTHONPATH} /usr/bin/python3 setup.py develop --editable --build-directory /home/iris/iris/iris_ws/build/iris_vision/build --no-deps install_data
[6.410s] running develop
[6.411s] /usr/lib/python3/dist-packages/setuptools/command/easy_install.py:158: EasyInstallDeprecationWarning: easy_install command is deprecated. Use build and pip and other standards-based tools.
[6.412s]   warnings.warn(
[6.416s] /usr/lib/python3/dist-packages/setuptools/command/install.py:34: SetuptoolsDeprecationWarning: setup.py install is deprecated. Use build and pip and other standards-based tools.
[6.417s]   warnings.warn(
[7.430s] running egg_info
[7.432s] writing iris_vision.egg-info/PKG-INFO
[7.434s] writing dependency_links to iris_vision.egg-info/dependency_links.txt
[7.436s] writing entry points to iris_vision.egg-info/entry_points.txt
[7.437s] writing requirements to iris_vision.egg-info/requires.txt
[7.438s] writing top-level names to iris_vision.egg-info/top_level.txt
[7.443s] reading manifest file 'iris_vision.egg-info/SOURCES.txt'
[7.447s] writing manifest file 'iris_vision.egg-info/SOURCES.txt'
[7.453s] running build_ext
[7.455s] Creating /home/iris/iris/iris_ws/install/iris_vision/lib/python3.10/site-packages/iris-vision.egg-link (link to .)
[7.459s] Installing Aruco_Tracking script to /home/iris/iris/iris_ws/install/iris_vision/lib/iris_vision
[7.461s] Installing DSLR_handler script to /home/iris/iris/iris_ws/install/iris_vision/lib/iris_vision
[7.462s] Installing FaceTracking script to /home/iris/iris/iris_ws/install/iris_vision/lib/iris_vision
[7.463s] Installing FaceTracking_headless script to /home/iris/iris/iris_ws/install/iris_vision/lib/iris_vision
[7.468s] Installing facetracking_motioncoltrol script to /home/iris/iris/iris_ws/install/iris_vision/lib/iris_vision
[7.472s] Installing gps_handler script to /home/iris/iris/iris_ws/install/iris_vision/lib/iris_vision
[7.478s] Installing iris_joy_control script to /home/iris/iris/iris_ws/install/iris_vision/lib/iris_vision
[7.482s] Installing listener script to /home/iris/iris/iris_ws/install/iris_vision/lib/iris_vision
[7.487s] Installing talker script to /home/iris/iris/iris_ws/install/iris_vision/lib/iris_vision
[7.490s] 
[7.492s] Installed /home/iris/iris/iris_ws/build/iris_vision
[7.494s] running install_data
[7.863s] Invoked command in '/home/iris/iris/iris_ws/build/iris_vision' returned '0': PYTHONPATH=/home/iris/iris/iris_ws/build/iris_vision/prefix_override:/home/iris/iris/iris_ws/install/iris_vision/lib/python3.10/site-packages:${PYTHONPATH} /usr/bin/python3 setup.py develop --editable --build-directory /home/iris/iris/iris_ws/build/iris_vision/build --no-deps install_data
