[4.413s] Invoking command in '/home/iris/iris/iris_ws/build/iris_vision': PYTHONPATH=/home/iris/iris/iris_ws/build/iris_vision/prefix_override:/home/iris/iris/iris_ws/install/iris_vision/lib/python3.10/site-packages:${PYTHONPATH} /usr/bin/python3 setup.py develop --editable --build-directory /home/iris/iris/iris_ws/build/iris_vision/build --no-deps install_data
[5.474s] running develop
[5.475s] /usr/lib/python3/dist-packages/setuptools/command/easy_install.py:158: EasyInstallDeprecationWarning: easy_install command is deprecated. Use build and pip and other standards-based tools.
[5.476s]   warnings.warn(
[5.481s] /usr/lib/python3/dist-packages/setuptools/command/install.py:34: SetuptoolsDeprecationWarning: setup.py install is deprecated. Use build and pip and other standards-based tools.
[5.481s]   warnings.warn(
[6.139s] running egg_info
[6.139s] writing iris_vision.egg-info/PKG-INFO
[6.141s] writing dependency_links to iris_vision.egg-info/dependency_links.txt
[6.142s] writing entry points to iris_vision.egg-info/entry_points.txt
[6.142s] writing requirements to iris_vision.egg-info/requires.txt
[6.143s] writing top-level names to iris_vision.egg-info/top_level.txt
[6.151s] reading manifest file 'iris_vision.egg-info/SOURCES.txt'
[6.155s] writing manifest file 'iris_vision.egg-info/SOURCES.txt'
[6.161s] running build_ext
[6.162s] Creating /home/iris/iris/iris_ws/install/iris_vision/lib/python3.10/site-packages/iris-vision.egg-link (link to .)
[6.166s] Installing DSLR_handler script to /home/iris/iris/iris_ws/install/iris_vision/lib/iris_vision
[6.173s] Installing FaceTracking script to /home/iris/iris/iris_ws/install/iris_vision/lib/iris_vision
[6.173s] Installing FaceTracking_headless script to /home/iris/iris/iris_ws/install/iris_vision/lib/iris_vision
[6.174s] Installing facetracking_motioncoltrol script to /home/iris/iris/iris_ws/install/iris_vision/lib/iris_vision
[6.174s] Installing iris_joy_control script to /home/iris/iris/iris_ws/install/iris_vision/lib/iris_vision
[6.175s] Installing listener script to /home/iris/iris/iris_ws/install/iris_vision/lib/iris_vision
[6.177s] Installing talker script to /home/iris/iris/iris_ws/install/iris_vision/lib/iris_vision
[6.178s] 
[6.180s] Installed /home/iris/iris/iris_ws/build/iris_vision
[6.181s] running install_data
[6.183s] creating /home/iris/iris/iris_ws/install/iris_vision/share/ament_index/resource_index/packages/resource
[6.184s] creating /home/iris/iris/iris_ws/install/iris_vision/share/ament_index/resource_index/packages/resource/iris_vision
[6.185s] creating /home/iris/iris/iris_ws/install/iris_vision/share/ament_index/resource_index/packages/resource/iris_vision/launch
[6.308s] Invoked command in '/home/iris/iris/iris_ws/build/iris_vision' returned '0': PYTHONPATH=/home/iris/iris/iris_ws/build/iris_vision/prefix_override:/home/iris/iris/iris_ws/install/iris_vision/lib/python3.10/site-packages:${PYTHONPATH} /usr/bin/python3 setup.py develop --editable --build-directory /home/iris/iris/iris_ws/build/iris_vision/build --no-deps install_data
