[5.519s] Invoking command in '/home/iris/iris/iris_ws/src/iris_vision': PYTHONPATH=/home/iris/iris/iris_ws/build/iris_vision/prefix_override:/home/iris/iris/iris_ws/install/iris_vision/lib/python3.10/site-packages:${PYTHONPATH} /usr/bin/python3 setup.py egg_info --egg-base ../../build/iris_vision build --build-base /home/iris/iris/iris_ws/build/iris_vision/build install --record /home/iris/iris/iris_ws/build/iris_vision/install.log --single-version-externally-managed
[6.863s] running egg_info
[6.872s] writing ../../build/iris_vision/iris_vision.egg-info/PKG-INFO
[6.872s] writing dependency_links to ../../build/iris_vision/iris_vision.egg-info/dependency_links.txt
[6.873s] writing entry points to ../../build/iris_vision/iris_vision.egg-info/entry_points.txt
[6.874s] writing requirements to ../../build/iris_vision/iris_vision.egg-info/requires.txt
[6.875s] writing top-level names to ../../build/iris_vision/iris_vision.egg-info/top_level.txt
[6.882s] reading manifest file '../../build/iris_vision/iris_vision.egg-info/SOURCES.txt'
[6.891s] /usr/lib/python3/dist-packages/setuptools/command/install.py:34: SetuptoolsDeprecationWarning: setup.py install is deprecated. Use build and pip and other standards-based tools.
[6.891s]   warnings.warn(
[6.892s] writing manifest file '../../build/iris_vision/iris_vision.egg-info/SOURCES.txt'
[6.892s] running build
[6.899s] running build_py
[6.900s] copying iris_vision/image_sub.py -> /home/iris/iris/iris_ws/build/iris_vision/build/lib/iris_vision
[6.900s] running install
[6.901s] running install_lib
[6.902s] copying /home/iris/iris/iris_ws/build/iris_vision/build/lib/iris_vision/image_sub.py -> /home/iris/iris/iris_ws/install/iris_vision/lib/python3.10/site-packages/iris_vision
[6.903s] byte-compiling /home/iris/iris/iris_ws/install/iris_vision/lib/python3.10/site-packages/iris_vision/image_sub.py to image_sub.cpython-310.pyc
[6.904s] Sorry: IndentationError: unindent does not match any outer indentation level (image_sub.py, line 27)
[6.904s] running install_data
[6.911s] running install_egg_info
[6.916s] removing '/home/iris/iris/iris_ws/install/iris_vision/lib/python3.10/site-packages/iris_vision-0.0.0-py3.10.egg-info' (and everything under it)
[6.917s] Copying ../../build/iris_vision/iris_vision.egg-info to /home/iris/iris/iris_ws/install/iris_vision/lib/python3.10/site-packages/iris_vision-0.0.0-py3.10.egg-info
[6.926s] running install_scripts
[7.030s] Installing testsub script to /home/iris/iris/iris_ws/install/iris_vision/lib/iris_vision
[7.031s] writing list of installed files to '/home/iris/iris/iris_ws/build/iris_vision/install.log'
[7.349s] Invoked command in '/home/iris/iris/iris_ws/src/iris_vision' returned '0': PYTHONPATH=/home/iris/iris/iris_ws/build/iris_vision/prefix_override:/home/iris/iris/iris_ws/install/iris_vision/lib/python3.10/site-packages:${PYTHONPATH} /usr/bin/python3 setup.py egg_info --egg-base ../../build/iris_vision build --build-base /home/iris/iris/iris_ws/build/iris_vision/build install --record /home/iris/iris/iris_ws/build/iris_vision/install.log --single-version-externally-managed
