[0.272s] Invoking command in '/home/iris/iris/iris_ws/build/odrive_ros2_control': AMENT_PREFIX_PATH=/home/iris/iris/iris_ws/install/odrive_demo_bringup:/home/iris/iris/iris_ws/install/odrive_hardware_interface:/home/iris/iris/iris_ws/install/odrive_demo_description:${AMENT_PREFIX_PATH} CMAKE_PREFIX_PATH=/home/iris/iris/iris_ws/install/odrive_demo_bringup:/home/iris/iris/iris_ws/install/odrive_hardware_interface:/home/iris/iris/iris_ws/install/odrive_demo_description:/opt/ros/humble LD_LIBRARY_PATH=/home/iris/iris/iris_ws/install/odrive_hardware_interface/lib:${LD_LIBRARY_PATH} /usr/bin/cmake --build /home/iris/iris/iris_ws/build/odrive_ros2_control -- -j4 -l4
[0.664s] Invoked command in '/home/iris/iris/iris_ws/build/odrive_ros2_control' returned '0': AMENT_PREFIX_PATH=/home/iris/iris/iris_ws/install/odrive_demo_bringup:/home/iris/iris/iris_ws/install/odrive_hardware_interface:/home/iris/iris/iris_ws/install/odrive_demo_description:${AMENT_PREFIX_PATH} CMAKE_PREFIX_PATH=/home/iris/iris/iris_ws/install/odrive_demo_bringup:/home/iris/iris/iris_ws/install/odrive_hardware_interface:/home/iris/iris/iris_ws/install/odrive_demo_description:/opt/ros/humble LD_LIBRARY_PATH=/home/iris/iris/iris_ws/install/odrive_hardware_interface/lib:${LD_LIBRARY_PATH} /usr/bin/cmake --build /home/iris/iris/iris_ws/build/odrive_ros2_control -- -j4 -l4
[0.770s] Invoking command in '/home/iris/iris/iris_ws/build/odrive_ros2_control': AMENT_PREFIX_PATH=/home/iris/iris/iris_ws/install/odrive_demo_bringup:/home/iris/iris/iris_ws/install/odrive_hardware_interface:/home/iris/iris/iris_ws/install/odrive_demo_description:${AMENT_PREFIX_PATH} CMAKE_PREFIX_PATH=/home/iris/iris/iris_ws/install/odrive_demo_bringup:/home/iris/iris/iris_ws/install/odrive_hardware_interface:/home/iris/iris/iris_ws/install/odrive_demo_description:/opt/ros/humble LD_LIBRARY_PATH=/home/iris/iris/iris_ws/install/odrive_hardware_interface/lib:${LD_LIBRARY_PATH} /usr/bin/cmake --install /home/iris/iris/iris_ws/build/odrive_ros2_control
[0.808s] -- Install configuration: ""
[0.809s] -- Up-to-date: /home/iris/iris/iris_ws/install/odrive_ros2_control/share/ament_index/resource_index/package_run_dependencies/odrive_ros2_control
[0.809s] -- Up-to-date: /home/iris/iris/iris_ws/install/odrive_ros2_control/share/ament_index/resource_index/parent_prefix_path/odrive_ros2_control
[0.810s] -- Up-to-date: /home/iris/iris/iris_ws/install/odrive_ros2_control/share/odrive_ros2_control/environment/ament_prefix_path.sh
[0.811s] -- Up-to-date: /home/iris/iris/iris_ws/install/odrive_ros2_control/share/odrive_ros2_control/environment/ament_prefix_path.dsv
[0.812s] -- Up-to-date: /home/iris/iris/iris_ws/install/odrive_ros2_control/share/odrive_ros2_control/environment/path.sh
[0.812s] -- Up-to-date: /home/iris/iris/iris_ws/install/odrive_ros2_control/share/odrive_ros2_control/environment/path.dsv
[0.812s] -- Up-to-date: /home/iris/iris/iris_ws/install/odrive_ros2_control/share/odrive_ros2_control/local_setup.bash
[0.813s] -- Up-to-date: /home/iris/iris/iris_ws/install/odrive_ros2_control/share/odrive_ros2_control/local_setup.sh
[0.813s] -- Up-to-date: /home/iris/iris/iris_ws/install/odrive_ros2_control/share/odrive_ros2_control/local_setup.zsh
[0.813s] -- Up-to-date: /home/iris/iris/iris_ws/install/odrive_ros2_control/share/odrive_ros2_control/local_setup.dsv
[0.814s] -- Installing: /home/iris/iris/iris_ws/install/odrive_ros2_control/share/odrive_ros2_control/package.dsv
[0.816s] -- Up-to-date: /home/iris/iris/iris_ws/install/odrive_ros2_control/share/ament_index/resource_index/packages/odrive_ros2_control
[0.817s] -- Up-to-date: /home/iris/iris/iris_ws/install/odrive_ros2_control/share/odrive_ros2_control/cmake/odrive_ros2_controlConfig.cmake
[0.818s] -- Up-to-date: /home/iris/iris/iris_ws/install/odrive_ros2_control/share/odrive_ros2_control/cmake/odrive_ros2_controlConfig-version.cmake
[0.818s] -- Up-to-date: /home/iris/iris/iris_ws/install/odrive_ros2_control/share/odrive_ros2_control/package.xml
[1.115s] Invoked command in '/home/iris/iris/iris_ws/build/odrive_ros2_control' returned '0': AMENT_PREFIX_PATH=/home/iris/iris/iris_ws/install/odrive_demo_bringup:/home/iris/iris/iris_ws/install/odrive_hardware_interface:/home/iris/iris/iris_ws/install/odrive_demo_description:${AMENT_PREFIX_PATH} CMAKE_PREFIX_PATH=/home/iris/iris/iris_ws/install/odrive_demo_bringup:/home/iris/iris/iris_ws/install/odrive_hardware_interface:/home/iris/iris/iris_ws/install/odrive_demo_description:/opt/ros/humble LD_LIBRARY_PATH=/home/iris/iris/iris_ws/install/odrive_hardware_interface/lib:${LD_LIBRARY_PATH} /usr/bin/cmake --install /home/iris/iris/iris_ws/build/odrive_ros2_control
