[0.468s] Invoking command in '/home/iris/iris/iris_ws/build/camera_ros': CMAKE_PREFIX_PATH=${CMAKE_PREFIX_PATH}:/opt/ros/humble /usr/bin/cmake /home/iris/iris/iris_ws/src/camera_ros -DCMAKE_INSTALL_PREFIX=/home/iris/iris/iris_ws/install/camera_ros
[0.530s] -- Found ament_cmake: 1.3.6 (/opt/ros/humble/share/ament_cmake/cmake)
[1.363s] -- Found rclcpp: 16.0.7 (/opt/ros/humble/share/rclcpp/cmake)
[1.580s] -- Found rosidl_generator_c: 3.1.5 (/opt/ros/humble/share/rosidl_generator_c/cmake)
[1.603s] -- Found rosidl_adapter: 3.1.5 (/opt/ros/humble/share/rosidl_adapter/cmake)
[1.638s] -- Found rosidl_generator_cpp: 3.1.5 (/opt/ros/humble/share/rosidl_generator_cpp/cmake)
[1.692s] -- Using all available rosidl_typesupport_c: rosidl_typesupport_fastrtps_c;rosidl_typesupport_introspection_c
[1.771s] -- Using all available rosidl_typesupport_cpp: rosidl_typesupport_fastrtps_cpp;rosidl_typesupport_introspection_cpp
[2.042s] -- Found rmw_implementation_cmake: 6.1.1 (/opt/ros/humble/share/rmw_implementation_cmake/cmake)
[2.049s] -- Found rmw_fastrtps_cpp: 6.2.5 (/opt/ros/humble/share/rmw_fastrtps_cpp/cmake)
[2.804s] -- Using RMW implementation 'rmw_fastrtps_cpp' as default
[3.444s] -- Found rclcpp_components: 16.0.7 (/opt/ros/humble/share/rclcpp_components/cmake)
[3.671s] -- Found sensor_msgs: 4.2.3 (/opt/ros/humble/share/sensor_msgs/cmake)
[4.256s] [31mCMake Error at CMakeLists.txt:18 (find_package):
[4.257s]   By not providing "Findcamera_info_manager.cmake" in CMAKE_MODULE_PATH this
[4.258s]   project has asked CMake to find a package configuration file provided by
[4.261s]   "camera_info_manager", but CMake did not find one.
[4.263s] 
[4.265s]   Could not find a package configuration file provided by
[4.266s]   "camera_info_manager" with any of the following names:
[4.268s] 
[4.272s]     camera_info_managerConfig.cmake
[4.274s]     camera_info_manager-config.cmake
[4.275s] 
[4.277s]   Add the installation prefix of "camera_info_manager" to CMAKE_PREFIX_PATH
[4.278s]   or set "camera_info_manager_DIR" to a directory containing one of the above
[4.280s]   files.  If "camera_info_manager" provides a separate development package or
[4.281s]   SDK, be sure it has been installed.
[4.282s] 
[4.283s] [0m
[4.284s] -- Configuring incomplete, errors occurred!
[4.284s] See also "/home/iris/iris/iris_ws/build/camera_ros/CMakeFiles/CMakeOutput.log".
[4.544s] Invoked command in '/home/iris/iris/iris_ws/build/camera_ros' returned '1': CMAKE_PREFIX_PATH=${CMAKE_PREFIX_PATH}:/opt/ros/humble /usr/bin/cmake /home/iris/iris/iris_ws/src/camera_ros -DCMAKE_INSTALL_PREFIX=/home/iris/iris/iris_ws/install/camera_ros
