running develop
/usr/lib/python3/dist-packages/setuptools/command/easy_install.py:158: EasyInstallDeprecationWarning: easy_install command is deprecated. Use build and pip and other standards-based tools.
  warnings.warn(
/usr/lib/python3/dist-packages/setuptools/command/install.py:34: SetuptoolsDeprecationWarning: setup.py install is deprecated. Use build and pip and other standards-based tools.
  warnings.warn(
running egg_info
writing iris_vision.egg-info/PKG-INFO
writing dependency_links to iris_vision.egg-info/dependency_links.txt
writing entry points to iris_vision.egg-info/entry_points.txt
writing requirements to iris_vision.egg-info/requires.txt
writing top-level names to iris_vision.egg-info/top_level.txt
reading manifest file 'iris_vision.egg-info/SOURCES.txt'
writing manifest file 'iris_vision.egg-info/SOURCES.txt'
running build_ext
Creating /home/iris/iris/iris_ws/install/iris_vision/lib/python3.10/site-packages/iris-vision.egg-link (link to .)
Installing DSLR_handler script to /home/iris/iris/iris_ws/install/iris_vision/lib/iris_vision
Installing DSLR_handler_test script to /home/iris/iris/iris_ws/install/iris_vision/lib/iris_vision
Installing talker script to /home/iris/iris/iris_ws/install/iris_vision/lib/iris_vision

Installed /home/iris/iris/iris_ws/build/iris_vision
running install_data
