[4.204s] Invoking command in '/home/iris/iris/iris_ws/build/iris_vision': PYTHONPATH=/home/iris/iris/iris_ws/build/iris_vision/prefix_override:/home/iris/iris/iris_ws/install/iris_vision/lib/python3.10/site-packages:${PYTHONPATH} /usr/bin/python3 setup.py develop --editable --build-directory /home/iris/iris/iris_ws/build/iris_vision/build --no-deps install_data
[5.237s] running develop
[5.238s] /usr/lib/python3/dist-packages/setuptools/command/easy_install.py:158: EasyInstallDeprecationWarning: easy_install command is deprecated. Use build and pip and other standards-based tools.
[5.238s]   warnings.warn(
[5.243s] /usr/lib/python3/dist-packages/setuptools/command/install.py:34: SetuptoolsDeprecationWarning: setup.py install is deprecated. Use build and pip and other standards-based tools.
[5.243s]   warnings.warn(
[5.907s] running egg_info
[5.907s] writing iris_vision.egg-info/PKG-INFO
[5.908s] writing dependency_links to iris_vision.egg-info/dependency_links.txt
[5.909s] writing entry points to iris_vision.egg-info/entry_points.txt
[5.910s] writing requirements to iris_vision.egg-info/requires.txt
[5.911s] writing top-level names to iris_vision.egg-info/top_level.txt
[5.918s] reading manifest file 'iris_vision.egg-info/SOURCES.txt'
[5.922s] writing manifest file 'iris_vision.egg-info/SOURCES.txt'
[5.928s] running build_ext
[5.928s] Creating /home/iris/iris/iris_ws/install/iris_vision/lib/python3.10/site-packages/iris-vision.egg-link (link to .)
[5.932s] Installing DSLR_handler script to /home/iris/iris/iris_ws/install/iris_vision/lib/iris_vision
[5.933s] Installing DSLR_handler_test script to /home/iris/iris/iris_ws/install/iris_vision/lib/iris_vision
[5.934s] Installing talker script to /home/iris/iris/iris_ws/install/iris_vision/lib/iris_vision
[5.935s] 
[5.936s] Installed /home/iris/iris/iris_ws/build/iris_vision
[5.936s] running install_data
[6.066s] Invoked command in '/home/iris/iris/iris_ws/build/iris_vision' returned '0': PYTHONPATH=/home/iris/iris/iris_ws/build/iris_vision/prefix_override:/home/iris/iris/iris_ws/install/iris_vision/lib/python3.10/site-packages:${PYTHONPATH} /usr/bin/python3 setup.py develop --editable --build-directory /home/iris/iris/iris_ws/build/iris_vision/build --no-deps install_data
