[3.674s] Invoking command in '/home/iris/iris/iris_ws/build/iris_vision': PYTHONPATH=/home/iris/iris/iris_ws/build/iris_vision/prefix_override:/home/iris/iris/iris_ws/install/iris_vision/lib/python3.10/site-packages:${PYTHONPATH} /usr/bin/python3 setup.py develop --editable --build-directory /home/iris/iris/iris_ws/build/iris_vision/build --no-deps install_data
[4.762s] running develop
[4.768s] /usr/lib/python3/dist-packages/setuptools/command/easy_install.py:158: EasyInstallDeprecationWarning: easy_install command is deprecated. Use build and pip and other standards-based tools.
[4.769s]   warnings.warn(
[4.775s] /usr/lib/python3/dist-packages/setuptools/command/install.py:34: SetuptoolsDeprecationWarning: setup.py install is deprecated. Use build and pip and other standards-based tools.
[4.775s]   warnings.warn(
[5.598s] running egg_info
[5.599s] writing iris_vision.egg-info/PKG-INFO
[5.601s] writing dependency_links to iris_vision.egg-info/dependency_links.txt
[5.602s] writing entry points to iris_vision.egg-info/entry_points.txt
[5.603s] writing requirements to iris_vision.egg-info/requires.txt
[5.604s] writing top-level names to iris_vision.egg-info/top_level.txt
[5.613s] reading manifest file 'iris_vision.egg-info/SOURCES.txt'
[5.618s] writing manifest file 'iris_vision.egg-info/SOURCES.txt'
[5.625s] running build_ext
[5.626s] Creating /home/iris/iris/iris_ws/install/iris_vision/lib/python3.10/site-packages/iris-vision.egg-link (link to .)
[5.631s] Installing listener script to /home/iris/iris/iris_ws/install/iris_vision/lib/iris_vision
[5.632s] Installing talker script to /home/iris/iris/iris_ws/install/iris_vision/lib/iris_vision
[5.634s] 
[5.635s] Installed /home/iris/iris/iris_ws/build/iris_vision
[5.635s] running install_data
[5.801s] Invoked command in '/home/iris/iris/iris_ws/build/iris_vision' returned '0': PYTHONPATH=/home/iris/iris/iris_ws/build/iris_vision/prefix_override:/home/iris/iris/iris_ws/install/iris_vision/lib/python3.10/site-packages:${PYTHONPATH} /usr/bin/python3 setup.py develop --editable --build-directory /home/iris/iris/iris_ws/build/iris_vision/build --no-deps install_data
