[0.489s] Invoking command in '/home/iris/iris/iris_ws/build/iris': CMAKE_PREFIX_PATH=${CMAKE_PREFIX_PATH}:/opt/ros/humble /usr/bin/cmake /home/iris/iris/iris_ws/src/iris -DCMAKE_INSTALL_PREFIX=/home/iris/iris/iris_ws/install/iris
[0.767s] -- The C compiler identification is GNU 11.4.0
[1.108s] -- The CXX compiler identification is GNU 11.4.0
[1.179s] -- Detecting C compiler ABI info
[1.586s] -- Detecting C compiler ABI info - done
[1.617s] -- Check for working C compiler: /usr/bin/cc - skipped
[1.617s] -- Detecting C compile features
[1.618s] -- Detecting C compile features - done
[1.650s] -- Detecting CXX compiler ABI info
[2.073s] -- Detecting CXX compiler ABI info - done
[2.104s] -- Check for working CXX compiler: /usr/bin/c++ - skipped
[2.104s] -- Detecting CXX compile features
[2.105s] -- Detecting CXX compile features - done
[2.136s] -- Found ament_cmake: 1.3.6 (/opt/ros/humble/share/ament_cmake/cmake)
[2.931s] -- Found Python3: /usr/bin/python3.10 (found version "3.10.12") found components: Interpreter 
[3.584s] -- Found ament_lint_auto: 0.12.9 (/opt/ros/humble/share/ament_lint_auto/cmake)
[4.059s] -- Added test 'lint_cmake' to check CMake code style
[4.069s] -- Added test 'xmllint' to check XML markup files
[4.079s] -- Configuring done
[4.098s] -- Generating done
[4.103s] -- Build files have been written to: /home/iris/iris/iris_ws/build/iris
[4.118s] Invoked command in '/home/iris/iris/iris_ws/build/iris' returned '0': CMAKE_PREFIX_PATH=${CMAKE_PREFIX_PATH}:/opt/ros/humble /usr/bin/cmake /home/iris/iris/iris_ws/src/iris -DCMAKE_INSTALL_PREFIX=/home/iris/iris/iris_ws/install/iris
[4.126s] Invoking command in '/home/iris/iris/iris_ws/build/iris': CMAKE_PREFIX_PATH=${CMAKE_PREFIX_PATH}:/opt/ros/humble /usr/bin/cmake --build /home/iris/iris/iris_ws/build/iris -- -j4 -l4
[4.265s] Invoked command in '/home/iris/iris/iris_ws/build/iris' returned '0': CMAKE_PREFIX_PATH=${CMAKE_PREFIX_PATH}:/opt/ros/humble /usr/bin/cmake --build /home/iris/iris/iris_ws/build/iris -- -j4 -l4
[4.367s] Invoking command in '/home/iris/iris/iris_ws/build/iris': CMAKE_PREFIX_PATH=${CMAKE_PREFIX_PATH}:/opt/ros/humble /usr/bin/cmake --install /home/iris/iris/iris_ws/build/iris
[4.395s] -- Install configuration: ""
[4.396s] -- Installing: /home/iris/iris/iris_ws/install/iris/share/ament_index/resource_index/package_run_dependencies/iris
[4.398s] -- Installing: /home/iris/iris/iris_ws/install/iris/share/ament_index/resource_index/parent_prefix_path/iris
[4.400s] -- Installing: /home/iris/iris/iris_ws/install/iris/share/iris/environment/ament_prefix_path.sh
[4.401s] -- Installing: /home/iris/iris/iris_ws/install/iris/share/iris/environment/ament_prefix_path.dsv
[4.402s] -- Installing: /home/iris/iris/iris_ws/install/iris/share/iris/environment/path.sh
[4.403s] -- Installing: /home/iris/iris/iris_ws/install/iris/share/iris/environment/path.dsv
[4.404s] -- Installing: /home/iris/iris/iris_ws/install/iris/share/iris/local_setup.bash
[4.405s] -- Installing: /home/iris/iris/iris_ws/install/iris/share/iris/local_setup.sh
[4.406s] -- Installing: /home/iris/iris/iris_ws/install/iris/share/iris/local_setup.zsh
[4.408s] -- Installing: /home/iris/iris/iris_ws/install/iris/share/iris/local_setup.dsv
[4.409s] -- Installing: /home/iris/iris/iris_ws/install/iris/share/iris/package.dsv
[4.410s] -- Installing: /home/iris/iris/iris_ws/install/iris/share/ament_index/resource_index/packages/iris
[4.411s] -- Installing: /home/iris/iris/iris_ws/install/iris/share/iris/cmake/irisConfig.cmake
[4.413s] -- Installing: /home/iris/iris/iris_ws/install/iris/share/iris/cmake/irisConfig-version.cmake
[4.414s] -- Installing: /home/iris/iris/iris_ws/install/iris/share/iris/package.xml
[4.419s] Invoked command in '/home/iris/iris/iris_ws/build/iris' returned '0': CMAKE_PREFIX_PATH=${CMAKE_PREFIX_PATH}:/opt/ros/humble /usr/bin/cmake --install /home/iris/iris/iris_ws/build/iris
