[0.404s] Invoking command in '/home/iris/iris/iris_ws/build/sllidar_ros2': CMAKE_PREFIX_PATH=/opt/ros/humble /usr/bin/cmake --build /home/iris/iris/iris_ws/build/sllidar_ros2 -- -j4 -l4
[0.868s] [ 10%] Built target sllidar_client
[0.910s] [100%] Built target sllidar_node
[1.115s] Invoked command in '/home/iris/iris/iris_ws/build/sllidar_ros2' returned '0': CMAKE_PREFIX_PATH=/opt/ros/humble /usr/bin/cmake --build /home/iris/iris/iris_ws/build/sllidar_ros2 -- -j4 -l4
[1.909s] Invoking command in '/home/iris/iris/iris_ws/build/sllidar_ros2': CMAKE_PREFIX_PATH=/opt/ros/humble /usr/bin/cmake --install /home/iris/iris/iris_ws/build/sllidar_ros2
[1.923s] -- Install configuration: ""
[1.925s] -- Execute custom install script
[1.930s] -- Up-to-date symlink: /home/iris/iris/iris_ws/install/sllidar_ros2/share/sllidar_ros2/launch/sllidar_a1_launch.py
[1.932s] -- Up-to-date symlink: /home/iris/iris/iris_ws/install/sllidar_ros2/share/sllidar_ros2/launch/sllidar_a2m12_launch .py
[1.935s] -- Up-to-date symlink: /home/iris/iris/iris_ws/install/sllidar_ros2/share/sllidar_ros2/launch/sllidar_a2m7_launch.py
[1.937s] -- Up-to-date symlink: /home/iris/iris/iris_ws/install/sllidar_ros2/share/sllidar_ros2/launch/sllidar_a2m8_launch.py
[1.940s] -- Up-to-date symlink: /home/iris/iris/iris_ws/install/sllidar_ros2/share/sllidar_ros2/launch/sllidar_a3_launch.py
[1.942s] -- Up-to-date symlink: /home/iris/iris/iris_ws/install/sllidar_ros2/share/sllidar_ros2/launch/sllidar_c1_launch.py
[1.945s] -- Up-to-date symlink: /home/iris/iris/iris_ws/install/sllidar_ros2/share/sllidar_ros2/launch/sllidar_s1_launch.py
[1.947s] -- Up-to-date symlink: /home/iris/iris/iris_ws/install/sllidar_ros2/share/sllidar_ros2/launch/sllidar_s1_tcp_launch.py
[1.949s] -- Up-to-date symlink: /home/iris/iris/iris_ws/install/sllidar_ros2/share/sllidar_ros2/launch/sllidar_s2_launch.py
[1.951s] -- Up-to-date symlink: /home/iris/iris/iris_ws/install/sllidar_ros2/share/sllidar_ros2/launch/sllidar_s2e_launch.py
[1.953s] -- Up-to-date symlink: /home/iris/iris/iris_ws/install/sllidar_ros2/share/sllidar_ros2/launch/sllidar_s3_launch.py
[1.956s] -- Up-to-date symlink: /home/iris/iris/iris_ws/install/sllidar_ros2/share/sllidar_ros2/launch/sllidar_t1_launch.py
[1.959s] -- Up-to-date symlink: /home/iris/iris/iris_ws/install/sllidar_ros2/share/sllidar_ros2/launch/view_sllidar_a1_launch.py
[1.961s] -- Up-to-date symlink: /home/iris/iris/iris_ws/install/sllidar_ros2/share/sllidar_ros2/launch/view_sllidar_a2m12_launch.py
[1.963s] -- Up-to-date symlink: /home/iris/iris/iris_ws/install/sllidar_ros2/share/sllidar_ros2/launch/view_sllidar_a2m7_launch.py
[1.965s] -- Up-to-date symlink: /home/iris/iris/iris_ws/install/sllidar_ros2/share/sllidar_ros2/launch/view_sllidar_a2m8_launch.py
[1.968s] -- Up-to-date symlink: /home/iris/iris/iris_ws/install/sllidar_ros2/share/sllidar_ros2/launch/view_sllidar_a3_launch.py
[1.971s] -- Up-to-date symlink: /home/iris/iris/iris_ws/install/sllidar_ros2/share/sllidar_ros2/launch/view_sllidar_c1_launch.py
[1.976s] -- Up-to-date symlink: /home/iris/iris/iris_ws/install/sllidar_ros2/share/sllidar_ros2/launch/view_sllidar_s1_launch.py
[1.976s] -- Up-to-date symlink: /home/iris/iris/iris_ws/install/sllidar_ros2/share/sllidar_ros2/launch/view_sllidar_s1_tcp_launch.py
[1.977s] -- Up-to-date symlink: /home/iris/iris/iris_ws/install/sllidar_ros2/share/sllidar_ros2/launch/view_sllidar_s2_launch.py
[1.978s] -- Up-to-date symlink: /home/iris/iris/iris_ws/install/sllidar_ros2/share/sllidar_ros2/launch/view_sllidar_s2e_launch.py
[1.978s] -- Up-to-date symlink: /home/iris/iris/iris_ws/install/sllidar_ros2/share/sllidar_ros2/launch/view_sllidar_s3_launch.py
[1.979s] -- Up-to-date symlink: /home/iris/iris/iris_ws/install/sllidar_ros2/share/sllidar_ros2/launch/view_sllidar_t1_launch.py
[1.979s] -- Up-to-date symlink: /home/iris/iris/iris_ws/install/sllidar_ros2/share/sllidar_ros2/rviz/sllidar_ros2.rviz
[1.984s] -- Up-to-date symlink: /home/iris/iris/iris_ws/install/sllidar_ros2/lib/sllidar_ros2/sllidar_node
[1.985s] -- Up-to-date symlink: /home/iris/iris/iris_ws/install/sllidar_ros2/lib/sllidar_ros2/sllidar_client
[1.986s] -- Up-to-date symlink: /home/iris/iris/iris_ws/install/sllidar_ros2/share/ament_index/resource_index/package_run_dependencies/sllidar_ros2
[1.988s] -- Up-to-date symlink: /home/iris/iris/iris_ws/install/sllidar_ros2/share/ament_index/resource_index/parent_prefix_path/sllidar_ros2
[1.990s] -- Up-to-date symlink: /home/iris/iris/iris_ws/install/sllidar_ros2/share/sllidar_ros2/environment/ament_prefix_path.sh
[1.991s] -- Up-to-date symlink: /home/iris/iris/iris_ws/install/sllidar_ros2/share/sllidar_ros2/environment/ament_prefix_path.dsv
[2.009s] -- Up-to-date symlink: /home/iris/iris/iris_ws/install/sllidar_ros2/share/sllidar_ros2/environment/path.sh
[2.014s] -- Up-to-date symlink: /home/iris/iris/iris_ws/install/sllidar_ros2/share/sllidar_ros2/environment/path.dsv
[2.019s] -- Up-to-date symlink: /home/iris/iris/iris_ws/install/sllidar_ros2/share/sllidar_ros2/local_setup.bash
[2.023s] -- Up-to-date symlink: /home/iris/iris/iris_ws/install/sllidar_ros2/share/sllidar_ros2/local_setup.sh
[2.028s] -- Up-to-date symlink: /home/iris/iris/iris_ws/install/sllidar_ros2/share/sllidar_ros2/local_setup.zsh
[2.033s] -- Up-to-date symlink: /home/iris/iris/iris_ws/install/sllidar_ros2/share/sllidar_ros2/local_setup.dsv
[2.036s] -- Symlinking: /home/iris/iris/iris_ws/install/sllidar_ros2/share/sllidar_ros2/package.dsv
[2.045s] -- Up-to-date symlink: /home/iris/iris/iris_ws/install/sllidar_ros2/share/ament_index/resource_index/packages/sllidar_ros2
[2.049s] -- Up-to-date symlink: /home/iris/iris/iris_ws/install/sllidar_ros2/share/sllidar_ros2/cmake/ament_cmake_export_dependencies-extras.cmake
[2.049s] -- Up-to-date symlink: /home/iris/iris/iris_ws/install/sllidar_ros2/share/sllidar_ros2/cmake/ament_cmake_export_include_directories-extras.cmake
[2.055s] -- Up-to-date symlink: /home/iris/iris/iris_ws/install/sllidar_ros2/share/sllidar_ros2/cmake/sllidar_ros2Config.cmake
[2.056s] -- Up-to-date symlink: /home/iris/iris/iris_ws/install/sllidar_ros2/share/sllidar_ros2/cmake/sllidar_ros2Config-version.cmake
[2.057s] -- Up-to-date symlink: /home/iris/iris/iris_ws/install/sllidar_ros2/share/sllidar_ros2/package.xml
