[2.695s] Invoking command in '/home/iris/iris/iris_ws/build/micro_ros_setup': CMAKE_PREFIX_PATH=${CMAKE_PREFIX_PATH}:/home/iris/iris/iris_ws/install/iris_vision:/opt/ros/humble /usr/bin/cmake --build /home/iris/iris/iris_ws/build/micro_ros_setup -- -j4 -l4
[2.902s] Invoked command in '/home/iris/iris/iris_ws/build/micro_ros_setup' returned '0': CMAKE_PREFIX_PATH=${CMAKE_PREFIX_PATH}:/home/iris/iris/iris_ws/install/iris_vision:/opt/ros/humble /usr/bin/cmake --build /home/iris/iris/iris_ws/build/micro_ros_setup -- -j4 -l4
[3.100s] Invoking command in '/home/iris/iris/iris_ws/build/micro_ros_setup': CMAKE_PREFIX_PATH=${CMAKE_PREFIX_PATH}:/home/iris/iris/iris_ws/install/iris_vision:/opt/ros/humble /usr/bin/cmake --install /home/iris/iris/iris_ws/build/micro_ros_setup
[3.140s] -- Install configuration: ""
[3.141s] -- Up-to-date: /home/iris/iris/iris_ws/install/micro_ros_setup/share/ament_index/resource_index/package_run_dependencies/micro_ros_setup
[3.141s] -- Up-to-date: /home/iris/iris/iris_ws/install/micro_ros_setup/share/ament_index/resource_index/parent_prefix_path/micro_ros_setup
[3.142s] -- Up-to-date: /home/iris/iris/iris_ws/install/micro_ros_setup/share/micro_ros_setup/environment/ament_prefix_path.sh
[3.142s] -- Up-to-date: /home/iris/iris/iris_ws/install/micro_ros_setup/share/micro_ros_setup/environment/ament_prefix_path.dsv
[3.143s] -- Up-to-date: /home/iris/iris/iris_ws/install/micro_ros_setup/share/micro_ros_setup/environment/path.sh
[3.143s] -- Up-to-date: /home/iris/iris/iris_ws/install/micro_ros_setup/share/micro_ros_setup/environment/path.dsv
[3.143s] -- Up-to-date: /home/iris/iris/iris_ws/install/micro_ros_setup/share/micro_ros_setup/local_setup.bash
[3.144s] -- Up-to-date: /home/iris/iris/iris_ws/install/micro_ros_setup/share/micro_ros_setup/local_setup.sh
[3.145s] -- Up-to-date: /home/iris/iris/iris_ws/install/micro_ros_setup/share/micro_ros_setup/local_setup.zsh
[3.145s] -- Up-to-date: /home/iris/iris/iris_ws/install/micro_ros_setup/share/micro_ros_setup/local_setup.dsv
[3.152s] -- Installing: /home/iris/iris/iris_ws/install/micro_ros_setup/share/micro_ros_setup/package.dsv
[3.153s] -- Up-to-date: /home/iris/iris/iris_ws/install/micro_ros_setup/share/ament_index/resource_index/packages/micro_ros_setup
[3.154s] -- Up-to-date: /home/iris/iris/iris_ws/install/micro_ros_setup/share/micro_ros_setup/cmake/micro_ros_setupConfig.cmake
[3.154s] -- Up-to-date: /home/iris/iris/iris_ws/install/micro_ros_setup/share/micro_ros_setup/cmake/micro_ros_setupConfig-version.cmake
[3.155s] -- Up-to-date: /home/iris/iris/iris_ws/install/micro_ros_setup/share/micro_ros_setup/package.xml
[3.156s] -- Up-to-date: /home/iris/iris/iris_ws/install/micro_ros_setup/./config
[3.157s] -- Up-to-date: /home/iris/iris/iris_ws/install/micro_ros_setup/./config/generate_lib
[3.158s] -- Up-to-date: /home/iris/iris/iris_ws/install/micro_ros_setup/./config/generate_lib/generic
[3.159s] -- Up-to-date: /home/iris/iris/iris_ws/install/micro_ros_setup/./config/generate_lib/generic/flash.sh
[3.160s] -- Up-to-date: /home/iris/iris/iris_ws/install/micro_ros_setup/./config/generate_lib/generic/client_uros_packages.repos
[3.169s] -- Up-to-date: /home/iris/iris/iris_ws/install/micro_ros_setup/./config/generate_lib/generic/client-colcon.meta
[3.169s] -- Up-to-date: /home/iris/iris/iris_ws/install/micro_ros_setup/./config/generate_lib/generic/build.sh
[3.170s] -- Up-to-date: /home/iris/iris/iris_ws/install/micro_ros_setup/./config/generate_lib/generic/create.sh
[3.170s] -- Up-to-date: /home/iris/iris/iris_ws/install/micro_ros_setup/./config/generate_lib/generic/demo_toolchain.cmake
[3.171s] -- Up-to-date: /home/iris/iris/iris_ws/install/micro_ros_setup/./config/generate_lib/generic/package.xml
[3.171s] -- Up-to-date: /home/iris/iris/iris_ws/install/micro_ros_setup/./config/generate_lib/dev_ros2_packages.txt
[3.173s] -- Up-to-date: /home/iris/iris/iris_ws/install/micro_ros_setup/./config/generate_lib/dev_uros_packages.repos
[3.174s] -- Up-to-date: /home/iris/iris/iris_ws/install/micro_ros_setup/./config/client_uros_packages.repos
[3.174s] -- Up-to-date: /home/iris/iris/iris_ws/install/micro_ros_setup/./config/freertos
[3.175s] -- Up-to-date: /home/iris/iris/iris_ws/install/micro_ros_setup/./config/freertos/olimex-stm32-e407
[3.176s] -- Up-to-date: /home/iris/iris/iris_ws/install/micro_ros_setup/./config/freertos/olimex-stm32-e407/flash.sh
[3.184s] -- Up-to-date: /home/iris/iris/iris_ws/install/micro_ros_setup/./config/freertos/olimex-stm32-e407/client_uros_packages.repos
[3.185s] -- Up-to-date: /home/iris/iris/iris_ws/install/micro_ros_setup/./config/freertos/olimex-stm32-e407/client-colcon.meta
[3.185s] -- Up-to-date: /home/iris/iris/iris_ws/install/micro_ros_setup/./config/freertos/olimex-stm32-e407/build.sh
[3.186s] -- Up-to-date: /home/iris/iris/iris_ws/install/micro_ros_setup/./config/freertos/olimex-stm32-e407/create.sh
[3.187s] -- Up-to-date: /home/iris/iris/iris_ws/install/micro_ros_setup/./config/freertos/olimex-stm32-e407/configure.sh
[3.188s] -- Up-to-date: /home/iris/iris/iris_ws/install/micro_ros_setup/./config/freertos/olimex-stm32-e407/board.repos
[3.189s] -- Up-to-date: /home/iris/iris/iris_ws/install/micro_ros_setup/./config/freertos/olimex-stm32-e407/package.xml
[3.189s] -- Up-to-date: /home/iris/iris/iris_ws/install/micro_ros_setup/./config/freertos/list_apps.sh
[3.190s] -- Up-to-date: /home/iris/iris/iris_ws/install/micro_ros_setup/./config/freertos/dev_ros2_packages.txt
[3.191s] -- Up-to-date: /home/iris/iris/iris_ws/install/micro_ros_setup/./config/freertos/nucleo_f746zg
[3.191s] -- Up-to-date: /home/iris/iris/iris_ws/install/micro_ros_setup/./config/freertos/nucleo_f746zg/flash.sh
[3.200s] -- Up-to-date: /home/iris/iris/iris_ws/install/micro_ros_setup/./config/freertos/nucleo_f746zg/client_uros_packages.repos
[3.201s] -- Up-to-date: /home/iris/iris/iris_ws/install/micro_ros_setup/./config/freertos/nucleo_f746zg/client-colcon.meta
[3.201s] -- Up-to-date: /home/iris/iris/iris_ws/install/micro_ros_setup/./config/freertos/nucleo_f746zg/build.sh
[3.202s] -- Up-to-date: /home/iris/iris/iris_ws/install/micro_ros_setup/./config/freertos/nucleo_f746zg/create.sh
[3.202s] -- Up-to-date: /home/iris/iris/iris_ws/install/micro_ros_setup/./config/freertos/nucleo_f746zg/configure.sh
[3.203s] -- Up-to-date: /home/iris/iris/iris_ws/install/micro_ros_setup/./config/freertos/nucleo_f746zg/board.repos
[3.203s] -- Up-to-date: /home/iris/iris/iris_ws/install/micro_ros_setup/./config/freertos/nucleo_f746zg/package.xml
[3.205s] -- Up-to-date: /home/iris/iris/iris_ws/install/micro_ros_setup/./config/freertos/nucleo_f446ze
[3.206s] -- Up-to-date: /home/iris/iris/iris_ws/install/micro_ros_setup/./config/freertos/nucleo_f446ze/flash.sh
[3.207s] -- Up-to-date: /home/iris/iris/iris_ws/install/micro_ros_setup/./config/freertos/nucleo_f446ze/client_uros_packages.repos
[3.207s] -- Up-to-date: /home/iris/iris/iris_ws/install/micro_ros_setup/./config/freertos/nucleo_f446ze/client-colcon.meta
[3.208s] -- Up-to-date: /home/iris/iris/iris_ws/install/micro_ros_setup/./config/freertos/nucleo_f446ze/build.sh
[3.209s] -- Up-to-date: /home/iris/iris/iris_ws/install/micro_ros_setup/./config/freertos/nucleo_f446ze/create.sh
[3.216s] -- Up-to-date: /home/iris/iris/iris_ws/install/micro_ros_setup/./config/freertos/nucleo_f446ze/configure.sh
[3.218s] -- Up-to-date: /home/iris/iris/iris_ws/install/micro_ros_setup/./config/freertos/nucleo_f446ze/board.repos
[3.218s] -- Up-to-date: /home/iris/iris/iris_ws/install/micro_ros_setup/./config/freertos/nucleo_f446ze/package.xml
[3.219s] -- Up-to-date: /home/iris/iris/iris_ws/install/micro_ros_setup/./config/freertos/esp32
[3.219s] -- Up-to-date: /home/iris/iris/iris_ws/install/micro_ros_setup/./config/freertos/esp32/flash.sh
[3.220s] -- Up-to-date: /home/iris/iris/iris_ws/install/micro_ros_setup/./config/freertos/esp32/client_uros_packages.repos
[3.220s] -- Up-to-date: /home/iris/iris/iris_ws/install/micro_ros_setup/./config/freertos/esp32/client-colcon.meta
[3.221s] -- Up-to-date: /home/iris/iris/iris_ws/install/micro_ros_setup/./config/freertos/esp32/build.sh
[3.221s] -- Up-to-date: /home/iris/iris/iris_ws/install/micro_ros_setup/./config/freertos/esp32/create.sh
[3.222s] -- Up-to-date: /home/iris/iris/iris_ws/install/micro_ros_setup/./config/freertos/esp32/configure.sh
[3.222s] -- Up-to-date: /home/iris/iris/iris_ws/install/micro_ros_setup/./config/freertos/esp32/README.md
[3.223s] -- Up-to-date: /home/iris/iris/iris_ws/install/micro_ros_setup/./config/freertos/esp32/board.repos
[3.224s] -- Up-to-date: /home/iris/iris/iris_ws/install/micro_ros_setup/./config/freertos/esp32/package.xml
[3.225s] -- Up-to-date: /home/iris/iris/iris_ws/install/micro_ros_setup/./config/freertos/dev_uros_packages.repos
[3.225s] -- Up-to-date: /home/iris/iris/iris_ws/install/micro_ros_setup/./config/freertos/nucleo_f767zi
[3.226s] -- Up-to-date: /home/iris/iris/iris_ws/install/micro_ros_setup/./config/freertos/nucleo_f767zi/flash.sh
[3.226s] -- Up-to-date: /home/iris/iris/iris_ws/install/micro_ros_setup/./config/freertos/nucleo_f767zi/client_uros_packages.repos
[3.226s] -- Up-to-date: /home/iris/iris/iris_ws/install/micro_ros_setup/./config/freertos/nucleo_f767zi/client-colcon.meta
[3.228s] -- Up-to-date: /home/iris/iris/iris_ws/install/micro_ros_setup/./config/freertos/nucleo_f767zi/build.sh
[3.235s] -- Up-to-date: /home/iris/iris/iris_ws/install/micro_ros_setup/./config/freertos/nucleo_f767zi/create.sh
[3.236s] -- Up-to-date: /home/iris/iris/iris_ws/install/micro_ros_setup/./config/freertos/nucleo_f767zi/configure.sh
[3.252s] -- Up-to-date: /home/iris/iris/iris_ws/install/micro_ros_setup/./config/freertos/nucleo_f767zi/board.repos
[3.253s] -- Up-to-date: /home/iris/iris/iris_ws/install/micro_ros_setup/./config/freertos/nucleo_f767zi/package.xml
[3.254s] -- Up-to-date: /home/iris/iris/iris_ws/install/micro_ros_setup/./config/freertos/nucleo_f446re
[3.254s] -- Up-to-date: /home/iris/iris/iris_ws/install/micro_ros_setup/./config/freertos/nucleo_f446re/flash.sh
[3.255s] -- Up-to-date: /home/iris/iris/iris_ws/install/micro_ros_setup/./config/freertos/nucleo_f446re/client_uros_packages.repos
[3.255s] -- Up-to-date: /home/iris/iris/iris_ws/install/micro_ros_setup/./config/freertos/nucleo_f446re/client-colcon.meta
[3.256s] -- Up-to-date: /home/iris/iris/iris_ws/install/micro_ros_setup/./config/freertos/nucleo_f446re/build.sh
[3.257s] -- Up-to-date: /home/iris/iris/iris_ws/install/micro_ros_setup/./config/freertos/nucleo_f446re/create.sh
[3.257s] -- Up-to-date: /home/iris/iris/iris_ws/install/micro_ros_setup/./config/freertos/nucleo_f446re/configure.sh
[3.258s] -- Up-to-date: /home/iris/iris/iris_ws/install/micro_ros_setup/./config/freertos/nucleo_f446re/board.repos
[3.258s] -- Up-to-date: /home/iris/iris/iris_ws/install/micro_ros_setup/./config/freertos/nucleo_f446re/package.xml
[3.259s] -- Up-to-date: /home/iris/iris/iris_ws/install/micro_ros_setup/./config/freertos/crazyflie21
[3.259s] -- Up-to-date: /home/iris/iris/iris_ws/install/micro_ros_setup/./config/freertos/crazyflie21/flash.sh
[3.259s] -- Up-to-date: /home/iris/iris/iris_ws/install/micro_ros_setup/./config/freertos/crazyflie21/client_uros_packages.repos
[3.260s] -- Up-to-date: /home/iris/iris/iris_ws/install/micro_ros_setup/./config/freertos/crazyflie21/client-colcon.meta
[3.261s] -- Up-to-date: /home/iris/iris/iris_ws/install/micro_ros_setup/./config/freertos/crazyflie21/build.sh
[3.261s] -- Up-to-date: /home/iris/iris/iris_ws/install/micro_ros_setup/./config/freertos/crazyflie21/create.sh
[3.261s] -- Up-to-date: /home/iris/iris/iris_ws/install/micro_ros_setup/./config/freertos/crazyflie21/configure.sh
[3.262s] -- Up-to-date: /home/iris/iris/iris_ws/install/micro_ros_setup/./config/freertos/crazyflie21/board.repos
[3.262s] -- Up-to-date: /home/iris/iris/iris_ws/install/micro_ros_setup/./config/freertos/crazyflie21/package.xml
[3.262s] -- Up-to-date: /home/iris/iris/iris_ws/install/micro_ros_setup/./config/agent_uros_packages.repos
[3.263s] -- Up-to-date: /home/iris/iris/iris_ws/install/micro_ros_setup/./config/zephyr
[3.263s] -- Up-to-date: /home/iris/iris/iris_ws/install/micro_ros_setup/./config/zephyr/list_apps.sh
[3.263s] -- Up-to-date: /home/iris/iris/iris_ws/install/micro_ros_setup/./config/zephyr/generic
[3.264s] -- Up-to-date: /home/iris/iris/iris_ws/install/micro_ros_setup/./config/zephyr/generic/flash.sh
[3.281s] -- Up-to-date: /home/iris/iris/iris_ws/install/micro_ros_setup/./config/zephyr/generic/client_uros_packages.repos
[3.281s] -- Up-to-date: /home/iris/iris/iris_ws/install/micro_ros_setup/./config/zephyr/generic/supported_platforms
[3.282s] -- Up-to-date: /home/iris/iris/iris_ws/install/micro_ros_setup/./config/zephyr/generic/client-colcon.meta
[3.282s] -- Up-to-date: /home/iris/iris/iris_ws/install/micro_ros_setup/./config/zephyr/generic/build.sh
[3.283s] -- Up-to-date: /home/iris/iris/iris_ws/install/micro_ros_setup/./config/zephyr/generic/create.sh
[3.283s] -- Up-to-date: /home/iris/iris/iris_ws/install/micro_ros_setup/./config/zephyr/generic/configure.sh
[3.283s] -- Up-to-date: /home/iris/iris/iris_ws/install/micro_ros_setup/./config/zephyr/generic/board.repos
[3.284s] -- Up-to-date: /home/iris/iris/iris_ws/install/micro_ros_setup/./config/zephyr/generic/package.xml
[3.285s] -- Up-to-date: /home/iris/iris/iris_ws/install/micro_ros_setup/./config/zephyr/dev_ros2_packages.txt
[3.285s] -- Up-to-date: /home/iris/iris/iris_ws/install/micro_ros_setup/./config/zephyr/dev_uros_packages.repos
[3.286s] -- Up-to-date: /home/iris/iris/iris_ws/install/micro_ros_setup/./config/client_ros2_packages.txt
[3.286s] -- Up-to-date: /home/iris/iris/iris_ws/install/micro_ros_setup/./config/utils.sh
[3.287s] -- Up-to-date: /home/iris/iris/iris_ws/install/micro_ros_setup/./config/host
[3.288s] -- Up-to-date: /home/iris/iris/iris_ws/install/micro_ros_setup/./config/host/generic
[3.289s] -- Up-to-date: /home/iris/iris/iris_ws/install/micro_ros_setup/./config/host/generic/flash.sh
[3.289s] -- Up-to-date: /home/iris/iris/iris_ws/install/micro_ros_setup/./config/host/generic/build.sh
[3.290s] -- Up-to-date: /home/iris/iris/iris_ws/install/micro_ros_setup/./config/host/generic/create.sh
[3.290s] -- Up-to-date: /home/iris/iris/iris_ws/install/micro_ros_setup/./config/host/generic/client_host_packages.repos
[3.291s] -- Up-to-date: /home/iris/iris/iris_ws/install/micro_ros_setup/./config/host/generic/client-host-colcon.meta
[3.291s] -- Up-to-date: /home/iris/iris/iris_ws/install/micro_ros_setup/./config/host/generic/package.xml
[3.292s] -- Up-to-date: /home/iris/iris/iris_ws/install/micro_ros_setup/./config/host/dev_ros2_packages.txt
[3.292s] -- Up-to-date: /home/iris/iris/iris_ws/install/micro_ros_setup/./config/host/client_ros2_packages.txt
[3.293s] -- Up-to-date: /home/iris/iris/iris_ws/install/micro_ros_setup/./config/host/dev_uros_packages.repos
[3.293s] -- Up-to-date: /home/iris/iris/iris_ws/install/micro_ros_setup/./config/android
[3.294s] -- Up-to-date: /home/iris/iris/iris_ws/install/micro_ros_setup/./config/android/generic
[3.294s] -- Up-to-date: /home/iris/iris/iris_ws/install/micro_ros_setup/./config/android/generic/flash.sh
[3.295s] -- Up-to-date: /home/iris/iris/iris_ws/install/micro_ros_setup/./config/android/generic/client_uros_packages.repos
[3.296s] -- Up-to-date: /home/iris/iris/iris_ws/install/micro_ros_setup/./config/android/generic/client-colcon.meta
[3.296s] -- Up-to-date: /home/iris/iris/iris_ws/install/micro_ros_setup/./config/android/generic/build.sh
[3.297s] -- Up-to-date: /home/iris/iris/iris_ws/install/micro_ros_setup/./config/android/generic/create.sh
[3.297s] -- Up-to-date: /home/iris/iris/iris_ws/install/micro_ros_setup/./config/android/generic/package.xml
[3.298s] -- Up-to-date: /home/iris/iris/iris_ws/install/micro_ros_setup/./config/android/dev_ros2_packages.txt
[3.299s] -- Up-to-date: /home/iris/iris/iris_ws/install/micro_ros_setup/./config/android/dev_uros_packages.repos
[3.299s] -- Up-to-date: /home/iris/iris/iris_ws/install/micro_ros_setup/./config/renesas_ra
[3.320s] -- Up-to-date: /home/iris/iris/iris_ws/install/micro_ros_setup/./config/renesas_ra/list_apps.sh
[3.323s] -- Up-to-date: /home/iris/iris/iris_ws/install/micro_ros_setup/./config/renesas_ra/dev_ros2_packages.txt
[3.323s] -- Up-to-date: /home/iris/iris/iris_ws/install/micro_ros_setup/./config/renesas_ra/dev_uros_packages.repos
[3.324s] -- Up-to-date: /home/iris/iris/iris_ws/install/micro_ros_setup/./config/renesas_ra/ra6m5
[3.325s] -- Up-to-date: /home/iris/iris/iris_ws/install/micro_ros_setup/./config/renesas_ra/ra6m5/flash.sh
[3.325s] -- Up-to-date: /home/iris/iris/iris_ws/install/micro_ros_setup/./config/renesas_ra/ra6m5/client_uros_packages.repos
[3.326s] -- Up-to-date: /home/iris/iris/iris_ws/install/micro_ros_setup/./config/renesas_ra/ra6m5/client-colcon.meta
[3.327s] -- Up-to-date: /home/iris/iris/iris_ws/install/micro_ros_setup/./config/renesas_ra/ra6m5/build.sh
[3.327s] -- Up-to-date: /home/iris/iris/iris_ws/install/micro_ros_setup/./config/renesas_ra/ra6m5/create.sh
[3.328s] -- Up-to-date: /home/iris/iris/iris_ws/install/micro_ros_setup/./config/renesas_ra/ra6m5/configure.sh
[3.329s] -- Up-to-date: /home/iris/iris/iris_ws/install/micro_ros_setup/./config/renesas_ra/ra6m5/board.repos
[3.329s] -- Up-to-date: /home/iris/iris/iris_ws/install/micro_ros_setup/./config/mbed
[3.330s] -- Up-to-date: /home/iris/iris/iris_ws/install/micro_ros_setup/./config/mbed/list_apps.sh
[3.330s] -- Up-to-date: /home/iris/iris/iris_ws/install/micro_ros_setup/./config/mbed/generic
[3.331s] -- Up-to-date: /home/iris/iris/iris_ws/install/micro_ros_setup/./config/mbed/generic/flash.sh
[3.332s] -- Up-to-date: /home/iris/iris/iris_ws/install/micro_ros_setup/./config/mbed/generic/client_uros_packages.repos
[3.333s] -- Up-to-date: /home/iris/iris/iris_ws/install/micro_ros_setup/./config/mbed/generic/supported_platforms
[3.333s] -- Up-to-date: /home/iris/iris/iris_ws/install/micro_ros_setup/./config/mbed/generic/build.sh
[3.334s] -- Up-to-date: /home/iris/iris/iris_ws/install/micro_ros_setup/./config/mbed/generic/create.sh
[3.335s] -- Up-to-date: /home/iris/iris/iris_ws/install/micro_ros_setup/./config/mbed/generic/board.repos
[3.352s] -- Up-to-date: /home/iris/iris/iris_ws/install/micro_ros_setup/./config/mbed/generic/package.xml
[3.353s] -- Up-to-date: /home/iris/iris/iris_ws/install/micro_ros_setup/./config/mbed/dev_ros2_packages.txt
[3.353s] -- Up-to-date: /home/iris/iris/iris_ws/install/micro_ros_setup/./config/mbed/dev_uros_packages.repos
[3.354s] -- Up-to-date: /home/iris/iris/iris_ws/install/micro_ros_setup/./config/agent_ros2_packages.txt
[3.355s] -- Up-to-date: /home/iris/iris/iris_ws/install/micro_ros_setup/./config/raspbian
[3.355s] -- Up-to-date: /home/iris/iris/iris_ws/install/micro_ros_setup/./config/raspbian/generic
[3.356s] -- Up-to-date: /home/iris/iris/iris_ws/install/micro_ros_setup/./config/raspbian/generic/flash.sh
[3.357s] -- Up-to-date: /home/iris/iris/iris_ws/install/micro_ros_setup/./config/raspbian/generic/client_uros_packages.repos
[3.358s] -- Up-to-date: /home/iris/iris/iris_ws/install/micro_ros_setup/./config/raspbian/generic/supported_platforms
[3.358s] -- Up-to-date: /home/iris/iris/iris_ws/install/micro_ros_setup/./config/raspbian/generic/client-colcon.meta
[3.359s] -- Up-to-date: /home/iris/iris/iris_ws/install/micro_ros_setup/./config/raspbian/generic/build.sh
[3.359s] -- Up-to-date: /home/iris/iris/iris_ws/install/micro_ros_setup/./config/raspbian/generic/create.sh
[3.364s] -- Up-to-date: /home/iris/iris/iris_ws/install/micro_ros_setup/./config/raspbian/generic/configure.sh
[3.365s] -- Up-to-date: /home/iris/iris/iris_ws/install/micro_ros_setup/./config/raspbian/dev_ros2_packages.txt
[3.365s] -- Up-to-date: /home/iris/iris/iris_ws/install/micro_ros_setup/./config/raspbian/dev_uros_packages.repos
[3.366s] -- Up-to-date: /home/iris/iris/iris_ws/install/micro_ros_setup/lib/micro_ros_setup/create_ws.sh
[3.367s] -- Up-to-date: /home/iris/iris/iris_ws/install/micro_ros_setup/lib/micro_ros_setup/create_agent_ws.sh
[3.367s] -- Up-to-date: /home/iris/iris/iris_ws/install/micro_ros_setup/lib/micro_ros_setup/create_firmware_ws.sh
[3.368s] -- Up-to-date: /home/iris/iris/iris_ws/install/micro_ros_setup/lib/micro_ros_setup/configure_firmware.sh
[3.369s] -- Up-to-date: /home/iris/iris/iris_ws/install/micro_ros_setup/lib/micro_ros_setup/flash_firmware.sh
[3.369s] -- Up-to-date: /home/iris/iris/iris_ws/install/micro_ros_setup/lib/micro_ros_setup/build_firmware.sh
[3.369s] -- Up-to-date: /home/iris/iris/iris_ws/install/micro_ros_setup/lib/micro_ros_setup/build_agent.sh
[3.370s] -- Up-to-date: /home/iris/iris/iris_ws/install/micro_ros_setup/lib/micro_ros_setup/yaml_filter.py
[3.371s] -- Up-to-date: /home/iris/iris/iris_ws/install/micro_ros_setup/lib/micro_ros_setup/clean_env.sh
[3.371s] -- Up-to-date: /home/iris/iris/iris_ws/install/micro_ros_setup/lib/micro_ros_setup/component
[3.388s] Invoked command in '/home/iris/iris/iris_ws/build/micro_ros_setup' returned '0': CMAKE_PREFIX_PATH=${CMAKE_PREFIX_PATH}:/home/iris/iris/iris_ws/install/iris_vision:/opt/ros/humble /usr/bin/cmake --install /home/iris/iris/iris_ws/build/micro_ros_setup
