[0.850s] Invoking command in '/home/iris/iris/iris_ws/build/sllidar_ros2': CMAKE_PREFIX_PATH=${CMAKE_PREFIX_PATH}:/home/iris/iris/iris_ws/install/iris_vision:/opt/ros/humble /usr/bin/cmake --build /home/iris/iris/iris_ws/build/sllidar_ros2 -- -j4 -l4
[1.183s] [ 10%] Built target sllidar_client
[1.239s] [100%] Built target sllidar_node
[1.324s] Invoked command in '/home/iris/iris/iris_ws/build/sllidar_ros2' returned '0': CMAKE_PREFIX_PATH=${CMAKE_PREFIX_PATH}:/home/iris/iris/iris_ws/install/iris_vision:/opt/ros/humble /usr/bin/cmake --build /home/iris/iris/iris_ws/build/sllidar_ros2 -- -j4 -l4
[1.848s] Invoking command in '/home/iris/iris/iris_ws/build/sllidar_ros2': CMAKE_PREFIX_PATH=${CMAKE_PREFIX_PATH}:/home/iris/iris/iris_ws/install/iris_vision:/opt/ros/humble /usr/bin/cmake --install /home/iris/iris/iris_ws/build/sllidar_ros2
[1.891s] -- Install configuration: ""
[1.906s] -- Execute custom install script
[1.914s] -- Up-to-date symlink: /home/iris/iris/iris_ws/install/sllidar_ros2/share/sllidar_ros2/launch/sllidar_a1_launch.py
[1.919s] -- Up-to-date symlink: /home/iris/iris/iris_ws/install/sllidar_ros2/share/sllidar_ros2/launch/sllidar_a2m12_launch .py
[1.923s] -- Up-to-date symlink: /home/iris/iris/iris_ws/install/sllidar_ros2/share/sllidar_ros2/launch/sllidar_a2m7_launch.py
[1.923s] -- Up-to-date symlink: /home/iris/iris/iris_ws/install/sllidar_ros2/share/sllidar_ros2/launch/sllidar_a2m8_launch.py
[1.929s] -- Up-to-date symlink: /home/iris/iris/iris_ws/install/sllidar_ros2/share/sllidar_ros2/launch/sllidar_a3_launch.py
[1.933s] -- Up-to-date symlink: /home/iris/iris/iris_ws/install/sllidar_ros2/share/sllidar_ros2/launch/sllidar_c1_launch.py
[1.934s] -- Up-to-date symlink: /home/iris/iris/iris_ws/install/sllidar_ros2/share/sllidar_ros2/launch/sllidar_s1_launch.py
[1.934s] -- Up-to-date symlink: /home/iris/iris/iris_ws/install/sllidar_ros2/share/sllidar_ros2/launch/sllidar_s1_tcp_launch.py
[1.935s] -- Up-to-date symlink: /home/iris/iris/iris_ws/install/sllidar_ros2/share/sllidar_ros2/launch/sllidar_s2_launch.py
[1.935s] -- Up-to-date symlink: /home/iris/iris/iris_ws/install/sllidar_ros2/share/sllidar_ros2/launch/sllidar_s2e_launch.py
[1.936s] -- Up-to-date symlink: /home/iris/iris/iris_ws/install/sllidar_ros2/share/sllidar_ros2/launch/sllidar_s3_launch.py
[1.936s] -- Up-to-date symlink: /home/iris/iris/iris_ws/install/sllidar_ros2/share/sllidar_ros2/launch/sllidar_t1_launch.py
[1.936s] -- Up-to-date symlink: /home/iris/iris/iris_ws/install/sllidar_ros2/share/sllidar_ros2/launch/view_sllidar_a1_launch.py
[1.937s] -- Up-to-date symlink: /home/iris/iris/iris_ws/install/sllidar_ros2/share/sllidar_ros2/launch/view_sllidar_a2m12_launch.py
[1.937s] -- Up-to-date symlink: /home/iris/iris/iris_ws/install/sllidar_ros2/share/sllidar_ros2/launch/view_sllidar_a2m7_launch.py
[1.937s] -- Up-to-date symlink: /home/iris/iris/iris_ws/install/sllidar_ros2/share/sllidar_ros2/launch/view_sllidar_a2m8_launch.py
[1.938s] -- Up-to-date symlink: /home/iris/iris/iris_ws/install/sllidar_ros2/share/sllidar_ros2/launch/view_sllidar_a3_launch.py
[1.938s] -- Up-to-date symlink: /home/iris/iris/iris_ws/install/sllidar_ros2/share/sllidar_ros2/launch/view_sllidar_c1_launch.py
[1.939s] -- Up-to-date symlink: /home/iris/iris/iris_ws/install/sllidar_ros2/share/sllidar_ros2/launch/view_sllidar_s1_launch.py
[1.939s] -- Up-to-date symlink: /home/iris/iris/iris_ws/install/sllidar_ros2/share/sllidar_ros2/launch/view_sllidar_s1_tcp_launch.py
[1.940s] -- Up-to-date symlink: /home/iris/iris/iris_ws/install/sllidar_ros2/share/sllidar_ros2/launch/view_sllidar_s2_launch.py
[1.940s] -- Up-to-date symlink: /home/iris/iris/iris_ws/install/sllidar_ros2/share/sllidar_ros2/launch/view_sllidar_s2e_launch.py
[1.940s] -- Up-to-date symlink: /home/iris/iris/iris_ws/install/sllidar_ros2/share/sllidar_ros2/launch/view_sllidar_s3_launch.py
[1.941s] -- Up-to-date symlink: /home/iris/iris/iris_ws/install/sllidar_ros2/share/sllidar_ros2/launch/view_sllidar_t1_launch.py
[1.941s] -- Up-to-date symlink: /home/iris/iris/iris_ws/install/sllidar_ros2/share/sllidar_ros2/rviz/sllidar_ros2.rviz
[1.950s] -- Up-to-date symlink: /home/iris/iris/iris_ws/install/sllidar_ros2/lib/sllidar_ros2/sllidar_node
[1.950s] -- Up-to-date symlink: /home/iris/iris/iris_ws/install/sllidar_ros2/lib/sllidar_ros2/sllidar_client
[1.951s] -- Up-to-date symlink: /home/iris/iris/iris_ws/install/sllidar_ros2/share/ament_index/resource_index/package_run_dependencies/sllidar_ros2
[1.951s] -- Up-to-date symlink: /home/iris/iris/iris_ws/install/sllidar_ros2/share/ament_index/resource_index/parent_prefix_path/sllidar_ros2
[1.952s] -- Up-to-date symlink: /home/iris/iris/iris_ws/install/sllidar_ros2/share/sllidar_ros2/environment/ament_prefix_path.sh
[1.952s] -- Up-to-date symlink: /home/iris/iris/iris_ws/install/sllidar_ros2/share/sllidar_ros2/environment/ament_prefix_path.dsv
[1.953s] -- Up-to-date symlink: /home/iris/iris/iris_ws/install/sllidar_ros2/share/sllidar_ros2/environment/path.sh
[1.953s] -- Up-to-date symlink: /home/iris/iris/iris_ws/install/sllidar_ros2/share/sllidar_ros2/environment/path.dsv
[1.953s] -- Up-to-date symlink: /home/iris/iris/iris_ws/install/sllidar_ros2/share/sllidar_ros2/local_setup.bash
[1.966s] -- Up-to-date symlink: /home/iris/iris/iris_ws/install/sllidar_ros2/share/sllidar_ros2/local_setup.sh
[1.967s] -- Up-to-date symlink: /home/iris/iris/iris_ws/install/sllidar_ros2/share/sllidar_ros2/local_setup.zsh
[1.967s] -- Up-to-date symlink: /home/iris/iris/iris_ws/install/sllidar_ros2/share/sllidar_ros2/local_setup.dsv
[1.968s] -- Symlinking: /home/iris/iris/iris_ws/install/sllidar_ros2/share/sllidar_ros2/package.dsv
[1.990s] -- Up-to-date symlink: /home/iris/iris/iris_ws/install/sllidar_ros2/share/ament_index/resource_index/packages/sllidar_ros2
[1.991s] -- Up-to-date symlink: /home/iris/iris/iris_ws/install/sllidar_ros2/share/sllidar_ros2/cmake/ament_cmake_export_dependencies-extras.cmake
[1.991s] -- Up-to-date symlink: /home/iris/iris/iris_ws/install/sllidar_ros2/share/sllidar_ros2/cmake/ament_cmake_export_include_directories-extras.cmake
[1.992s] -- Up-to-date symlink: /home/iris/iris/iris_ws/install/sllidar_ros2/share/sllidar_ros2/cmake/sllidar_ros2Config.cmake
[1.992s] -- Up-to-date symlink: /home/iris/iris/iris_ws/install/sllidar_ros2/share/sllidar_ros2/cmake/sllidar_ros2Config-version.cmake
[1.993s] -- Up-to-date symlink: /home/iris/iris/iris_ws/install/sllidar_ros2/share/sllidar_ros2/package.xml
[2.011s] Invoked command in '/home/iris/iris/iris_ws/build/sllidar_ros2' returned '0': CMAKE_PREFIX_PATH=${CMAKE_PREFIX_PATH}:/home/iris/iris/iris_ws/install/iris_vision:/opt/ros/humble /usr/bin/cmake --install /home/iris/iris/iris_ws/build/sllidar_ros2
