-- The C compiler identification is GNU 11.4.0
-- The CXX compiler identification is GNU 11.4.0
-- Detecting C compiler ABI info
-- Detecting C compiler ABI info - done
-- Check for working C compiler: /usr/bin/cc - skipped
-- Detecting C compile features
-- Detecting C compile features - done
-- Detecting CXX compiler ABI info
-- Detecting CXX compiler ABI info - done
-- Check for working CXX compiler: /usr/bin/c++ - skipped
-- Detecting CXX compile features
-- Detecting CXX compile features - done
-- Found ament_cmake: 1.3.7 (/opt/ros/humble/share/ament_cmake/cmake)
-- Found Python3: /usr/bin/python3.10 (found version "3.10.12") found components: Interpreter 
-- Override CMake install command with custom implementation using symlinks instead of copying resources
-- Found ament_lint_auto: 0.12.10 (/opt/ros/humble/share/ament_lint_auto/cmake)
-- Added test 'cppcheck' to perform static code analysis on C / C++ code
-- Configured cppcheck include dirs: $<BUILD_INTERFACE:/home/iris/iris/iris_ws/src/ralph6/include>
-- Configured cppcheck exclude dirs and/or files: 
-- Added test 'flake8' to check Python code syntax and style conventions
-- Added test 'lint_cmake' to check CMake code style
-- Added test 'pep257' to check Python code against some of the docstring style conventions in PEP 257
-- Added test 'uncrustify' to check C / C++ code style
-- Configured uncrustify additional arguments: 
-- Added test 'xmllint' to check XML markup files
-- Configuring done
-- Generating done
-- Build files have been written to: /home/iris/iris/iris_ws/build/ralph6
[ 50%] [32mBuilding CXX object CMakeFiles/test_node.dir/src/test_node.cpp.o[0m
[100%] [32m[1mLinking CXX executable test_node[0m
[100%] Built target test_node
-- Install configuration: ""
-- Execute custom install script
-- Symlinking: /home/iris/iris/iris_ws/install/ralph6/lib/ralph6/test_node
-- Symlinking: /home/iris/iris/iris_ws/install/ralph6/share/ament_index/resource_index/package_run_dependencies/ralph6
-- Symlinking: /home/iris/iris/iris_ws/install/ralph6/share/ament_index/resource_index/parent_prefix_path/ralph6
-- Symlinking: /home/iris/iris/iris_ws/install/ralph6/share/ralph6/environment/ament_prefix_path.sh
-- Symlinking: /home/iris/iris/iris_ws/install/ralph6/share/ralph6/environment/ament_prefix_path.dsv
-- Symlinking: /home/iris/iris/iris_ws/install/ralph6/share/ralph6/environment/path.sh
-- Symlinking: /home/iris/iris/iris_ws/install/ralph6/share/ralph6/environment/path.dsv
-- Symlinking: /home/iris/iris/iris_ws/install/ralph6/share/ralph6/local_setup.bash
-- Symlinking: /home/iris/iris/iris_ws/install/ralph6/share/ralph6/local_setup.sh
-- Symlinking: /home/iris/iris/iris_ws/install/ralph6/share/ralph6/local_setup.zsh
-- Symlinking: /home/iris/iris/iris_ws/install/ralph6/share/ralph6/local_setup.dsv
-- Symlinking: /home/iris/iris/iris_ws/install/ralph6/share/ralph6/package.dsv
-- Symlinking: /home/iris/iris/iris_ws/install/ralph6/share/ament_index/resource_index/packages/ralph6
-- Symlinking: /home/iris/iris/iris_ws/install/ralph6/share/ralph6/cmake/ralph6Config.cmake
-- Symlinking: /home/iris/iris/iris_ws/install/ralph6/share/ralph6/cmake/ralph6Config-version.cmake
-- Symlinking: /home/iris/iris/iris_ws/install/ralph6/share/ralph6/package.xml
