[0.901s] Invoking command in '/home/iris/iris/iris_ws/build/sllidar_ros2': CMAKE_PREFIX_PATH=${CMAKE_PREFIX_PATH}:/home/iris/iris/install/iris_vision:/opt/ros/humble /usr/bin/cmake --build /home/iris/iris/iris_ws/build/sllidar_ros2 -- -j4 -l4
[1.289s] [35m[1mConsolidate compiler generated dependencies of target sllidar_node[0m
[1.290s] [35m[1mConsolidate compiler generated dependencies of target sllidar_client[0m
[1.492s] [ 10%] Built target sllidar_client
[1.610s] [100%] Built target sllidar_node
[2.089s] Invoked command in '/home/iris/iris/iris_ws/build/sllidar_ros2' returned '0': CMAKE_PREFIX_PATH=${CMAKE_PREFIX_PATH}:/home/iris/iris/install/iris_vision:/opt/ros/humble /usr/bin/cmake --build /home/iris/iris/iris_ws/build/sllidar_ros2 -- -j4 -l4
[2.620s] Invoking command in '/home/iris/iris/iris_ws/build/sllidar_ros2': CMAKE_PREFIX_PATH=${CMAKE_PREFIX_PATH}:/home/iris/iris/install/iris_vision:/opt/ros/humble /usr/bin/cmake --install /home/iris/iris/iris_ws/build/sllidar_ros2
[2.718s] -- Install configuration: ""
[2.722s] -- Execute custom install script
[2.730s] -- Up-to-date symlink: /home/iris/iris/iris_ws/install/sllidar_ros2/share/sllidar_ros2/launch/sllidar_a1_launch.py
[2.735s] -- Up-to-date symlink: /home/iris/iris/iris_ws/install/sllidar_ros2/share/sllidar_ros2/launch/sllidar_a2m12_launch .py
[2.738s] -- Up-to-date symlink: /home/iris/iris/iris_ws/install/sllidar_ros2/share/sllidar_ros2/launch/sllidar_a2m7_launch.py
[2.743s] -- Up-to-date symlink: /home/iris/iris/iris_ws/install/sllidar_ros2/share/sllidar_ros2/launch/sllidar_a2m8_launch.py
[2.755s] -- Up-to-date symlink: /home/iris/iris/iris_ws/install/sllidar_ros2/share/sllidar_ros2/launch/sllidar_a3_launch.py
[2.760s] -- Up-to-date symlink: /home/iris/iris/iris_ws/install/sllidar_ros2/share/sllidar_ros2/launch/sllidar_c1_launch.py
[2.765s] -- Up-to-date symlink: /home/iris/iris/iris_ws/install/sllidar_ros2/share/sllidar_ros2/launch/sllidar_s1_launch.py
[2.770s] -- Up-to-date symlink: /home/iris/iris/iris_ws/install/sllidar_ros2/share/sllidar_ros2/launch/sllidar_s1_tcp_launch.py
[2.774s] -- Up-to-date symlink: /home/iris/iris/iris_ws/install/sllidar_ros2/share/sllidar_ros2/launch/sllidar_s2_launch.py
[2.778s] -- Up-to-date symlink: /home/iris/iris/iris_ws/install/sllidar_ros2/share/sllidar_ros2/launch/sllidar_s2e_launch.py
[2.782s] -- Up-to-date symlink: /home/iris/iris/iris_ws/install/sllidar_ros2/share/sllidar_ros2/launch/sllidar_s3_launch.py
[2.788s] -- Up-to-date symlink: /home/iris/iris/iris_ws/install/sllidar_ros2/share/sllidar_ros2/launch/sllidar_t1_launch.py
[2.792s] -- Up-to-date symlink: /home/iris/iris/iris_ws/install/sllidar_ros2/share/sllidar_ros2/launch/view_sllidar_a1_launch.py
[2.796s] -- Up-to-date symlink: /home/iris/iris/iris_ws/install/sllidar_ros2/share/sllidar_ros2/launch/view_sllidar_a2m12_launch.py
[2.800s] -- Up-to-date symlink: /home/iris/iris/iris_ws/install/sllidar_ros2/share/sllidar_ros2/launch/view_sllidar_a2m7_launch.py
[2.804s] -- Up-to-date symlink: /home/iris/iris/iris_ws/install/sllidar_ros2/share/sllidar_ros2/launch/view_sllidar_a2m8_launch.py
[2.807s] -- Up-to-date symlink: /home/iris/iris/iris_ws/install/sllidar_ros2/share/sllidar_ros2/launch/view_sllidar_a3_launch.py
[2.810s] -- Up-to-date symlink: /home/iris/iris/iris_ws/install/sllidar_ros2/share/sllidar_ros2/launch/view_sllidar_c1_launch.py
[2.815s] -- Up-to-date symlink: /home/iris/iris/iris_ws/install/sllidar_ros2/share/sllidar_ros2/launch/view_sllidar_s1_launch.py
[2.819s] -- Up-to-date symlink: /home/iris/iris/iris_ws/install/sllidar_ros2/share/sllidar_ros2/launch/view_sllidar_s1_tcp_launch.py
[2.822s] -- Up-to-date symlink: /home/iris/iris/iris_ws/install/sllidar_ros2/share/sllidar_ros2/launch/view_sllidar_s2_launch.py
[2.825s] -- Up-to-date symlink: /home/iris/iris/iris_ws/install/sllidar_ros2/share/sllidar_ros2/launch/view_sllidar_s2e_launch.py
[2.829s] -- Up-to-date symlink: /home/iris/iris/iris_ws/install/sllidar_ros2/share/sllidar_ros2/launch/view_sllidar_s3_launch.py
[2.832s] -- Up-to-date symlink: /home/iris/iris/iris_ws/install/sllidar_ros2/share/sllidar_ros2/launch/view_sllidar_t1_launch.py
[2.836s] -- Up-to-date symlink: /home/iris/iris/iris_ws/install/sllidar_ros2/share/sllidar_ros2/rviz/sllidar_ros2.rviz
[2.840s] -- Up-to-date symlink: /home/iris/iris/iris_ws/install/sllidar_ros2/lib/sllidar_ros2/sllidar_node
[2.845s] -- Up-to-date symlink: /home/iris/iris/iris_ws/install/sllidar_ros2/lib/sllidar_ros2/sllidar_client
[2.848s] -- Up-to-date symlink: /home/iris/iris/iris_ws/install/sllidar_ros2/share/ament_index/resource_index/package_run_dependencies/sllidar_ros2
[2.854s] -- Up-to-date symlink: /home/iris/iris/iris_ws/install/sllidar_ros2/share/ament_index/resource_index/parent_prefix_path/sllidar_ros2
[2.860s] -- Up-to-date symlink: /home/iris/iris/iris_ws/install/sllidar_ros2/share/sllidar_ros2/environment/ament_prefix_path.sh
[2.863s] -- Up-to-date symlink: /home/iris/iris/iris_ws/install/sllidar_ros2/share/sllidar_ros2/environment/ament_prefix_path.dsv
[2.867s] -- Up-to-date symlink: /home/iris/iris/iris_ws/install/sllidar_ros2/share/sllidar_ros2/environment/path.sh
[2.871s] -- Up-to-date symlink: /home/iris/iris/iris_ws/install/sllidar_ros2/share/sllidar_ros2/environment/path.dsv
[2.874s] -- Up-to-date symlink: /home/iris/iris/iris_ws/install/sllidar_ros2/share/sllidar_ros2/local_setup.bash
[2.878s] -- Up-to-date symlink: /home/iris/iris/iris_ws/install/sllidar_ros2/share/sllidar_ros2/local_setup.sh
[2.882s] -- Up-to-date symlink: /home/iris/iris/iris_ws/install/sllidar_ros2/share/sllidar_ros2/local_setup.zsh
[2.895s] -- Up-to-date symlink: /home/iris/iris/iris_ws/install/sllidar_ros2/share/sllidar_ros2/local_setup.dsv
[2.896s] -- Symlinking: /home/iris/iris/iris_ws/install/sllidar_ros2/share/sllidar_ros2/package.dsv
[2.921s] -- Up-to-date symlink: /home/iris/iris/iris_ws/install/sllidar_ros2/share/ament_index/resource_index/packages/sllidar_ros2
[2.921s] -- Up-to-date symlink: /home/iris/iris/iris_ws/install/sllidar_ros2/share/sllidar_ros2/cmake/ament_cmake_export_dependencies-extras.cmake
[2.922s] -- Up-to-date symlink: /home/iris/iris/iris_ws/install/sllidar_ros2/share/sllidar_ros2/cmake/ament_cmake_export_include_directories-extras.cmake
[2.922s] -- Up-to-date symlink: /home/iris/iris/iris_ws/install/sllidar_ros2/share/sllidar_ros2/cmake/sllidar_ros2Config.cmake
[2.923s] -- Up-to-date symlink: /home/iris/iris/iris_ws/install/sllidar_ros2/share/sllidar_ros2/cmake/sllidar_ros2Config-version.cmake
[2.923s] -- Up-to-date symlink: /home/iris/iris/iris_ws/install/sllidar_ros2/share/sllidar_ros2/package.xml
[2.924s] Invoked command in '/home/iris/iris/iris_ws/build/sllidar_ros2' returned '0': CMAKE_PREFIX_PATH=${CMAKE_PREFIX_PATH}:/home/iris/iris/install/iris_vision:/opt/ros/humble /usr/bin/cmake --install /home/iris/iris/iris_ws/build/sllidar_ros2
