[5.580s] Invoking command in '/home/iris/iris/iris_ws/src/iris_vision': PYTHONPATH=/home/iris/iris/iris_ws/build/iris_vision/prefix_override:/home/iris/iris/iris_ws/install/iris_vision/lib/python3.10/site-packages:${PYTHONPATH} /usr/bin/python3 setup.py egg_info --egg-base ../../build/iris_vision build --build-base /home/iris/iris/iris_ws/build/iris_vision/build install --record /home/iris/iris/iris_ws/build/iris_vision/install.log --single-version-externally-managed
[6.970s] running egg_info
[6.978s] writing ../../build/iris_vision/iris_vision.egg-info/PKG-INFO
[6.986s] writing dependency_links to ../../build/iris_vision/iris_vision.egg-info/dependency_links.txt
[7.047s] writing entry points to ../../build/iris_vision/iris_vision.egg-info/entry_points.txt
[7.056s] writing requirements to ../../build/iris_vision/iris_vision.egg-info/requires.txt
[7.059s] writing top-level names to ../../build/iris_vision/iris_vision.egg-info/top_level.txt
[7.062s] /usr/lib/python3/dist-packages/setuptools/command/install.py:34: SetuptoolsDeprecationWarning: setup.py install is deprecated. Use build and pip and other standards-based tools.
[7.066s]   warnings.warn(
[7.069s] Sorry: IndentationError: unindent does not match any outer indentation level (image_sub.py, line 28)
[7.073s] reading manifest file '../../build/iris_vision/iris_vision.egg-info/SOURCES.txt'
[7.077s] writing manifest file '../../build/iris_vision/iris_vision.egg-info/SOURCES.txt'
[7.084s] running build
[7.088s] running build_py
[7.095s] copying iris_vision/image_sub.py -> /home/iris/iris/iris_ws/build/iris_vision/build/lib/iris_vision
[7.098s] running install
[7.102s] running install_lib
[7.103s] copying /home/iris/iris/iris_ws/build/iris_vision/build/lib/iris_vision/image_sub.py -> /home/iris/iris/iris_ws/install/iris_vision/lib/python3.10/site-packages/iris_vision
[7.109s] byte-compiling /home/iris/iris/iris_ws/install/iris_vision/lib/python3.10/site-packages/iris_vision/image_sub.py to image_sub.cpython-310.pyc
[7.112s] running install_data
[7.115s] running install_egg_info
[7.118s] removing '/home/iris/iris/iris_ws/install/iris_vision/lib/python3.10/site-packages/iris_vision-0.0.0-py3.10.egg-info' (and everything under it)
[7.122s] Copying ../../build/iris_vision/iris_vision.egg-info to /home/iris/iris/iris_ws/install/iris_vision/lib/python3.10/site-packages/iris_vision-0.0.0-py3.10.egg-info
[7.126s] running install_scripts
[7.190s] Installing testsub script to /home/iris/iris/iris_ws/install/iris_vision/lib/iris_vision
[7.206s] writing list of installed files to '/home/iris/iris/iris_ws/build/iris_vision/install.log'
[7.401s] Invoked command in '/home/iris/iris/iris_ws/src/iris_vision' returned '0': PYTHONPATH=/home/iris/iris/iris_ws/build/iris_vision/prefix_override:/home/iris/iris/iris_ws/install/iris_vision/lib/python3.10/site-packages:${PYTHONPATH} /usr/bin/python3 setup.py egg_info --egg-base ../../build/iris_vision build --build-base /home/iris/iris/iris_ws/build/iris_vision/build install --record /home/iris/iris/iris_ws/build/iris_vision/install.log --single-version-externally-managed
