[0.810s] Invoking command in '/home/iris/iris/iris_ws/build/sllidar_ros2': CMAKE_PREFIX_PATH=${CMAKE_PREFIX_PATH}:/home/iris/iris/iris_ws/install/iris_vision:/home/iris/iris/install/iris_vision:/opt/ros/humble /usr/bin/cmake --build /home/iris/iris/iris_ws/build/sllidar_ros2 -- -j4 -l4
[1.093s] [ 10%] Built target sllidar_client
[1.125s] [100%] Built target sllidar_node
[1.175s] Invoked command in '/home/iris/iris/iris_ws/build/sllidar_ros2' returned '0': CMAKE_PREFIX_PATH=${CMAKE_PREFIX_PATH}:/home/iris/iris/iris_ws/install/iris_vision:/home/iris/iris/install/iris_vision:/opt/ros/humble /usr/bin/cmake --build /home/iris/iris/iris_ws/build/sllidar_ros2 -- -j4 -l4
[1.591s] Invoking command in '/home/iris/iris/iris_ws/build/sllidar_ros2': CMAKE_PREFIX_PATH=${CMAKE_PREFIX_PATH}:/home/iris/iris/iris_ws/install/iris_vision:/home/iris/iris/install/iris_vision:/opt/ros/humble /usr/bin/cmake --install /home/iris/iris/iris_ws/build/sllidar_ros2
[1.622s] -- Install configuration: ""
[1.626s] -- Execute custom install script
[1.629s] -- Up-to-date symlink: /home/iris/iris/iris_ws/install/sllidar_ros2/share/sllidar_ros2/launch/sllidar_a1_launch.py
[1.630s] -- Up-to-date symlink: /home/iris/iris/iris_ws/install/sllidar_ros2/share/sllidar_ros2/launch/sllidar_a2m12_launch .py
[1.633s] -- Up-to-date symlink: /home/iris/iris/iris_ws/install/sllidar_ros2/share/sllidar_ros2/launch/sllidar_a2m7_launch.py
[1.634s] -- Up-to-date symlink: /home/iris/iris/iris_ws/install/sllidar_ros2/share/sllidar_ros2/launch/sllidar_a2m8_launch.py
[1.635s] -- Up-to-date symlink: /home/iris/iris/iris_ws/install/sllidar_ros2/share/sllidar_ros2/launch/sllidar_a3_launch.py
[1.635s] -- Up-to-date symlink: /home/iris/iris/iris_ws/install/sllidar_ros2/share/sllidar_ros2/launch/sllidar_c1_launch.py
[1.636s] -- Up-to-date symlink: /home/iris/iris/iris_ws/install/sllidar_ros2/share/sllidar_ros2/launch/sllidar_s1_launch.py
[1.638s] -- Up-to-date symlink: /home/iris/iris/iris_ws/install/sllidar_ros2/share/sllidar_ros2/launch/sllidar_s1_tcp_launch.py
[1.639s] -- Up-to-date symlink: /home/iris/iris/iris_ws/install/sllidar_ros2/share/sllidar_ros2/launch/sllidar_s2_launch.py
[1.640s] -- Up-to-date symlink: /home/iris/iris/iris_ws/install/sllidar_ros2/share/sllidar_ros2/launch/sllidar_s2e_launch.py
[1.641s] -- Up-to-date symlink: /home/iris/iris/iris_ws/install/sllidar_ros2/share/sllidar_ros2/launch/sllidar_s3_launch.py
[1.642s] -- Up-to-date symlink: /home/iris/iris/iris_ws/install/sllidar_ros2/share/sllidar_ros2/launch/sllidar_t1_launch.py
[1.643s] -- Up-to-date symlink: /home/iris/iris/iris_ws/install/sllidar_ros2/share/sllidar_ros2/launch/view_sllidar_a1_launch.py
[1.644s] -- Up-to-date symlink: /home/iris/iris/iris_ws/install/sllidar_ros2/share/sllidar_ros2/launch/view_sllidar_a2m12_launch.py
[1.646s] -- Up-to-date symlink: /home/iris/iris/iris_ws/install/sllidar_ros2/share/sllidar_ros2/launch/view_sllidar_a2m7_launch.py
[1.647s] -- Up-to-date symlink: /home/iris/iris/iris_ws/install/sllidar_ros2/share/sllidar_ros2/launch/view_sllidar_a2m8_launch.py
[1.648s] -- Up-to-date symlink: /home/iris/iris/iris_ws/install/sllidar_ros2/share/sllidar_ros2/launch/view_sllidar_a3_launch.py
[1.649s] -- Up-to-date symlink: /home/iris/iris/iris_ws/install/sllidar_ros2/share/sllidar_ros2/launch/view_sllidar_c1_launch.py
[1.650s] -- Up-to-date symlink: /home/iris/iris/iris_ws/install/sllidar_ros2/share/sllidar_ros2/launch/view_sllidar_s1_launch.py
[1.651s] -- Up-to-date symlink: /home/iris/iris/iris_ws/install/sllidar_ros2/share/sllidar_ros2/launch/view_sllidar_s1_tcp_launch.py
[1.652s] -- Up-to-date symlink: /home/iris/iris/iris_ws/install/sllidar_ros2/share/sllidar_ros2/launch/view_sllidar_s2_launch.py
[1.653s] -- Up-to-date symlink: /home/iris/iris/iris_ws/install/sllidar_ros2/share/sllidar_ros2/launch/view_sllidar_s2e_launch.py
[1.654s] -- Up-to-date symlink: /home/iris/iris/iris_ws/install/sllidar_ros2/share/sllidar_ros2/launch/view_sllidar_s3_launch.py
[1.655s] -- Up-to-date symlink: /home/iris/iris/iris_ws/install/sllidar_ros2/share/sllidar_ros2/launch/view_sllidar_t1_launch.py
[1.657s] -- Up-to-date symlink: /home/iris/iris/iris_ws/install/sllidar_ros2/share/sllidar_ros2/rviz/sllidar_ros2.rviz
[1.662s] -- Up-to-date symlink: /home/iris/iris/iris_ws/install/sllidar_ros2/lib/sllidar_ros2/sllidar_node
[1.663s] -- Up-to-date symlink: /home/iris/iris/iris_ws/install/sllidar_ros2/lib/sllidar_ros2/sllidar_client
[1.664s] -- Up-to-date symlink: /home/iris/iris/iris_ws/install/sllidar_ros2/share/ament_index/resource_index/package_run_dependencies/sllidar_ros2
[1.665s] -- Up-to-date symlink: /home/iris/iris/iris_ws/install/sllidar_ros2/share/ament_index/resource_index/parent_prefix_path/sllidar_ros2
[1.668s] -- Up-to-date symlink: /home/iris/iris/iris_ws/install/sllidar_ros2/share/sllidar_ros2/environment/ament_prefix_path.sh
[1.670s] -- Up-to-date symlink: /home/iris/iris/iris_ws/install/sllidar_ros2/share/sllidar_ros2/environment/ament_prefix_path.dsv
[1.674s] -- Up-to-date symlink: /home/iris/iris/iris_ws/install/sllidar_ros2/share/sllidar_ros2/environment/path.sh
[1.676s] -- Up-to-date symlink: /home/iris/iris/iris_ws/install/sllidar_ros2/share/sllidar_ros2/environment/path.dsv
[1.677s] -- Up-to-date symlink: /home/iris/iris/iris_ws/install/sllidar_ros2/share/sllidar_ros2/local_setup.bash
[1.677s] -- Up-to-date symlink: /home/iris/iris/iris_ws/install/sllidar_ros2/share/sllidar_ros2/local_setup.sh
[1.678s] -- Up-to-date symlink: /home/iris/iris/iris_ws/install/sllidar_ros2/share/sllidar_ros2/local_setup.zsh
[1.680s] -- Up-to-date symlink: /home/iris/iris/iris_ws/install/sllidar_ros2/share/sllidar_ros2/local_setup.dsv
[1.681s] -- Symlinking: /home/iris/iris/iris_ws/install/sllidar_ros2/share/sllidar_ros2/package.dsv
[1.739s] -- Up-to-date symlink: /home/iris/iris/iris_ws/install/sllidar_ros2/share/ament_index/resource_index/packages/sllidar_ros2
[1.743s] -- Up-to-date symlink: /home/iris/iris/iris_ws/install/sllidar_ros2/share/sllidar_ros2/cmake/ament_cmake_export_dependencies-extras.cmake
[1.748s] -- Up-to-date symlink: /home/iris/iris/iris_ws/install/sllidar_ros2/share/sllidar_ros2/cmake/ament_cmake_export_include_directories-extras.cmake
[1.753s] -- Up-to-date symlink: /home/iris/iris/iris_ws/install/sllidar_ros2/share/sllidar_ros2/cmake/sllidar_ros2Config.cmake
[1.756s] -- Up-to-date symlink: /home/iris/iris/iris_ws/install/sllidar_ros2/share/sllidar_ros2/cmake/sllidar_ros2Config-version.cmake
[1.765s] -- Up-to-date symlink: /home/iris/iris/iris_ws/install/sllidar_ros2/share/sllidar_ros2/package.xml
[1.772s] Invoked command in '/home/iris/iris/iris_ws/build/sllidar_ros2' returned '0': CMAKE_PREFIX_PATH=${CMAKE_PREFIX_PATH}:/home/iris/iris/iris_ws/install/iris_vision:/home/iris/iris/install/iris_vision:/opt/ros/humble /usr/bin/cmake --install /home/iris/iris/iris_ws/build/sllidar_ros2
