[0.821s] Invoking command in '/home/iris/iris/iris_ws/build/micro_ros_msgs': CMAKE_PREFIX_PATH=${CMAKE_PREFIX_PATH}:/opt/ros/humble /usr/bin/cmake --build /home/iris/iris/iris_ws/build/micro_ros_msgs -- -j4 -l4
[3.092s] [  2%] Built target micro_ros_msgs__cpp
[3.093s] [ 12%] Built target micro_ros_msgs__rosidl_generator_c
[3.093s] [ 12%] Built target ament_cmake_python_copy_micro_ros_msgs
[3.094s] [ 23%] Built target micro_ros_msgs__rosidl_typesupport_cpp
[3.094s] [ 36%] Built target micro_ros_msgs__rosidl_typesupport_fastrtps_cpp
[3.104s] [ 44%] Built target micro_ros_msgs__rosidl_typesupport_introspection_cpp
[3.105s] [ 55%] Built target micro_ros_msgs__rosidl_typesupport_fastrtps_c
[3.106s] [ 65%] Built target micro_ros_msgs__rosidl_typesupport_introspection_c
[3.106s] [ 76%] Built target micro_ros_msgs__rosidl_typesupport_c
[3.107s] [ 76%] Built target micro_ros_msgs
[3.108s] [ 78%] Built target micro_ros_msgs__py
[3.108s] [ 87%] Built target micro_ros_msgs__rosidl_generator_py
[3.109s] [ 91%] Built target micro_ros_msgs__rosidl_typesupport_fastrtps_c__pyext
[3.110s] [ 95%] Built target micro_ros_msgs__rosidl_typesupport_introspection_c__pyext
[3.110s] [100%] Built target micro_ros_msgs__rosidl_typesupport_c__pyext
[3.111s] running egg_info
[3.122s] writing micro_ros_msgs.egg-info/PKG-INFO
[3.123s] writing dependency_links to micro_ros_msgs.egg-info/dependency_links.txt
[3.124s] writing top-level names to micro_ros_msgs.egg-info/top_level.txt
[3.124s] reading manifest file 'micro_ros_msgs.egg-info/SOURCES.txt'
[3.125s] writing manifest file 'micro_ros_msgs.egg-info/SOURCES.txt'
[3.125s] [100%] Built target ament_cmake_python_build_micro_ros_msgs_egg
[3.190s] Invoked command in '/home/iris/iris/iris_ws/build/micro_ros_msgs' returned '0': CMAKE_PREFIX_PATH=${CMAKE_PREFIX_PATH}:/opt/ros/humble /usr/bin/cmake --build /home/iris/iris/iris_ws/build/micro_ros_msgs -- -j4 -l4
[4.535s] Invoking command in '/home/iris/iris/iris_ws/build/micro_ros_msgs': CMAKE_PREFIX_PATH=${CMAKE_PREFIX_PATH}:/opt/ros/humble /usr/bin/cmake --install /home/iris/iris/iris_ws/build/micro_ros_msgs
[4.589s] -- Install configuration: ""
[4.591s] -- Up-to-date: /home/iris/iris/iris_ws/install/micro_ros_msgs/share/ament_index/resource_index/rosidl_interfaces/micro_ros_msgs
[4.595s] -- Up-to-date: /home/iris/iris/iris_ws/install/micro_ros_msgs/include/micro_ros_msgs/micro_ros_msgs
[4.595s] -- Up-to-date: /home/iris/iris/iris_ws/install/micro_ros_msgs/include/micro_ros_msgs/micro_ros_msgs/msg
[4.603s] -- Up-to-date: /home/iris/iris/iris_ws/install/micro_ros_msgs/include/micro_ros_msgs/micro_ros_msgs/msg/node.h
[4.604s] -- Up-to-date: /home/iris/iris/iris_ws/install/micro_ros_msgs/include/micro_ros_msgs/micro_ros_msgs/msg/detail
[4.605s] -- Up-to-date: /home/iris/iris/iris_ws/install/micro_ros_msgs/include/micro_ros_msgs/micro_ros_msgs/msg/detail/graph__functions.h
[4.614s] -- Up-to-date: /home/iris/iris/iris_ws/install/micro_ros_msgs/include/micro_ros_msgs/micro_ros_msgs/msg/detail/entity__functions.h
[4.615s] -- Up-to-date: /home/iris/iris/iris_ws/install/micro_ros_msgs/include/micro_ros_msgs/micro_ros_msgs/msg/detail/graph__struct.h
[4.622s] -- Up-to-date: /home/iris/iris/iris_ws/install/micro_ros_msgs/include/micro_ros_msgs/micro_ros_msgs/msg/detail/node__functions.c
[4.623s] -- Up-to-date: /home/iris/iris/iris_ws/install/micro_ros_msgs/include/micro_ros_msgs/micro_ros_msgs/msg/detail/node__type_support.h
[4.624s] -- Up-to-date: /home/iris/iris/iris_ws/install/micro_ros_msgs/include/micro_ros_msgs/micro_ros_msgs/msg/detail/node__functions.h
[4.646s] -- Up-to-date: /home/iris/iris/iris_ws/install/micro_ros_msgs/include/micro_ros_msgs/micro_ros_msgs/msg/detail/entity__type_support.h
[4.646s] -- Up-to-date: /home/iris/iris/iris_ws/install/micro_ros_msgs/include/micro_ros_msgs/micro_ros_msgs/msg/detail/graph__type_support.h
[4.647s] -- Up-to-date: /home/iris/iris/iris_ws/install/micro_ros_msgs/include/micro_ros_msgs/micro_ros_msgs/msg/detail/graph__functions.c
[4.647s] -- Up-to-date: /home/iris/iris/iris_ws/install/micro_ros_msgs/include/micro_ros_msgs/micro_ros_msgs/msg/detail/entity__functions.c
[4.648s] -- Up-to-date: /home/iris/iris/iris_ws/install/micro_ros_msgs/include/micro_ros_msgs/micro_ros_msgs/msg/detail/node__struct.h
[4.649s] -- Up-to-date: /home/iris/iris/iris_ws/install/micro_ros_msgs/include/micro_ros_msgs/micro_ros_msgs/msg/detail/entity__struct.h
[4.650s] -- Up-to-date: /home/iris/iris/iris_ws/install/micro_ros_msgs/include/micro_ros_msgs/micro_ros_msgs/msg/graph.h
[4.651s] -- Up-to-date: /home/iris/iris/iris_ws/install/micro_ros_msgs/include/micro_ros_msgs/micro_ros_msgs/msg/rosidl_generator_c__visibility_control.h
[4.651s] -- Up-to-date: /home/iris/iris/iris_ws/install/micro_ros_msgs/include/micro_ros_msgs/micro_ros_msgs/msg/entity.h
[4.652s] -- Up-to-date: /home/iris/iris/iris_ws/install/micro_ros_msgs/share/micro_ros_msgs/environment/library_path.sh
[4.652s] -- Up-to-date: /home/iris/iris/iris_ws/install/micro_ros_msgs/share/micro_ros_msgs/environment/library_path.dsv
[4.653s] -- Up-to-date: /home/iris/iris/iris_ws/install/micro_ros_msgs/lib/libmicro_ros_msgs__rosidl_generator_c.so
[4.653s] -- Up-to-date: /home/iris/iris/iris_ws/install/micro_ros_msgs/include/micro_ros_msgs/micro_ros_msgs
[4.654s] -- Up-to-date: /home/iris/iris/iris_ws/install/micro_ros_msgs/include/micro_ros_msgs/micro_ros_msgs/msg
[4.655s] -- Up-to-date: /home/iris/iris/iris_ws/install/micro_ros_msgs/include/micro_ros_msgs/micro_ros_msgs/msg/detail
[4.655s] -- Up-to-date: /home/iris/iris/iris_ws/install/micro_ros_msgs/include/micro_ros_msgs/micro_ros_msgs/msg/detail/node__rosidl_typesupport_fastrtps_c.h
[4.656s] -- Up-to-date: /home/iris/iris/iris_ws/install/micro_ros_msgs/include/micro_ros_msgs/micro_ros_msgs/msg/detail/graph__rosidl_typesupport_fastrtps_c.h
[4.657s] -- Up-to-date: /home/iris/iris/iris_ws/install/micro_ros_msgs/include/micro_ros_msgs/micro_ros_msgs/msg/detail/entity__rosidl_typesupport_fastrtps_c.h
[4.658s] -- Up-to-date: /home/iris/iris/iris_ws/install/micro_ros_msgs/include/micro_ros_msgs/micro_ros_msgs/msg/rosidl_typesupport_fastrtps_c__visibility_control.h
[4.659s] -- Up-to-date: /home/iris/iris/iris_ws/install/micro_ros_msgs/lib/libmicro_ros_msgs__rosidl_typesupport_fastrtps_c.so
[4.665s] -- Up-to-date: /home/iris/iris/iris_ws/install/micro_ros_msgs/include/micro_ros_msgs/micro_ros_msgs
[4.666s] -- Up-to-date: /home/iris/iris/iris_ws/install/micro_ros_msgs/include/micro_ros_msgs/micro_ros_msgs/msg
[4.666s] -- Up-to-date: /home/iris/iris/iris_ws/install/micro_ros_msgs/include/micro_ros_msgs/micro_ros_msgs/msg/rosidl_typesupport_introspection_c__visibility_control.h
[4.667s] -- Up-to-date: /home/iris/iris/iris_ws/install/micro_ros_msgs/include/micro_ros_msgs/micro_ros_msgs/msg/detail
[4.668s] -- Up-to-date: /home/iris/iris/iris_ws/install/micro_ros_msgs/include/micro_ros_msgs/micro_ros_msgs/msg/detail/entity__rosidl_typesupport_introspection_c.h
[4.668s] -- Up-to-date: /home/iris/iris/iris_ws/install/micro_ros_msgs/include/micro_ros_msgs/micro_ros_msgs/msg/detail/graph__rosidl_typesupport_introspection_c.h
[4.669s] -- Up-to-date: /home/iris/iris/iris_ws/install/micro_ros_msgs/include/micro_ros_msgs/micro_ros_msgs/msg/detail/node__rosidl_typesupport_introspection_c.h
[4.669s] -- Up-to-date: /home/iris/iris/iris_ws/install/micro_ros_msgs/include/micro_ros_msgs/micro_ros_msgs/msg/detail/entity__type_support.c
[4.670s] -- Up-to-date: /home/iris/iris/iris_ws/install/micro_ros_msgs/include/micro_ros_msgs/micro_ros_msgs/msg/detail/node__type_support.c
[4.670s] -- Up-to-date: /home/iris/iris/iris_ws/install/micro_ros_msgs/include/micro_ros_msgs/micro_ros_msgs/msg/detail/graph__type_support.c
[4.671s] -- Up-to-date: /home/iris/iris/iris_ws/install/micro_ros_msgs/lib/libmicro_ros_msgs__rosidl_typesupport_introspection_c.so
[4.672s] -- Up-to-date: /home/iris/iris/iris_ws/install/micro_ros_msgs/lib/libmicro_ros_msgs__rosidl_typesupport_c.so
[4.673s] -- Up-to-date: /home/iris/iris/iris_ws/install/micro_ros_msgs/include/micro_ros_msgs/micro_ros_msgs
[4.673s] -- Up-to-date: /home/iris/iris/iris_ws/install/micro_ros_msgs/include/micro_ros_msgs/micro_ros_msgs/msg
[4.674s] -- Up-to-date: /home/iris/iris/iris_ws/install/micro_ros_msgs/include/micro_ros_msgs/micro_ros_msgs/msg/graph.hpp
[4.674s] -- Up-to-date: /home/iris/iris/iris_ws/install/micro_ros_msgs/include/micro_ros_msgs/micro_ros_msgs/msg/detail
[4.675s] -- Up-to-date: /home/iris/iris/iris_ws/install/micro_ros_msgs/include/micro_ros_msgs/micro_ros_msgs/msg/detail/graph__traits.hpp
[4.676s] -- Up-to-date: /home/iris/iris/iris_ws/install/micro_ros_msgs/include/micro_ros_msgs/micro_ros_msgs/msg/detail/node__builder.hpp
[4.677s] -- Up-to-date: /home/iris/iris/iris_ws/install/micro_ros_msgs/include/micro_ros_msgs/micro_ros_msgs/msg/detail/graph__builder.hpp
[4.677s] -- Up-to-date: /home/iris/iris/iris_ws/install/micro_ros_msgs/include/micro_ros_msgs/micro_ros_msgs/msg/detail/entity__struct.hpp
[4.678s] -- Up-to-date: /home/iris/iris/iris_ws/install/micro_ros_msgs/include/micro_ros_msgs/micro_ros_msgs/msg/detail/graph__struct.hpp
[4.679s] -- Up-to-date: /home/iris/iris/iris_ws/install/micro_ros_msgs/include/micro_ros_msgs/micro_ros_msgs/msg/detail/node__struct.hpp
[4.680s] -- Up-to-date: /home/iris/iris/iris_ws/install/micro_ros_msgs/include/micro_ros_msgs/micro_ros_msgs/msg/detail/node__traits.hpp
[4.680s] -- Up-to-date: /home/iris/iris/iris_ws/install/micro_ros_msgs/include/micro_ros_msgs/micro_ros_msgs/msg/detail/entity__builder.hpp
[4.681s] -- Up-to-date: /home/iris/iris/iris_ws/install/micro_ros_msgs/include/micro_ros_msgs/micro_ros_msgs/msg/detail/entity__traits.hpp
[4.682s] -- Up-to-date: /home/iris/iris/iris_ws/install/micro_ros_msgs/include/micro_ros_msgs/micro_ros_msgs/msg/node.hpp
[4.682s] -- Up-to-date: /home/iris/iris/iris_ws/install/micro_ros_msgs/include/micro_ros_msgs/micro_ros_msgs/msg/entity.hpp
[4.683s] -- Up-to-date: /home/iris/iris/iris_ws/install/micro_ros_msgs/include/micro_ros_msgs/micro_ros_msgs
[4.684s] -- Up-to-date: /home/iris/iris/iris_ws/install/micro_ros_msgs/include/micro_ros_msgs/micro_ros_msgs/msg
[4.684s] -- Up-to-date: /home/iris/iris/iris_ws/install/micro_ros_msgs/include/micro_ros_msgs/micro_ros_msgs/msg/detail
[4.685s] -- Up-to-date: /home/iris/iris/iris_ws/install/micro_ros_msgs/include/micro_ros_msgs/micro_ros_msgs/msg/detail/node__rosidl_typesupport_fastrtps_cpp.hpp
[4.686s] -- Up-to-date: /home/iris/iris/iris_ws/install/micro_ros_msgs/include/micro_ros_msgs/micro_ros_msgs/msg/detail/entity__rosidl_typesupport_fastrtps_cpp.hpp
[4.687s] -- Up-to-date: /home/iris/iris/iris_ws/install/micro_ros_msgs/include/micro_ros_msgs/micro_ros_msgs/msg/detail/graph__rosidl_typesupport_fastrtps_cpp.hpp
[4.688s] -- Up-to-date: /home/iris/iris/iris_ws/install/micro_ros_msgs/include/micro_ros_msgs/micro_ros_msgs/msg/detail/dds_fastrtps
[4.688s] -- Up-to-date: /home/iris/iris/iris_ws/install/micro_ros_msgs/include/micro_ros_msgs/micro_ros_msgs/msg/rosidl_typesupport_fastrtps_cpp__visibility_control.h
[4.689s] -- Up-to-date: /home/iris/iris/iris_ws/install/micro_ros_msgs/lib/libmicro_ros_msgs__rosidl_typesupport_fastrtps_cpp.so
[4.689s] -- Up-to-date: /home/iris/iris/iris_ws/install/micro_ros_msgs/include/micro_ros_msgs/micro_ros_msgs
[4.690s] -- Up-to-date: /home/iris/iris/iris_ws/install/micro_ros_msgs/include/micro_ros_msgs/micro_ros_msgs/msg
[4.691s] -- Up-to-date: /home/iris/iris/iris_ws/install/micro_ros_msgs/include/micro_ros_msgs/micro_ros_msgs/msg/detail
[4.695s] -- Up-to-date: /home/iris/iris/iris_ws/install/micro_ros_msgs/include/micro_ros_msgs/micro_ros_msgs/msg/detail/node__type_support.cpp
[4.696s] -- Up-to-date: /home/iris/iris/iris_ws/install/micro_ros_msgs/include/micro_ros_msgs/micro_ros_msgs/msg/detail/node__rosidl_typesupport_introspection_cpp.hpp
[4.696s] -- Up-to-date: /home/iris/iris/iris_ws/install/micro_ros_msgs/include/micro_ros_msgs/micro_ros_msgs/msg/detail/entity__type_support.cpp
[4.697s] -- Up-to-date: /home/iris/iris/iris_ws/install/micro_ros_msgs/include/micro_ros_msgs/micro_ros_msgs/msg/detail/graph__rosidl_typesupport_introspection_cpp.hpp
[4.697s] -- Up-to-date: /home/iris/iris/iris_ws/install/micro_ros_msgs/include/micro_ros_msgs/micro_ros_msgs/msg/detail/entity__rosidl_typesupport_introspection_cpp.hpp
[4.698s] -- Up-to-date: /home/iris/iris/iris_ws/install/micro_ros_msgs/include/micro_ros_msgs/micro_ros_msgs/msg/detail/graph__type_support.cpp
[4.698s] -- Up-to-date: /home/iris/iris/iris_ws/install/micro_ros_msgs/lib/libmicro_ros_msgs__rosidl_typesupport_introspection_cpp.so
[4.699s] -- Up-to-date: /home/iris/iris/iris_ws/install/micro_ros_msgs/lib/libmicro_ros_msgs__rosidl_typesupport_cpp.so
[4.699s] -- Up-to-date: /home/iris/iris/iris_ws/install/micro_ros_msgs/share/micro_ros_msgs/environment/pythonpath.sh
[4.700s] -- Up-to-date: /home/iris/iris/iris_ws/install/micro_ros_msgs/share/micro_ros_msgs/environment/pythonpath.dsv
[4.701s] -- Up-to-date: /home/iris/iris/iris_ws/install/micro_ros_msgs/local/lib/python3.10/dist-packages/micro_ros_msgs-3.0.0-py3.10.egg-info
[4.701s] -- Installing: /home/iris/iris/iris_ws/install/micro_ros_msgs/local/lib/python3.10/dist-packages/micro_ros_msgs-3.0.0-py3.10.egg-info/dependency_links.txt
[4.702s] -- Installing: /home/iris/iris/iris_ws/install/micro_ros_msgs/local/lib/python3.10/dist-packages/micro_ros_msgs-3.0.0-py3.10.egg-info/SOURCES.txt
[4.702s] -- Installing: /home/iris/iris/iris_ws/install/micro_ros_msgs/local/lib/python3.10/dist-packages/micro_ros_msgs-3.0.0-py3.10.egg-info/top_level.txt
[4.703s] -- Installing: /home/iris/iris/iris_ws/install/micro_ros_msgs/local/lib/python3.10/dist-packages/micro_ros_msgs-3.0.0-py3.10.egg-info/PKG-INFO
[4.703s] -- Up-to-date: /home/iris/iris/iris_ws/install/micro_ros_msgs/local/lib/python3.10/dist-packages/micro_ros_msgs
[4.704s] -- Up-to-date: /home/iris/iris/iris_ws/install/micro_ros_msgs/local/lib/python3.10/dist-packages/micro_ros_msgs/msg
[4.705s] -- Up-to-date: /home/iris/iris/iris_ws/install/micro_ros_msgs/local/lib/python3.10/dist-packages/micro_ros_msgs/msg/__init__.py
[4.705s] -- Up-to-date: /home/iris/iris/iris_ws/install/micro_ros_msgs/local/lib/python3.10/dist-packages/micro_ros_msgs/msg/_entity.py
[4.706s] -- Up-to-date: /home/iris/iris/iris_ws/install/micro_ros_msgs/local/lib/python3.10/dist-packages/micro_ros_msgs/msg/_node.py
[4.706s] -- Up-to-date: /home/iris/iris/iris_ws/install/micro_ros_msgs/local/lib/python3.10/dist-packages/micro_ros_msgs/msg/_node_s.c
[4.707s] -- Up-to-date: /home/iris/iris/iris_ws/install/micro_ros_msgs/local/lib/python3.10/dist-packages/micro_ros_msgs/msg/_graph.py
[4.708s] -- Up-to-date: /home/iris/iris/iris_ws/install/micro_ros_msgs/local/lib/python3.10/dist-packages/micro_ros_msgs/msg/_graph_s.c
[4.708s] -- Up-to-date: /home/iris/iris/iris_ws/install/micro_ros_msgs/local/lib/python3.10/dist-packages/micro_ros_msgs/msg/_entity_s.c
[4.709s] -- Up-to-date: /home/iris/iris/iris_ws/install/micro_ros_msgs/local/lib/python3.10/dist-packages/micro_ros_msgs/_micro_ros_msgs_s.ep.rosidl_typesupport_fastrtps_c.c
[4.709s] -- Up-to-date: /home/iris/iris/iris_ws/install/micro_ros_msgs/local/lib/python3.10/dist-packages/micro_ros_msgs/libmicro_ros_msgs__rosidl_generator_py.so
[4.710s] -- Up-to-date: /home/iris/iris/iris_ws/install/micro_ros_msgs/local/lib/python3.10/dist-packages/micro_ros_msgs/micro_ros_msgs_s__rosidl_typesupport_introspection_c.cpython-310-aarch64-linux-gnu.so
[4.710s] -- Up-to-date: /home/iris/iris/iris_ws/install/micro_ros_msgs/local/lib/python3.10/dist-packages/micro_ros_msgs/__init__.py
[4.711s] -- Up-to-date: /home/iris/iris/iris_ws/install/micro_ros_msgs/local/lib/python3.10/dist-packages/micro_ros_msgs/_micro_ros_msgs_s.ep.rosidl_typesupport_introspection_c.c
[4.712s] -- Up-to-date: /home/iris/iris/iris_ws/install/micro_ros_msgs/local/lib/python3.10/dist-packages/micro_ros_msgs/micro_ros_msgs_s__rosidl_typesupport_fastrtps_c.cpython-310-aarch64-linux-gnu.so
[4.713s] -- Up-to-date: /home/iris/iris/iris_ws/install/micro_ros_msgs/local/lib/python3.10/dist-packages/micro_ros_msgs/micro_ros_msgs_s__rosidl_typesupport_c.cpython-310-aarch64-linux-gnu.so
[4.714s] -- Up-to-date: /home/iris/iris/iris_ws/install/micro_ros_msgs/local/lib/python3.10/dist-packages/micro_ros_msgs/_micro_ros_msgs_s.ep.rosidl_typesupport_c.c
[4.927s] Listing '/home/iris/iris/iris_ws/install/micro_ros_msgs/local/lib/python3.10/dist-packages/micro_ros_msgs'...
[4.930s] Listing '/home/iris/iris/iris_ws/install/micro_ros_msgs/local/lib/python3.10/dist-packages/micro_ros_msgs/msg'...
[4.958s] -- Up-to-date: /home/iris/iris/iris_ws/install/micro_ros_msgs/local/lib/python3.10/dist-packages/micro_ros_msgs/micro_ros_msgs_s__rosidl_typesupport_fastrtps_c.cpython-310-aarch64-linux-gnu.so
[4.964s] -- Up-to-date: /home/iris/iris/iris_ws/install/micro_ros_msgs/local/lib/python3.10/dist-packages/micro_ros_msgs/micro_ros_msgs_s__rosidl_typesupport_introspection_c.cpython-310-aarch64-linux-gnu.so
[4.972s] -- Up-to-date: /home/iris/iris/iris_ws/install/micro_ros_msgs/local/lib/python3.10/dist-packages/micro_ros_msgs/micro_ros_msgs_s__rosidl_typesupport_c.cpython-310-aarch64-linux-gnu.so
[4.975s] -- Up-to-date: /home/iris/iris/iris_ws/install/micro_ros_msgs/lib/libmicro_ros_msgs__rosidl_generator_py.so
[4.978s] -- Up-to-date: /home/iris/iris/iris_ws/install/micro_ros_msgs/share/micro_ros_msgs/msg/Graph.idl
[4.980s] -- Up-to-date: /home/iris/iris/iris_ws/install/micro_ros_msgs/share/micro_ros_msgs/msg/Node.idl
[4.981s] -- Up-to-date: /home/iris/iris/iris_ws/install/micro_ros_msgs/share/micro_ros_msgs/msg/Entity.idl
[4.982s] -- Up-to-date: /home/iris/iris/iris_ws/install/micro_ros_msgs/share/micro_ros_msgs/msg/Graph.msg
[4.984s] -- Up-to-date: /home/iris/iris/iris_ws/install/micro_ros_msgs/share/micro_ros_msgs/msg/Node.msg
[4.986s] -- Up-to-date: /home/iris/iris/iris_ws/install/micro_ros_msgs/share/micro_ros_msgs/msg/Entity.msg
[4.988s] -- Up-to-date: /home/iris/iris/iris_ws/install/micro_ros_msgs/share/ament_index/resource_index/package_run_dependencies/micro_ros_msgs
[4.989s] -- Up-to-date: /home/iris/iris/iris_ws/install/micro_ros_msgs/share/ament_index/resource_index/parent_prefix_path/micro_ros_msgs
[4.990s] -- Up-to-date: /home/iris/iris/iris_ws/install/micro_ros_msgs/share/micro_ros_msgs/environment/ament_prefix_path.sh
[4.998s] -- Up-to-date: /home/iris/iris/iris_ws/install/micro_ros_msgs/share/micro_ros_msgs/environment/ament_prefix_path.dsv
[5.000s] -- Up-to-date: /home/iris/iris/iris_ws/install/micro_ros_msgs/share/micro_ros_msgs/environment/path.sh
[5.000s] -- Up-to-date: /home/iris/iris/iris_ws/install/micro_ros_msgs/share/micro_ros_msgs/environment/path.dsv
[5.001s] -- Up-to-date: /home/iris/iris/iris_ws/install/micro_ros_msgs/share/micro_ros_msgs/local_setup.bash
[5.002s] -- Up-to-date: /home/iris/iris/iris_ws/install/micro_ros_msgs/share/micro_ros_msgs/local_setup.sh
[5.003s] -- Up-to-date: /home/iris/iris/iris_ws/install/micro_ros_msgs/share/micro_ros_msgs/local_setup.zsh
[5.004s] -- Up-to-date: /home/iris/iris/iris_ws/install/micro_ros_msgs/share/micro_ros_msgs/local_setup.dsv
[5.005s] -- Installing: /home/iris/iris/iris_ws/install/micro_ros_msgs/share/micro_ros_msgs/package.dsv
[5.009s] -- Up-to-date: /home/iris/iris/iris_ws/install/micro_ros_msgs/share/ament_index/resource_index/packages/micro_ros_msgs
[5.010s] -- Up-to-date: /home/iris/iris/iris_ws/install/micro_ros_msgs/share/micro_ros_msgs/cmake/export_micro_ros_msgs__rosidl_generator_cExport.cmake
[5.020s] -- Up-to-date: /home/iris/iris/iris_ws/install/micro_ros_msgs/share/micro_ros_msgs/cmake/export_micro_ros_msgs__rosidl_generator_cExport-noconfig.cmake
[5.024s] -- Up-to-date: /home/iris/iris/iris_ws/install/micro_ros_msgs/share/micro_ros_msgs/cmake/export_micro_ros_msgs__rosidl_typesupport_fastrtps_cExport.cmake
[5.025s] -- Up-to-date: /home/iris/iris/iris_ws/install/micro_ros_msgs/share/micro_ros_msgs/cmake/export_micro_ros_msgs__rosidl_typesupport_fastrtps_cExport-noconfig.cmake
[5.026s] -- Up-to-date: /home/iris/iris/iris_ws/install/micro_ros_msgs/share/micro_ros_msgs/cmake/micro_ros_msgs__rosidl_typesupport_introspection_cExport.cmake
[5.027s] -- Up-to-date: /home/iris/iris/iris_ws/install/micro_ros_msgs/share/micro_ros_msgs/cmake/micro_ros_msgs__rosidl_typesupport_introspection_cExport-noconfig.cmake
[5.028s] -- Up-to-date: /home/iris/iris/iris_ws/install/micro_ros_msgs/share/micro_ros_msgs/cmake/micro_ros_msgs__rosidl_typesupport_cExport.cmake
[5.029s] -- Up-to-date: /home/iris/iris/iris_ws/install/micro_ros_msgs/share/micro_ros_msgs/cmake/micro_ros_msgs__rosidl_typesupport_cExport-noconfig.cmake
[5.036s] -- Up-to-date: /home/iris/iris/iris_ws/install/micro_ros_msgs/share/micro_ros_msgs/cmake/export_micro_ros_msgs__rosidl_generator_cppExport.cmake
[5.037s] -- Up-to-date: /home/iris/iris/iris_ws/install/micro_ros_msgs/share/micro_ros_msgs/cmake/export_micro_ros_msgs__rosidl_typesupport_fastrtps_cppExport.cmake
[5.038s] -- Up-to-date: /home/iris/iris/iris_ws/install/micro_ros_msgs/share/micro_ros_msgs/cmake/export_micro_ros_msgs__rosidl_typesupport_fastrtps_cppExport-noconfig.cmake
[5.039s] -- Up-to-date: /home/iris/iris/iris_ws/install/micro_ros_msgs/share/micro_ros_msgs/cmake/micro_ros_msgs__rosidl_typesupport_introspection_cppExport.cmake
[5.040s] -- Up-to-date: /home/iris/iris/iris_ws/install/micro_ros_msgs/share/micro_ros_msgs/cmake/micro_ros_msgs__rosidl_typesupport_introspection_cppExport-noconfig.cmake
[5.053s] -- Up-to-date: /home/iris/iris/iris_ws/install/micro_ros_msgs/share/micro_ros_msgs/cmake/micro_ros_msgs__rosidl_typesupport_cppExport.cmake
[5.054s] -- Up-to-date: /home/iris/iris/iris_ws/install/micro_ros_msgs/share/micro_ros_msgs/cmake/micro_ros_msgs__rosidl_typesupport_cppExport-noconfig.cmake
[5.055s] -- Up-to-date: /home/iris/iris/iris_ws/install/micro_ros_msgs/share/micro_ros_msgs/cmake/export_micro_ros_msgs__rosidl_generator_pyExport.cmake
[5.055s] -- Up-to-date: /home/iris/iris/iris_ws/install/micro_ros_msgs/share/micro_ros_msgs/cmake/export_micro_ros_msgs__rosidl_generator_pyExport-noconfig.cmake
[5.056s] -- Up-to-date: /home/iris/iris/iris_ws/install/micro_ros_msgs/share/micro_ros_msgs/cmake/rosidl_cmake-extras.cmake
[5.057s] -- Up-to-date: /home/iris/iris/iris_ws/install/micro_ros_msgs/share/micro_ros_msgs/cmake/ament_cmake_export_include_directories-extras.cmake
[5.058s] -- Up-to-date: /home/iris/iris/iris_ws/install/micro_ros_msgs/share/micro_ros_msgs/cmake/ament_cmake_export_libraries-extras.cmake
[5.060s] -- Up-to-date: /home/iris/iris/iris_ws/install/micro_ros_msgs/share/micro_ros_msgs/cmake/ament_cmake_export_targets-extras.cmake
[5.061s] -- Up-to-date: /home/iris/iris/iris_ws/install/micro_ros_msgs/share/micro_ros_msgs/cmake/rosidl_cmake_export_typesupport_targets-extras.cmake
[5.062s] -- Up-to-date: /home/iris/iris/iris_ws/install/micro_ros_msgs/share/micro_ros_msgs/cmake/ament_cmake_export_dependencies-extras.cmake
[5.062s] -- Up-to-date: /home/iris/iris/iris_ws/install/micro_ros_msgs/share/micro_ros_msgs/cmake/rosidl_cmake_export_typesupport_libraries-extras.cmake
[5.063s] -- Up-to-date: /home/iris/iris/iris_ws/install/micro_ros_msgs/share/micro_ros_msgs/cmake/micro_ros_msgsConfig.cmake
[5.063s] -- Up-to-date: /home/iris/iris/iris_ws/install/micro_ros_msgs/share/micro_ros_msgs/cmake/micro_ros_msgsConfig-version.cmake
[5.073s] -- Up-to-date: /home/iris/iris/iris_ws/install/micro_ros_msgs/share/micro_ros_msgs/package.xml
[5.524s] Invoked command in '/home/iris/iris/iris_ws/build/micro_ros_msgs' returned '0': CMAKE_PREFIX_PATH=${CMAKE_PREFIX_PATH}:/opt/ros/humble /usr/bin/cmake --install /home/iris/iris/iris_ws/build/micro_ros_msgs
