[5.389s] Invoking command in '/home/iris/iris/iris_ws/build/iris_vision': PYTHONPATH=/home/iris/iris/iris_ws/build/iris_vision/prefix_override:/home/iris/iris/iris_ws/install/iris_vision/lib/python3.10/site-packages:${PYTHONPATH} /usr/bin/python3 setup.py develop --editable --build-directory /home/iris/iris/iris_ws/build/iris_vision/build --no-deps install_data
[6.789s] running develop
[6.797s] /usr/lib/python3/dist-packages/setuptools/command/easy_install.py:158: EasyInstallDeprecationWarning: easy_install command is deprecated. Use build and pip and other standards-based tools.
[6.798s]   warnings.warn(
[6.802s] /usr/lib/python3/dist-packages/setuptools/command/install.py:34: SetuptoolsDeprecationWarning: setup.py install is deprecated. Use build and pip and other standards-based tools.
[6.803s]   warnings.warn(
[7.798s] running egg_info
[7.800s] writing iris_vision.egg-info/PKG-INFO
[7.802s] writing dependency_links to iris_vision.egg-info/dependency_links.txt
[7.803s] writing entry points to iris_vision.egg-info/entry_points.txt
[7.805s] writing requirements to iris_vision.egg-info/requires.txt
[7.806s] writing top-level names to iris_vision.egg-info/top_level.txt
[7.811s] reading manifest file 'iris_vision.egg-info/SOURCES.txt'
[7.818s] writing manifest file 'iris_vision.egg-info/SOURCES.txt'
[7.827s] running build_ext
[7.829s] Creating /home/iris/iris/iris_ws/install/iris_vision/lib/python3.10/site-packages/iris-vision.egg-link (link to .)
[7.831s] Installing Aruco_Tracking script to /home/iris/iris/iris_ws/install/iris_vision/lib/iris_vision
[7.832s] Installing DSLR_handler script to /home/iris/iris/iris_ws/install/iris_vision/lib/iris_vision
[7.833s] Installing FaceTracking script to /home/iris/iris/iris_ws/install/iris_vision/lib/iris_vision
[7.834s] Installing FaceTracking_headless script to /home/iris/iris/iris_ws/install/iris_vision/lib/iris_vision
[7.836s] Installing facetracking_motioncoltrol script to /home/iris/iris/iris_ws/install/iris_vision/lib/iris_vision
[7.837s] Installing iris_joy_control script to /home/iris/iris/iris_ws/install/iris_vision/lib/iris_vision
[7.842s] Installing listener script to /home/iris/iris/iris_ws/install/iris_vision/lib/iris_vision
[7.844s] Installing talker script to /home/iris/iris/iris_ws/install/iris_vision/lib/iris_vision
[7.848s] 
[7.850s] Installed /home/iris/iris/iris_ws/build/iris_vision
[7.854s] running install_data
[8.374s] Invoked command in '/home/iris/iris/iris_ws/build/iris_vision' returned '0': PYTHONPATH=/home/iris/iris/iris_ws/build/iris_vision/prefix_override:/home/iris/iris/iris_ws/install/iris_vision/lib/python3.10/site-packages:${PYTHONPATH} /usr/bin/python3 setup.py develop --editable --build-directory /home/iris/iris/iris_ws/build/iris_vision/build --no-deps install_data
