-- Found ament_cmake_auto: 1.3.7 (/opt/ros/humble/share/ament_cmake_auto/cmake)
-- Override CMake install command with custom implementation using symlinks instead of copying resources
-- Configuring done
-- Generating done
-- Build files have been written to: /home/iris/iris/iris_ws/build/odrive_ros2_control
-- Install configuration: ""
-- Execute custom install script
-- Symlinking: /home/iris/iris/iris_ws/install/odrive_ros2_control/share/ament_index/resource_index/package_run_dependencies/odrive_ros2_control
-- Symlinking: /home/iris/iris/iris_ws/install/odrive_ros2_control/share/ament_index/resource_index/parent_prefix_path/odrive_ros2_control
-- Symlinking: /home/iris/iris/iris_ws/install/odrive_ros2_control/share/odrive_ros2_control/environment/ament_prefix_path.sh
-- Symlinking: /home/iris/iris/iris_ws/install/odrive_ros2_control/share/odrive_ros2_control/environment/ament_prefix_path.dsv
-- Symlinking: /home/iris/iris/iris_ws/install/odrive_ros2_control/share/odrive_ros2_control/environment/path.sh
-- Symlinking: /home/iris/iris/iris_ws/install/odrive_ros2_control/share/odrive_ros2_control/environment/path.dsv
-- Symlinking: /home/iris/iris/iris_ws/install/odrive_ros2_control/share/odrive_ros2_control/local_setup.bash
-- Symlinking: /home/iris/iris/iris_ws/install/odrive_ros2_control/share/odrive_ros2_control/local_setup.sh
-- Symlinking: /home/iris/iris/iris_ws/install/odrive_ros2_control/share/odrive_ros2_control/local_setup.zsh
-- Symlinking: /home/iris/iris/iris_ws/install/odrive_ros2_control/share/odrive_ros2_control/local_setup.dsv
-- Symlinking: /home/iris/iris/iris_ws/install/odrive_ros2_control/share/odrive_ros2_control/package.dsv
-- Symlinking: /home/iris/iris/iris_ws/install/odrive_ros2_control/share/ament_index/resource_index/packages/odrive_ros2_control
-- Symlinking: /home/iris/iris/iris_ws/install/odrive_ros2_control/share/odrive_ros2_control/cmake/odrive_ros2_controlConfig.cmake
-- Symlinking: /home/iris/iris/iris_ws/install/odrive_ros2_control/share/odrive_ros2_control/cmake/odrive_ros2_controlConfig-version.cmake
-- Symlinking: /home/iris/iris/iris_ws/install/odrive_ros2_control/share/odrive_ros2_control/package.xml
