[5.262s] Invoking command in '/home/iris/iris/iris_ws/src/iris_vision': PYTHONPATH=/home/iris/iris/iris_ws/build/iris_vision/prefix_override:/home/iris/iris/iris_ws/install/iris_vision/lib/python3.10/site-packages:${PYTHONPATH} /usr/bin/python3 setup.py egg_info --egg-base ../../build/iris_vision build --build-base /home/iris/iris/iris_ws/build/iris_vision/build install --record /home/iris/iris/iris_ws/build/iris_vision/install.log --single-version-externally-managed
[6.594s] running egg_info
[6.600s] writing ../../build/iris_vision/iris_vision.egg-info/PKG-INFO
[6.604s] writing dependency_links to ../../build/iris_vision/iris_vision.egg-info/dependency_links.txt
[6.605s] writing entry points to ../../build/iris_vision/iris_vision.egg-info/entry_points.txt
[6.606s] writing requirements to ../../build/iris_vision/iris_vision.egg-info/requires.txt
[6.607s] writing top-level names to ../../build/iris_vision/iris_vision.egg-info/top_level.txt
[6.612s] reading manifest file '../../build/iris_vision/iris_vision.egg-info/SOURCES.txt'
[6.620s] writing manifest file '../../build/iris_vision/iris_vision.egg-info/SOURCES.txt'
[6.628s] running build
[6.631s] running build_py
[6.633s] /usr/lib/python3/dist-packages/setuptools/command/install.py:34: SetuptoolsDeprecationWarning: setup.py install is deprecated. Use build and pip and other standards-based tools.
[6.637s]   warnings.warn(
[6.638s] running install
[6.643s] running install_lib
[6.647s] running install_data
[6.652s] running install_egg_info
[6.657s] removing '/home/iris/iris/iris_ws/install/iris_vision/lib/python3.10/site-packages/iris_vision-0.0.0-py3.10.egg-info' (and everything under it)
[6.661s] Copying ../../build/iris_vision/iris_vision.egg-info to /home/iris/iris/iris_ws/install/iris_vision/lib/python3.10/site-packages/iris_vision-0.0.0-py3.10.egg-info
[6.666s] running install_scripts
[6.740s] Installing testsub script to /home/iris/iris/iris_ws/install/iris_vision/lib/iris_vision
[6.749s] writing list of installed files to '/home/iris/iris/iris_ws/build/iris_vision/install.log'
[7.406s] Invoked command in '/home/iris/iris/iris_ws/src/iris_vision' returned '0': PYTHONPATH=/home/iris/iris/iris_ws/build/iris_vision/prefix_override:/home/iris/iris/iris_ws/install/iris_vision/lib/python3.10/site-packages:${PYTHONPATH} /usr/bin/python3 setup.py egg_info --egg-base ../../build/iris_vision build --build-base /home/iris/iris/iris_ws/build/iris_vision/build install --record /home/iris/iris/iris_ws/build/iris_vision/install.log --single-version-externally-managed
