[0.361s] Invoking command in '/home/iris/iris/iris_ws/build/camera_ros': CMAKE_PREFIX_PATH=/opt/ros/humble /usr/bin/cmake /home/iris/iris/iris_ws/src/camera_ros -DCMAKE_INSTALL_PREFIX=/home/iris/iris/iris_ws/install/camera_ros
[0.638s] -- The C compiler identification is GNU 11.4.0
[1.101s] -- The CXX compiler identification is GNU 11.4.0
[1.109s] -- Detecting C compiler ABI info
[1.473s] -- Detecting C compiler ABI info - done
[1.499s] -- Check for working C compiler: /usr/bin/cc - skipped
[1.501s] -- Detecting C compile features
[1.503s] -- Detecting C compile features - done
[1.516s] -- Detecting CXX compiler ABI info
[1.872s] -- Detecting CXX compiler ABI info - done
[1.900s] -- Check for working CXX compiler: /usr/bin/c++ - skipped
[1.901s] -- Detecting CXX compile features
[1.902s] -- Detecting CXX compile features - done
[1.917s] -- Found PkgConfig: /usr/bin/pkg-config (found version "0.29.2") 
[1.936s] -- Found ament_cmake: 1.3.6 (/opt/ros/humble/share/ament_cmake/cmake)
[2.670s] -- Found Python3: /usr/bin/python3.10 (found version "3.10.12") found components: Interpreter 
[3.162s] -- Found rclcpp: 16.0.7 (/opt/ros/humble/share/rclcpp/cmake)
[3.439s] -- Found rosidl_generator_c: 3.1.5 (/opt/ros/humble/share/rosidl_generator_c/cmake)
[3.471s] -- Found rosidl_adapter: 3.1.5 (/opt/ros/humble/share/rosidl_adapter/cmake)
[3.519s] -- Found rosidl_generator_cpp: 3.1.5 (/opt/ros/humble/share/rosidl_generator_cpp/cmake)
[3.589s] -- Using all available rosidl_typesupport_c: rosidl_typesupport_fastrtps_c;rosidl_typesupport_introspection_c
[3.691s] -- Using all available rosidl_typesupport_cpp: rosidl_typesupport_fastrtps_cpp;rosidl_typesupport_introspection_cpp
[4.036s] -- Found rmw_implementation_cmake: 6.1.1 (/opt/ros/humble/share/rmw_implementation_cmake/cmake)
[4.053s] -- Found rmw_fastrtps_cpp: 6.2.5 (/opt/ros/humble/share/rmw_fastrtps_cpp/cmake)
[4.535s] -- Found OpenSSL: /usr/lib/aarch64-linux-gnu/libcrypto.so (found version "3.0.2")  
[4.703s] -- Found FastRTPS: /opt/ros/humble/include  
[5.000s] -- Using RMW implementation 'rmw_fastrtps_cpp' as default
[5.067s] -- Looking for pthread.h
[5.378s] -- Looking for pthread.h - found
[5.381s] -- Performing Test CMAKE_HAVE_LIBC_PTHREAD
[5.681s] -- Performing Test CMAKE_HAVE_LIBC_PTHREAD - Success
[5.686s] -- Found Threads: TRUE  
[6.299s] -- Found rclcpp_components: 16.0.7 (/opt/ros/humble/share/rclcpp_components/cmake)
[6.591s] -- Found sensor_msgs: 4.2.3 (/opt/ros/humble/share/sensor_msgs/cmake)
[7.150s] [31mCMake Error at CMakeLists.txt:18 (find_package):
[7.151s]   By not providing "Findcamera_info_manager.cmake" in CMAKE_MODULE_PATH this
[7.151s]   project has asked CMake to find a package configuration file provided by
[7.151s]   "camera_info_manager", but CMake did not find one.
[7.152s] 
[7.152s]   Could not find a package configuration file provided by
[7.153s]   "camera_info_manager" with any of the following names:
[7.153s] 
[7.154s]     camera_info_managerConfig.cmake
[7.154s]     camera_info_manager-config.cmake
[7.154s] 
[7.155s]   Add the installation prefix of "camera_info_manager" to CMAKE_PREFIX_PATH
[7.155s]   or set "camera_info_manager_DIR" to a directory containing one of the above
[7.155s]   files.  If "camera_info_manager" provides a separate development package or
[7.156s]   SDK, be sure it has been installed.
[7.157s] 
[7.158s] [0m
[7.158s] -- Configuring incomplete, errors occurred!
[7.159s] See also "/home/iris/iris/iris_ws/build/camera_ros/CMakeFiles/CMakeOutput.log".
[7.181s] Invoked command in '/home/iris/iris/iris_ws/build/camera_ros' returned '1': CMAKE_PREFIX_PATH=/opt/ros/humble /usr/bin/cmake /home/iris/iris/iris_ws/src/camera_ros -DCMAKE_INSTALL_PREFIX=/home/iris/iris/iris_ws/install/camera_ros
