[0.996s] Invoking command in '/home/iris/iris/iris_ws/build/odrive_hardware_interface': CMAKE_PREFIX_PATH=${CMAKE_PREFIX_PATH}:/home/iris/iris/iris_ws/install/iris_vision:/opt/ros/humble /usr/bin/cmake /home/iris/iris/iris_ws/src/odrive_ros2_control/odrive_hardware_interface -DCMAKE_INSTALL_PREFIX=/home/iris/iris/iris_ws/install/odrive_hardware_interface
[3.497s] -- Found ament_cmake_auto: 1.3.7 (/opt/ros/humble/share/ament_cmake_auto/cmake)
[3.497s] -- Override CMake install command with custom implementation using symlinks instead of copying resources
[3.498s] -- Found rosidl_generator_c: 3.1.5 (/opt/ros/humble/share/rosidl_generator_c/cmake)
[3.498s] -- Found rosidl_adapter: 3.1.5 (/opt/ros/humble/share/rosidl_adapter/cmake)
[3.499s] -- Found rosidl_generator_cpp: 3.1.5 (/opt/ros/humble/share/rosidl_generator_cpp/cmake)
[3.499s] -- Using all available rosidl_typesupport_c: rosidl_typesupport_fastrtps_c;rosidl_typesupport_introspection_c
[3.499s] -- Using all available rosidl_typesupport_cpp: rosidl_typesupport_fastrtps_cpp;rosidl_typesupport_introspection_cpp
[8.216s] -- Found rmw_implementation_cmake: 6.1.1 (/opt/ros/humble/share/rmw_implementation_cmake/cmake)
[8.237s] -- Found rmw_fastrtps_cpp: 6.2.6 (/opt/ros/humble/share/rmw_fastrtps_cpp/cmake)
[8.388s] -- Found TinyXML2 via Config file: TinyXML2_DIR-NOTFOUND
[8.438s] -- Found TinyXML2 via Config file: TinyXML2_DIR-NOTFOUND
[8.563s] -- Found TinyXML2 via Config file: TinyXML2_DIR-NOTFOUND
[8.612s] -- Found TinyXML2 via Config file: TinyXML2_DIR-NOTFOUND
[8.656s] -- Using RMW implementation 'rmw_fastrtps_cpp' as default
[10.069s] -- Found ament_lint_auto: 0.12.10 (/opt/ros/humble/share/ament_lint_auto/cmake)
[10.152s] -- Added test 'copyright' to check source files copyright and LICENSE
[10.163s] -- Added test 'cppcheck' to perform static code analysis on C / C++ code
[10.164s] -- Configured cppcheck include dirs: /home/iris/iris/iris_ws/src/odrive_ros2_control/odrive_hardware_interface/include
[10.165s] -- Configured cppcheck exclude dirs and/or files: 
[10.177s] -- Added test 'cpplint' to check C / C++ code against the Google style
[10.180s] -- Configured cpplint exclude dirs and/or files: 
[10.183s] -- Added test 'lint_cmake' to check CMake code style
[10.220s] -- Added test 'uncrustify' to check C / C++ code style
[10.229s] -- Configured uncrustify additional arguments: 
[10.230s] -- Added test 'xmllint' to check XML markup files
[10.233s] -- Configuring done
[10.627s] -- Generating done
[10.640s] -- Build files have been written to: /home/iris/iris/iris_ws/build/odrive_hardware_interface
[11.458s] Invoked command in '/home/iris/iris/iris_ws/build/odrive_hardware_interface' returned '0': CMAKE_PREFIX_PATH=${CMAKE_PREFIX_PATH}:/home/iris/iris/iris_ws/install/iris_vision:/opt/ros/humble /usr/bin/cmake /home/iris/iris/iris_ws/src/odrive_ros2_control/odrive_hardware_interface -DCMAKE_INSTALL_PREFIX=/home/iris/iris/iris_ws/install/odrive_hardware_interface
[11.477s] Invoking command in '/home/iris/iris/iris_ws/build/odrive_hardware_interface': CMAKE_PREFIX_PATH=${CMAKE_PREFIX_PATH}:/home/iris/iris/iris_ws/install/iris_vision:/opt/ros/humble /usr/bin/cmake --build /home/iris/iris/iris_ws/build/odrive_hardware_interface -- -j4 -l4
[11.824s] [35m[1mConsolidate compiler generated dependencies of target odrive_usb[0m
[11.936s] [ 25%] [32mBuilding CXX object CMakeFiles/odrive_usb.dir/src/odrive_usb.cpp.o[0m
[16.460s] [ 50%] [32m[1mLinking CXX shared library libodrive_usb.so[0m
[17.256s] [ 50%] Built target odrive_usb
[17.357s] [ 75%] [32mBuilding CXX object CMakeFiles/odrive_hardware_interface.dir/src/odrive_hardware_interface.cpp.o[0m
[35.913s] [100%] [32m[1mLinking CXX shared library libodrive_hardware_interface.so[0m
[37.004s] [100%] Built target odrive_hardware_interface
[37.046s] Invoked command in '/home/iris/iris/iris_ws/build/odrive_hardware_interface' returned '0': CMAKE_PREFIX_PATH=${CMAKE_PREFIX_PATH}:/home/iris/iris/iris_ws/install/iris_vision:/opt/ros/humble /usr/bin/cmake --build /home/iris/iris/iris_ws/build/odrive_hardware_interface -- -j4 -l4
[37.215s] Invoking command in '/home/iris/iris/iris_ws/build/odrive_hardware_interface': CMAKE_PREFIX_PATH=${CMAKE_PREFIX_PATH}:/home/iris/iris/iris_ws/install/iris_vision:/opt/ros/humble /usr/bin/cmake --install /home/iris/iris/iris_ws/build/odrive_hardware_interface
[37.242s] -- Install configuration: ""
[37.244s] -- Execute custom install script
[37.245s] -- Symlinking: /home/iris/iris/iris_ws/install/odrive_hardware_interface/share/odrive_hardware_interface//odrive_hardware_interface.xml
[37.280s] -- Symlinking: /home/iris/iris/iris_ws/install/odrive_hardware_interface/include/odrive_hardware_interface/odrive_endpoints.hpp
[37.314s] -- Symlinking: /home/iris/iris/iris_ws/install/odrive_hardware_interface/include/odrive_hardware_interface/odrive_hardware_interface.hpp
[37.347s] -- Symlinking: /home/iris/iris/iris_ws/install/odrive_hardware_interface/include/odrive_hardware_interface/odrive_usb.hpp
[37.383s] -- Symlinking: /home/iris/iris/iris_ws/install/odrive_hardware_interface/include/odrive_hardware_interface/visibility_control.hpp
[37.417s] -- Symlinking: /home/iris/iris/iris_ws/install/odrive_hardware_interface/share/odrive_hardware_interface/environment/library_path.sh
[37.451s] -- Symlinking: /home/iris/iris/iris_ws/install/odrive_hardware_interface/share/odrive_hardware_interface/environment/library_path.dsv
[37.486s] -- Symlinking: /home/iris/iris/iris_ws/install/odrive_hardware_interface/lib/libodrive_usb.so
[37.520s] -- Symlinking: /home/iris/iris/iris_ws/install/odrive_hardware_interface/lib/libodrive_hardware_interface.so
[37.554s] -- Symlinking: /home/iris/iris/iris_ws/install/odrive_hardware_interface/share/ament_index/resource_index/package_run_dependencies/odrive_hardware_interface
[37.587s] -- Symlinking: /home/iris/iris/iris_ws/install/odrive_hardware_interface/share/ament_index/resource_index/parent_prefix_path/odrive_hardware_interface
[37.621s] -- Symlinking: /home/iris/iris/iris_ws/install/odrive_hardware_interface/share/odrive_hardware_interface/environment/ament_prefix_path.sh
[37.652s] -- Symlinking: /home/iris/iris/iris_ws/install/odrive_hardware_interface/share/odrive_hardware_interface/environment/ament_prefix_path.dsv
[37.686s] -- Symlinking: /home/iris/iris/iris_ws/install/odrive_hardware_interface/share/odrive_hardware_interface/environment/path.sh
[37.720s] -- Symlinking: /home/iris/iris/iris_ws/install/odrive_hardware_interface/share/odrive_hardware_interface/environment/path.dsv
[37.754s] -- Symlinking: /home/iris/iris/iris_ws/install/odrive_hardware_interface/share/odrive_hardware_interface/local_setup.bash
[37.793s] -- Symlinking: /home/iris/iris/iris_ws/install/odrive_hardware_interface/share/odrive_hardware_interface/local_setup.sh
[37.829s] -- Symlinking: /home/iris/iris/iris_ws/install/odrive_hardware_interface/share/odrive_hardware_interface/local_setup.zsh
[37.862s] -- Symlinking: /home/iris/iris/iris_ws/install/odrive_hardware_interface/share/odrive_hardware_interface/local_setup.dsv
[37.896s] -- Symlinking: /home/iris/iris/iris_ws/install/odrive_hardware_interface/share/odrive_hardware_interface/package.dsv
[37.934s] -- Symlinking: /home/iris/iris/iris_ws/install/odrive_hardware_interface/share/ament_index/resource_index/packages/odrive_hardware_interface
[37.978s] -- Symlinking: /home/iris/iris/iris_ws/install/odrive_hardware_interface/share/ament_index/resource_index/hardware_interface__pluginlib__plugin/odrive_hardware_interface
[38.015s] -- Symlinking: /home/iris/iris/iris_ws/install/odrive_hardware_interface/share/odrive_hardware_interface/cmake/ament_cmake_export_dependencies-extras.cmake
[38.049s] -- Symlinking: /home/iris/iris/iris_ws/install/odrive_hardware_interface/share/odrive_hardware_interface/cmake/ament_cmake_export_include_directories-extras.cmake
[38.084s] -- Symlinking: /home/iris/iris/iris_ws/install/odrive_hardware_interface/share/odrive_hardware_interface/cmake/ament_cmake_export_libraries-extras.cmake
[38.118s] -- Symlinking: /home/iris/iris/iris_ws/install/odrive_hardware_interface/share/odrive_hardware_interface/cmake/odrive_hardware_interfaceConfig.cmake
[38.151s] -- Symlinking: /home/iris/iris/iris_ws/install/odrive_hardware_interface/share/odrive_hardware_interface/cmake/odrive_hardware_interfaceConfig-version.cmake
[38.184s] -- Symlinking: /home/iris/iris/iris_ws/install/odrive_hardware_interface/share/odrive_hardware_interface/package.xml
[38.225s] Invoked command in '/home/iris/iris/iris_ws/build/odrive_hardware_interface' returned '0': CMAKE_PREFIX_PATH=${CMAKE_PREFIX_PATH}:/home/iris/iris/iris_ws/install/iris_vision:/opt/ros/humble /usr/bin/cmake --install /home/iris/iris/iris_ws/build/odrive_hardware_interface
