[1.167s] Invoking command in '/home/iris/iris/iris_ws/build/odrive_demo_description': CMAKE_PREFIX_PATH=/opt/ros/humble /usr/bin/cmake --build /home/iris/iris/iris_ws/build/odrive_demo_description -- -j4 -l4
[3.535s] Invoked command in '/home/iris/iris/iris_ws/build/odrive_demo_description' returned '0': CMAKE_PREFIX_PATH=/opt/ros/humble /usr/bin/cmake --build /home/iris/iris/iris_ws/build/odrive_demo_description -- -j4 -l4
[4.015s] Invoking command in '/home/iris/iris/iris_ws/build/odrive_demo_description': CMAKE_PREFIX_PATH=/opt/ros/humble /usr/bin/cmake --install /home/iris/iris/iris_ws/build/odrive_demo_description
[4.051s] -- Install configuration: ""
[4.072s] -- Execute custom install script
[4.083s] -- Up-to-date symlink: /home/iris/iris/iris_ws/install/odrive_demo_description/share/odrive_demo_description/urdf/odrive.ros2_control.xacro
[4.084s] -- Up-to-date symlink: /home/iris/iris/iris_ws/install/odrive_demo_description/share/odrive_demo_description/urdf/odrive.urdf.xacro
[4.084s] -- Up-to-date symlink: /home/iris/iris/iris_ws/install/odrive_demo_description/share/odrive_demo_description/urdf/odrive_diffbot.urdf.xacro
[4.085s] -- Up-to-date symlink: /home/iris/iris/iris_ws/install/odrive_demo_description/share/odrive_demo_description/urdf/odrive_rrbot.urdf.xacro
[4.085s] -- Up-to-date symlink: /home/iris/iris/iris_ws/install/odrive_demo_description/share/ament_index/resource_index/package_run_dependencies/odrive_demo_description
[4.086s] -- Up-to-date symlink: /home/iris/iris/iris_ws/install/odrive_demo_description/share/ament_index/resource_index/parent_prefix_path/odrive_demo_description
[4.086s] -- Up-to-date symlink: /home/iris/iris/iris_ws/install/odrive_demo_description/share/odrive_demo_description/environment/ament_prefix_path.sh
[4.087s] -- Up-to-date symlink: /home/iris/iris/iris_ws/install/odrive_demo_description/share/odrive_demo_description/environment/ament_prefix_path.dsv
[4.088s] -- Up-to-date symlink: /home/iris/iris/iris_ws/install/odrive_demo_description/share/odrive_demo_description/environment/path.sh
[4.088s] -- Up-to-date symlink: /home/iris/iris/iris_ws/install/odrive_demo_description/share/odrive_demo_description/environment/path.dsv
[4.089s] -- Up-to-date symlink: /home/iris/iris/iris_ws/install/odrive_demo_description/share/odrive_demo_description/local_setup.bash
[4.090s] -- Up-to-date symlink: /home/iris/iris/iris_ws/install/odrive_demo_description/share/odrive_demo_description/local_setup.sh
[4.107s] -- Up-to-date symlink: /home/iris/iris/iris_ws/install/odrive_demo_description/share/odrive_demo_description/local_setup.zsh
[4.107s] -- Up-to-date symlink: /home/iris/iris/iris_ws/install/odrive_demo_description/share/odrive_demo_description/local_setup.dsv
[4.108s] -- Symlinking: /home/iris/iris/iris_ws/install/odrive_demo_description/share/odrive_demo_description/package.dsv
[4.126s] -- Up-to-date symlink: /home/iris/iris/iris_ws/install/odrive_demo_description/share/ament_index/resource_index/packages/odrive_demo_description
[4.127s] -- Up-to-date symlink: /home/iris/iris/iris_ws/install/odrive_demo_description/share/odrive_demo_description/cmake/odrive_demo_descriptionConfig.cmake
[4.127s] -- Up-to-date symlink: /home/iris/iris/iris_ws/install/odrive_demo_description/share/odrive_demo_description/cmake/odrive_demo_descriptionConfig-version.cmake
[4.134s] -- Up-to-date symlink: /home/iris/iris/iris_ws/install/odrive_demo_description/share/odrive_demo_description/package.xml
[4.156s] Invoked command in '/home/iris/iris/iris_ws/build/odrive_demo_description' returned '0': CMAKE_PREFIX_PATH=/opt/ros/humble /usr/bin/cmake --install /home/iris/iris/iris_ws/build/odrive_demo_description
