[5.419s] Invoking command in '/home/iris/iris/iris_ws/build/iris_vision': PYTHONPATH=/home/iris/iris/iris_ws/build/iris_vision/prefix_override:/home/iris/iris/iris_ws/install/iris_vision/lib/python3.10/site-packages:${PYTHONPATH} /usr/bin/python3 setup.py develop --editable --build-directory /home/iris/iris/iris_ws/build/iris_vision/build --no-deps install_data
[6.763s] running develop
[6.764s] /usr/lib/python3/dist-packages/setuptools/command/easy_install.py:158: EasyInstallDeprecationWarning: easy_install command is deprecated. Use build and pip and other standards-based tools.
[6.765s]   warnings.warn(
[6.777s] /usr/lib/python3/dist-packages/setuptools/command/install.py:34: SetuptoolsDeprecationWarning: setup.py install is deprecated. Use build and pip and other standards-based tools.
[6.779s]   warnings.warn(
[8.010s] running egg_info
[8.011s] writing iris_vision.egg-info/PKG-INFO
[8.011s] writing dependency_links to iris_vision.egg-info/dependency_links.txt
[8.012s] writing entry points to iris_vision.egg-info/entry_points.txt
[8.013s] writing requirements to iris_vision.egg-info/requires.txt
[8.014s] writing top-level names to iris_vision.egg-info/top_level.txt
[8.022s] reading manifest file 'iris_vision.egg-info/SOURCES.txt'
[8.026s] writing manifest file 'iris_vision.egg-info/SOURCES.txt'
[8.032s] running build_ext
[8.033s] Creating /home/iris/iris/iris_ws/install/iris_vision/lib/python3.10/site-packages/iris-vision.egg-link (link to .)
[8.038s] Installing Aruco_Tracking script to /home/iris/iris/iris_ws/install/iris_vision/lib/iris_vision
[8.039s] Installing DSLR_handler script to /home/iris/iris/iris_ws/install/iris_vision/lib/iris_vision
[8.040s] Installing FaceTracking script to /home/iris/iris/iris_ws/install/iris_vision/lib/iris_vision
[8.041s] Installing FaceTracking_headless script to /home/iris/iris/iris_ws/install/iris_vision/lib/iris_vision
[8.042s] Installing facetracking_motioncoltrol script to /home/iris/iris/iris_ws/install/iris_vision/lib/iris_vision
[8.044s] Installing iris_joy_control script to /home/iris/iris/iris_ws/install/iris_vision/lib/iris_vision
[8.046s] Installing listener script to /home/iris/iris/iris_ws/install/iris_vision/lib/iris_vision
[8.048s] Installing talker script to /home/iris/iris/iris_ws/install/iris_vision/lib/iris_vision
[8.053s] 
[8.057s] Installed /home/iris/iris/iris_ws/build/iris_vision
[8.059s] running install_data
[9.024s] Invoked command in '/home/iris/iris/iris_ws/build/iris_vision' returned '0': PYTHONPATH=/home/iris/iris/iris_ws/build/iris_vision/prefix_override:/home/iris/iris/iris_ws/install/iris_vision/lib/python3.10/site-packages:${PYTHONPATH} /usr/bin/python3 setup.py develop --editable --build-directory /home/iris/iris/iris_ws/build/iris_vision/build --no-deps install_data
