[0.570s] Invoking command in '/home/iris/iris/iris_ws/build/ralph6': CMAKE_PREFIX_PATH=${CMAKE_PREFIX_PATH}:/home/iris/iris/iris_ws/install/iris_vision:/opt/ros/humble /usr/bin/cmake --build /home/iris/iris/iris_ws/build/ralph6 -- -j4 -l4
[0.841s] [100%] Built target test_node
[1.230s] Invoked command in '/home/iris/iris/iris_ws/build/ralph6' returned '0': CMAKE_PREFIX_PATH=${CMAKE_PREFIX_PATH}:/home/iris/iris/iris_ws/install/iris_vision:/opt/ros/humble /usr/bin/cmake --build /home/iris/iris/iris_ws/build/ralph6 -- -j4 -l4
[2.384s] Invoking command in '/home/iris/iris/iris_ws/build/ralph6': CMAKE_PREFIX_PATH=${CMAKE_PREFIX_PATH}:/home/iris/iris/iris_ws/install/iris_vision:/opt/ros/humble /usr/bin/cmake --install /home/iris/iris/iris_ws/build/ralph6
[2.828s] -- Install configuration: ""
[2.829s] -- Execute custom install script
[2.832s] -- Up-to-date symlink: /home/iris/iris/iris_ws/install/ralph6/lib/ralph6/test_node
[2.833s] -- Up-to-date symlink: /home/iris/iris/iris_ws/install/ralph6/share/ament_index/resource_index/package_run_dependencies/ralph6
[2.840s] -- Up-to-date symlink: /home/iris/iris/iris_ws/install/ralph6/share/ament_index/resource_index/parent_prefix_path/ralph6
[2.845s] -- Up-to-date symlink: /home/iris/iris/iris_ws/install/ralph6/share/ralph6/environment/ament_prefix_path.sh
[2.871s] -- Up-to-date symlink: /home/iris/iris/iris_ws/install/ralph6/share/ralph6/environment/ament_prefix_path.dsv
[2.871s] -- Up-to-date symlink: /home/iris/iris/iris_ws/install/ralph6/share/ralph6/environment/path.sh
[2.872s] -- Up-to-date symlink: /home/iris/iris/iris_ws/install/ralph6/share/ralph6/environment/path.dsv
[2.872s] -- Up-to-date symlink: /home/iris/iris/iris_ws/install/ralph6/share/ralph6/local_setup.bash
[2.872s] -- Up-to-date symlink: /home/iris/iris/iris_ws/install/ralph6/share/ralph6/local_setup.sh
[2.873s] -- Up-to-date symlink: /home/iris/iris/iris_ws/install/ralph6/share/ralph6/local_setup.zsh
[2.873s] -- Up-to-date symlink: /home/iris/iris/iris_ws/install/ralph6/share/ralph6/local_setup.dsv
[2.874s] -- Symlinking: /home/iris/iris/iris_ws/install/ralph6/share/ralph6/package.dsv
[2.874s] -- Up-to-date symlink: /home/iris/iris/iris_ws/install/ralph6/share/ament_index/resource_index/packages/ralph6
[2.875s] -- Up-to-date symlink: /home/iris/iris/iris_ws/install/ralph6/share/ralph6/cmake/ralph6Config.cmake
[2.875s] -- Up-to-date symlink: /home/iris/iris/iris_ws/install/ralph6/share/ralph6/cmake/ralph6Config-version.cmake
[2.876s] -- Up-to-date symlink: /home/iris/iris/iris_ws/install/ralph6/share/ralph6/package.xml
[2.879s] Invoked command in '/home/iris/iris/iris_ws/build/ralph6' returned '0': CMAKE_PREFIX_PATH=${CMAKE_PREFIX_PATH}:/home/iris/iris/iris_ws/install/iris_vision:/opt/ros/humble /usr/bin/cmake --install /home/iris/iris/iris_ws/build/ralph6
