[0.715s] Invoking command in '/home/iris/iris/iris_ws/build/micro_ros_msgs': CMAKE_PREFIX_PATH=${CMAKE_PREFIX_PATH}:/opt/ros/humble /usr/bin/cmake --build /home/iris/iris/iris_ws/build/micro_ros_msgs -- -j4 -l4
[0.976s] [  2%] Built target micro_ros_msgs__cpp
[1.003s] [ 12%] Built target micro_ros_msgs__rosidl_generator_c
[1.069s] [ 12%] Built target ament_cmake_python_copy_micro_ros_msgs
[1.140s] [ 27%] Built target micro_ros_msgs__rosidl_typesupport_cpp
[1.147s] [ 34%] Built target micro_ros_msgs__rosidl_typesupport_introspection_cpp
[1.183s] [ 44%] Built target micro_ros_msgs__rosidl_typesupport_fastrtps_cpp
[1.207s] [ 55%] Built target micro_ros_msgs__rosidl_typesupport_fastrtps_c
[1.382s] [ 65%] Built target micro_ros_msgs__rosidl_typesupport_introspection_c
[1.548s] [ 76%] Built target micro_ros_msgs__rosidl_typesupport_c
[1.575s] [ 76%] Built target micro_ros_msgs
[1.681s] [ 78%] Built target micro_ros_msgs__py
[1.819s] [ 87%] Built target micro_ros_msgs__rosidl_generator_py
[1.974s] [ 91%] Built target micro_ros_msgs__rosidl_typesupport_fastrtps_c__pyext
[2.054s] [ 95%] Built target micro_ros_msgs__rosidl_typesupport_introspection_c__pyext
[2.081s] [100%] Built target micro_ros_msgs__rosidl_typesupport_c__pyext
[2.734s] running egg_info
[2.743s] writing micro_ros_msgs.egg-info/PKG-INFO
[2.744s] writing dependency_links to micro_ros_msgs.egg-info/dependency_links.txt
[2.744s] writing top-level names to micro_ros_msgs.egg-info/top_level.txt
[2.758s] reading manifest file 'micro_ros_msgs.egg-info/SOURCES.txt'
[2.765s] writing manifest file 'micro_ros_msgs.egg-info/SOURCES.txt'
[2.919s] [100%] Built target ament_cmake_python_build_micro_ros_msgs_egg
[3.276s] Invoked command in '/home/iris/iris/iris_ws/build/micro_ros_msgs' returned '0': CMAKE_PREFIX_PATH=${CMAKE_PREFIX_PATH}:/opt/ros/humble /usr/bin/cmake --build /home/iris/iris/iris_ws/build/micro_ros_msgs -- -j4 -l4
[3.829s] Invoking command in '/home/iris/iris/iris_ws/build/micro_ros_msgs': CMAKE_PREFIX_PATH=${CMAKE_PREFIX_PATH}:/opt/ros/humble /usr/bin/cmake --install /home/iris/iris/iris_ws/build/micro_ros_msgs
[3.855s] -- Install configuration: ""
[3.862s] -- Up-to-date: /home/iris/iris/iris_ws/install/micro_ros_msgs/share/ament_index/resource_index/rosidl_interfaces/micro_ros_msgs
[3.863s] -- Up-to-date: /home/iris/iris/iris_ws/install/micro_ros_msgs/include/micro_ros_msgs/micro_ros_msgs
[3.863s] -- Up-to-date: /home/iris/iris/iris_ws/install/micro_ros_msgs/include/micro_ros_msgs/micro_ros_msgs/msg
[3.864s] -- Up-to-date: /home/iris/iris/iris_ws/install/micro_ros_msgs/include/micro_ros_msgs/micro_ros_msgs/msg/node.h
[3.864s] -- Up-to-date: /home/iris/iris/iris_ws/install/micro_ros_msgs/include/micro_ros_msgs/micro_ros_msgs/msg/detail
[3.865s] -- Up-to-date: /home/iris/iris/iris_ws/install/micro_ros_msgs/include/micro_ros_msgs/micro_ros_msgs/msg/detail/graph__functions.h
[3.867s] -- Up-to-date: /home/iris/iris/iris_ws/install/micro_ros_msgs/include/micro_ros_msgs/micro_ros_msgs/msg/detail/entity__functions.h
[3.868s] -- Up-to-date: /home/iris/iris/iris_ws/install/micro_ros_msgs/include/micro_ros_msgs/micro_ros_msgs/msg/detail/graph__struct.h
[3.868s] -- Up-to-date: /home/iris/iris/iris_ws/install/micro_ros_msgs/include/micro_ros_msgs/micro_ros_msgs/msg/detail/node__functions.c
[3.869s] -- Up-to-date: /home/iris/iris/iris_ws/install/micro_ros_msgs/include/micro_ros_msgs/micro_ros_msgs/msg/detail/node__type_support.h
[3.870s] -- Up-to-date: /home/iris/iris/iris_ws/install/micro_ros_msgs/include/micro_ros_msgs/micro_ros_msgs/msg/detail/node__functions.h
[3.870s] -- Up-to-date: /home/iris/iris/iris_ws/install/micro_ros_msgs/include/micro_ros_msgs/micro_ros_msgs/msg/detail/entity__type_support.h
[3.871s] -- Up-to-date: /home/iris/iris/iris_ws/install/micro_ros_msgs/include/micro_ros_msgs/micro_ros_msgs/msg/detail/graph__type_support.h
[3.872s] -- Up-to-date: /home/iris/iris/iris_ws/install/micro_ros_msgs/include/micro_ros_msgs/micro_ros_msgs/msg/detail/graph__functions.c
[3.873s] -- Up-to-date: /home/iris/iris/iris_ws/install/micro_ros_msgs/include/micro_ros_msgs/micro_ros_msgs/msg/detail/entity__functions.c
[3.874s] -- Up-to-date: /home/iris/iris/iris_ws/install/micro_ros_msgs/include/micro_ros_msgs/micro_ros_msgs/msg/detail/node__struct.h
[3.875s] -- Up-to-date: /home/iris/iris/iris_ws/install/micro_ros_msgs/include/micro_ros_msgs/micro_ros_msgs/msg/detail/entity__struct.h
[3.875s] -- Up-to-date: /home/iris/iris/iris_ws/install/micro_ros_msgs/include/micro_ros_msgs/micro_ros_msgs/msg/graph.h
[3.876s] -- Up-to-date: /home/iris/iris/iris_ws/install/micro_ros_msgs/include/micro_ros_msgs/micro_ros_msgs/msg/rosidl_generator_c__visibility_control.h
[3.877s] -- Up-to-date: /home/iris/iris/iris_ws/install/micro_ros_msgs/include/micro_ros_msgs/micro_ros_msgs/msg/entity.h
[3.877s] -- Up-to-date: /home/iris/iris/iris_ws/install/micro_ros_msgs/share/micro_ros_msgs/environment/library_path.sh
[3.878s] -- Up-to-date: /home/iris/iris/iris_ws/install/micro_ros_msgs/share/micro_ros_msgs/environment/library_path.dsv
[3.879s] -- Up-to-date: /home/iris/iris/iris_ws/install/micro_ros_msgs/lib/libmicro_ros_msgs__rosidl_generator_c.so
[3.879s] -- Up-to-date: /home/iris/iris/iris_ws/install/micro_ros_msgs/include/micro_ros_msgs/micro_ros_msgs
[3.880s] -- Up-to-date: /home/iris/iris/iris_ws/install/micro_ros_msgs/include/micro_ros_msgs/micro_ros_msgs/msg
[3.881s] -- Up-to-date: /home/iris/iris/iris_ws/install/micro_ros_msgs/include/micro_ros_msgs/micro_ros_msgs/msg/detail
[3.885s] -- Up-to-date: /home/iris/iris/iris_ws/install/micro_ros_msgs/include/micro_ros_msgs/micro_ros_msgs/msg/detail/node__rosidl_typesupport_fastrtps_c.h
[3.886s] -- Up-to-date: /home/iris/iris/iris_ws/install/micro_ros_msgs/include/micro_ros_msgs/micro_ros_msgs/msg/detail/graph__rosidl_typesupport_fastrtps_c.h
[3.888s] -- Up-to-date: /home/iris/iris/iris_ws/install/micro_ros_msgs/include/micro_ros_msgs/micro_ros_msgs/msg/detail/entity__rosidl_typesupport_fastrtps_c.h
[3.888s] -- Up-to-date: /home/iris/iris/iris_ws/install/micro_ros_msgs/include/micro_ros_msgs/micro_ros_msgs/msg/rosidl_typesupport_fastrtps_c__visibility_control.h
[3.889s] -- Up-to-date: /home/iris/iris/iris_ws/install/micro_ros_msgs/lib/libmicro_ros_msgs__rosidl_typesupport_fastrtps_c.so
[3.890s] -- Up-to-date: /home/iris/iris/iris_ws/install/micro_ros_msgs/include/micro_ros_msgs/micro_ros_msgs
[3.890s] -- Up-to-date: /home/iris/iris/iris_ws/install/micro_ros_msgs/include/micro_ros_msgs/micro_ros_msgs/msg
[3.891s] -- Up-to-date: /home/iris/iris/iris_ws/install/micro_ros_msgs/include/micro_ros_msgs/micro_ros_msgs/msg/rosidl_typesupport_introspection_c__visibility_control.h
[3.892s] -- Up-to-date: /home/iris/iris/iris_ws/install/micro_ros_msgs/include/micro_ros_msgs/micro_ros_msgs/msg/detail
[3.893s] -- Up-to-date: /home/iris/iris/iris_ws/install/micro_ros_msgs/include/micro_ros_msgs/micro_ros_msgs/msg/detail/entity__rosidl_typesupport_introspection_c.h
[3.894s] -- Up-to-date: /home/iris/iris/iris_ws/install/micro_ros_msgs/include/micro_ros_msgs/micro_ros_msgs/msg/detail/graph__rosidl_typesupport_introspection_c.h
[3.895s] -- Up-to-date: /home/iris/iris/iris_ws/install/micro_ros_msgs/include/micro_ros_msgs/micro_ros_msgs/msg/detail/node__rosidl_typesupport_introspection_c.h
[3.896s] -- Up-to-date: /home/iris/iris/iris_ws/install/micro_ros_msgs/include/micro_ros_msgs/micro_ros_msgs/msg/detail/entity__type_support.c
[3.896s] -- Up-to-date: /home/iris/iris/iris_ws/install/micro_ros_msgs/include/micro_ros_msgs/micro_ros_msgs/msg/detail/node__type_support.c
[3.897s] -- Up-to-date: /home/iris/iris/iris_ws/install/micro_ros_msgs/include/micro_ros_msgs/micro_ros_msgs/msg/detail/graph__type_support.c
[3.897s] -- Up-to-date: /home/iris/iris/iris_ws/install/micro_ros_msgs/lib/libmicro_ros_msgs__rosidl_typesupport_introspection_c.so
[3.898s] -- Up-to-date: /home/iris/iris/iris_ws/install/micro_ros_msgs/lib/libmicro_ros_msgs__rosidl_typesupport_c.so
[3.898s] -- Up-to-date: /home/iris/iris/iris_ws/install/micro_ros_msgs/include/micro_ros_msgs/micro_ros_msgs
[3.899s] -- Up-to-date: /home/iris/iris/iris_ws/install/micro_ros_msgs/include/micro_ros_msgs/micro_ros_msgs/msg
[3.899s] -- Up-to-date: /home/iris/iris/iris_ws/install/micro_ros_msgs/include/micro_ros_msgs/micro_ros_msgs/msg/graph.hpp
[3.900s] -- Up-to-date: /home/iris/iris/iris_ws/install/micro_ros_msgs/include/micro_ros_msgs/micro_ros_msgs/msg/detail
[3.901s] -- Up-to-date: /home/iris/iris/iris_ws/install/micro_ros_msgs/include/micro_ros_msgs/micro_ros_msgs/msg/detail/graph__traits.hpp
[3.902s] -- Up-to-date: /home/iris/iris/iris_ws/install/micro_ros_msgs/include/micro_ros_msgs/micro_ros_msgs/msg/detail/node__builder.hpp
[3.902s] -- Up-to-date: /home/iris/iris/iris_ws/install/micro_ros_msgs/include/micro_ros_msgs/micro_ros_msgs/msg/detail/graph__builder.hpp
[3.903s] -- Up-to-date: /home/iris/iris/iris_ws/install/micro_ros_msgs/include/micro_ros_msgs/micro_ros_msgs/msg/detail/entity__struct.hpp
[3.904s] -- Up-to-date: /home/iris/iris/iris_ws/install/micro_ros_msgs/include/micro_ros_msgs/micro_ros_msgs/msg/detail/graph__struct.hpp
[3.904s] -- Up-to-date: /home/iris/iris/iris_ws/install/micro_ros_msgs/include/micro_ros_msgs/micro_ros_msgs/msg/detail/node__struct.hpp
[3.905s] -- Up-to-date: /home/iris/iris/iris_ws/install/micro_ros_msgs/include/micro_ros_msgs/micro_ros_msgs/msg/detail/node__traits.hpp
[3.905s] -- Up-to-date: /home/iris/iris/iris_ws/install/micro_ros_msgs/include/micro_ros_msgs/micro_ros_msgs/msg/detail/entity__builder.hpp
[3.906s] -- Up-to-date: /home/iris/iris/iris_ws/install/micro_ros_msgs/include/micro_ros_msgs/micro_ros_msgs/msg/detail/entity__traits.hpp
[3.907s] -- Up-to-date: /home/iris/iris/iris_ws/install/micro_ros_msgs/include/micro_ros_msgs/micro_ros_msgs/msg/node.hpp
[3.907s] -- Up-to-date: /home/iris/iris/iris_ws/install/micro_ros_msgs/include/micro_ros_msgs/micro_ros_msgs/msg/entity.hpp
[3.908s] -- Up-to-date: /home/iris/iris/iris_ws/install/micro_ros_msgs/include/micro_ros_msgs/micro_ros_msgs
[3.909s] -- Up-to-date: /home/iris/iris/iris_ws/install/micro_ros_msgs/include/micro_ros_msgs/micro_ros_msgs/msg
[3.911s] -- Up-to-date: /home/iris/iris/iris_ws/install/micro_ros_msgs/include/micro_ros_msgs/micro_ros_msgs/msg/detail
[3.912s] -- Up-to-date: /home/iris/iris/iris_ws/install/micro_ros_msgs/include/micro_ros_msgs/micro_ros_msgs/msg/detail/node__rosidl_typesupport_fastrtps_cpp.hpp
[3.913s] -- Up-to-date: /home/iris/iris/iris_ws/install/micro_ros_msgs/include/micro_ros_msgs/micro_ros_msgs/msg/detail/entity__rosidl_typesupport_fastrtps_cpp.hpp
[3.914s] -- Up-to-date: /home/iris/iris/iris_ws/install/micro_ros_msgs/include/micro_ros_msgs/micro_ros_msgs/msg/detail/graph__rosidl_typesupport_fastrtps_cpp.hpp
[3.915s] -- Up-to-date: /home/iris/iris/iris_ws/install/micro_ros_msgs/include/micro_ros_msgs/micro_ros_msgs/msg/detail/dds_fastrtps
[3.915s] -- Up-to-date: /home/iris/iris/iris_ws/install/micro_ros_msgs/include/micro_ros_msgs/micro_ros_msgs/msg/rosidl_typesupport_fastrtps_cpp__visibility_control.h
[3.916s] -- Up-to-date: /home/iris/iris/iris_ws/install/micro_ros_msgs/lib/libmicro_ros_msgs__rosidl_typesupport_fastrtps_cpp.so
[3.916s] -- Up-to-date: /home/iris/iris/iris_ws/install/micro_ros_msgs/include/micro_ros_msgs/micro_ros_msgs
[3.917s] -- Up-to-date: /home/iris/iris/iris_ws/install/micro_ros_msgs/include/micro_ros_msgs/micro_ros_msgs/msg
[3.917s] -- Up-to-date: /home/iris/iris/iris_ws/install/micro_ros_msgs/include/micro_ros_msgs/micro_ros_msgs/msg/detail
[3.918s] -- Up-to-date: /home/iris/iris/iris_ws/install/micro_ros_msgs/include/micro_ros_msgs/micro_ros_msgs/msg/detail/node__type_support.cpp
[3.918s] -- Up-to-date: /home/iris/iris/iris_ws/install/micro_ros_msgs/include/micro_ros_msgs/micro_ros_msgs/msg/detail/node__rosidl_typesupport_introspection_cpp.hpp
[3.919s] -- Up-to-date: /home/iris/iris/iris_ws/install/micro_ros_msgs/include/micro_ros_msgs/micro_ros_msgs/msg/detail/entity__type_support.cpp
[3.919s] -- Up-to-date: /home/iris/iris/iris_ws/install/micro_ros_msgs/include/micro_ros_msgs/micro_ros_msgs/msg/detail/graph__rosidl_typesupport_introspection_cpp.hpp
[3.920s] -- Up-to-date: /home/iris/iris/iris_ws/install/micro_ros_msgs/include/micro_ros_msgs/micro_ros_msgs/msg/detail/entity__rosidl_typesupport_introspection_cpp.hpp
[3.921s] -- Up-to-date: /home/iris/iris/iris_ws/install/micro_ros_msgs/include/micro_ros_msgs/micro_ros_msgs/msg/detail/graph__type_support.cpp
[3.921s] -- Up-to-date: /home/iris/iris/iris_ws/install/micro_ros_msgs/lib/libmicro_ros_msgs__rosidl_typesupport_introspection_cpp.so
[3.922s] -- Up-to-date: /home/iris/iris/iris_ws/install/micro_ros_msgs/lib/libmicro_ros_msgs__rosidl_typesupport_cpp.so
[3.923s] -- Up-to-date: /home/iris/iris/iris_ws/install/micro_ros_msgs/share/micro_ros_msgs/environment/pythonpath.sh
[3.923s] -- Up-to-date: /home/iris/iris/iris_ws/install/micro_ros_msgs/share/micro_ros_msgs/environment/pythonpath.dsv
[3.924s] -- Up-to-date: /home/iris/iris/iris_ws/install/micro_ros_msgs/local/lib/python3.10/dist-packages/micro_ros_msgs-3.0.0-py3.10.egg-info
[3.925s] -- Installing: /home/iris/iris/iris_ws/install/micro_ros_msgs/local/lib/python3.10/dist-packages/micro_ros_msgs-3.0.0-py3.10.egg-info/dependency_links.txt
[3.925s] -- Installing: /home/iris/iris/iris_ws/install/micro_ros_msgs/local/lib/python3.10/dist-packages/micro_ros_msgs-3.0.0-py3.10.egg-info/SOURCES.txt
[3.926s] -- Installing: /home/iris/iris/iris_ws/install/micro_ros_msgs/local/lib/python3.10/dist-packages/micro_ros_msgs-3.0.0-py3.10.egg-info/top_level.txt
[3.928s] -- Installing: /home/iris/iris/iris_ws/install/micro_ros_msgs/local/lib/python3.10/dist-packages/micro_ros_msgs-3.0.0-py3.10.egg-info/PKG-INFO
[3.928s] -- Up-to-date: /home/iris/iris/iris_ws/install/micro_ros_msgs/local/lib/python3.10/dist-packages/micro_ros_msgs
[3.929s] -- Up-to-date: /home/iris/iris/iris_ws/install/micro_ros_msgs/local/lib/python3.10/dist-packages/micro_ros_msgs/msg
[3.930s] -- Up-to-date: /home/iris/iris/iris_ws/install/micro_ros_msgs/local/lib/python3.10/dist-packages/micro_ros_msgs/msg/__init__.py
[3.931s] -- Up-to-date: /home/iris/iris/iris_ws/install/micro_ros_msgs/local/lib/python3.10/dist-packages/micro_ros_msgs/msg/_entity.py
[3.932s] -- Up-to-date: /home/iris/iris/iris_ws/install/micro_ros_msgs/local/lib/python3.10/dist-packages/micro_ros_msgs/msg/_node.py
[3.932s] -- Up-to-date: /home/iris/iris/iris_ws/install/micro_ros_msgs/local/lib/python3.10/dist-packages/micro_ros_msgs/msg/_node_s.c
[3.933s] -- Up-to-date: /home/iris/iris/iris_ws/install/micro_ros_msgs/local/lib/python3.10/dist-packages/micro_ros_msgs/msg/_graph.py
[3.933s] -- Up-to-date: /home/iris/iris/iris_ws/install/micro_ros_msgs/local/lib/python3.10/dist-packages/micro_ros_msgs/msg/_graph_s.c
[3.934s] -- Up-to-date: /home/iris/iris/iris_ws/install/micro_ros_msgs/local/lib/python3.10/dist-packages/micro_ros_msgs/msg/_entity_s.c
[3.935s] -- Up-to-date: /home/iris/iris/iris_ws/install/micro_ros_msgs/local/lib/python3.10/dist-packages/micro_ros_msgs/_micro_ros_msgs_s.ep.rosidl_typesupport_fastrtps_c.c
[3.935s] -- Up-to-date: /home/iris/iris/iris_ws/install/micro_ros_msgs/local/lib/python3.10/dist-packages/micro_ros_msgs/libmicro_ros_msgs__rosidl_generator_py.so
[3.936s] -- Up-to-date: /home/iris/iris/iris_ws/install/micro_ros_msgs/local/lib/python3.10/dist-packages/micro_ros_msgs/micro_ros_msgs_s__rosidl_typesupport_introspection_c.cpython-310-aarch64-linux-gnu.so
[3.936s] -- Up-to-date: /home/iris/iris/iris_ws/install/micro_ros_msgs/local/lib/python3.10/dist-packages/micro_ros_msgs/__init__.py
[3.937s] -- Up-to-date: /home/iris/iris/iris_ws/install/micro_ros_msgs/local/lib/python3.10/dist-packages/micro_ros_msgs/_micro_ros_msgs_s.ep.rosidl_typesupport_introspection_c.c
[3.937s] -- Up-to-date: /home/iris/iris/iris_ws/install/micro_ros_msgs/local/lib/python3.10/dist-packages/micro_ros_msgs/micro_ros_msgs_s__rosidl_typesupport_fastrtps_c.cpython-310-aarch64-linux-gnu.so
[3.938s] -- Up-to-date: /home/iris/iris/iris_ws/install/micro_ros_msgs/local/lib/python3.10/dist-packages/micro_ros_msgs/micro_ros_msgs_s__rosidl_typesupport_c.cpython-310-aarch64-linux-gnu.so
[3.938s] -- Up-to-date: /home/iris/iris/iris_ws/install/micro_ros_msgs/local/lib/python3.10/dist-packages/micro_ros_msgs/_micro_ros_msgs_s.ep.rosidl_typesupport_c.c
[4.081s] Listing '/home/iris/iris/iris_ws/install/micro_ros_msgs/local/lib/python3.10/dist-packages/micro_ros_msgs'...
[4.083s] Listing '/home/iris/iris/iris_ws/install/micro_ros_msgs/local/lib/python3.10/dist-packages/micro_ros_msgs/msg'...
[4.107s] -- Up-to-date: /home/iris/iris/iris_ws/install/micro_ros_msgs/local/lib/python3.10/dist-packages/micro_ros_msgs/micro_ros_msgs_s__rosidl_typesupport_fastrtps_c.cpython-310-aarch64-linux-gnu.so
[4.110s] -- Up-to-date: /home/iris/iris/iris_ws/install/micro_ros_msgs/local/lib/python3.10/dist-packages/micro_ros_msgs/micro_ros_msgs_s__rosidl_typesupport_introspection_c.cpython-310-aarch64-linux-gnu.so
[4.112s] -- Up-to-date: /home/iris/iris/iris_ws/install/micro_ros_msgs/local/lib/python3.10/dist-packages/micro_ros_msgs/micro_ros_msgs_s__rosidl_typesupport_c.cpython-310-aarch64-linux-gnu.so
[4.115s] -- Up-to-date: /home/iris/iris/iris_ws/install/micro_ros_msgs/lib/libmicro_ros_msgs__rosidl_generator_py.so
[4.117s] -- Up-to-date: /home/iris/iris/iris_ws/install/micro_ros_msgs/share/micro_ros_msgs/msg/Graph.idl
[4.117s] -- Up-to-date: /home/iris/iris/iris_ws/install/micro_ros_msgs/share/micro_ros_msgs/msg/Node.idl
[4.118s] -- Up-to-date: /home/iris/iris/iris_ws/install/micro_ros_msgs/share/micro_ros_msgs/msg/Entity.idl
[4.119s] -- Up-to-date: /home/iris/iris/iris_ws/install/micro_ros_msgs/share/micro_ros_msgs/msg/Graph.msg
[4.120s] -- Up-to-date: /home/iris/iris/iris_ws/install/micro_ros_msgs/share/micro_ros_msgs/msg/Node.msg
[4.121s] -- Up-to-date: /home/iris/iris/iris_ws/install/micro_ros_msgs/share/micro_ros_msgs/msg/Entity.msg
[4.122s] -- Up-to-date: /home/iris/iris/iris_ws/install/micro_ros_msgs/share/ament_index/resource_index/package_run_dependencies/micro_ros_msgs
[4.126s] -- Up-to-date: /home/iris/iris/iris_ws/install/micro_ros_msgs/share/ament_index/resource_index/parent_prefix_path/micro_ros_msgs
[4.127s] -- Up-to-date: /home/iris/iris/iris_ws/install/micro_ros_msgs/share/micro_ros_msgs/environment/ament_prefix_path.sh
[4.128s] -- Up-to-date: /home/iris/iris/iris_ws/install/micro_ros_msgs/share/micro_ros_msgs/environment/ament_prefix_path.dsv
[4.128s] -- Up-to-date: /home/iris/iris/iris_ws/install/micro_ros_msgs/share/micro_ros_msgs/environment/path.sh
[4.129s] -- Up-to-date: /home/iris/iris/iris_ws/install/micro_ros_msgs/share/micro_ros_msgs/environment/path.dsv
[4.130s] -- Up-to-date: /home/iris/iris/iris_ws/install/micro_ros_msgs/share/micro_ros_msgs/local_setup.bash
[4.131s] -- Up-to-date: /home/iris/iris/iris_ws/install/micro_ros_msgs/share/micro_ros_msgs/local_setup.sh
[4.131s] -- Up-to-date: /home/iris/iris/iris_ws/install/micro_ros_msgs/share/micro_ros_msgs/local_setup.zsh
[4.132s] -- Up-to-date: /home/iris/iris/iris_ws/install/micro_ros_msgs/share/micro_ros_msgs/local_setup.dsv
[4.132s] -- Installing: /home/iris/iris/iris_ws/install/micro_ros_msgs/share/micro_ros_msgs/package.dsv
[4.133s] -- Up-to-date: /home/iris/iris/iris_ws/install/micro_ros_msgs/share/ament_index/resource_index/packages/micro_ros_msgs
[4.133s] -- Up-to-date: /home/iris/iris/iris_ws/install/micro_ros_msgs/share/micro_ros_msgs/cmake/export_micro_ros_msgs__rosidl_generator_cExport.cmake
[4.134s] -- Up-to-date: /home/iris/iris/iris_ws/install/micro_ros_msgs/share/micro_ros_msgs/cmake/export_micro_ros_msgs__rosidl_generator_cExport-noconfig.cmake
[4.135s] -- Up-to-date: /home/iris/iris/iris_ws/install/micro_ros_msgs/share/micro_ros_msgs/cmake/export_micro_ros_msgs__rosidl_typesupport_fastrtps_cExport.cmake
[4.136s] -- Up-to-date: /home/iris/iris/iris_ws/install/micro_ros_msgs/share/micro_ros_msgs/cmake/export_micro_ros_msgs__rosidl_typesupport_fastrtps_cExport-noconfig.cmake
[4.138s] -- Up-to-date: /home/iris/iris/iris_ws/install/micro_ros_msgs/share/micro_ros_msgs/cmake/micro_ros_msgs__rosidl_typesupport_introspection_cExport.cmake
[4.141s] -- Up-to-date: /home/iris/iris/iris_ws/install/micro_ros_msgs/share/micro_ros_msgs/cmake/micro_ros_msgs__rosidl_typesupport_introspection_cExport-noconfig.cmake
[4.142s] -- Up-to-date: /home/iris/iris/iris_ws/install/micro_ros_msgs/share/micro_ros_msgs/cmake/micro_ros_msgs__rosidl_typesupport_cExport.cmake
[4.150s] -- Up-to-date: /home/iris/iris/iris_ws/install/micro_ros_msgs/share/micro_ros_msgs/cmake/micro_ros_msgs__rosidl_typesupport_cExport-noconfig.cmake
[4.152s] -- Up-to-date: /home/iris/iris/iris_ws/install/micro_ros_msgs/share/micro_ros_msgs/cmake/export_micro_ros_msgs__rosidl_generator_cppExport.cmake
[4.166s] -- Up-to-date: /home/iris/iris/iris_ws/install/micro_ros_msgs/share/micro_ros_msgs/cmake/export_micro_ros_msgs__rosidl_typesupport_fastrtps_cppExport.cmake
[4.167s] -- Up-to-date: /home/iris/iris/iris_ws/install/micro_ros_msgs/share/micro_ros_msgs/cmake/export_micro_ros_msgs__rosidl_typesupport_fastrtps_cppExport-noconfig.cmake
[4.168s] -- Up-to-date: /home/iris/iris/iris_ws/install/micro_ros_msgs/share/micro_ros_msgs/cmake/micro_ros_msgs__rosidl_typesupport_introspection_cppExport.cmake
[4.168s] -- Up-to-date: /home/iris/iris/iris_ws/install/micro_ros_msgs/share/micro_ros_msgs/cmake/micro_ros_msgs__rosidl_typesupport_introspection_cppExport-noconfig.cmake
[4.168s] -- Up-to-date: /home/iris/iris/iris_ws/install/micro_ros_msgs/share/micro_ros_msgs/cmake/micro_ros_msgs__rosidl_typesupport_cppExport.cmake
[4.169s] -- Up-to-date: /home/iris/iris/iris_ws/install/micro_ros_msgs/share/micro_ros_msgs/cmake/micro_ros_msgs__rosidl_typesupport_cppExport-noconfig.cmake
[4.169s] -- Up-to-date: /home/iris/iris/iris_ws/install/micro_ros_msgs/share/micro_ros_msgs/cmake/export_micro_ros_msgs__rosidl_generator_pyExport.cmake
[4.170s] -- Up-to-date: /home/iris/iris/iris_ws/install/micro_ros_msgs/share/micro_ros_msgs/cmake/export_micro_ros_msgs__rosidl_generator_pyExport-noconfig.cmake
[4.170s] -- Up-to-date: /home/iris/iris/iris_ws/install/micro_ros_msgs/share/micro_ros_msgs/cmake/rosidl_cmake-extras.cmake
[4.171s] -- Up-to-date: /home/iris/iris/iris_ws/install/micro_ros_msgs/share/micro_ros_msgs/cmake/ament_cmake_export_include_directories-extras.cmake
[4.171s] -- Up-to-date: /home/iris/iris/iris_ws/install/micro_ros_msgs/share/micro_ros_msgs/cmake/ament_cmake_export_libraries-extras.cmake
[4.172s] -- Up-to-date: /home/iris/iris/iris_ws/install/micro_ros_msgs/share/micro_ros_msgs/cmake/ament_cmake_export_targets-extras.cmake
[4.172s] -- Up-to-date: /home/iris/iris/iris_ws/install/micro_ros_msgs/share/micro_ros_msgs/cmake/rosidl_cmake_export_typesupport_targets-extras.cmake
[4.173s] -- Up-to-date: /home/iris/iris/iris_ws/install/micro_ros_msgs/share/micro_ros_msgs/cmake/ament_cmake_export_dependencies-extras.cmake
[4.173s] -- Up-to-date: /home/iris/iris/iris_ws/install/micro_ros_msgs/share/micro_ros_msgs/cmake/rosidl_cmake_export_typesupport_libraries-extras.cmake
[4.173s] -- Up-to-date: /home/iris/iris/iris_ws/install/micro_ros_msgs/share/micro_ros_msgs/cmake/micro_ros_msgsConfig.cmake
[4.174s] -- Up-to-date: /home/iris/iris/iris_ws/install/micro_ros_msgs/share/micro_ros_msgs/cmake/micro_ros_msgsConfig-version.cmake
[4.174s] -- Up-to-date: /home/iris/iris/iris_ws/install/micro_ros_msgs/share/micro_ros_msgs/package.xml
[4.175s] Invoked command in '/home/iris/iris/iris_ws/build/micro_ros_msgs' returned '0': CMAKE_PREFIX_PATH=${CMAKE_PREFIX_PATH}:/opt/ros/humble /usr/bin/cmake --install /home/iris/iris/iris_ws/build/micro_ros_msgs
