[1.623s] Invoking command in '/home/iris/iris/iris_ws/build/ralph6': CMAKE_PREFIX_PATH=/opt/ros/humble /usr/bin/cmake /home/iris/iris/iris_ws/src/ralph6 -DAMENT_CMAKE_SYMLINK_INSTALL=1 -DCMAKE_INSTALL_PREFIX=/home/iris/iris/iris_ws/install/ralph6
[1.684s] -- Found ament_cmake: 1.3.7 (/opt/ros/humble/share/ament_cmake/cmake)
[2.668s] -- Override CMake install command with custom implementation using symlinks instead of copying resources
[2.747s] -- Found ament_lint_auto: 0.12.10 (/opt/ros/humble/share/ament_lint_auto/cmake)
[3.275s] -- Added test 'cppcheck' to perform static code analysis on C / C++ code
[3.278s] -- Configured cppcheck include dirs: $<BUILD_INTERFACE:/home/iris/iris/iris_ws/src/ralph6/include>
[3.280s] -- Configured cppcheck exclude dirs and/or files: 
[3.286s] -- Added test 'flake8' to check Python code syntax and style conventions
[3.299s] -- Added test 'lint_cmake' to check CMake code style
[3.305s] -- Added test 'pep257' to check Python code against some of the docstring style conventions in PEP 257
[3.334s] -- Added test 'uncrustify' to check C / C++ code style
[3.336s] -- Configured uncrustify additional arguments: 
[3.346s] -- Added test 'xmllint' to check XML markup files
[3.365s] -- Configuring done
[3.463s] -- Generating done
[3.486s] -- Build files have been written to: /home/iris/iris/iris_ws/build/ralph6
[3.509s] Invoked command in '/home/iris/iris/iris_ws/build/ralph6' returned '0': CMAKE_PREFIX_PATH=/opt/ros/humble /usr/bin/cmake /home/iris/iris/iris_ws/src/ralph6 -DAMENT_CMAKE_SYMLINK_INSTALL=1 -DCMAKE_INSTALL_PREFIX=/home/iris/iris/iris_ws/install/ralph6
[3.515s] Invoking command in '/home/iris/iris/iris_ws/build/ralph6': CMAKE_PREFIX_PATH=/opt/ros/humble /usr/bin/cmake --build /home/iris/iris/iris_ws/build/ralph6 -- -j4 -l4
[3.710s] [35m[1mConsolidate compiler generated dependencies of target test_node[0m
[3.817s] [100%] Built target test_node
[3.861s] Invoked command in '/home/iris/iris/iris_ws/build/ralph6' returned '0': CMAKE_PREFIX_PATH=/opt/ros/humble /usr/bin/cmake --build /home/iris/iris/iris_ws/build/ralph6 -- -j4 -l4
[4.059s] Invoking command in '/home/iris/iris/iris_ws/build/ralph6': CMAKE_PREFIX_PATH=/opt/ros/humble /usr/bin/cmake --install /home/iris/iris/iris_ws/build/ralph6
[4.084s] -- Install configuration: ""
[4.087s] -- Execute custom install script
[4.090s] -- Up-to-date symlink: /home/iris/iris/iris_ws/install/ralph6/lib/ralph6/test_node
[4.093s] -- Up-to-date symlink: /home/iris/iris/iris_ws/install/ralph6/share/ament_index/resource_index/package_run_dependencies/ralph6
[4.096s] -- Up-to-date symlink: /home/iris/iris/iris_ws/install/ralph6/share/ament_index/resource_index/parent_prefix_path/ralph6
[4.098s] -- Up-to-date symlink: /home/iris/iris/iris_ws/install/ralph6/share/ralph6/environment/ament_prefix_path.sh
[4.102s] -- Up-to-date symlink: /home/iris/iris/iris_ws/install/ralph6/share/ralph6/environment/ament_prefix_path.dsv
[4.104s] -- Up-to-date symlink: /home/iris/iris/iris_ws/install/ralph6/share/ralph6/environment/path.sh
[4.106s] -- Up-to-date symlink: /home/iris/iris/iris_ws/install/ralph6/share/ralph6/environment/path.dsv
[4.108s] -- Up-to-date symlink: /home/iris/iris/iris_ws/install/ralph6/share/ralph6/local_setup.bash
[4.111s] -- Up-to-date symlink: /home/iris/iris/iris_ws/install/ralph6/share/ralph6/local_setup.sh
[4.113s] -- Up-to-date symlink: /home/iris/iris/iris_ws/install/ralph6/share/ralph6/local_setup.zsh
[4.115s] -- Up-to-date symlink: /home/iris/iris/iris_ws/install/ralph6/share/ralph6/local_setup.dsv
[4.117s] -- Symlinking: /home/iris/iris/iris_ws/install/ralph6/share/ralph6/package.dsv
[4.154s] -- Up-to-date symlink: /home/iris/iris/iris_ws/install/ralph6/share/ament_index/resource_index/packages/ralph6
[4.158s] -- Up-to-date symlink: /home/iris/iris/iris_ws/install/ralph6/share/ralph6/cmake/ralph6Config.cmake
[4.160s] -- Up-to-date symlink: /home/iris/iris/iris_ws/install/ralph6/share/ralph6/cmake/ralph6Config-version.cmake
[4.162s] -- Up-to-date symlink: /home/iris/iris/iris_ws/install/ralph6/share/ralph6/package.xml
[4.174s] Invoked command in '/home/iris/iris/iris_ws/build/ralph6' returned '0': CMAKE_PREFIX_PATH=/opt/ros/humble /usr/bin/cmake --install /home/iris/iris/iris_ws/build/ralph6
