[4.135s] Invoking command in '/home/iris/iris/iris_ws/build/iris_vision': PYTHONPATH=/home/iris/iris/iris_ws/build/iris_vision/prefix_override:/home/iris/iris/iris_ws/install/iris_vision/lib/python3.10/site-packages:${PYTHONPATH} /usr/bin/python3 setup.py develop --uninstall --editable --build-directory /home/iris/iris/iris_ws/build/iris_vision/build
[5.692s] running develop
[5.694s] /usr/lib/python3/dist-packages/setuptools/command/easy_install.py:158: EasyInstallDeprecationWarning: easy_install command is deprecated. Use build and pip and other standards-based tools.
[5.695s]   warnings.warn(
[5.700s] /usr/lib/python3/dist-packages/setuptools/command/install.py:34: SetuptoolsDeprecationWarning: setup.py install is deprecated. Use build and pip and other standards-based tools.
[5.712s]   warnings.warn(
[6.571s] Removing /home/iris/iris/iris_ws/install/iris_vision/lib/python3.10/site-packages/iris-vision.egg-link (link to .)
[6.722s] Invoked command in '/home/iris/iris/iris_ws/build/iris_vision' returned '0': PYTHONPATH=/home/iris/iris/iris_ws/build/iris_vision/prefix_override:/home/iris/iris/iris_ws/install/iris_vision/lib/python3.10/site-packages:${PYTHONPATH} /usr/bin/python3 setup.py develop --uninstall --editable --build-directory /home/iris/iris/iris_ws/build/iris_vision/build
[6.733s] Invoking command in '/home/iris/iris/iris_ws/src/iris_vision': PYTHONPATH=/home/iris/iris/iris_ws/build/iris_vision/prefix_override:/home/iris/iris/iris_ws/install/iris_vision/lib/python3.10/site-packages:${PYTHONPATH} /usr/bin/python3 setup.py egg_info --egg-base ../../build/iris_vision build --build-base /home/iris/iris/iris_ws/build/iris_vision/build install --record /home/iris/iris/iris_ws/build/iris_vision/install.log --single-version-externally-managed
[8.183s] running egg_info
[8.186s] writing ../../build/iris_vision/iris_vision.egg-info/PKG-INFO
[8.188s] writing dependency_links to ../../build/iris_vision/iris_vision.egg-info/dependency_links.txt
[8.194s] writing entry points to ../../build/iris_vision/iris_vision.egg-info/entry_points.txt
[8.195s] writing requirements to ../../build/iris_vision/iris_vision.egg-info/requires.txt
[8.200s] writing top-level names to ../../build/iris_vision/iris_vision.egg-info/top_level.txt
[8.205s] reading manifest file '../../build/iris_vision/iris_vision.egg-info/SOURCES.txt'
[8.217s] writing manifest file '../../build/iris_vision/iris_vision.egg-info/SOURCES.txt'
[8.220s] running build
[8.227s] running build_py
[8.228s] copying iris_vision/webcam_CV.py -> /home/iris/iris/iris_ws/build/iris_vision/build/lib/iris_vision
[8.230s] copying iris_vision/subscriber_member_function_old.py -> /home/iris/iris/iris_ws/build/iris_vision/build/lib/iris_vision
[8.231s] copying iris_vision/subscriber_member_function.py -> /home/iris/iris/iris_ws/build/iris_vision/build/lib/iris_vision
[8.232s] running install
[8.233s] /usr/lib/python3/dist-packages/setuptools/command/install.py:34: SetuptoolsDeprecationWarning: setup.py install is deprecated. Use build and pip and other standards-based tools.
[8.234s]   warnings.warn(
[8.234s] running install_lib
[8.235s] creating /home/iris/iris/iris_ws/install/iris_vision/lib/python3.10/site-packages/iris_vision
[8.236s] copying /home/iris/iris/iris_ws/build/iris_vision/build/lib/iris_vision/webcam_CV.py -> /home/iris/iris/iris_ws/install/iris_vision/lib/python3.10/site-packages/iris_vision
[8.236s] copying /home/iris/iris/iris_ws/build/iris_vision/build/lib/iris_vision/image_sub.py -> /home/iris/iris/iris_ws/install/iris_vision/lib/python3.10/site-packages/iris_vision
[8.237s] copying /home/iris/iris/iris_ws/build/iris_vision/build/lib/iris_vision/publisher_member_function.py -> /home/iris/iris/iris_ws/install/iris_vision/lib/python3.10/site-packages/iris_vision
[8.238s] copying /home/iris/iris/iris_ws/build/iris_vision/build/lib/iris_vision/__init__.py -> /home/iris/iris/iris_ws/install/iris_vision/lib/python3.10/site-packages/iris_vision
[8.238s] copying /home/iris/iris/iris_ws/build/iris_vision/build/lib/iris_vision/subscriber_member_function_old.py -> /home/iris/iris/iris_ws/install/iris_vision/lib/python3.10/site-packages/iris_vision
[8.239s] copying /home/iris/iris/iris_ws/build/iris_vision/build/lib/iris_vision/subscriber_member_function.py -> /home/iris/iris/iris_ws/install/iris_vision/lib/python3.10/site-packages/iris_vision
[8.240s] byte-compiling /home/iris/iris/iris_ws/install/iris_vision/lib/python3.10/site-packages/iris_vision/webcam_CV.py to webcam_CV.cpython-310.pyc
[8.242s] byte-compiling /home/iris/iris/iris_ws/install/iris_vision/lib/python3.10/site-packages/iris_vision/image_sub.py to image_sub.cpython-310.pyc
[8.245s] byte-compiling /home/iris/iris/iris_ws/install/iris_vision/lib/python3.10/site-packages/iris_vision/publisher_member_function.py to publisher_member_function.cpython-310.pyc
[8.249s] byte-compiling /home/iris/iris/iris_ws/install/iris_vision/lib/python3.10/site-packages/iris_vision/__init__.py to __init__.cpython-310.pyc
[8.250s] byte-compiling /home/iris/iris/iris_ws/install/iris_vision/lib/python3.10/site-packages/iris_vision/subscriber_member_function_old.py to subscriber_member_function_old.cpython-310.pyc
[8.251s] byte-compiling /home/iris/iris/iris_ws/install/iris_vision/lib/python3.10/site-packages/iris_vision/subscriber_member_function.py to subscriber_member_function.cpython-310.pyc
[8.255s] running install_data
[8.258s] copying package.xml -> /home/iris/iris/iris_ws/install/iris_vision/share/iris_vision
[8.259s] running install_egg_info
[8.268s] Copying ../../build/iris_vision/iris_vision.egg-info to /home/iris/iris/iris_ws/install/iris_vision/lib/python3.10/site-packages/iris_vision-0.0.0-py3.10.egg-info
[8.277s] running install_scripts
[8.374s] Installing DSLR_handler script to /home/iris/iris/iris_ws/install/iris_vision/lib/iris_vision
[8.379s] Installing DSLR_handler_old script to /home/iris/iris/iris_ws/install/iris_vision/lib/iris_vision
[8.380s] Installing WEBCAM_CV script to /home/iris/iris/iris_ws/install/iris_vision/lib/iris_vision
[8.381s] Installing talker script to /home/iris/iris/iris_ws/install/iris_vision/lib/iris_vision
[8.384s] writing list of installed files to '/home/iris/iris/iris_ws/build/iris_vision/install.log'
[8.518s] Invoked command in '/home/iris/iris/iris_ws/src/iris_vision' returned '0': PYTHONPATH=/home/iris/iris/iris_ws/build/iris_vision/prefix_override:/home/iris/iris/iris_ws/install/iris_vision/lib/python3.10/site-packages:${PYTHONPATH} /usr/bin/python3 setup.py egg_info --egg-base ../../build/iris_vision build --build-base /home/iris/iris/iris_ws/build/iris_vision/build install --record /home/iris/iris/iris_ws/build/iris_vision/install.log --single-version-externally-managed
