[4.339s] Invoking command in '/home/iris/iris/iris_ws/build/iris_vision': PYTHONPATH=/home/iris/iris/iris_ws/build/iris_vision/prefix_override:/home/iris/iris/iris_ws/install/iris_vision/lib/python3.10/site-packages:${PYTHONPATH} /usr/bin/python3 setup.py develop --editable --build-directory /home/iris/iris/iris_ws/build/iris_vision/build --no-deps install_data
[5.418s] running develop
[5.419s] /usr/lib/python3/dist-packages/setuptools/command/easy_install.py:158: EasyInstallDeprecationWarning: easy_install command is deprecated. Use build and pip and other standards-based tools.
[5.420s]   warnings.warn(
[5.424s] /usr/lib/python3/dist-packages/setuptools/command/install.py:34: SetuptoolsDeprecationWarning: setup.py install is deprecated. Use build and pip and other standards-based tools.
[5.425s]   warnings.warn(
[6.095s] running egg_info
[6.095s] writing iris_vision.egg-info/PKG-INFO
[6.096s] writing dependency_links to iris_vision.egg-info/dependency_links.txt
[6.097s] writing entry points to iris_vision.egg-info/entry_points.txt
[6.098s] writing requirements to iris_vision.egg-info/requires.txt
[6.099s] writing top-level names to iris_vision.egg-info/top_level.txt
[6.107s] reading manifest file 'iris_vision.egg-info/SOURCES.txt'
[6.111s] writing manifest file 'iris_vision.egg-info/SOURCES.txt'
[6.117s] running build_ext
[6.118s] Creating /home/iris/iris/iris_ws/install/iris_vision/lib/python3.10/site-packages/iris-vision.egg-link (link to .)
[6.123s] Installing DSLR_handler script to /home/iris/iris/iris_ws/install/iris_vision/lib/iris_vision
[6.123s] Installing FaceTracking script to /home/iris/iris/iris_ws/install/iris_vision/lib/iris_vision
[6.124s] Installing facetracking_motioncoltrol script to /home/iris/iris/iris_ws/install/iris_vision/lib/iris_vision
[6.125s] Installing iris_joy_control script to /home/iris/iris/iris_ws/install/iris_vision/lib/iris_vision
[6.126s] Installing listener script to /home/iris/iris/iris_ws/install/iris_vision/lib/iris_vision
[6.127s] Installing talker script to /home/iris/iris/iris_ws/install/iris_vision/lib/iris_vision
[6.128s] 
[6.129s] Installed /home/iris/iris/iris_ws/build/iris_vision
[6.130s] running install_data
[6.260s] Invoked command in '/home/iris/iris/iris_ws/build/iris_vision' returned '0': PYTHONPATH=/home/iris/iris/iris_ws/build/iris_vision/prefix_override:/home/iris/iris/iris_ws/install/iris_vision/lib/python3.10/site-packages:${PYTHONPATH} /usr/bin/python3 setup.py develop --editable --build-directory /home/iris/iris/iris_ws/build/iris_vision/build --no-deps install_data
