[1.246s] Invoking command in '/home/iris/iris/iris_ws/build/odrive_demo_bringup': CMAKE_PREFIX_PATH=/home/iris/iris/iris_ws/install/odrive_demo_description:/home/iris/iris/iris_ws/install/sllidar_ros2:/home/iris/iris/iris_ws/install/ros2_control_demo_example_2:/home/iris/iris/iris_ws/install/ros2_control_demo_example_14:/home/iris/iris/iris_ws/install/ros2_control_demo_example_1:/home/iris/iris/iris_ws/install/odrive_ros2_control:/home/iris/iris/iris_ws/install/odrive_demo_bringup:/home/iris/iris/iris_ws/install/ros2_control_demo_description:/home/iris/iris/iris_ws/install/ralph6:/home/iris/iris/iris_ws/install/odrive_hardware_interface:/home/iris/iris/iris_ws/install/micro_ros_setup:/home/iris/iris/iris_ws/install/micro_ros_agent:/home/iris/iris/iris_ws/install/micro_ros_msgs:/home/iris/iris/iris_ws/install/iris:/home/iris/iris/iris_ws/install/iris_vision:/opt/ros/humble /usr/bin/cmake /home/iris/iris/iris_ws/src/odrive_ros2_control/odrive_demo_bringup -DAMENT_CMAKE_SYMLINK_INSTALL=1 -DCMAKE_INSTALL_PREFIX=/home/iris/iris/iris_ws/install/odrive_demo_bringup
[1.306s] -- Found ament_cmake_auto: 1.3.7 (/opt/ros/humble/share/ament_cmake_auto/cmake)
[2.272s] -- Override CMake install command with custom implementation using symlinks instead of copying resources
[2.764s] -- Configuring done
[2.964s] -- Generating done
[2.965s] -- Build files have been written to: /home/iris/iris/iris_ws/build/odrive_demo_bringup
[3.570s] Invoked command in '/home/iris/iris/iris_ws/build/odrive_demo_bringup' returned '0': CMAKE_PREFIX_PATH=/home/iris/iris/iris_ws/install/odrive_demo_description:/home/iris/iris/iris_ws/install/sllidar_ros2:/home/iris/iris/iris_ws/install/ros2_control_demo_example_2:/home/iris/iris/iris_ws/install/ros2_control_demo_example_14:/home/iris/iris/iris_ws/install/ros2_control_demo_example_1:/home/iris/iris/iris_ws/install/odrive_ros2_control:/home/iris/iris/iris_ws/install/odrive_demo_bringup:/home/iris/iris/iris_ws/install/ros2_control_demo_description:/home/iris/iris/iris_ws/install/ralph6:/home/iris/iris/iris_ws/install/odrive_hardware_interface:/home/iris/iris/iris_ws/install/micro_ros_setup:/home/iris/iris/iris_ws/install/micro_ros_agent:/home/iris/iris/iris_ws/install/micro_ros_msgs:/home/iris/iris/iris_ws/install/iris:/home/iris/iris/iris_ws/install/iris_vision:/opt/ros/humble /usr/bin/cmake /home/iris/iris/iris_ws/src/odrive_ros2_control/odrive_demo_bringup -DAMENT_CMAKE_SYMLINK_INSTALL=1 -DCMAKE_INSTALL_PREFIX=/home/iris/iris/iris_ws/install/odrive_demo_bringup
[3.576s] Invoking command in '/home/iris/iris/iris_ws/build/odrive_demo_bringup': CMAKE_PREFIX_PATH=/home/iris/iris/iris_ws/install/odrive_demo_description:/home/iris/iris/iris_ws/install/sllidar_ros2:/home/iris/iris/iris_ws/install/ros2_control_demo_example_2:/home/iris/iris/iris_ws/install/ros2_control_demo_example_14:/home/iris/iris/iris_ws/install/ros2_control_demo_example_1:/home/iris/iris/iris_ws/install/odrive_ros2_control:/home/iris/iris/iris_ws/install/odrive_demo_bringup:/home/iris/iris/iris_ws/install/ros2_control_demo_description:/home/iris/iris/iris_ws/install/ralph6:/home/iris/iris/iris_ws/install/odrive_hardware_interface:/home/iris/iris/iris_ws/install/micro_ros_setup:/home/iris/iris/iris_ws/install/micro_ros_agent:/home/iris/iris/iris_ws/install/micro_ros_msgs:/home/iris/iris/iris_ws/install/iris:/home/iris/iris/iris_ws/install/iris_vision:/opt/ros/humble /usr/bin/cmake --build /home/iris/iris/iris_ws/build/odrive_demo_bringup -- -j4 -l4
[3.805s] Invoked command in '/home/iris/iris/iris_ws/build/odrive_demo_bringup' returned '0': CMAKE_PREFIX_PATH=/home/iris/iris/iris_ws/install/odrive_demo_description:/home/iris/iris/iris_ws/install/sllidar_ros2:/home/iris/iris/iris_ws/install/ros2_control_demo_example_2:/home/iris/iris/iris_ws/install/ros2_control_demo_example_14:/home/iris/iris/iris_ws/install/ros2_control_demo_example_1:/home/iris/iris/iris_ws/install/odrive_ros2_control:/home/iris/iris/iris_ws/install/odrive_demo_bringup:/home/iris/iris/iris_ws/install/ros2_control_demo_description:/home/iris/iris/iris_ws/install/ralph6:/home/iris/iris/iris_ws/install/odrive_hardware_interface:/home/iris/iris/iris_ws/install/micro_ros_setup:/home/iris/iris/iris_ws/install/micro_ros_agent:/home/iris/iris/iris_ws/install/micro_ros_msgs:/home/iris/iris/iris_ws/install/iris:/home/iris/iris/iris_ws/install/iris_vision:/opt/ros/humble /usr/bin/cmake --build /home/iris/iris/iris_ws/build/odrive_demo_bringup -- -j4 -l4
[3.974s] Invoking command in '/home/iris/iris/iris_ws/build/odrive_demo_bringup': CMAKE_PREFIX_PATH=/home/iris/iris/iris_ws/install/odrive_demo_description:/home/iris/iris/iris_ws/install/sllidar_ros2:/home/iris/iris/iris_ws/install/ros2_control_demo_example_2:/home/iris/iris/iris_ws/install/ros2_control_demo_example_14:/home/iris/iris/iris_ws/install/ros2_control_demo_example_1:/home/iris/iris/iris_ws/install/odrive_ros2_control:/home/iris/iris/iris_ws/install/odrive_demo_bringup:/home/iris/iris/iris_ws/install/ros2_control_demo_description:/home/iris/iris/iris_ws/install/ralph6:/home/iris/iris/iris_ws/install/odrive_hardware_interface:/home/iris/iris/iris_ws/install/micro_ros_setup:/home/iris/iris/iris_ws/install/micro_ros_agent:/home/iris/iris/iris_ws/install/micro_ros_msgs:/home/iris/iris/iris_ws/install/iris:/home/iris/iris/iris_ws/install/iris_vision:/opt/ros/humble /usr/bin/cmake --install /home/iris/iris/iris_ws/build/odrive_demo_bringup
[4.018s] -- Install configuration: ""
[4.022s] -- Execute custom install script
[4.025s] -- Up-to-date symlink: /home/iris/iris/iris_ws/install/odrive_demo_bringup/share/odrive_demo_bringup/config/diffbot_controllers.yaml
[4.034s] -- Up-to-date symlink: /home/iris/iris/iris_ws/install/odrive_demo_bringup/share/odrive_demo_bringup/config/odrive_multi_interface_forward_controllers.yaml
[4.042s] -- Up-to-date symlink: /home/iris/iris/iris_ws/install/odrive_demo_bringup/share/odrive_demo_bringup/config/rrbot_controllers.yaml
[4.061s] -- Up-to-date symlink: /home/iris/iris/iris_ws/install/odrive_demo_bringup/share/odrive_demo_bringup/launch/odrive_diffbot.launch.py
[4.068s] -- Up-to-date symlink: /home/iris/iris/iris_ws/install/odrive_demo_bringup/share/odrive_demo_bringup/launch/odrive_multi_interface.launch.py
[4.074s] -- Up-to-date symlink: /home/iris/iris/iris_ws/install/odrive_demo_bringup/share/odrive_demo_bringup/launch/odrive_rrbot.launch.py
[4.078s] -- Up-to-date symlink: /home/iris/iris/iris_ws/install/odrive_demo_bringup/share/ament_index/resource_index/package_run_dependencies/odrive_demo_bringup
[4.082s] -- Up-to-date symlink: /home/iris/iris/iris_ws/install/odrive_demo_bringup/share/ament_index/resource_index/parent_prefix_path/odrive_demo_bringup
[4.085s] -- Up-to-date symlink: /home/iris/iris/iris_ws/install/odrive_demo_bringup/share/odrive_demo_bringup/environment/ament_prefix_path.sh
[4.085s] -- Up-to-date symlink: /home/iris/iris/iris_ws/install/odrive_demo_bringup/share/odrive_demo_bringup/environment/ament_prefix_path.dsv
[4.086s] -- Up-to-date symlink: /home/iris/iris/iris_ws/install/odrive_demo_bringup/share/odrive_demo_bringup/environment/path.sh
[4.087s] -- Up-to-date symlink: /home/iris/iris/iris_ws/install/odrive_demo_bringup/share/odrive_demo_bringup/environment/path.dsv
[4.088s] -- Up-to-date symlink: /home/iris/iris/iris_ws/install/odrive_demo_bringup/share/odrive_demo_bringup/local_setup.bash
[4.088s] -- Up-to-date symlink: /home/iris/iris/iris_ws/install/odrive_demo_bringup/share/odrive_demo_bringup/local_setup.sh
[4.096s] -- Up-to-date symlink: /home/iris/iris/iris_ws/install/odrive_demo_bringup/share/odrive_demo_bringup/local_setup.zsh
[4.097s] -- Up-to-date symlink: /home/iris/iris/iris_ws/install/odrive_demo_bringup/share/odrive_demo_bringup/local_setup.dsv
[4.097s] -- Symlinking: /home/iris/iris/iris_ws/install/odrive_demo_bringup/share/odrive_demo_bringup/package.dsv
[4.192s] -- Up-to-date symlink: /home/iris/iris/iris_ws/install/odrive_demo_bringup/share/ament_index/resource_index/packages/odrive_demo_bringup
[4.193s] -- Up-to-date symlink: /home/iris/iris/iris_ws/install/odrive_demo_bringup/share/odrive_demo_bringup/cmake/odrive_demo_bringupConfig.cmake
[4.193s] -- Up-to-date symlink: /home/iris/iris/iris_ws/install/odrive_demo_bringup/share/odrive_demo_bringup/cmake/odrive_demo_bringupConfig-version.cmake
[4.193s] -- Up-to-date symlink: /home/iris/iris/iris_ws/install/odrive_demo_bringup/share/odrive_demo_bringup/package.xml
[4.194s] Invoked command in '/home/iris/iris/iris_ws/build/odrive_demo_bringup' returned '0': CMAKE_PREFIX_PATH=/home/iris/iris/iris_ws/install/odrive_demo_description:/home/iris/iris/iris_ws/install/sllidar_ros2:/home/iris/iris/iris_ws/install/ros2_control_demo_example_2:/home/iris/iris/iris_ws/install/ros2_control_demo_example_14:/home/iris/iris/iris_ws/install/ros2_control_demo_example_1:/home/iris/iris/iris_ws/install/odrive_ros2_control:/home/iris/iris/iris_ws/install/odrive_demo_bringup:/home/iris/iris/iris_ws/install/ros2_control_demo_description:/home/iris/iris/iris_ws/install/ralph6:/home/iris/iris/iris_ws/install/odrive_hardware_interface:/home/iris/iris/iris_ws/install/micro_ros_setup:/home/iris/iris/iris_ws/install/micro_ros_agent:/home/iris/iris/iris_ws/install/micro_ros_msgs:/home/iris/iris/iris_ws/install/iris:/home/iris/iris/iris_ws/install/iris_vision:/opt/ros/humble /usr/bin/cmake --install /home/iris/iris/iris_ws/build/odrive_demo_bringup
