[0.573s] Invoking command in '/home/iris/iris/iris_ws/build/iris': CMAKE_PREFIX_PATH=${CMAKE_PREFIX_PATH}:/opt/ros/humble /usr/bin/cmake --build /home/iris/iris/iris_ws/build/iris -- -j4 -l4
[0.761s] Invoked command in '/home/iris/iris/iris_ws/build/iris' returned '0': CMAKE_PREFIX_PATH=${CMAKE_PREFIX_PATH}:/opt/ros/humble /usr/bin/cmake --build /home/iris/iris/iris_ws/build/iris -- -j4 -l4
[1.213s] Invoking command in '/home/iris/iris/iris_ws/build/iris': CMAKE_PREFIX_PATH=${CMAKE_PREFIX_PATH}:/opt/ros/humble /usr/bin/cmake --install /home/iris/iris/iris_ws/build/iris
[1.295s] -- Install configuration: ""
[1.296s] -- Up-to-date: /home/iris/iris/iris_ws/install/iris/share/iris//launch
[1.307s] -- Up-to-date: /home/iris/iris/iris_ws/install/iris/share/iris//launch/iris_bringup.py
[1.308s] -- Up-to-date: /home/iris/iris/iris_ws/install/iris/share/iris//launch/__pycache__
[1.309s] -- Up-to-date: /home/iris/iris/iris_ws/install/iris/share/iris//launch/__pycache__/iris_bringup.cpython-310.pyc
[1.310s] -- Up-to-date: /home/iris/iris/iris_ws/install/iris/share/iris//launch/obj_tracking.py
[1.310s] -- Up-to-date: /home/iris/iris/iris_ws/install/iris/share/ament_index/resource_index/package_run_dependencies/iris
[1.311s] -- Up-to-date: /home/iris/iris/iris_ws/install/iris/share/ament_index/resource_index/parent_prefix_path/iris
[1.316s] -- Up-to-date: /home/iris/iris/iris_ws/install/iris/share/iris/environment/ament_prefix_path.sh
[1.340s] -- Up-to-date: /home/iris/iris/iris_ws/install/iris/share/iris/environment/ament_prefix_path.dsv
[1.340s] -- Up-to-date: /home/iris/iris/iris_ws/install/iris/share/iris/environment/path.sh
[1.341s] -- Up-to-date: /home/iris/iris/iris_ws/install/iris/share/iris/environment/path.dsv
[1.341s] -- Up-to-date: /home/iris/iris/iris_ws/install/iris/share/iris/local_setup.bash
[1.342s] -- Up-to-date: /home/iris/iris/iris_ws/install/iris/share/iris/local_setup.sh
[1.342s] -- Up-to-date: /home/iris/iris/iris_ws/install/iris/share/iris/local_setup.zsh
[1.354s] -- Up-to-date: /home/iris/iris/iris_ws/install/iris/share/iris/local_setup.dsv
[1.355s] -- Installing: /home/iris/iris/iris_ws/install/iris/share/iris/package.dsv
[1.369s] -- Up-to-date: /home/iris/iris/iris_ws/install/iris/share/ament_index/resource_index/packages/iris
[1.370s] -- Up-to-date: /home/iris/iris/iris_ws/install/iris/share/iris/cmake/irisConfig.cmake
[1.371s] -- Up-to-date: /home/iris/iris/iris_ws/install/iris/share/iris/cmake/irisConfig-version.cmake
[1.382s] -- Up-to-date: /home/iris/iris/iris_ws/install/iris/share/iris/package.xml
[1.447s] Invoked command in '/home/iris/iris/iris_ws/build/iris' returned '0': CMAKE_PREFIX_PATH=${CMAKE_PREFIX_PATH}:/opt/ros/humble /usr/bin/cmake --install /home/iris/iris/iris_ws/build/iris
