[3.672s] DEBUG:colcon:Command line arguments: ['/usr/bin/colcon', 'build']
[3.672s] DEBUG:colcon:Parsed command line arguments: Namespace(log_base=None, log_level=None, verb_name='build', build_base='build', install_base='install', merge_install=False, symlink_install=False, test_result_base=None, continue_on_error=False, executor='parallel', parallel_workers=4, event_handlers=None, ignore_user_meta=False, metas=['./colcon.meta'], base_paths=['.'], packages_ignore=None, packages_ignore_regex=None, paths=None, packages_up_to=None, packages_up_to_regex=None, packages_above=None, packages_above_and_dependencies=None, packages_above_depth=None, packages_select_by_dep=None, packages_skip_by_dep=None, packages_skip_up_to=None, packages_select_build_failed=False, packages_skip_build_finished=False, packages_select_test_failures=False, packages_skip_test_passed=False, packages_select=None, packages_skip=None, packages_select_regex=None, packages_skip_regex=None, packages_start=None, packages_end=None, allow_overriding=[], cmake_args=None, cmake_target=None, cmake_target_skip_unavailable=False, cmake_clean_cache=False, cmake_clean_first=False, cmake_force_configure=False, ament_cmake_args=None, catkin_cmake_args=None, catkin_skip_building_tests=False, verb_parser=<colcon_defaults.argument_parser.defaults.DefaultArgumentsDecorator object at 0xffff96eff0d0>, verb_extension=<colcon_core.verb.build.BuildVerb object at 0xffff972230a0>, main=<bound method BuildVerb.main of <colcon_core.verb.build.BuildVerb object at 0xffff972230a0>>)
[3.861s] Level 1:colcon.colcon_core.package_discovery:discover_packages(colcon_meta) check parameters
[3.861s] Level 1:colcon.colcon_core.package_discovery:discover_packages(recursive) check parameters
[3.861s] Level 1:colcon.colcon_core.package_discovery:discover_packages(ignore) check parameters
[3.861s] Level 1:colcon.colcon_core.package_discovery:discover_packages(path) check parameters
[3.862s] Level 1:colcon.colcon_core.package_discovery:discover_packages(colcon_meta) discover
[3.862s] Level 1:colcon.colcon_core.package_discovery:discover_packages(recursive) discover
[3.862s] INFO:colcon.colcon_core.package_discovery:Crawling recursively for packages in '/home/iris/iris/iris_ws'
[3.862s] Level 1:colcon.colcon_core.package_identification:_identify(.) by extensions ['ignore', 'ignore_ament_install']
[3.863s] Level 1:colcon.colcon_core.package_identification:_identify(.) by extension 'ignore'
[3.863s] Level 1:colcon.colcon_core.package_identification:_identify(.) by extension 'ignore_ament_install'
[3.863s] Level 1:colcon.colcon_core.package_identification:_identify(.) by extensions ['colcon_pkg']
[3.864s] Level 1:colcon.colcon_core.package_identification:_identify(.) by extension 'colcon_pkg'
[3.864s] Level 1:colcon.colcon_core.package_identification:_identify(.) by extensions ['colcon_meta']
[3.864s] Level 1:colcon.colcon_core.package_identification:_identify(.) by extension 'colcon_meta'
[3.864s] Level 1:colcon.colcon_core.package_identification:_identify(.) by extensions ['ros']
[3.864s] Level 1:colcon.colcon_core.package_identification:_identify(.) by extension 'ros'
[3.910s] Level 1:colcon.colcon_core.package_identification:_identify(.) by extensions ['cmake', 'python']
[3.911s] Level 1:colcon.colcon_core.package_identification:_identify(.) by extension 'cmake'
[3.911s] Level 1:colcon.colcon_core.package_identification:_identify(.) by extension 'python'
[3.911s] Level 1:colcon.colcon_core.package_identification:_identify(.) by extensions ['python_setup_py']
[3.911s] Level 1:colcon.colcon_core.package_identification:_identify(.) by extension 'python_setup_py'
[3.912s] Level 1:colcon.colcon_core.package_identification:_identify(build) by extensions ['ignore', 'ignore_ament_install']
[3.912s] Level 1:colcon.colcon_core.package_identification:_identify(build) by extension 'ignore'
[3.913s] Level 1:colcon.colcon_core.package_identification:_identify(build) ignored
[3.913s] Level 1:colcon.colcon_core.package_identification:_identify(install) by extensions ['ignore', 'ignore_ament_install']
[3.914s] Level 1:colcon.colcon_core.package_identification:_identify(install) by extension 'ignore'
[3.914s] Level 1:colcon.colcon_core.package_identification:_identify(install) ignored
[3.915s] Level 1:colcon.colcon_core.package_identification:_identify(log) by extensions ['ignore', 'ignore_ament_install']
[3.915s] Level 1:colcon.colcon_core.package_identification:_identify(log) by extension 'ignore'
[3.915s] Level 1:colcon.colcon_core.package_identification:_identify(log) ignored
[3.916s] Level 1:colcon.colcon_core.package_identification:_identify(src) by extensions ['ignore', 'ignore_ament_install']
[3.916s] Level 1:colcon.colcon_core.package_identification:_identify(src) by extension 'ignore'
[3.916s] Level 1:colcon.colcon_core.package_identification:_identify(src) by extension 'ignore_ament_install'
[3.916s] Level 1:colcon.colcon_core.package_identification:_identify(src) by extensions ['colcon_pkg']
[3.917s] Level 1:colcon.colcon_core.package_identification:_identify(src) by extension 'colcon_pkg'
[3.917s] Level 1:colcon.colcon_core.package_identification:_identify(src) by extensions ['colcon_meta']
[3.917s] Level 1:colcon.colcon_core.package_identification:_identify(src) by extension 'colcon_meta'
[3.917s] Level 1:colcon.colcon_core.package_identification:_identify(src) by extensions ['ros']
[3.917s] Level 1:colcon.colcon_core.package_identification:_identify(src) by extension 'ros'
[3.917s] Level 1:colcon.colcon_core.package_identification:_identify(src) by extensions ['cmake', 'python']
[3.918s] Level 1:colcon.colcon_core.package_identification:_identify(src) by extension 'cmake'
[3.918s] Level 1:colcon.colcon_core.package_identification:_identify(src) by extension 'python'
[3.918s] Level 1:colcon.colcon_core.package_identification:_identify(src) by extensions ['python_setup_py']
[3.918s] Level 1:colcon.colcon_core.package_identification:_identify(src) by extension 'python_setup_py'
[3.919s] Level 1:colcon.colcon_core.package_identification:_identify(src/iris) by extensions ['ignore', 'ignore_ament_install']
[3.919s] Level 1:colcon.colcon_core.package_identification:_identify(src/iris) by extension 'ignore'
[3.919s] Level 1:colcon.colcon_core.package_identification:_identify(src/iris) by extension 'ignore_ament_install'
[3.919s] Level 1:colcon.colcon_core.package_identification:_identify(src/iris) by extensions ['colcon_pkg']
[3.920s] Level 1:colcon.colcon_core.package_identification:_identify(src/iris) by extension 'colcon_pkg'
[3.920s] Level 1:colcon.colcon_core.package_identification:_identify(src/iris) by extensions ['colcon_meta']
[3.920s] Level 1:colcon.colcon_core.package_identification:_identify(src/iris) by extension 'colcon_meta'
[3.920s] Level 1:colcon.colcon_core.package_identification:_identify(src/iris) by extensions ['ros']
[3.920s] Level 1:colcon.colcon_core.package_identification:_identify(src/iris) by extension 'ros'
[3.929s] DEBUG:colcon.colcon_core.package_identification:Package 'src/iris' with type 'ros.ament_cmake' and name 'iris'
[3.930s] Level 1:colcon.colcon_core.package_identification:_identify(src/micro_ros_setup) by extensions ['ignore', 'ignore_ament_install']
[3.930s] Level 1:colcon.colcon_core.package_identification:_identify(src/micro_ros_setup) by extension 'ignore'
[3.930s] Level 1:colcon.colcon_core.package_identification:_identify(src/micro_ros_setup) by extension 'ignore_ament_install'
[3.930s] Level 1:colcon.colcon_core.package_identification:_identify(src/micro_ros_setup) by extensions ['colcon_pkg']
[3.931s] Level 1:colcon.colcon_core.package_identification:_identify(src/micro_ros_setup) by extension 'colcon_pkg'
[3.931s] Level 1:colcon.colcon_core.package_identification:_identify(src/micro_ros_setup) by extensions ['colcon_meta']
[3.931s] Level 1:colcon.colcon_core.package_identification:_identify(src/micro_ros_setup) by extension 'colcon_meta'
[3.931s] Level 1:colcon.colcon_core.package_identification:_identify(src/micro_ros_setup) by extensions ['ros']
[3.931s] Level 1:colcon.colcon_core.package_identification:_identify(src/micro_ros_setup) by extension 'ros'
[3.934s] DEBUG:colcon.colcon_core.package_identification:Package 'src/micro_ros_setup' with type 'ros.ament_cmake' and name 'micro_ros_setup'
[3.935s] Level 1:colcon.colcon_core.package_identification:_identify(src/uros) by extensions ['ignore', 'ignore_ament_install']
[3.935s] Level 1:colcon.colcon_core.package_identification:_identify(src/uros) by extension 'ignore'
[3.936s] Level 1:colcon.colcon_core.package_identification:_identify(src/uros) by extension 'ignore_ament_install'
[3.936s] Level 1:colcon.colcon_core.package_identification:_identify(src/uros) by extensions ['colcon_pkg']
[3.936s] Level 1:colcon.colcon_core.package_identification:_identify(src/uros) by extension 'colcon_pkg'
[3.936s] Level 1:colcon.colcon_core.package_identification:_identify(src/uros) by extensions ['colcon_meta']
[3.936s] Level 1:colcon.colcon_core.package_identification:_identify(src/uros) by extension 'colcon_meta'
[3.937s] Level 1:colcon.colcon_core.package_identification:_identify(src/uros) by extensions ['ros']
[3.937s] Level 1:colcon.colcon_core.package_identification:_identify(src/uros) by extension 'ros'
[3.937s] Level 1:colcon.colcon_core.package_identification:_identify(src/uros) by extensions ['cmake', 'python']
[3.937s] Level 1:colcon.colcon_core.package_identification:_identify(src/uros) by extension 'cmake'
[3.937s] Level 1:colcon.colcon_core.package_identification:_identify(src/uros) by extension 'python'
[3.938s] Level 1:colcon.colcon_core.package_identification:_identify(src/uros) by extensions ['python_setup_py']
[3.938s] Level 1:colcon.colcon_core.package_identification:_identify(src/uros) by extension 'python_setup_py'
[3.938s] Level 1:colcon.colcon_core.package_identification:_identify(src/uros/micro-ROS-Agent) by extensions ['ignore', 'ignore_ament_install']
[3.939s] Level 1:colcon.colcon_core.package_identification:_identify(src/uros/micro-ROS-Agent) by extension 'ignore'
[3.939s] Level 1:colcon.colcon_core.package_identification:_identify(src/uros/micro-ROS-Agent) by extension 'ignore_ament_install'
[3.939s] Level 1:colcon.colcon_core.package_identification:_identify(src/uros/micro-ROS-Agent) by extensions ['colcon_pkg']
[3.939s] Level 1:colcon.colcon_core.package_identification:_identify(src/uros/micro-ROS-Agent) by extension 'colcon_pkg'
[3.940s] Level 1:colcon.colcon_core.package_identification:_identify(src/uros/micro-ROS-Agent) by extensions ['colcon_meta']
[3.940s] Level 1:colcon.colcon_core.package_identification:_identify(src/uros/micro-ROS-Agent) by extension 'colcon_meta'
[3.940s] Level 1:colcon.colcon_core.package_identification:_identify(src/uros/micro-ROS-Agent) by extensions ['ros']
[3.940s] Level 1:colcon.colcon_core.package_identification:_identify(src/uros/micro-ROS-Agent) by extension 'ros'
[3.940s] Level 1:colcon.colcon_core.package_identification:_identify(src/uros/micro-ROS-Agent) by extensions ['cmake', 'python']
[3.941s] Level 1:colcon.colcon_core.package_identification:_identify(src/uros/micro-ROS-Agent) by extension 'cmake'
[3.941s] Level 1:colcon.colcon_core.package_identification:_identify(src/uros/micro-ROS-Agent) by extension 'python'
[3.941s] Level 1:colcon.colcon_core.package_identification:_identify(src/uros/micro-ROS-Agent) by extensions ['python_setup_py']
[3.941s] Level 1:colcon.colcon_core.package_identification:_identify(src/uros/micro-ROS-Agent) by extension 'python_setup_py'
[3.942s] Level 1:colcon.colcon_core.package_identification:_identify(src/uros/micro-ROS-Agent/micro_ros_agent) by extensions ['ignore', 'ignore_ament_install']
[3.942s] Level 1:colcon.colcon_core.package_identification:_identify(src/uros/micro-ROS-Agent/micro_ros_agent) by extension 'ignore'
[3.942s] Level 1:colcon.colcon_core.package_identification:_identify(src/uros/micro-ROS-Agent/micro_ros_agent) by extension 'ignore_ament_install'
[3.942s] Level 1:colcon.colcon_core.package_identification:_identify(src/uros/micro-ROS-Agent/micro_ros_agent) by extensions ['colcon_pkg']
[3.943s] Level 1:colcon.colcon_core.package_identification:_identify(src/uros/micro-ROS-Agent/micro_ros_agent) by extension 'colcon_pkg'
[3.943s] Level 1:colcon.colcon_core.package_identification:_identify(src/uros/micro-ROS-Agent/micro_ros_agent) by extensions ['colcon_meta']
[3.943s] Level 1:colcon.colcon_core.package_identification:_identify(src/uros/micro-ROS-Agent/micro_ros_agent) by extension 'colcon_meta'
[3.943s] Level 1:colcon.colcon_core.package_identification:_identify(src/uros/micro-ROS-Agent/micro_ros_agent) by extensions ['ros']
[3.943s] Level 1:colcon.colcon_core.package_identification:_identify(src/uros/micro-ROS-Agent/micro_ros_agent) by extension 'ros'
[3.947s] DEBUG:colcon.colcon_core.package_identification:Package 'src/uros/micro-ROS-Agent/micro_ros_agent' with type 'ros.ament_cmake' and name 'micro_ros_agent'
[3.947s] Level 1:colcon.colcon_core.package_identification:_identify(src/uros/micro-ROS-Agent/snap) by extensions ['ignore', 'ignore_ament_install']
[3.948s] Level 1:colcon.colcon_core.package_identification:_identify(src/uros/micro-ROS-Agent/snap) by extension 'ignore'
[3.948s] Level 1:colcon.colcon_core.package_identification:_identify(src/uros/micro-ROS-Agent/snap) by extension 'ignore_ament_install'
[3.948s] Level 1:colcon.colcon_core.package_identification:_identify(src/uros/micro-ROS-Agent/snap) by extensions ['colcon_pkg']
[3.948s] Level 1:colcon.colcon_core.package_identification:_identify(src/uros/micro-ROS-Agent/snap) by extension 'colcon_pkg'
[3.949s] Level 1:colcon.colcon_core.package_identification:_identify(src/uros/micro-ROS-Agent/snap) by extensions ['colcon_meta']
[3.949s] Level 1:colcon.colcon_core.package_identification:_identify(src/uros/micro-ROS-Agent/snap) by extension 'colcon_meta'
[3.949s] Level 1:colcon.colcon_core.package_identification:_identify(src/uros/micro-ROS-Agent/snap) by extensions ['ros']
[3.949s] Level 1:colcon.colcon_core.package_identification:_identify(src/uros/micro-ROS-Agent/snap) by extension 'ros'
[3.950s] Level 1:colcon.colcon_core.package_identification:_identify(src/uros/micro-ROS-Agent/snap) by extensions ['cmake', 'python']
[3.950s] Level 1:colcon.colcon_core.package_identification:_identify(src/uros/micro-ROS-Agent/snap) by extension 'cmake'
[3.950s] Level 1:colcon.colcon_core.package_identification:_identify(src/uros/micro-ROS-Agent/snap) by extension 'python'
[3.950s] Level 1:colcon.colcon_core.package_identification:_identify(src/uros/micro-ROS-Agent/snap) by extensions ['python_setup_py']
[3.950s] Level 1:colcon.colcon_core.package_identification:_identify(src/uros/micro-ROS-Agent/snap) by extension 'python_setup_py'
[3.951s] Level 1:colcon.colcon_core.package_identification:_identify(src/uros/micro-ROS-Agent/snap/hooks) by extensions ['ignore', 'ignore_ament_install']
[3.951s] Level 1:colcon.colcon_core.package_identification:_identify(src/uros/micro-ROS-Agent/snap/hooks) by extension 'ignore'
[3.951s] Level 1:colcon.colcon_core.package_identification:_identify(src/uros/micro-ROS-Agent/snap/hooks) by extension 'ignore_ament_install'
[3.952s] Level 1:colcon.colcon_core.package_identification:_identify(src/uros/micro-ROS-Agent/snap/hooks) by extensions ['colcon_pkg']
[3.952s] Level 1:colcon.colcon_core.package_identification:_identify(src/uros/micro-ROS-Agent/snap/hooks) by extension 'colcon_pkg'
[3.952s] Level 1:colcon.colcon_core.package_identification:_identify(src/uros/micro-ROS-Agent/snap/hooks) by extensions ['colcon_meta']
[3.952s] Level 1:colcon.colcon_core.package_identification:_identify(src/uros/micro-ROS-Agent/snap/hooks) by extension 'colcon_meta'
[3.952s] Level 1:colcon.colcon_core.package_identification:_identify(src/uros/micro-ROS-Agent/snap/hooks) by extensions ['ros']
[3.952s] Level 1:colcon.colcon_core.package_identification:_identify(src/uros/micro-ROS-Agent/snap/hooks) by extension 'ros'
[3.953s] Level 1:colcon.colcon_core.package_identification:_identify(src/uros/micro-ROS-Agent/snap/hooks) by extensions ['cmake', 'python']
[3.953s] Level 1:colcon.colcon_core.package_identification:_identify(src/uros/micro-ROS-Agent/snap/hooks) by extension 'cmake'
[3.953s] Level 1:colcon.colcon_core.package_identification:_identify(src/uros/micro-ROS-Agent/snap/hooks) by extension 'python'
[3.953s] Level 1:colcon.colcon_core.package_identification:_identify(src/uros/micro-ROS-Agent/snap/hooks) by extensions ['python_setup_py']
[3.953s] Level 1:colcon.colcon_core.package_identification:_identify(src/uros/micro-ROS-Agent/snap/hooks) by extension 'python_setup_py'
[3.954s] Level 1:colcon.colcon_core.package_identification:_identify(src/uros/micro-ROS-Agent/snap/local) by extensions ['ignore', 'ignore_ament_install']
[3.954s] Level 1:colcon.colcon_core.package_identification:_identify(src/uros/micro-ROS-Agent/snap/local) by extension 'ignore'
[3.955s] Level 1:colcon.colcon_core.package_identification:_identify(src/uros/micro-ROS-Agent/snap/local) by extension 'ignore_ament_install'
[3.955s] Level 1:colcon.colcon_core.package_identification:_identify(src/uros/micro-ROS-Agent/snap/local) by extensions ['colcon_pkg']
[3.955s] Level 1:colcon.colcon_core.package_identification:_identify(src/uros/micro-ROS-Agent/snap/local) by extension 'colcon_pkg'
[3.955s] Level 1:colcon.colcon_core.package_identification:_identify(src/uros/micro-ROS-Agent/snap/local) by extensions ['colcon_meta']
[3.955s] Level 1:colcon.colcon_core.package_identification:_identify(src/uros/micro-ROS-Agent/snap/local) by extension 'colcon_meta'
[3.956s] Level 1:colcon.colcon_core.package_identification:_identify(src/uros/micro-ROS-Agent/snap/local) by extensions ['ros']
[3.956s] Level 1:colcon.colcon_core.package_identification:_identify(src/uros/micro-ROS-Agent/snap/local) by extension 'ros'
[3.956s] Level 1:colcon.colcon_core.package_identification:_identify(src/uros/micro-ROS-Agent/snap/local) by extensions ['cmake', 'python']
[3.956s] Level 1:colcon.colcon_core.package_identification:_identify(src/uros/micro-ROS-Agent/snap/local) by extension 'cmake'
[3.956s] Level 1:colcon.colcon_core.package_identification:_identify(src/uros/micro-ROS-Agent/snap/local) by extension 'python'
[3.957s] Level 1:colcon.colcon_core.package_identification:_identify(src/uros/micro-ROS-Agent/snap/local) by extensions ['python_setup_py']
[3.957s] Level 1:colcon.colcon_core.package_identification:_identify(src/uros/micro-ROS-Agent/snap/local) by extension 'python_setup_py'
[3.957s] Level 1:colcon.colcon_core.package_identification:_identify(src/uros/micro_ros_msgs) by extensions ['ignore', 'ignore_ament_install']
[3.958s] Level 1:colcon.colcon_core.package_identification:_identify(src/uros/micro_ros_msgs) by extension 'ignore'
[3.958s] Level 1:colcon.colcon_core.package_identification:_identify(src/uros/micro_ros_msgs) by extension 'ignore_ament_install'
[3.958s] Level 1:colcon.colcon_core.package_identification:_identify(src/uros/micro_ros_msgs) by extensions ['colcon_pkg']
[3.958s] Level 1:colcon.colcon_core.package_identification:_identify(src/uros/micro_ros_msgs) by extension 'colcon_pkg'
[3.959s] Level 1:colcon.colcon_core.package_identification:_identify(src/uros/micro_ros_msgs) by extensions ['colcon_meta']
[3.959s] Level 1:colcon.colcon_core.package_identification:_identify(src/uros/micro_ros_msgs) by extension 'colcon_meta'
[3.959s] Level 1:colcon.colcon_core.package_identification:_identify(src/uros/micro_ros_msgs) by extensions ['ros']
[3.959s] Level 1:colcon.colcon_core.package_identification:_identify(src/uros/micro_ros_msgs) by extension 'ros'
[3.961s] DEBUG:colcon.colcon_core.package_identification:Package 'src/uros/micro_ros_msgs' with type 'ros.ament_cmake' and name 'micro_ros_msgs'
[3.961s] Level 1:colcon.colcon_core.package_discovery:discover_packages(recursive) using defaults
[3.962s] Level 1:colcon.colcon_core.package_discovery:discover_packages(ignore) discover
[3.962s] Level 1:colcon.colcon_core.package_discovery:discover_packages(ignore) using defaults
[3.962s] Level 1:colcon.colcon_core.package_discovery:discover_packages(path) discover
[3.962s] Level 1:colcon.colcon_core.package_discovery:discover_packages(path) using defaults
[4.313s] Level 1:colcon.colcon_core.package_discovery:discover_packages(prefix_path) check parameters
[4.313s] Level 1:colcon.colcon_core.package_discovery:discover_packages(prefix_path) discover
[4.432s] DEBUG:colcon.colcon_installed_package_information.package_discovery:Found 190 installed packages in /opt/ros/humble
[4.437s] Level 1:colcon.colcon_core.package_discovery:discover_packages(prefix_path) using defaults
[4.722s] Level 5:colcon.colcon_core.verb:set package 'iris' build argument 'cmake_args' from command line to 'None'
[4.723s] Level 5:colcon.colcon_core.verb:set package 'iris' build argument 'cmake_target' from command line to 'None'
[4.723s] Level 5:colcon.colcon_core.verb:set package 'iris' build argument 'cmake_target_skip_unavailable' from command line to 'False'
[4.723s] Level 5:colcon.colcon_core.verb:set package 'iris' build argument 'cmake_clean_cache' from command line to 'False'
[4.723s] Level 5:colcon.colcon_core.verb:set package 'iris' build argument 'cmake_clean_first' from command line to 'False'
[4.723s] Level 5:colcon.colcon_core.verb:set package 'iris' build argument 'cmake_force_configure' from command line to 'False'
[4.723s] Level 5:colcon.colcon_core.verb:set package 'iris' build argument 'ament_cmake_args' from command line to 'None'
[4.723s] Level 5:colcon.colcon_core.verb:set package 'iris' build argument 'catkin_cmake_args' from command line to 'None'
[4.723s] Level 5:colcon.colcon_core.verb:set package 'iris' build argument 'catkin_skip_building_tests' from command line to 'False'
[4.724s] DEBUG:colcon.colcon_core.verb:Building package 'iris' with the following arguments: {'ament_cmake_args': None, 'build_base': '/home/iris/iris/iris_ws/build/iris', 'catkin_cmake_args': None, 'catkin_skip_building_tests': False, 'cmake_args': None, 'cmake_clean_cache': False, 'cmake_clean_first': False, 'cmake_force_configure': False, 'cmake_target': None, 'cmake_target_skip_unavailable': False, 'install_base': '/home/iris/iris/iris_ws/install/iris', 'merge_install': False, 'path': '/home/iris/iris/iris_ws/src/iris', 'symlink_install': False, 'test_result_base': None}
[4.775s] Level 5:colcon.colcon_core.verb:set package 'micro_ros_msgs' build argument 'cmake_args' from command line to 'None'
[4.776s] Level 5:colcon.colcon_core.verb:set package 'micro_ros_msgs' build argument 'cmake_target' from command line to 'None'
[4.776s] Level 5:colcon.colcon_core.verb:set package 'micro_ros_msgs' build argument 'cmake_target_skip_unavailable' from command line to 'False'
[4.776s] Level 5:colcon.colcon_core.verb:set package 'micro_ros_msgs' build argument 'cmake_clean_cache' from command line to 'False'
[4.776s] Level 5:colcon.colcon_core.verb:set package 'micro_ros_msgs' build argument 'cmake_clean_first' from command line to 'False'
[4.776s] Level 5:colcon.colcon_core.verb:set package 'micro_ros_msgs' build argument 'cmake_force_configure' from command line to 'False'
[4.776s] Level 5:colcon.colcon_core.verb:set package 'micro_ros_msgs' build argument 'ament_cmake_args' from command line to 'None'
[4.776s] Level 5:colcon.colcon_core.verb:set package 'micro_ros_msgs' build argument 'catkin_cmake_args' from command line to 'None'
[4.777s] Level 5:colcon.colcon_core.verb:set package 'micro_ros_msgs' build argument 'catkin_skip_building_tests' from command line to 'False'
[4.777s] DEBUG:colcon.colcon_core.verb:Building package 'micro_ros_msgs' with the following arguments: {'ament_cmake_args': None, 'build_base': '/home/iris/iris/iris_ws/build/micro_ros_msgs', 'catkin_cmake_args': None, 'catkin_skip_building_tests': False, 'cmake_args': None, 'cmake_clean_cache': False, 'cmake_clean_first': False, 'cmake_force_configure': False, 'cmake_target': None, 'cmake_target_skip_unavailable': False, 'install_base': '/home/iris/iris/iris_ws/install/micro_ros_msgs', 'merge_install': False, 'path': '/home/iris/iris/iris_ws/src/uros/micro_ros_msgs', 'symlink_install': False, 'test_result_base': None}
[4.828s] Level 5:colcon.colcon_core.verb:set package 'micro_ros_setup' build argument 'cmake_args' from command line to 'None'
[4.828s] Level 5:colcon.colcon_core.verb:set package 'micro_ros_setup' build argument 'cmake_target' from command line to 'None'
[4.829s] Level 5:colcon.colcon_core.verb:set package 'micro_ros_setup' build argument 'cmake_target_skip_unavailable' from command line to 'False'
[4.829s] Level 5:colcon.colcon_core.verb:set package 'micro_ros_setup' build argument 'cmake_clean_cache' from command line to 'False'
[4.829s] Level 5:colcon.colcon_core.verb:set package 'micro_ros_setup' build argument 'cmake_clean_first' from command line to 'False'
[4.829s] Level 5:colcon.colcon_core.verb:set package 'micro_ros_setup' build argument 'cmake_force_configure' from command line to 'False'
[4.829s] Level 5:colcon.colcon_core.verb:set package 'micro_ros_setup' build argument 'ament_cmake_args' from command line to 'None'
[4.829s] Level 5:colcon.colcon_core.verb:set package 'micro_ros_setup' build argument 'catkin_cmake_args' from command line to 'None'
[4.829s] Level 5:colcon.colcon_core.verb:set package 'micro_ros_setup' build argument 'catkin_skip_building_tests' from command line to 'False'
[4.829s] DEBUG:colcon.colcon_core.verb:Building package 'micro_ros_setup' with the following arguments: {'ament_cmake_args': None, 'build_base': '/home/iris/iris/iris_ws/build/micro_ros_setup', 'catkin_cmake_args': None, 'catkin_skip_building_tests': False, 'cmake_args': None, 'cmake_clean_cache': False, 'cmake_clean_first': False, 'cmake_force_configure': False, 'cmake_target': None, 'cmake_target_skip_unavailable': False, 'install_base': '/home/iris/iris/iris_ws/install/micro_ros_setup', 'merge_install': False, 'path': '/home/iris/iris/iris_ws/src/micro_ros_setup', 'symlink_install': False, 'test_result_base': None}
[4.882s] Level 5:colcon.colcon_core.verb:set package 'micro_ros_agent' build argument 'cmake_args' from command line to 'None'
[4.882s] Level 5:colcon.colcon_core.verb:set package 'micro_ros_agent' build argument 'cmake_target' from command line to 'None'
[4.882s] Level 5:colcon.colcon_core.verb:set package 'micro_ros_agent' build argument 'cmake_target_skip_unavailable' from command line to 'False'
[4.882s] Level 5:colcon.colcon_core.verb:set package 'micro_ros_agent' build argument 'cmake_clean_cache' from command line to 'False'
[4.882s] Level 5:colcon.colcon_core.verb:set package 'micro_ros_agent' build argument 'cmake_clean_first' from command line to 'False'
[4.882s] Level 5:colcon.colcon_core.verb:set package 'micro_ros_agent' build argument 'cmake_force_configure' from command line to 'False'
[4.882s] Level 5:colcon.colcon_core.verb:set package 'micro_ros_agent' build argument 'ament_cmake_args' from command line to 'None'
[4.883s] Level 5:colcon.colcon_core.verb:set package 'micro_ros_agent' build argument 'catkin_cmake_args' from command line to 'None'
[4.883s] Level 5:colcon.colcon_core.verb:set package 'micro_ros_agent' build argument 'catkin_skip_building_tests' from command line to 'False'
[4.883s] DEBUG:colcon.colcon_core.verb:Building package 'micro_ros_agent' with the following arguments: {'ament_cmake_args': None, 'build_base': '/home/iris/iris/iris_ws/build/micro_ros_agent', 'catkin_cmake_args': None, 'catkin_skip_building_tests': False, 'cmake_args': None, 'cmake_clean_cache': False, 'cmake_clean_first': False, 'cmake_force_configure': False, 'cmake_target': None, 'cmake_target_skip_unavailable': False, 'install_base': '/home/iris/iris/iris_ws/install/micro_ros_agent', 'merge_install': False, 'path': '/home/iris/iris/iris_ws/src/uros/micro-ROS-Agent/micro_ros_agent', 'symlink_install': False, 'test_result_base': None}
[4.933s] INFO:colcon.colcon_core.executor:Executing jobs using 'parallel' executor
[4.989s] DEBUG:colcon.colcon_parallel_executor.executor.parallel:run_until_complete
[4.990s] INFO:colcon.colcon_ros.task.ament_cmake.build:Building ROS package in '/home/iris/iris/iris_ws/src/uros/micro_ros_msgs' with build type 'ament_cmake'
[4.991s] INFO:colcon.colcon_cmake.task.cmake.build:Building CMake package in '/home/iris/iris/iris_ws/src/uros/micro_ros_msgs'
[5.052s] INFO:colcon.colcon_core.plugin_system:Skipping extension 'colcon_core.shell.bat': Not used on non-Windows systems
[5.053s] INFO:colcon.colcon_core.shell:Skip shell extension 'powershell' for command environment: Not usable outside of PowerShell
[5.053s] DEBUG:colcon.colcon_core.shell:Skip shell extension 'dsv' for command environment
[5.175s] INFO:colcon.colcon_ros.task.ament_cmake.build:Building ROS package in '/home/iris/iris/iris_ws/src/iris' with build type 'ament_cmake'
[5.176s] INFO:colcon.colcon_cmake.task.cmake.build:Building CMake package in '/home/iris/iris/iris_ws/src/iris'
[5.238s] INFO:colcon.colcon_core.shell:Skip shell extension 'powershell' for command environment: Not usable outside of PowerShell
[5.238s] DEBUG:colcon.colcon_core.shell:Skip shell extension 'dsv' for command environment
[5.356s] INFO:colcon.colcon_ros.task.ament_cmake.build:Building ROS package in '/home/iris/iris/iris_ws/src/micro_ros_setup' with build type 'ament_cmake'
[5.357s] INFO:colcon.colcon_cmake.task.cmake.build:Building CMake package in '/home/iris/iris/iris_ws/src/micro_ros_setup'
[5.418s] INFO:colcon.colcon_core.shell:Skip shell extension 'powershell' for command environment: Not usable outside of PowerShell
[5.418s] DEBUG:colcon.colcon_core.shell:Skip shell extension 'dsv' for command environment
[5.551s] DEBUG:colcon.colcon_core.event_handler.log_command:Invoking command in '/home/iris/iris/iris_ws/build/micro_ros_msgs': CMAKE_PREFIX_PATH=/opt/ros/humble /usr/bin/cmake --build /home/iris/iris/iris_ws/build/micro_ros_msgs -- -j4 -l4
[5.585s] DEBUG:colcon.colcon_core.event_handler.log_command:Invoking command in '/home/iris/iris/iris_ws/build/iris': CMAKE_PREFIX_PATH=/opt/ros/humble /usr/bin/cmake --build /home/iris/iris/iris_ws/build/iris -- -j4 -l4
[5.616s] DEBUG:colcon.colcon_core.event_handler.log_command:Invoking command in '/home/iris/iris/iris_ws/build/micro_ros_setup': CMAKE_PREFIX_PATH=/opt/ros/humble /usr/bin/cmake --build /home/iris/iris/iris_ws/build/micro_ros_setup -- -j4 -l4
[5.793s] DEBUG:colcon.colcon_core.event_handler.log_command:Invoked command in '/home/iris/iris/iris_ws/build/micro_ros_setup' returned '0': CMAKE_PREFIX_PATH=/opt/ros/humble /usr/bin/cmake --build /home/iris/iris/iris_ws/build/micro_ros_setup -- -j4 -l4
[6.097s] DEBUG:colcon.colcon_core.event_handler.log_command:Invoking command in '/home/iris/iris/iris_ws/build/micro_ros_setup': CMAKE_PREFIX_PATH=/opt/ros/humble /usr/bin/cmake --install /home/iris/iris/iris_ws/build/micro_ros_setup
[6.282s] Level 1:colcon.colcon_core.environment:create_environment_scripts_only(micro_ros_setup)
[6.443s] DEBUG:colcon.colcon_core.event_handler.log_command:Invoked command in '/home/iris/iris/iris_ws/build/micro_ros_setup' returned '0': CMAKE_PREFIX_PATH=/opt/ros/humble /usr/bin/cmake --install /home/iris/iris/iris_ws/build/micro_ros_setup
[6.515s] Level 1:colcon.colcon_core.environment:checking '/home/iris/iris/iris_ws/install/micro_ros_setup' for CMake module files
[6.520s] Level 1:colcon.colcon_core.environment:checking '/home/iris/iris/iris_ws/install/micro_ros_setup' for CMake config files
[6.523s] Level 1:colcon.colcon_core.shell:create_environment_hook('micro_ros_setup', 'cmake_prefix_path')
[6.707s] INFO:colcon.colcon_core.shell:Creating environment hook '/home/iris/iris/iris_ws/install/micro_ros_setup/share/micro_ros_setup/hook/cmake_prefix_path.ps1'
[6.713s] INFO:colcon.colcon_core.shell:Creating environment descriptor '/home/iris/iris/iris_ws/install/micro_ros_setup/share/micro_ros_setup/hook/cmake_prefix_path.dsv'
[6.717s] INFO:colcon.colcon_core.shell:Creating environment hook '/home/iris/iris/iris_ws/install/micro_ros_setup/share/micro_ros_setup/hook/cmake_prefix_path.sh'
[6.722s] Level 1:colcon.colcon_core.environment:checking '/home/iris/iris/iris_ws/install/micro_ros_setup/lib'
[6.736s] Level 1:colcon.colcon_core.environment:checking '/home/iris/iris/iris_ws/install/micro_ros_setup/bin'
[6.737s] Level 1:colcon.colcon_core.environment:checking '/home/iris/iris/iris_ws/install/micro_ros_setup/lib/pkgconfig/micro_ros_setup.pc'
[6.738s] Level 1:colcon.colcon_core.environment:checking '/home/iris/iris/iris_ws/install/micro_ros_setup/lib/python3.10/site-packages'
[6.740s] Level 1:colcon.colcon_core.environment:checking '/home/iris/iris/iris_ws/install/micro_ros_setup/bin'
[6.942s] INFO:colcon.colcon_core.shell:Creating package script '/home/iris/iris/iris_ws/install/micro_ros_setup/share/micro_ros_setup/package.ps1'
[6.962s] INFO:colcon.colcon_core.shell:Creating package descriptor '/home/iris/iris/iris_ws/install/micro_ros_setup/share/micro_ros_setup/package.dsv'
[6.977s] INFO:colcon.colcon_core.shell:Creating package script '/home/iris/iris/iris_ws/install/micro_ros_setup/share/micro_ros_setup/package.sh'
[6.991s] INFO:colcon.colcon_core.shell:Creating package script '/home/iris/iris/iris_ws/install/micro_ros_setup/share/micro_ros_setup/package.bash'
[6.995s] INFO:colcon.colcon_core.shell:Creating package script '/home/iris/iris/iris_ws/install/micro_ros_setup/share/micro_ros_setup/package.zsh'
[6.999s] Level 1:colcon.colcon_core.environment:create_file_with_runtime_dependencies(/home/iris/iris/iris_ws/install/micro_ros_setup/share/colcon-core/packages/micro_ros_setup)
[7.462s] Level 1:colcon.colcon_core.environment:create_environment_scripts_only(micro_ros_setup)
[7.577s] Level 1:colcon.colcon_core.environment:checking '/home/iris/iris/iris_ws/install/micro_ros_setup' for CMake module files
[7.582s] Level 1:colcon.colcon_core.environment:checking '/home/iris/iris/iris_ws/install/micro_ros_setup' for CMake config files
[7.586s] Level 1:colcon.colcon_core.shell:create_environment_hook('micro_ros_setup', 'cmake_prefix_path')
[7.676s] INFO:colcon.colcon_core.shell:Creating environment hook '/home/iris/iris/iris_ws/install/micro_ros_setup/share/micro_ros_setup/hook/cmake_prefix_path.ps1'
[7.681s] INFO:colcon.colcon_core.shell:Creating environment descriptor '/home/iris/iris/iris_ws/install/micro_ros_setup/share/micro_ros_setup/hook/cmake_prefix_path.dsv'
[7.685s] INFO:colcon.colcon_core.shell:Creating environment hook '/home/iris/iris/iris_ws/install/micro_ros_setup/share/micro_ros_setup/hook/cmake_prefix_path.sh'
[7.689s] Level 1:colcon.colcon_core.environment:checking '/home/iris/iris/iris_ws/install/micro_ros_setup/lib'
[7.690s] Level 1:colcon.colcon_core.environment:checking '/home/iris/iris/iris_ws/install/micro_ros_setup/bin'
[7.691s] Level 1:colcon.colcon_core.environment:checking '/home/iris/iris/iris_ws/install/micro_ros_setup/lib/pkgconfig/micro_ros_setup.pc'
[7.693s] Level 1:colcon.colcon_core.environment:checking '/home/iris/iris/iris_ws/install/micro_ros_setup/lib/python3.10/site-packages'
[7.695s] Level 1:colcon.colcon_core.environment:checking '/home/iris/iris/iris_ws/install/micro_ros_setup/bin'
[7.791s] INFO:colcon.colcon_core.shell:Creating package script '/home/iris/iris/iris_ws/install/micro_ros_setup/share/micro_ros_setup/package.ps1'
[7.796s] INFO:colcon.colcon_core.shell:Creating package descriptor '/home/iris/iris/iris_ws/install/micro_ros_setup/share/micro_ros_setup/package.dsv'
[7.800s] INFO:colcon.colcon_core.shell:Creating package script '/home/iris/iris/iris_ws/install/micro_ros_setup/share/micro_ros_setup/package.sh'
[7.804s] INFO:colcon.colcon_core.shell:Creating package script '/home/iris/iris/iris_ws/install/micro_ros_setup/share/micro_ros_setup/package.bash'
[7.808s] INFO:colcon.colcon_core.shell:Creating package script '/home/iris/iris/iris_ws/install/micro_ros_setup/share/micro_ros_setup/package.zsh'
[7.812s] Level 1:colcon.colcon_core.environment:create_file_with_runtime_dependencies(/home/iris/iris/iris_ws/install/micro_ros_setup/share/colcon-core/packages/micro_ros_setup)
[7.829s] DEBUG:colcon.colcon_core.event_handler.log_command:Invoked command in '/home/iris/iris/iris_ws/build/iris' returned '0': CMAKE_PREFIX_PATH=/opt/ros/humble /usr/bin/cmake --build /home/iris/iris/iris_ws/build/iris -- -j4 -l4
[7.988s] DEBUG:colcon.colcon_core.event_handler.log_command:Invoking command in '/home/iris/iris/iris_ws/build/iris': CMAKE_PREFIX_PATH=/opt/ros/humble /usr/bin/cmake --install /home/iris/iris/iris_ws/build/iris
[8.093s] Level 1:colcon.colcon_core.environment:create_environment_scripts_only(iris)
[8.100s] DEBUG:colcon.colcon_core.event_handler.log_command:Invoked command in '/home/iris/iris/iris_ws/build/iris' returned '0': CMAKE_PREFIX_PATH=/opt/ros/humble /usr/bin/cmake --install /home/iris/iris/iris_ws/build/iris
[8.207s] Level 1:colcon.colcon_core.environment:checking '/home/iris/iris/iris_ws/install/iris' for CMake module files
[8.210s] Level 1:colcon.colcon_core.environment:checking '/home/iris/iris/iris_ws/install/iris' for CMake config files
[8.212s] Level 1:colcon.colcon_core.shell:create_environment_hook('iris', 'cmake_prefix_path')
[8.284s] INFO:colcon.colcon_core.shell:Creating environment hook '/home/iris/iris/iris_ws/install/iris/share/iris/hook/cmake_prefix_path.ps1'
[8.287s] INFO:colcon.colcon_core.shell:Creating environment descriptor '/home/iris/iris/iris_ws/install/iris/share/iris/hook/cmake_prefix_path.dsv'
[8.289s] INFO:colcon.colcon_core.shell:Creating environment hook '/home/iris/iris/iris_ws/install/iris/share/iris/hook/cmake_prefix_path.sh'
[8.292s] Level 1:colcon.colcon_core.environment:checking '/home/iris/iris/iris_ws/install/iris/bin'
[8.293s] Level 1:colcon.colcon_core.environment:checking '/home/iris/iris/iris_ws/install/iris/lib/pkgconfig/iris.pc'
[8.294s] Level 1:colcon.colcon_core.environment:checking '/home/iris/iris/iris_ws/install/iris/lib/python3.10/site-packages'
[8.295s] Level 1:colcon.colcon_core.environment:checking '/home/iris/iris/iris_ws/install/iris/bin'
[8.372s] INFO:colcon.colcon_core.shell:Creating package script '/home/iris/iris/iris_ws/install/iris/share/iris/package.ps1'
[8.374s] INFO:colcon.colcon_core.shell:Creating package descriptor '/home/iris/iris/iris_ws/install/iris/share/iris/package.dsv'
[8.377s] INFO:colcon.colcon_core.shell:Creating package script '/home/iris/iris/iris_ws/install/iris/share/iris/package.sh'
[8.380s] INFO:colcon.colcon_core.shell:Creating package script '/home/iris/iris/iris_ws/install/iris/share/iris/package.bash'
[8.382s] INFO:colcon.colcon_core.shell:Creating package script '/home/iris/iris/iris_ws/install/iris/share/iris/package.zsh'
[8.385s] Level 1:colcon.colcon_core.environment:create_file_with_runtime_dependencies(/home/iris/iris/iris_ws/install/iris/share/colcon-core/packages/iris)
[8.395s] DEBUG:colcon.colcon_core.event_handler.log_command:Invoked command in '/home/iris/iris/iris_ws/build/micro_ros_msgs' returned '0': CMAKE_PREFIX_PATH=/opt/ros/humble /usr/bin/cmake --build /home/iris/iris/iris_ws/build/micro_ros_msgs -- -j4 -l4
[8.597s] Level 1:colcon.colcon_core.environment:create_environment_scripts_only(iris)
[8.685s] Level 1:colcon.colcon_core.environment:checking '/home/iris/iris/iris_ws/install/iris' for CMake module files
[8.689s] Level 1:colcon.colcon_core.environment:checking '/home/iris/iris/iris_ws/install/iris' for CMake config files
[8.692s] Level 1:colcon.colcon_core.shell:create_environment_hook('iris', 'cmake_prefix_path')
[8.782s] INFO:colcon.colcon_core.shell:Creating environment hook '/home/iris/iris/iris_ws/install/iris/share/iris/hook/cmake_prefix_path.ps1'
[8.786s] INFO:colcon.colcon_core.shell:Creating environment descriptor '/home/iris/iris/iris_ws/install/iris/share/iris/hook/cmake_prefix_path.dsv'
[8.790s] INFO:colcon.colcon_core.shell:Creating environment hook '/home/iris/iris/iris_ws/install/iris/share/iris/hook/cmake_prefix_path.sh'
[8.796s] Level 1:colcon.colcon_core.environment:checking '/home/iris/iris/iris_ws/install/iris/bin'
[8.796s] Level 1:colcon.colcon_core.environment:checking '/home/iris/iris/iris_ws/install/iris/lib/pkgconfig/iris.pc'
[8.798s] Level 1:colcon.colcon_core.environment:checking '/home/iris/iris/iris_ws/install/iris/lib/python3.10/site-packages'
[8.799s] Level 1:colcon.colcon_core.environment:checking '/home/iris/iris/iris_ws/install/iris/bin'
[8.890s] INFO:colcon.colcon_core.shell:Creating package script '/home/iris/iris/iris_ws/install/iris/share/iris/package.ps1'
[8.893s] INFO:colcon.colcon_core.shell:Creating package descriptor '/home/iris/iris/iris_ws/install/iris/share/iris/package.dsv'
[8.896s] INFO:colcon.colcon_core.shell:Creating package script '/home/iris/iris/iris_ws/install/iris/share/iris/package.sh'
[8.899s] INFO:colcon.colcon_core.shell:Creating package script '/home/iris/iris/iris_ws/install/iris/share/iris/package.bash'
[8.902s] INFO:colcon.colcon_core.shell:Creating package script '/home/iris/iris/iris_ws/install/iris/share/iris/package.zsh'
[8.905s] Level 1:colcon.colcon_core.environment:create_file_with_runtime_dependencies(/home/iris/iris/iris_ws/install/iris/share/colcon-core/packages/iris)
[8.950s] DEBUG:colcon.colcon_core.event_handler.log_command:Invoking command in '/home/iris/iris/iris_ws/build/micro_ros_msgs': CMAKE_PREFIX_PATH=/opt/ros/humble /usr/bin/cmake --install /home/iris/iris/iris_ws/build/micro_ros_msgs
[9.303s] Level 1:colcon.colcon_core.environment:create_environment_scripts_only(micro_ros_msgs)
[9.318s] DEBUG:colcon.colcon_core.event_handler.log_command:Invoked command in '/home/iris/iris/iris_ws/build/micro_ros_msgs' returned '0': CMAKE_PREFIX_PATH=/opt/ros/humble /usr/bin/cmake --install /home/iris/iris/iris_ws/build/micro_ros_msgs
[9.427s] Level 1:colcon.colcon_core.environment:checking '/home/iris/iris/iris_ws/install/micro_ros_msgs' for CMake module files
[9.432s] Level 1:colcon.colcon_core.environment:checking '/home/iris/iris/iris_ws/install/micro_ros_msgs' for CMake config files
[9.436s] Level 1:colcon.colcon_core.shell:create_environment_hook('micro_ros_msgs', 'cmake_prefix_path')
[9.507s] INFO:colcon.colcon_core.shell:Creating environment hook '/home/iris/iris/iris_ws/install/micro_ros_msgs/share/micro_ros_msgs/hook/cmake_prefix_path.ps1'
[9.509s] INFO:colcon.colcon_core.shell:Creating environment descriptor '/home/iris/iris/iris_ws/install/micro_ros_msgs/share/micro_ros_msgs/hook/cmake_prefix_path.dsv'
[9.512s] INFO:colcon.colcon_core.shell:Creating environment hook '/home/iris/iris/iris_ws/install/micro_ros_msgs/share/micro_ros_msgs/hook/cmake_prefix_path.sh'
[9.515s] Level 1:colcon.colcon_core.environment:checking '/home/iris/iris/iris_ws/install/micro_ros_msgs/lib'
[9.516s] Level 1:colcon.colcon_core.shell:create_environment_hook('micro_ros_msgs', 'ld_library_path_lib')
[9.592s] INFO:colcon.colcon_core.shell:Creating environment hook '/home/iris/iris/iris_ws/install/micro_ros_msgs/share/micro_ros_msgs/hook/ld_library_path_lib.ps1'
[9.594s] INFO:colcon.colcon_core.shell:Creating environment descriptor '/home/iris/iris/iris_ws/install/micro_ros_msgs/share/micro_ros_msgs/hook/ld_library_path_lib.dsv'
[9.597s] INFO:colcon.colcon_core.shell:Creating environment hook '/home/iris/iris/iris_ws/install/micro_ros_msgs/share/micro_ros_msgs/hook/ld_library_path_lib.sh'
[9.599s] Level 1:colcon.colcon_core.environment:checking '/home/iris/iris/iris_ws/install/micro_ros_msgs/bin'
[9.600s] Level 1:colcon.colcon_core.environment:checking '/home/iris/iris/iris_ws/install/micro_ros_msgs/lib/pkgconfig/micro_ros_msgs.pc'
[9.601s] Level 1:colcon.colcon_core.environment:checking '/home/iris/iris/iris_ws/install/micro_ros_msgs/lib/python3.10/site-packages'
[9.602s] Level 1:colcon.colcon_core.environment:checking '/home/iris/iris/iris_ws/install/micro_ros_msgs/bin'
[9.677s] INFO:colcon.colcon_core.shell:Creating package script '/home/iris/iris/iris_ws/install/micro_ros_msgs/share/micro_ros_msgs/package.ps1'
[9.680s] INFO:colcon.colcon_core.shell:Creating package descriptor '/home/iris/iris/iris_ws/install/micro_ros_msgs/share/micro_ros_msgs/package.dsv'
[9.683s] INFO:colcon.colcon_core.shell:Creating package script '/home/iris/iris/iris_ws/install/micro_ros_msgs/share/micro_ros_msgs/package.sh'
[9.685s] INFO:colcon.colcon_core.shell:Creating package script '/home/iris/iris/iris_ws/install/micro_ros_msgs/share/micro_ros_msgs/package.bash'
[9.688s] INFO:colcon.colcon_core.shell:Creating package script '/home/iris/iris/iris_ws/install/micro_ros_msgs/share/micro_ros_msgs/package.zsh'
[9.690s] Level 1:colcon.colcon_core.environment:create_file_with_runtime_dependencies(/home/iris/iris/iris_ws/install/micro_ros_msgs/share/colcon-core/packages/micro_ros_msgs)
[10.275s] Level 1:colcon.colcon_core.environment:create_environment_scripts_only(micro_ros_msgs)
[10.344s] Level 1:colcon.colcon_core.environment:checking '/home/iris/iris/iris_ws/install/micro_ros_msgs' for CMake module files
[10.349s] Level 1:colcon.colcon_core.environment:checking '/home/iris/iris/iris_ws/install/micro_ros_msgs' for CMake config files
[10.353s] Level 1:colcon.colcon_core.shell:create_environment_hook('micro_ros_msgs', 'cmake_prefix_path')
[10.435s] INFO:colcon.colcon_core.shell:Creating environment hook '/home/iris/iris/iris_ws/install/micro_ros_msgs/share/micro_ros_msgs/hook/cmake_prefix_path.ps1'
[10.437s] INFO:colcon.colcon_core.shell:Creating environment descriptor '/home/iris/iris/iris_ws/install/micro_ros_msgs/share/micro_ros_msgs/hook/cmake_prefix_path.dsv'
[10.439s] INFO:colcon.colcon_core.shell:Creating environment hook '/home/iris/iris/iris_ws/install/micro_ros_msgs/share/micro_ros_msgs/hook/cmake_prefix_path.sh'
[10.442s] Level 1:colcon.colcon_core.environment:checking '/home/iris/iris/iris_ws/install/micro_ros_msgs/lib'
[10.443s] Level 1:colcon.colcon_core.shell:create_environment_hook('micro_ros_msgs', 'ld_library_path_lib')
[10.517s] INFO:colcon.colcon_core.shell:Creating environment hook '/home/iris/iris/iris_ws/install/micro_ros_msgs/share/micro_ros_msgs/hook/ld_library_path_lib.ps1'
[10.520s] INFO:colcon.colcon_core.shell:Creating environment descriptor '/home/iris/iris/iris_ws/install/micro_ros_msgs/share/micro_ros_msgs/hook/ld_library_path_lib.dsv'
[10.522s] INFO:colcon.colcon_core.shell:Creating environment hook '/home/iris/iris/iris_ws/install/micro_ros_msgs/share/micro_ros_msgs/hook/ld_library_path_lib.sh'
[10.524s] Level 1:colcon.colcon_core.environment:checking '/home/iris/iris/iris_ws/install/micro_ros_msgs/bin'
[10.525s] Level 1:colcon.colcon_core.environment:checking '/home/iris/iris/iris_ws/install/micro_ros_msgs/lib/pkgconfig/micro_ros_msgs.pc'
[10.526s] Level 1:colcon.colcon_core.environment:checking '/home/iris/iris/iris_ws/install/micro_ros_msgs/lib/python3.10/site-packages'
[10.527s] Level 1:colcon.colcon_core.environment:checking '/home/iris/iris/iris_ws/install/micro_ros_msgs/bin'
[10.601s] INFO:colcon.colcon_core.shell:Creating package script '/home/iris/iris/iris_ws/install/micro_ros_msgs/share/micro_ros_msgs/package.ps1'
[10.604s] INFO:colcon.colcon_core.shell:Creating package descriptor '/home/iris/iris/iris_ws/install/micro_ros_msgs/share/micro_ros_msgs/package.dsv'
[10.607s] INFO:colcon.colcon_core.shell:Creating package script '/home/iris/iris/iris_ws/install/micro_ros_msgs/share/micro_ros_msgs/package.sh'
[10.610s] INFO:colcon.colcon_core.shell:Creating package script '/home/iris/iris/iris_ws/install/micro_ros_msgs/share/micro_ros_msgs/package.bash'
[10.612s] INFO:colcon.colcon_core.shell:Creating package script '/home/iris/iris/iris_ws/install/micro_ros_msgs/share/micro_ros_msgs/package.zsh'
[10.615s] Level 1:colcon.colcon_core.environment:create_file_with_runtime_dependencies(/home/iris/iris/iris_ws/install/micro_ros_msgs/share/colcon-core/packages/micro_ros_msgs)
[10.617s] INFO:colcon.colcon_ros.task.ament_cmake.build:Building ROS package in '/home/iris/iris/iris_ws/src/uros/micro-ROS-Agent/micro_ros_agent' with build type 'ament_cmake'
[10.617s] INFO:colcon.colcon_cmake.task.cmake.build:Building CMake package in '/home/iris/iris/iris_ws/src/uros/micro-ROS-Agent/micro_ros_agent'
[10.695s] INFO:colcon.colcon_core.shell:Skip shell extension 'powershell' for command environment: Not usable outside of PowerShell
[10.695s] DEBUG:colcon.colcon_core.shell:Skip shell extension 'dsv' for command environment
[10.893s] DEBUG:colcon.colcon_core.event_handler.log_command:Invoking command in '/home/iris/iris/iris_ws/build/micro_ros_agent': AMENT_PREFIX_PATH=/home/iris/iris/iris_ws/install/micro_ros_msgs:${AMENT_PREFIX_PATH} CMAKE_PREFIX_PATH=/home/iris/iris/iris_ws/install/micro_ros_msgs:/opt/ros/humble LD_LIBRARY_PATH=/home/iris/iris/iris_ws/install/micro_ros_msgs/lib:${LD_LIBRARY_PATH} PYTHONPATH=/home/iris/iris/iris_ws/install/micro_ros_msgs/local/lib/python3.10/dist-packages:${PYTHONPATH} /usr/bin/cmake --build /home/iris/iris/iris_ws/build/micro_ros_agent -- -j4 -l4
[11.230s] DEBUG:colcon.colcon_core.event_handler.log_command:Invoked command in '/home/iris/iris/iris_ws/build/micro_ros_agent' returned '0': AMENT_PREFIX_PATH=/home/iris/iris/iris_ws/install/micro_ros_msgs:${AMENT_PREFIX_PATH} CMAKE_PREFIX_PATH=/home/iris/iris/iris_ws/install/micro_ros_msgs:/opt/ros/humble LD_LIBRARY_PATH=/home/iris/iris/iris_ws/install/micro_ros_msgs/lib:${LD_LIBRARY_PATH} PYTHONPATH=/home/iris/iris/iris_ws/install/micro_ros_msgs/local/lib/python3.10/dist-packages:${PYTHONPATH} /usr/bin/cmake --build /home/iris/iris/iris_ws/build/micro_ros_agent -- -j4 -l4
[11.405s] DEBUG:colcon.colcon_core.event_handler.log_command:Invoking command in '/home/iris/iris/iris_ws/build/micro_ros_agent': AMENT_PREFIX_PATH=/home/iris/iris/iris_ws/install/micro_ros_msgs:${AMENT_PREFIX_PATH} CMAKE_PREFIX_PATH=/home/iris/iris/iris_ws/install/micro_ros_msgs:/opt/ros/humble LD_LIBRARY_PATH=/home/iris/iris/iris_ws/install/micro_ros_msgs/lib:${LD_LIBRARY_PATH} PYTHONPATH=/home/iris/iris/iris_ws/install/micro_ros_msgs/local/lib/python3.10/dist-packages:${PYTHONPATH} /usr/bin/cmake --install /home/iris/iris/iris_ws/build/micro_ros_agent
[11.454s] Level 1:colcon.colcon_core.environment:create_environment_scripts_only(micro_ros_agent)
[11.473s] DEBUG:colcon.colcon_core.event_handler.log_command:Invoked command in '/home/iris/iris/iris_ws/build/micro_ros_agent' returned '0': AMENT_PREFIX_PATH=/home/iris/iris/iris_ws/install/micro_ros_msgs:${AMENT_PREFIX_PATH} CMAKE_PREFIX_PATH=/home/iris/iris/iris_ws/install/micro_ros_msgs:/opt/ros/humble LD_LIBRARY_PATH=/home/iris/iris/iris_ws/install/micro_ros_msgs/lib:${LD_LIBRARY_PATH} PYTHONPATH=/home/iris/iris/iris_ws/install/micro_ros_msgs/local/lib/python3.10/dist-packages:${PYTHONPATH} /usr/bin/cmake --install /home/iris/iris/iris_ws/build/micro_ros_agent
[11.540s] Level 1:colcon.colcon_core.environment:checking '/home/iris/iris/iris_ws/install/micro_ros_agent' for CMake module files
[11.544s] Level 1:colcon.colcon_core.environment:checking '/home/iris/iris/iris_ws/install/micro_ros_agent' for CMake config files
[11.546s] Level 1:colcon.colcon_core.shell:create_environment_hook('micro_ros_agent', 'cmake_prefix_path')
[11.674s] INFO:colcon.colcon_core.shell:Creating environment hook '/home/iris/iris/iris_ws/install/micro_ros_agent/share/micro_ros_agent/hook/cmake_prefix_path.ps1'
[11.677s] INFO:colcon.colcon_core.shell:Creating environment descriptor '/home/iris/iris/iris_ws/install/micro_ros_agent/share/micro_ros_agent/hook/cmake_prefix_path.dsv'
[11.680s] INFO:colcon.colcon_core.shell:Creating environment hook '/home/iris/iris/iris_ws/install/micro_ros_agent/share/micro_ros_agent/hook/cmake_prefix_path.sh'
[11.685s] Level 1:colcon.colcon_core.environment:checking '/home/iris/iris/iris_ws/install/micro_ros_agent/lib'
[11.686s] Level 1:colcon.colcon_core.shell:create_environment_hook('micro_ros_agent', 'ld_library_path_lib')
[11.771s] INFO:colcon.colcon_core.shell:Creating environment hook '/home/iris/iris/iris_ws/install/micro_ros_agent/share/micro_ros_agent/hook/ld_library_path_lib.ps1'
[11.773s] INFO:colcon.colcon_core.shell:Creating environment descriptor '/home/iris/iris/iris_ws/install/micro_ros_agent/share/micro_ros_agent/hook/ld_library_path_lib.dsv'
[11.775s] INFO:colcon.colcon_core.shell:Creating environment hook '/home/iris/iris/iris_ws/install/micro_ros_agent/share/micro_ros_agent/hook/ld_library_path_lib.sh'
[11.777s] Level 1:colcon.colcon_core.environment:checking '/home/iris/iris/iris_ws/install/micro_ros_agent/bin'
[11.778s] Level 1:colcon.colcon_core.environment:checking '/home/iris/iris/iris_ws/install/micro_ros_agent/lib/pkgconfig/micro_ros_agent.pc'
[11.779s] Level 1:colcon.colcon_core.environment:checking '/home/iris/iris/iris_ws/install/micro_ros_agent/lib/python3.10/site-packages'
[11.780s] Level 1:colcon.colcon_core.environment:checking '/home/iris/iris/iris_ws/install/micro_ros_agent/bin'
[11.858s] INFO:colcon.colcon_core.shell:Creating package script '/home/iris/iris/iris_ws/install/micro_ros_agent/share/micro_ros_agent/package.ps1'
[11.860s] INFO:colcon.colcon_core.shell:Creating package descriptor '/home/iris/iris/iris_ws/install/micro_ros_agent/share/micro_ros_agent/package.dsv'
[11.863s] INFO:colcon.colcon_core.shell:Creating package script '/home/iris/iris/iris_ws/install/micro_ros_agent/share/micro_ros_agent/package.sh'
[11.865s] INFO:colcon.colcon_core.shell:Creating package script '/home/iris/iris/iris_ws/install/micro_ros_agent/share/micro_ros_agent/package.bash'
[11.868s] INFO:colcon.colcon_core.shell:Creating package script '/home/iris/iris/iris_ws/install/micro_ros_agent/share/micro_ros_agent/package.zsh'
[11.870s] Level 1:colcon.colcon_core.environment:create_file_with_runtime_dependencies(/home/iris/iris/iris_ws/install/micro_ros_agent/share/colcon-core/packages/micro_ros_agent)
[12.123s] Level 1:colcon.colcon_core.environment:create_environment_scripts_only(micro_ros_agent)
[12.199s] Level 1:colcon.colcon_core.environment:checking '/home/iris/iris/iris_ws/install/micro_ros_agent' for CMake module files
[12.202s] Level 1:colcon.colcon_core.environment:checking '/home/iris/iris/iris_ws/install/micro_ros_agent' for CMake config files
[12.205s] Level 1:colcon.colcon_core.shell:create_environment_hook('micro_ros_agent', 'cmake_prefix_path')
[12.276s] INFO:colcon.colcon_core.shell:Creating environment hook '/home/iris/iris/iris_ws/install/micro_ros_agent/share/micro_ros_agent/hook/cmake_prefix_path.ps1'
[12.279s] INFO:colcon.colcon_core.shell:Creating environment descriptor '/home/iris/iris/iris_ws/install/micro_ros_agent/share/micro_ros_agent/hook/cmake_prefix_path.dsv'
[12.281s] INFO:colcon.colcon_core.shell:Creating environment hook '/home/iris/iris/iris_ws/install/micro_ros_agent/share/micro_ros_agent/hook/cmake_prefix_path.sh'
[12.285s] Level 1:colcon.colcon_core.environment:checking '/home/iris/iris/iris_ws/install/micro_ros_agent/lib'
[12.285s] Level 1:colcon.colcon_core.shell:create_environment_hook('micro_ros_agent', 'ld_library_path_lib')
[12.357s] INFO:colcon.colcon_core.shell:Creating environment hook '/home/iris/iris/iris_ws/install/micro_ros_agent/share/micro_ros_agent/hook/ld_library_path_lib.ps1'
[12.360s] INFO:colcon.colcon_core.shell:Creating environment descriptor '/home/iris/iris/iris_ws/install/micro_ros_agent/share/micro_ros_agent/hook/ld_library_path_lib.dsv'
[12.362s] INFO:colcon.colcon_core.shell:Creating environment hook '/home/iris/iris/iris_ws/install/micro_ros_agent/share/micro_ros_agent/hook/ld_library_path_lib.sh'
[12.364s] Level 1:colcon.colcon_core.environment:checking '/home/iris/iris/iris_ws/install/micro_ros_agent/bin'
[12.365s] Level 1:colcon.colcon_core.environment:checking '/home/iris/iris/iris_ws/install/micro_ros_agent/lib/pkgconfig/micro_ros_agent.pc'
[12.366s] Level 1:colcon.colcon_core.environment:checking '/home/iris/iris/iris_ws/install/micro_ros_agent/lib/python3.10/site-packages'
[12.367s] Level 1:colcon.colcon_core.environment:checking '/home/iris/iris/iris_ws/install/micro_ros_agent/bin'
[12.441s] INFO:colcon.colcon_core.shell:Creating package script '/home/iris/iris/iris_ws/install/micro_ros_agent/share/micro_ros_agent/package.ps1'
[12.444s] INFO:colcon.colcon_core.shell:Creating package descriptor '/home/iris/iris/iris_ws/install/micro_ros_agent/share/micro_ros_agent/package.dsv'
[12.447s] INFO:colcon.colcon_core.shell:Creating package script '/home/iris/iris/iris_ws/install/micro_ros_agent/share/micro_ros_agent/package.sh'
[12.450s] INFO:colcon.colcon_core.shell:Creating package script '/home/iris/iris/iris_ws/install/micro_ros_agent/share/micro_ros_agent/package.bash'
[12.453s] INFO:colcon.colcon_core.shell:Creating package script '/home/iris/iris/iris_ws/install/micro_ros_agent/share/micro_ros_agent/package.zsh'
[12.455s] Level 1:colcon.colcon_core.environment:create_file_with_runtime_dependencies(/home/iris/iris/iris_ws/install/micro_ros_agent/share/colcon-core/packages/micro_ros_agent)
[12.457s] DEBUG:colcon.colcon_parallel_executor.executor.parallel:closing loop
[12.459s] DEBUG:colcon.colcon_parallel_executor.executor.parallel:loop closed
[12.460s] DEBUG:colcon.colcon_parallel_executor.executor.parallel:run_until_complete finished with '0'
[12.461s] DEBUG:colcon.colcon_core.event_reactor:joining thread
[12.558s] INFO:colcon.colcon_core.plugin_system:Skipping extension 'colcon_notification.desktop_notification.terminal_notifier': Not used on non-Darwin systems
[12.558s] INFO:colcon.colcon_core.plugin_system:Skipping extension 'colcon_notification.desktop_notification.win32': Not used on non-Windows systems
[12.559s] INFO:colcon.colcon_notification.desktop_notification:Sending desktop notification using 'notify2'
[12.605s] DEBUG:colcon.colcon_core.event_reactor:joined thread
[12.677s] INFO:colcon.colcon_core.shell:Creating prefix script '/home/iris/iris/iris_ws/install/local_setup.ps1'
[12.681s] INFO:colcon.colcon_core.shell:Creating prefix util module '/home/iris/iris/iris_ws/install/_local_setup_util_ps1.py'
[12.687s] INFO:colcon.colcon_core.shell:Creating prefix chain script '/home/iris/iris/iris_ws/install/setup.ps1'
[12.761s] INFO:colcon.colcon_core.shell:Creating prefix script '/home/iris/iris/iris_ws/install/local_setup.sh'
[12.764s] INFO:colcon.colcon_core.shell:Creating prefix util module '/home/iris/iris/iris_ws/install/_local_setup_util_sh.py'
[12.767s] INFO:colcon.colcon_core.shell:Creating prefix chain script '/home/iris/iris/iris_ws/install/setup.sh'
[12.849s] INFO:colcon.colcon_core.shell:Creating prefix script '/home/iris/iris/iris_ws/install/local_setup.bash'
[12.852s] INFO:colcon.colcon_core.shell:Creating prefix chain script '/home/iris/iris/iris_ws/install/setup.bash'
[12.931s] INFO:colcon.colcon_core.shell:Creating prefix script '/home/iris/iris/iris_ws/install/local_setup.zsh'
[12.934s] INFO:colcon.colcon_core.shell:Creating prefix chain script '/home/iris/iris/iris_ws/install/setup.zsh'
