[0.950s] Invoking command in '/home/iris/iris/iris_ws/build/odrive_hardware_interface': CMAKE_PREFIX_PATH=${CMAKE_PREFIX_PATH}:/home/iris/iris/iris_ws/install/iris_vision:/opt/ros/humble /usr/bin/cmake --build /home/iris/iris/iris_ws/build/odrive_hardware_interface -- -j4 -l4
[2.400s] [ 50%] Built target odrive_usb
[2.402s] [100%] Built target odrive_hardware_interface
[2.428s] Invoked command in '/home/iris/iris/iris_ws/build/odrive_hardware_interface' returned '0': CMAKE_PREFIX_PATH=${CMAKE_PREFIX_PATH}:/home/iris/iris/iris_ws/install/iris_vision:/opt/ros/humble /usr/bin/cmake --build /home/iris/iris/iris_ws/build/odrive_hardware_interface -- -j4 -l4
[2.611s] Invoking command in '/home/iris/iris/iris_ws/build/odrive_hardware_interface': CMAKE_PREFIX_PATH=${CMAKE_PREFIX_PATH}:/home/iris/iris/iris_ws/install/iris_vision:/opt/ros/humble /usr/bin/cmake --install /home/iris/iris/iris_ws/build/odrive_hardware_interface
[2.660s] -- Install configuration: ""
[2.663s] -- Execute custom install script
[2.666s] -- Up-to-date symlink: /home/iris/iris/iris_ws/install/odrive_hardware_interface/share/odrive_hardware_interface//odrive_hardware_interface.xml
[2.670s] -- Up-to-date symlink: /home/iris/iris/iris_ws/install/odrive_hardware_interface/include/odrive_hardware_interface/odrive_endpoints.hpp
[2.673s] -- Up-to-date symlink: /home/iris/iris/iris_ws/install/odrive_hardware_interface/include/odrive_hardware_interface/odrive_hardware_interface.hpp
[2.674s] -- Up-to-date symlink: /home/iris/iris/iris_ws/install/odrive_hardware_interface/include/odrive_hardware_interface/odrive_usb.hpp
[2.675s] -- Up-to-date symlink: /home/iris/iris/iris_ws/install/odrive_hardware_interface/include/odrive_hardware_interface/visibility_control.hpp
[2.676s] -- Up-to-date symlink: /home/iris/iris/iris_ws/install/odrive_hardware_interface/share/odrive_hardware_interface/environment/library_path.sh
[2.678s] -- Up-to-date symlink: /home/iris/iris/iris_ws/install/odrive_hardware_interface/share/odrive_hardware_interface/environment/library_path.dsv
[2.679s] -- Up-to-date symlink: /home/iris/iris/iris_ws/install/odrive_hardware_interface/lib/libodrive_usb.so
[2.680s] -- Up-to-date symlink: /home/iris/iris/iris_ws/install/odrive_hardware_interface/lib/libodrive_hardware_interface.so
[2.684s] -- Up-to-date symlink: /home/iris/iris/iris_ws/install/odrive_hardware_interface/share/ament_index/resource_index/package_run_dependencies/odrive_hardware_interface
[2.685s] -- Up-to-date symlink: /home/iris/iris/iris_ws/install/odrive_hardware_interface/share/ament_index/resource_index/parent_prefix_path/odrive_hardware_interface
[2.686s] -- Up-to-date symlink: /home/iris/iris/iris_ws/install/odrive_hardware_interface/share/odrive_hardware_interface/environment/ament_prefix_path.sh
[2.687s] -- Up-to-date symlink: /home/iris/iris/iris_ws/install/odrive_hardware_interface/share/odrive_hardware_interface/environment/ament_prefix_path.dsv
[2.689s] -- Up-to-date symlink: /home/iris/iris/iris_ws/install/odrive_hardware_interface/share/odrive_hardware_interface/environment/path.sh
[2.690s] -- Up-to-date symlink: /home/iris/iris/iris_ws/install/odrive_hardware_interface/share/odrive_hardware_interface/environment/path.dsv
[2.691s] -- Up-to-date symlink: /home/iris/iris/iris_ws/install/odrive_hardware_interface/share/odrive_hardware_interface/local_setup.bash
[2.692s] -- Up-to-date symlink: /home/iris/iris/iris_ws/install/odrive_hardware_interface/share/odrive_hardware_interface/local_setup.sh
[2.694s] -- Up-to-date symlink: /home/iris/iris/iris_ws/install/odrive_hardware_interface/share/odrive_hardware_interface/local_setup.zsh
[2.696s] -- Up-to-date symlink: /home/iris/iris/iris_ws/install/odrive_hardware_interface/share/odrive_hardware_interface/local_setup.dsv
[2.698s] -- Symlinking: /home/iris/iris/iris_ws/install/odrive_hardware_interface/share/odrive_hardware_interface/package.dsv
[2.742s] -- Up-to-date symlink: /home/iris/iris/iris_ws/install/odrive_hardware_interface/share/ament_index/resource_index/packages/odrive_hardware_interface
[2.743s] -- Up-to-date symlink: /home/iris/iris/iris_ws/install/odrive_hardware_interface/share/ament_index/resource_index/hardware_interface__pluginlib__plugin/odrive_hardware_interface
[2.750s] -- Up-to-date symlink: /home/iris/iris/iris_ws/install/odrive_hardware_interface/share/odrive_hardware_interface/cmake/ament_cmake_export_dependencies-extras.cmake
[2.760s] -- Up-to-date symlink: /home/iris/iris/iris_ws/install/odrive_hardware_interface/share/odrive_hardware_interface/cmake/ament_cmake_export_include_directories-extras.cmake
[2.774s] -- Up-to-date symlink: /home/iris/iris/iris_ws/install/odrive_hardware_interface/share/odrive_hardware_interface/cmake/ament_cmake_export_libraries-extras.cmake
[2.777s] -- Up-to-date symlink: /home/iris/iris/iris_ws/install/odrive_hardware_interface/share/odrive_hardware_interface/cmake/odrive_hardware_interfaceConfig.cmake
[2.778s] -- Up-to-date symlink: /home/iris/iris/iris_ws/install/odrive_hardware_interface/share/odrive_hardware_interface/cmake/odrive_hardware_interfaceConfig-version.cmake
[2.779s] -- Up-to-date symlink: /home/iris/iris/iris_ws/install/odrive_hardware_interface/share/odrive_hardware_interface/package.xml
[3.119s] Invoked command in '/home/iris/iris/iris_ws/build/odrive_hardware_interface' returned '0': CMAKE_PREFIX_PATH=${CMAKE_PREFIX_PATH}:/home/iris/iris/iris_ws/install/iris_vision:/opt/ros/humble /usr/bin/cmake --install /home/iris/iris/iris_ws/build/odrive_hardware_interface
