[0.455s] Invoking command in '/home/iris/iris/iris_ws/build/sllidar_ros2': CMAKE_PREFIX_PATH=${CMAKE_PREFIX_PATH}:/home/iris/iris/iris_ws/install/iris_vision:/opt/ros/humble /usr/bin/cmake --build /home/iris/iris/iris_ws/build/sllidar_ros2 -- -j4 -l4
[0.872s] [ 90%] Built target sllidar_node
[0.887s] [100%] Built target sllidar_client
[0.958s] Invoked command in '/home/iris/iris/iris_ws/build/sllidar_ros2' returned '0': CMAKE_PREFIX_PATH=${CMAKE_PREFIX_PATH}:/home/iris/iris/iris_ws/install/iris_vision:/opt/ros/humble /usr/bin/cmake --build /home/iris/iris/iris_ws/build/sllidar_ros2 -- -j4 -l4
[1.681s] Invoking command in '/home/iris/iris/iris_ws/build/sllidar_ros2': CMAKE_PREFIX_PATH=${CMAKE_PREFIX_PATH}:/home/iris/iris/iris_ws/install/iris_vision:/opt/ros/humble /usr/bin/cmake --install /home/iris/iris/iris_ws/build/sllidar_ros2
[1.718s] -- Install configuration: ""
[1.721s] -- Execute custom install script
[1.727s] -- Up-to-date symlink: /home/iris/iris/iris_ws/install/sllidar_ros2/share/sllidar_ros2/launch/sllidar_a1_launch.py
[1.732s] -- Up-to-date symlink: /home/iris/iris/iris_ws/install/sllidar_ros2/share/sllidar_ros2/launch/sllidar_a2m12_launch .py
[1.735s] -- Up-to-date symlink: /home/iris/iris/iris_ws/install/sllidar_ros2/share/sllidar_ros2/launch/sllidar_a2m7_launch.py
[1.737s] -- Up-to-date symlink: /home/iris/iris/iris_ws/install/sllidar_ros2/share/sllidar_ros2/launch/sllidar_a2m8_launch.py
[1.740s] -- Up-to-date symlink: /home/iris/iris/iris_ws/install/sllidar_ros2/share/sllidar_ros2/launch/sllidar_a3_launch.py
[1.742s] -- Up-to-date symlink: /home/iris/iris/iris_ws/install/sllidar_ros2/share/sllidar_ros2/launch/sllidar_c1_launch.py
[1.745s] -- Up-to-date symlink: /home/iris/iris/iris_ws/install/sllidar_ros2/share/sllidar_ros2/launch/sllidar_s1_launch.py
[1.747s] -- Up-to-date symlink: /home/iris/iris/iris_ws/install/sllidar_ros2/share/sllidar_ros2/launch/sllidar_s1_tcp_launch.py
[1.750s] -- Up-to-date symlink: /home/iris/iris/iris_ws/install/sllidar_ros2/share/sllidar_ros2/launch/sllidar_s2_launch.py
[1.752s] -- Up-to-date symlink: /home/iris/iris/iris_ws/install/sllidar_ros2/share/sllidar_ros2/launch/sllidar_s2e_launch.py
[1.754s] -- Up-to-date symlink: /home/iris/iris/iris_ws/install/sllidar_ros2/share/sllidar_ros2/launch/sllidar_s3_launch.py
[1.757s] -- Up-to-date symlink: /home/iris/iris/iris_ws/install/sllidar_ros2/share/sllidar_ros2/launch/sllidar_t1_launch.py
[1.759s] -- Up-to-date symlink: /home/iris/iris/iris_ws/install/sllidar_ros2/share/sllidar_ros2/launch/view_sllidar_a1_launch.py
[1.762s] -- Up-to-date symlink: /home/iris/iris/iris_ws/install/sllidar_ros2/share/sllidar_ros2/launch/view_sllidar_a2m12_launch.py
[1.764s] -- Up-to-date symlink: /home/iris/iris/iris_ws/install/sllidar_ros2/share/sllidar_ros2/launch/view_sllidar_a2m7_launch.py
[1.766s] -- Up-to-date symlink: /home/iris/iris/iris_ws/install/sllidar_ros2/share/sllidar_ros2/launch/view_sllidar_a2m8_launch.py
[1.769s] -- Up-to-date symlink: /home/iris/iris/iris_ws/install/sllidar_ros2/share/sllidar_ros2/launch/view_sllidar_a3_launch.py
[1.771s] -- Up-to-date symlink: /home/iris/iris/iris_ws/install/sllidar_ros2/share/sllidar_ros2/launch/view_sllidar_c1_launch.py
[1.773s] -- Up-to-date symlink: /home/iris/iris/iris_ws/install/sllidar_ros2/share/sllidar_ros2/launch/view_sllidar_s1_launch.py
[1.776s] -- Up-to-date symlink: /home/iris/iris/iris_ws/install/sllidar_ros2/share/sllidar_ros2/launch/view_sllidar_s1_tcp_launch.py
[1.778s] -- Up-to-date symlink: /home/iris/iris/iris_ws/install/sllidar_ros2/share/sllidar_ros2/launch/view_sllidar_s2_launch.py
[1.780s] -- Up-to-date symlink: /home/iris/iris/iris_ws/install/sllidar_ros2/share/sllidar_ros2/launch/view_sllidar_s2e_launch.py
[1.783s] -- Up-to-date symlink: /home/iris/iris/iris_ws/install/sllidar_ros2/share/sllidar_ros2/launch/view_sllidar_s3_launch.py
[1.785s] -- Up-to-date symlink: /home/iris/iris/iris_ws/install/sllidar_ros2/share/sllidar_ros2/launch/view_sllidar_t1_launch.py
[1.788s] -- Up-to-date symlink: /home/iris/iris/iris_ws/install/sllidar_ros2/share/sllidar_ros2/rviz/sllidar_ros2.rviz
[1.792s] -- Up-to-date symlink: /home/iris/iris/iris_ws/install/sllidar_ros2/lib/sllidar_ros2/sllidar_node
[1.794s] -- Up-to-date symlink: /home/iris/iris/iris_ws/install/sllidar_ros2/lib/sllidar_ros2/sllidar_client
[1.797s] -- Up-to-date symlink: /home/iris/iris/iris_ws/install/sllidar_ros2/share/ament_index/resource_index/package_run_dependencies/sllidar_ros2
[1.800s] -- Up-to-date symlink: /home/iris/iris/iris_ws/install/sllidar_ros2/share/ament_index/resource_index/parent_prefix_path/sllidar_ros2
[1.803s] -- Up-to-date symlink: /home/iris/iris/iris_ws/install/sllidar_ros2/share/sllidar_ros2/environment/ament_prefix_path.sh
[1.806s] -- Up-to-date symlink: /home/iris/iris/iris_ws/install/sllidar_ros2/share/sllidar_ros2/environment/ament_prefix_path.dsv
[1.809s] -- Up-to-date symlink: /home/iris/iris/iris_ws/install/sllidar_ros2/share/sllidar_ros2/environment/path.sh
[1.811s] -- Up-to-date symlink: /home/iris/iris/iris_ws/install/sllidar_ros2/share/sllidar_ros2/environment/path.dsv
[1.814s] -- Up-to-date symlink: /home/iris/iris/iris_ws/install/sllidar_ros2/share/sllidar_ros2/local_setup.bash
[1.817s] -- Up-to-date symlink: /home/iris/iris/iris_ws/install/sllidar_ros2/share/sllidar_ros2/local_setup.sh
[1.820s] -- Up-to-date symlink: /home/iris/iris/iris_ws/install/sllidar_ros2/share/sllidar_ros2/local_setup.zsh
[1.824s] -- Up-to-date symlink: /home/iris/iris/iris_ws/install/sllidar_ros2/share/sllidar_ros2/local_setup.dsv
[1.826s] -- Symlinking: /home/iris/iris/iris_ws/install/sllidar_ros2/share/sllidar_ros2/package.dsv
[1.869s] -- Up-to-date symlink: /home/iris/iris/iris_ws/install/sllidar_ros2/share/ament_index/resource_index/packages/sllidar_ros2
[1.874s] -- Up-to-date symlink: /home/iris/iris/iris_ws/install/sllidar_ros2/share/sllidar_ros2/cmake/ament_cmake_export_dependencies-extras.cmake
[1.880s] -- Up-to-date symlink: /home/iris/iris/iris_ws/install/sllidar_ros2/share/sllidar_ros2/cmake/ament_cmake_export_include_directories-extras.cmake
[1.885s] -- Up-to-date symlink: /home/iris/iris/iris_ws/install/sllidar_ros2/share/sllidar_ros2/cmake/sllidar_ros2Config.cmake
[1.890s] -- Up-to-date symlink: /home/iris/iris/iris_ws/install/sllidar_ros2/share/sllidar_ros2/cmake/sllidar_ros2Config-version.cmake
[1.900s] -- Up-to-date symlink: /home/iris/iris/iris_ws/install/sllidar_ros2/share/sllidar_ros2/package.xml
[2.307s] Invoked command in '/home/iris/iris/iris_ws/build/sllidar_ros2' returned '0': CMAKE_PREFIX_PATH=${CMAKE_PREFIX_PATH}:/home/iris/iris/iris_ws/install/iris_vision:/opt/ros/humble /usr/bin/cmake --install /home/iris/iris/iris_ws/build/sllidar_ros2
