[4.058s] Invoking command in '/home/iris/iris/iris_ws/build/iris_vision': PYTHONPATH=/home/iris/iris/iris_ws/build/iris_vision/prefix_override:/home/iris/iris/iris_ws/install/iris_vision/lib/python3.10/site-packages:${PYTHONPATH} /usr/bin/python3 setup.py develop --editable --build-directory /home/iris/iris/iris_ws/build/iris_vision/build --no-deps install_data
[5.120s] running develop
[5.122s] /usr/lib/python3/dist-packages/setuptools/command/easy_install.py:158: EasyInstallDeprecationWarning: easy_install command is deprecated. Use build and pip and other standards-based tools.
[5.122s]   warnings.warn(
[5.126s] /usr/lib/python3/dist-packages/setuptools/command/install.py:34: SetuptoolsDeprecationWarning: setup.py install is deprecated. Use build and pip and other standards-based tools.
[5.127s]   warnings.warn(
[5.818s] running egg_info
[5.818s] writing iris_vision.egg-info/PKG-INFO
[5.820s] writing dependency_links to iris_vision.egg-info/dependency_links.txt
[5.820s] writing entry points to iris_vision.egg-info/entry_points.txt
[5.825s] writing requirements to iris_vision.egg-info/requires.txt
[5.826s] writing top-level names to iris_vision.egg-info/top_level.txt
[5.830s] reading manifest file 'iris_vision.egg-info/SOURCES.txt'
[5.834s] writing manifest file 'iris_vision.egg-info/SOURCES.txt'
[5.840s] running build_ext
[5.841s] Creating /home/iris/iris/iris_ws/install/iris_vision/lib/python3.10/site-packages/iris-vision.egg-link (link to .)
[5.845s] Installing DSLR_handler script to /home/iris/iris/iris_ws/install/iris_vision/lib/iris_vision
[5.845s] Installing talker script to /home/iris/iris/iris_ws/install/iris_vision/lib/iris_vision
[5.847s] 
[5.848s] Installed /home/iris/iris/iris_ws/build/iris_vision
[5.849s] running install_data
[5.985s] Invoked command in '/home/iris/iris/iris_ws/build/iris_vision' returned '0': PYTHONPATH=/home/iris/iris/iris_ws/build/iris_vision/prefix_override:/home/iris/iris/iris_ws/install/iris_vision/lib/python3.10/site-packages:${PYTHONPATH} /usr/bin/python3 setup.py develop --editable --build-directory /home/iris/iris/iris_ws/build/iris_vision/build --no-deps install_data
