[1.459s] Invoking command in '/home/iris/iris/iris_ws/build/odrive_demo_bringup': CMAKE_PREFIX_PATH=/home/iris/iris/iris_ws/install/odrive_demo_description:/home/iris/iris/iris_ws/install/sllidar_ros2:/home/iris/iris/iris_ws/install/ralph6:/home/iris/iris/iris_ws/install/odrive_ros2_control:/home/iris/iris/iris_ws/install/odrive_hardware_interface:/home/iris/iris/iris_ws/install/odrive_demo_bringup:/home/iris/iris/iris_ws/install/micro_ros_setup:/home/iris/iris/iris_ws/install/micro_ros_agent:/home/iris/iris/iris_ws/install/micro_ros_msgs:/home/iris/iris/iris_ws/install/iris:/home/iris/iris/iris_ws/install/iris_vision:/opt/ros/humble /usr/bin/cmake --build /home/iris/iris/iris_ws/build/odrive_demo_bringup -- -j4 -l4
[1.638s] Invoked command in '/home/iris/iris/iris_ws/build/odrive_demo_bringup' returned '0': CMAKE_PREFIX_PATH=/home/iris/iris/iris_ws/install/odrive_demo_description:/home/iris/iris/iris_ws/install/sllidar_ros2:/home/iris/iris/iris_ws/install/ralph6:/home/iris/iris/iris_ws/install/odrive_ros2_control:/home/iris/iris/iris_ws/install/odrive_hardware_interface:/home/iris/iris/iris_ws/install/odrive_demo_bringup:/home/iris/iris/iris_ws/install/micro_ros_setup:/home/iris/iris/iris_ws/install/micro_ros_agent:/home/iris/iris/iris_ws/install/micro_ros_msgs:/home/iris/iris/iris_ws/install/iris:/home/iris/iris/iris_ws/install/iris_vision:/opt/ros/humble /usr/bin/cmake --build /home/iris/iris/iris_ws/build/odrive_demo_bringup -- -j4 -l4
[2.507s] Invoking command in '/home/iris/iris/iris_ws/build/odrive_demo_bringup': CMAKE_PREFIX_PATH=/home/iris/iris/iris_ws/install/odrive_demo_description:/home/iris/iris/iris_ws/install/sllidar_ros2:/home/iris/iris/iris_ws/install/ralph6:/home/iris/iris/iris_ws/install/odrive_ros2_control:/home/iris/iris/iris_ws/install/odrive_hardware_interface:/home/iris/iris/iris_ws/install/odrive_demo_bringup:/home/iris/iris/iris_ws/install/micro_ros_setup:/home/iris/iris/iris_ws/install/micro_ros_agent:/home/iris/iris/iris_ws/install/micro_ros_msgs:/home/iris/iris/iris_ws/install/iris:/home/iris/iris/iris_ws/install/iris_vision:/opt/ros/humble /usr/bin/cmake --install /home/iris/iris/iris_ws/build/odrive_demo_bringup
[2.561s] -- Install configuration: ""
[2.574s] -- Execute custom install script
[2.583s] -- Up-to-date symlink: /home/iris/iris/iris_ws/install/odrive_demo_bringup/share/odrive_demo_bringup/config/diffbot_controllers.yaml
[2.585s] -- Up-to-date symlink: /home/iris/iris/iris_ws/install/odrive_demo_bringup/share/odrive_demo_bringup/config/odrive_multi_interface_forward_controllers.yaml
[2.587s] -- Up-to-date symlink: /home/iris/iris/iris_ws/install/odrive_demo_bringup/share/odrive_demo_bringup/config/rrbot_controllers.yaml
[2.590s] -- Up-to-date symlink: /home/iris/iris/iris_ws/install/odrive_demo_bringup/share/odrive_demo_bringup/launch/odrive_diffbot.launch.py
[2.593s] -- Up-to-date symlink: /home/iris/iris/iris_ws/install/odrive_demo_bringup/share/odrive_demo_bringup/launch/odrive_multi_interface.launch.py
[2.594s] -- Up-to-date symlink: /home/iris/iris/iris_ws/install/odrive_demo_bringup/share/odrive_demo_bringup/launch/odrive_rrbot.launch.py
[2.597s] -- Up-to-date symlink: /home/iris/iris/iris_ws/install/odrive_demo_bringup/share/ament_index/resource_index/package_run_dependencies/odrive_demo_bringup
[2.607s] -- Up-to-date symlink: /home/iris/iris/iris_ws/install/odrive_demo_bringup/share/ament_index/resource_index/parent_prefix_path/odrive_demo_bringup
[2.607s] -- Up-to-date symlink: /home/iris/iris/iris_ws/install/odrive_demo_bringup/share/odrive_demo_bringup/environment/ament_prefix_path.sh
[2.610s] -- Up-to-date symlink: /home/iris/iris/iris_ws/install/odrive_demo_bringup/share/odrive_demo_bringup/environment/ament_prefix_path.dsv
[2.611s] -- Up-to-date symlink: /home/iris/iris/iris_ws/install/odrive_demo_bringup/share/odrive_demo_bringup/environment/path.sh
[2.611s] -- Up-to-date symlink: /home/iris/iris/iris_ws/install/odrive_demo_bringup/share/odrive_demo_bringup/environment/path.dsv
[2.612s] -- Up-to-date symlink: /home/iris/iris/iris_ws/install/odrive_demo_bringup/share/odrive_demo_bringup/local_setup.bash
[2.613s] -- Up-to-date symlink: /home/iris/iris/iris_ws/install/odrive_demo_bringup/share/odrive_demo_bringup/local_setup.sh
[2.628s] -- Up-to-date symlink: /home/iris/iris/iris_ws/install/odrive_demo_bringup/share/odrive_demo_bringup/local_setup.zsh
[2.629s] -- Up-to-date symlink: /home/iris/iris/iris_ws/install/odrive_demo_bringup/share/odrive_demo_bringup/local_setup.dsv
[2.629s] -- Symlinking: /home/iris/iris/iris_ws/install/odrive_demo_bringup/share/odrive_demo_bringup/package.dsv
[2.651s] -- Up-to-date symlink: /home/iris/iris/iris_ws/install/odrive_demo_bringup/share/ament_index/resource_index/packages/odrive_demo_bringup
[2.653s] -- Up-to-date symlink: /home/iris/iris/iris_ws/install/odrive_demo_bringup/share/odrive_demo_bringup/cmake/odrive_demo_bringupConfig.cmake
[2.654s] -- Up-to-date symlink: /home/iris/iris/iris_ws/install/odrive_demo_bringup/share/odrive_demo_bringup/cmake/odrive_demo_bringupConfig-version.cmake
[2.657s] -- Up-to-date symlink: /home/iris/iris/iris_ws/install/odrive_demo_bringup/share/odrive_demo_bringup/package.xml
[3.186s] Invoked command in '/home/iris/iris/iris_ws/build/odrive_demo_bringup' returned '0': CMAKE_PREFIX_PATH=/home/iris/iris/iris_ws/install/odrive_demo_description:/home/iris/iris/iris_ws/install/sllidar_ros2:/home/iris/iris/iris_ws/install/ralph6:/home/iris/iris/iris_ws/install/odrive_ros2_control:/home/iris/iris/iris_ws/install/odrive_hardware_interface:/home/iris/iris/iris_ws/install/odrive_demo_bringup:/home/iris/iris/iris_ws/install/micro_ros_setup:/home/iris/iris/iris_ws/install/micro_ros_agent:/home/iris/iris/iris_ws/install/micro_ros_msgs:/home/iris/iris/iris_ws/install/iris:/home/iris/iris/iris_ws/install/iris_vision:/opt/ros/humble /usr/bin/cmake --install /home/iris/iris/iris_ws/build/odrive_demo_bringup
