[3.748s] DEBUG:colcon:Command line arguments: ['/usr/bin/colcon', 'build', '--symlink-install']
[3.748s] DEBUG:colcon:Parsed command line arguments: Namespace(log_base=None, log_level=None, verb_name='build', build_base='build', install_base='install', merge_install=False, symlink_install=True, test_result_base=None, continue_on_error=False, executor='parallel', parallel_workers=4, event_handlers=None, ignore_user_meta=False, metas=['./colcon.meta'], base_paths=['.'], packages_ignore=None, packages_ignore_regex=None, paths=None, packages_up_to=None, packages_up_to_regex=None, packages_above=None, packages_above_and_dependencies=None, packages_above_depth=None, packages_select_by_dep=None, packages_skip_by_dep=None, packages_skip_up_to=None, packages_select_build_failed=False, packages_skip_build_finished=False, packages_select_test_failures=False, packages_skip_test_passed=False, packages_select=None, packages_skip=None, packages_select_regex=None, packages_skip_regex=None, packages_start=None, packages_end=None, allow_overriding=[], cmake_args=None, cmake_target=None, cmake_target_skip_unavailable=False, cmake_clean_cache=False, cmake_clean_first=False, cmake_force_configure=False, ament_cmake_args=None, catkin_cmake_args=None, catkin_skip_building_tests=False, verb_parser=<colcon_defaults.argument_parser.defaults.DefaultArgumentsDecorator object at 0xffff824eecb0>, verb_extension=<colcon_core.verb.build.BuildVerb object at 0xffff82857fd0>, main=<bound method BuildVerb.main of <colcon_core.verb.build.BuildVerb object at 0xffff82857fd0>>)
[3.933s] Level 1:colcon.colcon_core.package_discovery:discover_packages(colcon_meta) check parameters
[3.933s] Level 1:colcon.colcon_core.package_discovery:discover_packages(recursive) check parameters
[3.934s] Level 1:colcon.colcon_core.package_discovery:discover_packages(ignore) check parameters
[3.934s] Level 1:colcon.colcon_core.package_discovery:discover_packages(path) check parameters
[3.934s] Level 1:colcon.colcon_core.package_discovery:discover_packages(colcon_meta) discover
[3.934s] Level 1:colcon.colcon_core.package_discovery:discover_packages(recursive) discover
[3.934s] INFO:colcon.colcon_core.package_discovery:Crawling recursively for packages in '/home/iris/iris/iris_ws'
[3.935s] Level 1:colcon.colcon_core.package_identification:_identify(.) by extensions ['ignore', 'ignore_ament_install']
[3.935s] Level 1:colcon.colcon_core.package_identification:_identify(.) by extension 'ignore'
[3.935s] Level 1:colcon.colcon_core.package_identification:_identify(.) by extension 'ignore_ament_install'
[3.936s] Level 1:colcon.colcon_core.package_identification:_identify(.) by extensions ['colcon_pkg']
[3.936s] Level 1:colcon.colcon_core.package_identification:_identify(.) by extension 'colcon_pkg'
[3.936s] Level 1:colcon.colcon_core.package_identification:_identify(.) by extensions ['colcon_meta']
[3.936s] Level 1:colcon.colcon_core.package_identification:_identify(.) by extension 'colcon_meta'
[3.936s] Level 1:colcon.colcon_core.package_identification:_identify(.) by extensions ['ros']
[3.936s] Level 1:colcon.colcon_core.package_identification:_identify(.) by extension 'ros'
[3.983s] Level 1:colcon.colcon_core.package_identification:_identify(.) by extensions ['cmake', 'python']
[3.983s] Level 1:colcon.colcon_core.package_identification:_identify(.) by extension 'cmake'
[3.983s] Level 1:colcon.colcon_core.package_identification:_identify(.) by extension 'python'
[3.983s] Level 1:colcon.colcon_core.package_identification:_identify(.) by extensions ['python_setup_py']
[3.984s] Level 1:colcon.colcon_core.package_identification:_identify(.) by extension 'python_setup_py'
[3.984s] Level 1:colcon.colcon_core.package_identification:_identify(build) by extensions ['ignore', 'ignore_ament_install']
[3.985s] Level 1:colcon.colcon_core.package_identification:_identify(build) by extension 'ignore'
[3.985s] Level 1:colcon.colcon_core.package_identification:_identify(build) ignored
[3.986s] Level 1:colcon.colcon_core.package_identification:_identify(install) by extensions ['ignore', 'ignore_ament_install']
[3.986s] Level 1:colcon.colcon_core.package_identification:_identify(install) by extension 'ignore'
[3.986s] Level 1:colcon.colcon_core.package_identification:_identify(install) ignored
[3.987s] Level 1:colcon.colcon_core.package_identification:_identify(log) by extensions ['ignore', 'ignore_ament_install']
[3.988s] Level 1:colcon.colcon_core.package_identification:_identify(log) by extension 'ignore'
[3.988s] Level 1:colcon.colcon_core.package_identification:_identify(log) ignored
[3.988s] Level 1:colcon.colcon_core.package_identification:_identify(src) by extensions ['ignore', 'ignore_ament_install']
[3.989s] Level 1:colcon.colcon_core.package_identification:_identify(src) by extension 'ignore'
[3.989s] Level 1:colcon.colcon_core.package_identification:_identify(src) by extension 'ignore_ament_install'
[3.989s] Level 1:colcon.colcon_core.package_identification:_identify(src) by extensions ['colcon_pkg']
[3.990s] Level 1:colcon.colcon_core.package_identification:_identify(src) by extension 'colcon_pkg'
[3.990s] Level 1:colcon.colcon_core.package_identification:_identify(src) by extensions ['colcon_meta']
[3.990s] Level 1:colcon.colcon_core.package_identification:_identify(src) by extension 'colcon_meta'
[3.990s] Level 1:colcon.colcon_core.package_identification:_identify(src) by extensions ['ros']
[3.990s] Level 1:colcon.colcon_core.package_identification:_identify(src) by extension 'ros'
[3.990s] Level 1:colcon.colcon_core.package_identification:_identify(src) by extensions ['cmake', 'python']
[3.991s] Level 1:colcon.colcon_core.package_identification:_identify(src) by extension 'cmake'
[3.991s] Level 1:colcon.colcon_core.package_identification:_identify(src) by extension 'python'
[3.991s] Level 1:colcon.colcon_core.package_identification:_identify(src) by extensions ['python_setup_py']
[3.991s] Level 1:colcon.colcon_core.package_identification:_identify(src) by extension 'python_setup_py'
[3.992s] Level 1:colcon.colcon_core.package_identification:_identify(src/iris_vision) by extensions ['ignore', 'ignore_ament_install']
[3.992s] Level 1:colcon.colcon_core.package_identification:_identify(src/iris_vision) by extension 'ignore'
[3.992s] Level 1:colcon.colcon_core.package_identification:_identify(src/iris_vision) by extension 'ignore_ament_install'
[3.992s] Level 1:colcon.colcon_core.package_identification:_identify(src/iris_vision) by extensions ['colcon_pkg']
[3.993s] Level 1:colcon.colcon_core.package_identification:_identify(src/iris_vision) by extension 'colcon_pkg'
[3.993s] Level 1:colcon.colcon_core.package_identification:_identify(src/iris_vision) by extensions ['colcon_meta']
[3.993s] Level 1:colcon.colcon_core.package_identification:_identify(src/iris_vision) by extension 'colcon_meta'
[3.993s] Level 1:colcon.colcon_core.package_identification:_identify(src/iris_vision) by extensions ['ros']
[3.993s] Level 1:colcon.colcon_core.package_identification:_identify(src/iris_vision) by extension 'ros'
[4.002s] DEBUG:colcon.colcon_core.package_identification:Package 'src/iris_vision' with type 'ros.ament_python' and name 'iris_vision'
[4.003s] Level 1:colcon.colcon_core.package_identification:_identify(src/micro_ros_setup) by extensions ['ignore', 'ignore_ament_install']
[4.003s] Level 1:colcon.colcon_core.package_identification:_identify(src/micro_ros_setup) by extension 'ignore'
[4.003s] Level 1:colcon.colcon_core.package_identification:_identify(src/micro_ros_setup) by extension 'ignore_ament_install'
[4.003s] Level 1:colcon.colcon_core.package_identification:_identify(src/micro_ros_setup) by extensions ['colcon_pkg']
[4.004s] Level 1:colcon.colcon_core.package_identification:_identify(src/micro_ros_setup) by extension 'colcon_pkg'
[4.004s] Level 1:colcon.colcon_core.package_identification:_identify(src/micro_ros_setup) by extensions ['colcon_meta']
[4.004s] Level 1:colcon.colcon_core.package_identification:_identify(src/micro_ros_setup) by extension 'colcon_meta'
[4.004s] Level 1:colcon.colcon_core.package_identification:_identify(src/micro_ros_setup) by extensions ['ros']
[4.004s] Level 1:colcon.colcon_core.package_identification:_identify(src/micro_ros_setup) by extension 'ros'
[4.007s] DEBUG:colcon.colcon_core.package_identification:Package 'src/micro_ros_setup' with type 'ros.ament_cmake' and name 'micro_ros_setup'
[4.008s] Level 1:colcon.colcon_core.package_identification:_identify(src/uros) by extensions ['ignore', 'ignore_ament_install']
[4.008s] Level 1:colcon.colcon_core.package_identification:_identify(src/uros) by extension 'ignore'
[4.009s] Level 1:colcon.colcon_core.package_identification:_identify(src/uros) by extension 'ignore_ament_install'
[4.009s] Level 1:colcon.colcon_core.package_identification:_identify(src/uros) by extensions ['colcon_pkg']
[4.009s] Level 1:colcon.colcon_core.package_identification:_identify(src/uros) by extension 'colcon_pkg'
[4.009s] Level 1:colcon.colcon_core.package_identification:_identify(src/uros) by extensions ['colcon_meta']
[4.009s] Level 1:colcon.colcon_core.package_identification:_identify(src/uros) by extension 'colcon_meta'
[4.010s] Level 1:colcon.colcon_core.package_identification:_identify(src/uros) by extensions ['ros']
[4.010s] Level 1:colcon.colcon_core.package_identification:_identify(src/uros) by extension 'ros'
[4.010s] Level 1:colcon.colcon_core.package_identification:_identify(src/uros) by extensions ['cmake', 'python']
[4.010s] Level 1:colcon.colcon_core.package_identification:_identify(src/uros) by extension 'cmake'
[4.010s] Level 1:colcon.colcon_core.package_identification:_identify(src/uros) by extension 'python'
[4.011s] Level 1:colcon.colcon_core.package_identification:_identify(src/uros) by extensions ['python_setup_py']
[4.011s] Level 1:colcon.colcon_core.package_identification:_identify(src/uros) by extension 'python_setup_py'
[4.011s] Level 1:colcon.colcon_core.package_identification:_identify(src/uros/micro-ROS-Agent) by extensions ['ignore', 'ignore_ament_install']
[4.012s] Level 1:colcon.colcon_core.package_identification:_identify(src/uros/micro-ROS-Agent) by extension 'ignore'
[4.012s] Level 1:colcon.colcon_core.package_identification:_identify(src/uros/micro-ROS-Agent) by extension 'ignore_ament_install'
[4.012s] Level 1:colcon.colcon_core.package_identification:_identify(src/uros/micro-ROS-Agent) by extensions ['colcon_pkg']
[4.012s] Level 1:colcon.colcon_core.package_identification:_identify(src/uros/micro-ROS-Agent) by extension 'colcon_pkg'
[4.013s] Level 1:colcon.colcon_core.package_identification:_identify(src/uros/micro-ROS-Agent) by extensions ['colcon_meta']
[4.013s] Level 1:colcon.colcon_core.package_identification:_identify(src/uros/micro-ROS-Agent) by extension 'colcon_meta'
[4.013s] Level 1:colcon.colcon_core.package_identification:_identify(src/uros/micro-ROS-Agent) by extensions ['ros']
[4.013s] Level 1:colcon.colcon_core.package_identification:_identify(src/uros/micro-ROS-Agent) by extension 'ros'
[4.013s] Level 1:colcon.colcon_core.package_identification:_identify(src/uros/micro-ROS-Agent) by extensions ['cmake', 'python']
[4.014s] Level 1:colcon.colcon_core.package_identification:_identify(src/uros/micro-ROS-Agent) by extension 'cmake'
[4.014s] Level 1:colcon.colcon_core.package_identification:_identify(src/uros/micro-ROS-Agent) by extension 'python'
[4.014s] Level 1:colcon.colcon_core.package_identification:_identify(src/uros/micro-ROS-Agent) by extensions ['python_setup_py']
[4.014s] Level 1:colcon.colcon_core.package_identification:_identify(src/uros/micro-ROS-Agent) by extension 'python_setup_py'
[4.015s] Level 1:colcon.colcon_core.package_identification:_identify(src/uros/micro-ROS-Agent/micro_ros_agent) by extensions ['ignore', 'ignore_ament_install']
[4.015s] Level 1:colcon.colcon_core.package_identification:_identify(src/uros/micro-ROS-Agent/micro_ros_agent) by extension 'ignore'
[4.015s] Level 1:colcon.colcon_core.package_identification:_identify(src/uros/micro-ROS-Agent/micro_ros_agent) by extension 'ignore_ament_install'
[4.016s] Level 1:colcon.colcon_core.package_identification:_identify(src/uros/micro-ROS-Agent/micro_ros_agent) by extensions ['colcon_pkg']
[4.016s] Level 1:colcon.colcon_core.package_identification:_identify(src/uros/micro-ROS-Agent/micro_ros_agent) by extension 'colcon_pkg'
[4.016s] Level 1:colcon.colcon_core.package_identification:_identify(src/uros/micro-ROS-Agent/micro_ros_agent) by extensions ['colcon_meta']
[4.016s] Level 1:colcon.colcon_core.package_identification:_identify(src/uros/micro-ROS-Agent/micro_ros_agent) by extension 'colcon_meta'
[4.016s] Level 1:colcon.colcon_core.package_identification:_identify(src/uros/micro-ROS-Agent/micro_ros_agent) by extensions ['ros']
[4.017s] Level 1:colcon.colcon_core.package_identification:_identify(src/uros/micro-ROS-Agent/micro_ros_agent) by extension 'ros'
[4.020s] DEBUG:colcon.colcon_core.package_identification:Package 'src/uros/micro-ROS-Agent/micro_ros_agent' with type 'ros.ament_cmake' and name 'micro_ros_agent'
[4.020s] Level 1:colcon.colcon_core.package_identification:_identify(src/uros/micro-ROS-Agent/snap) by extensions ['ignore', 'ignore_ament_install']
[4.021s] Level 1:colcon.colcon_core.package_identification:_identify(src/uros/micro-ROS-Agent/snap) by extension 'ignore'
[4.021s] Level 1:colcon.colcon_core.package_identification:_identify(src/uros/micro-ROS-Agent/snap) by extension 'ignore_ament_install'
[4.021s] Level 1:colcon.colcon_core.package_identification:_identify(src/uros/micro-ROS-Agent/snap) by extensions ['colcon_pkg']
[4.022s] Level 1:colcon.colcon_core.package_identification:_identify(src/uros/micro-ROS-Agent/snap) by extension 'colcon_pkg'
[4.022s] Level 1:colcon.colcon_core.package_identification:_identify(src/uros/micro-ROS-Agent/snap) by extensions ['colcon_meta']
[4.022s] Level 1:colcon.colcon_core.package_identification:_identify(src/uros/micro-ROS-Agent/snap) by extension 'colcon_meta'
[4.022s] Level 1:colcon.colcon_core.package_identification:_identify(src/uros/micro-ROS-Agent/snap) by extensions ['ros']
[4.022s] Level 1:colcon.colcon_core.package_identification:_identify(src/uros/micro-ROS-Agent/snap) by extension 'ros'
[4.023s] Level 1:colcon.colcon_core.package_identification:_identify(src/uros/micro-ROS-Agent/snap) by extensions ['cmake', 'python']
[4.023s] Level 1:colcon.colcon_core.package_identification:_identify(src/uros/micro-ROS-Agent/snap) by extension 'cmake'
[4.023s] Level 1:colcon.colcon_core.package_identification:_identify(src/uros/micro-ROS-Agent/snap) by extension 'python'
[4.023s] Level 1:colcon.colcon_core.package_identification:_identify(src/uros/micro-ROS-Agent/snap) by extensions ['python_setup_py']
[4.023s] Level 1:colcon.colcon_core.package_identification:_identify(src/uros/micro-ROS-Agent/snap) by extension 'python_setup_py'
[4.024s] Level 1:colcon.colcon_core.package_identification:_identify(src/uros/micro-ROS-Agent/snap/hooks) by extensions ['ignore', 'ignore_ament_install']
[4.024s] Level 1:colcon.colcon_core.package_identification:_identify(src/uros/micro-ROS-Agent/snap/hooks) by extension 'ignore'
[4.025s] Level 1:colcon.colcon_core.package_identification:_identify(src/uros/micro-ROS-Agent/snap/hooks) by extension 'ignore_ament_install'
[4.025s] Level 1:colcon.colcon_core.package_identification:_identify(src/uros/micro-ROS-Agent/snap/hooks) by extensions ['colcon_pkg']
[4.025s] Level 1:colcon.colcon_core.package_identification:_identify(src/uros/micro-ROS-Agent/snap/hooks) by extension 'colcon_pkg'
[4.025s] Level 1:colcon.colcon_core.package_identification:_identify(src/uros/micro-ROS-Agent/snap/hooks) by extensions ['colcon_meta']
[4.025s] Level 1:colcon.colcon_core.package_identification:_identify(src/uros/micro-ROS-Agent/snap/hooks) by extension 'colcon_meta'
[4.026s] Level 1:colcon.colcon_core.package_identification:_identify(src/uros/micro-ROS-Agent/snap/hooks) by extensions ['ros']
[4.026s] Level 1:colcon.colcon_core.package_identification:_identify(src/uros/micro-ROS-Agent/snap/hooks) by extension 'ros'
[4.026s] Level 1:colcon.colcon_core.package_identification:_identify(src/uros/micro-ROS-Agent/snap/hooks) by extensions ['cmake', 'python']
[4.026s] Level 1:colcon.colcon_core.package_identification:_identify(src/uros/micro-ROS-Agent/snap/hooks) by extension 'cmake'
[4.026s] Level 1:colcon.colcon_core.package_identification:_identify(src/uros/micro-ROS-Agent/snap/hooks) by extension 'python'
[4.027s] Level 1:colcon.colcon_core.package_identification:_identify(src/uros/micro-ROS-Agent/snap/hooks) by extensions ['python_setup_py']
[4.027s] Level 1:colcon.colcon_core.package_identification:_identify(src/uros/micro-ROS-Agent/snap/hooks) by extension 'python_setup_py'
[4.027s] Level 1:colcon.colcon_core.package_identification:_identify(src/uros/micro-ROS-Agent/snap/local) by extensions ['ignore', 'ignore_ament_install']
[4.028s] Level 1:colcon.colcon_core.package_identification:_identify(src/uros/micro-ROS-Agent/snap/local) by extension 'ignore'
[4.028s] Level 1:colcon.colcon_core.package_identification:_identify(src/uros/micro-ROS-Agent/snap/local) by extension 'ignore_ament_install'
[4.028s] Level 1:colcon.colcon_core.package_identification:_identify(src/uros/micro-ROS-Agent/snap/local) by extensions ['colcon_pkg']
[4.028s] Level 1:colcon.colcon_core.package_identification:_identify(src/uros/micro-ROS-Agent/snap/local) by extension 'colcon_pkg'
[4.028s] Level 1:colcon.colcon_core.package_identification:_identify(src/uros/micro-ROS-Agent/snap/local) by extensions ['colcon_meta']
[4.029s] Level 1:colcon.colcon_core.package_identification:_identify(src/uros/micro-ROS-Agent/snap/local) by extension 'colcon_meta'
[4.029s] Level 1:colcon.colcon_core.package_identification:_identify(src/uros/micro-ROS-Agent/snap/local) by extensions ['ros']
[4.029s] Level 1:colcon.colcon_core.package_identification:_identify(src/uros/micro-ROS-Agent/snap/local) by extension 'ros'
[4.029s] Level 1:colcon.colcon_core.package_identification:_identify(src/uros/micro-ROS-Agent/snap/local) by extensions ['cmake', 'python']
[4.030s] Level 1:colcon.colcon_core.package_identification:_identify(src/uros/micro-ROS-Agent/snap/local) by extension 'cmake'
[4.030s] Level 1:colcon.colcon_core.package_identification:_identify(src/uros/micro-ROS-Agent/snap/local) by extension 'python'
[4.030s] Level 1:colcon.colcon_core.package_identification:_identify(src/uros/micro-ROS-Agent/snap/local) by extensions ['python_setup_py']
[4.030s] Level 1:colcon.colcon_core.package_identification:_identify(src/uros/micro-ROS-Agent/snap/local) by extension 'python_setup_py'
[4.030s] Level 1:colcon.colcon_core.package_discovery:discover_packages(recursive) using defaults
[4.030s] Level 1:colcon.colcon_core.package_discovery:discover_packages(ignore) discover
[4.031s] Level 1:colcon.colcon_core.package_discovery:discover_packages(ignore) using defaults
[4.031s] Level 1:colcon.colcon_core.package_discovery:discover_packages(path) discover
[4.031s] Level 1:colcon.colcon_core.package_discovery:discover_packages(path) using defaults
[4.390s] Level 1:colcon.colcon_core.package_discovery:discover_packages(prefix_path) check parameters
[4.390s] Level 1:colcon.colcon_core.package_discovery:discover_packages(prefix_path) discover
[4.521s] DEBUG:colcon.colcon_installed_package_information.package_discovery:Found 10 installed packages in /home/iris/iris/iris_ws/install
[4.582s] DEBUG:colcon.colcon_installed_package_information.package_discovery:Found 193 installed packages in /opt/ros/humble
[4.588s] Level 1:colcon.colcon_core.package_discovery:discover_packages(prefix_path) using defaults
[4.885s] Level 5:colcon.colcon_core.verb:set package 'iris_vision' build argument 'cmake_args' from command line to 'None'
[4.885s] Level 5:colcon.colcon_core.verb:set package 'iris_vision' build argument 'cmake_target' from command line to 'None'
[4.885s] Level 5:colcon.colcon_core.verb:set package 'iris_vision' build argument 'cmake_target_skip_unavailable' from command line to 'False'
[4.885s] Level 5:colcon.colcon_core.verb:set package 'iris_vision' build argument 'cmake_clean_cache' from command line to 'False'
[4.885s] Level 5:colcon.colcon_core.verb:set package 'iris_vision' build argument 'cmake_clean_first' from command line to 'False'
[4.886s] Level 5:colcon.colcon_core.verb:set package 'iris_vision' build argument 'cmake_force_configure' from command line to 'False'
[4.886s] Level 5:colcon.colcon_core.verb:set package 'iris_vision' build argument 'ament_cmake_args' from command line to 'None'
[4.886s] Level 5:colcon.colcon_core.verb:set package 'iris_vision' build argument 'catkin_cmake_args' from command line to 'None'
[4.886s] Level 5:colcon.colcon_core.verb:set package 'iris_vision' build argument 'catkin_skip_building_tests' from command line to 'False'
[4.886s] DEBUG:colcon.colcon_core.verb:Building package 'iris_vision' with the following arguments: {'ament_cmake_args': None, 'build_base': '/home/iris/iris/iris_ws/build/iris_vision', 'catkin_cmake_args': None, 'catkin_skip_building_tests': False, 'cmake_args': None, 'cmake_clean_cache': False, 'cmake_clean_first': False, 'cmake_force_configure': False, 'cmake_target': None, 'cmake_target_skip_unavailable': False, 'install_base': '/home/iris/iris/iris_ws/install/iris_vision', 'merge_install': False, 'path': '/home/iris/iris/iris_ws/src/iris_vision', 'symlink_install': True, 'test_result_base': None}
[4.938s] Level 5:colcon.colcon_core.verb:set package 'micro_ros_agent' build argument 'cmake_args' from command line to 'None'
[4.938s] Level 5:colcon.colcon_core.verb:set package 'micro_ros_agent' build argument 'cmake_target' from command line to 'None'
[4.938s] Level 5:colcon.colcon_core.verb:set package 'micro_ros_agent' build argument 'cmake_target_skip_unavailable' from command line to 'False'
[4.938s] Level 5:colcon.colcon_core.verb:set package 'micro_ros_agent' build argument 'cmake_clean_cache' from command line to 'False'
[4.939s] Level 5:colcon.colcon_core.verb:set package 'micro_ros_agent' build argument 'cmake_clean_first' from command line to 'False'
[4.939s] Level 5:colcon.colcon_core.verb:set package 'micro_ros_agent' build argument 'cmake_force_configure' from command line to 'False'
[4.939s] Level 5:colcon.colcon_core.verb:set package 'micro_ros_agent' build argument 'ament_cmake_args' from command line to 'None'
[4.939s] Level 5:colcon.colcon_core.verb:set package 'micro_ros_agent' build argument 'catkin_cmake_args' from command line to 'None'
[4.939s] Level 5:colcon.colcon_core.verb:set package 'micro_ros_agent' build argument 'catkin_skip_building_tests' from command line to 'False'
[4.939s] DEBUG:colcon.colcon_core.verb:Building package 'micro_ros_agent' with the following arguments: {'ament_cmake_args': None, 'build_base': '/home/iris/iris/iris_ws/build/micro_ros_agent', 'catkin_cmake_args': None, 'catkin_skip_building_tests': False, 'cmake_args': None, 'cmake_clean_cache': False, 'cmake_clean_first': False, 'cmake_force_configure': False, 'cmake_target': None, 'cmake_target_skip_unavailable': False, 'install_base': '/home/iris/iris/iris_ws/install/micro_ros_agent', 'merge_install': False, 'path': '/home/iris/iris/iris_ws/src/uros/micro-ROS-Agent/micro_ros_agent', 'symlink_install': True, 'test_result_base': None}
[4.991s] Level 5:colcon.colcon_core.verb:set package 'micro_ros_setup' build argument 'cmake_args' from command line to 'None'
[4.991s] Level 5:colcon.colcon_core.verb:set package 'micro_ros_setup' build argument 'cmake_target' from command line to 'None'
[4.991s] Level 5:colcon.colcon_core.verb:set package 'micro_ros_setup' build argument 'cmake_target_skip_unavailable' from command line to 'False'
[4.991s] Level 5:colcon.colcon_core.verb:set package 'micro_ros_setup' build argument 'cmake_clean_cache' from command line to 'False'
[4.991s] Level 5:colcon.colcon_core.verb:set package 'micro_ros_setup' build argument 'cmake_clean_first' from command line to 'False'
[4.991s] Level 5:colcon.colcon_core.verb:set package 'micro_ros_setup' build argument 'cmake_force_configure' from command line to 'False'
[4.992s] Level 5:colcon.colcon_core.verb:set package 'micro_ros_setup' build argument 'ament_cmake_args' from command line to 'None'
[4.992s] Level 5:colcon.colcon_core.verb:set package 'micro_ros_setup' build argument 'catkin_cmake_args' from command line to 'None'
[4.992s] Level 5:colcon.colcon_core.verb:set package 'micro_ros_setup' build argument 'catkin_skip_building_tests' from command line to 'False'
[4.992s] DEBUG:colcon.colcon_core.verb:Building package 'micro_ros_setup' with the following arguments: {'ament_cmake_args': None, 'build_base': '/home/iris/iris/iris_ws/build/micro_ros_setup', 'catkin_cmake_args': None, 'catkin_skip_building_tests': False, 'cmake_args': None, 'cmake_clean_cache': False, 'cmake_clean_first': False, 'cmake_force_configure': False, 'cmake_target': None, 'cmake_target_skip_unavailable': False, 'install_base': '/home/iris/iris/iris_ws/install/micro_ros_setup', 'merge_install': False, 'path': '/home/iris/iris/iris_ws/src/micro_ros_setup', 'symlink_install': True, 'test_result_base': None}
[5.045s] INFO:colcon.colcon_core.executor:Executing jobs using 'parallel' executor
[5.100s] DEBUG:colcon.colcon_parallel_executor.executor.parallel:run_until_complete
[5.101s] INFO:colcon.colcon_ros.task.ament_python.build:Building ROS package in '/home/iris/iris/iris_ws/src/iris_vision' with build type 'ament_python'
[5.102s] Level 1:colcon.colcon_core.shell:create_environment_hook('iris_vision', 'ament_prefix_path')
[5.167s] INFO:colcon.colcon_core.plugin_system:Skipping extension 'colcon_core.shell.bat': Not used on non-Windows systems
[5.168s] INFO:colcon.colcon_core.shell:Creating environment hook '/home/iris/iris/iris_ws/install/iris_vision/share/iris_vision/hook/ament_prefix_path.ps1'
[5.171s] INFO:colcon.colcon_core.shell:Creating environment descriptor '/home/iris/iris/iris_ws/install/iris_vision/share/iris_vision/hook/ament_prefix_path.dsv'
[5.173s] INFO:colcon.colcon_core.shell:Creating environment hook '/home/iris/iris/iris_ws/install/iris_vision/share/iris_vision/hook/ament_prefix_path.sh'
[5.230s] INFO:colcon.colcon_core.shell:Skip shell extension 'powershell' for command environment: Not usable outside of PowerShell
[5.231s] DEBUG:colcon.colcon_core.shell:Skip shell extension 'dsv' for command environment
[5.416s] INFO:colcon.colcon_ros.task.ament_cmake.build:Building ROS package in '/home/iris/iris/iris_ws/src/uros/micro-ROS-Agent/micro_ros_agent' with build type 'ament_cmake'
[5.417s] INFO:colcon.colcon_cmake.task.cmake.build:Building CMake package in '/home/iris/iris/iris_ws/src/uros/micro-ROS-Agent/micro_ros_agent'
[5.472s] INFO:colcon.colcon_core.shell:Skip shell extension 'powershell' for command environment: Not usable outside of PowerShell
[5.473s] DEBUG:colcon.colcon_core.shell:Skip shell extension 'dsv' for command environment
[5.651s] INFO:colcon.colcon_ros.task.ament_cmake.build:Building ROS package in '/home/iris/iris/iris_ws/src/micro_ros_setup' with build type 'ament_cmake'
[5.652s] INFO:colcon.colcon_cmake.task.cmake.build:Building CMake package in '/home/iris/iris/iris_ws/src/micro_ros_setup'
[5.709s] INFO:colcon.colcon_core.shell:Skip shell extension 'powershell' for command environment: Not usable outside of PowerShell
[5.709s] DEBUG:colcon.colcon_core.shell:Skip shell extension 'dsv' for command environment
[6.930s] INFO:colcon.colcon_core.task.python.build:Building Python package in '/home/iris/iris/iris_ws/src/iris_vision'
[6.987s] INFO:colcon.colcon_core.shell:Skip shell extension 'powershell' for command environment: Not usable outside of PowerShell
[6.987s] DEBUG:colcon.colcon_core.shell:Skip shell extension 'dsv' for command environment
[7.178s] DEBUG:colcon.colcon_core.event_handler.log_command:Invoking command in '/home/iris/iris/iris_ws/build/micro_ros_agent': CMAKE_PREFIX_PATH=${CMAKE_PREFIX_PATH}:/home/iris/iris/iris_ws/install/iris_vision:/opt/ros/humble /usr/bin/cmake --build /home/iris/iris/iris_ws/build/micro_ros_agent -- -j4 -l4
[7.216s] DEBUG:colcon.colcon_core.event_handler.log_command:Invoking command in '/home/iris/iris/iris_ws/build/micro_ros_setup': CMAKE_PREFIX_PATH=${CMAKE_PREFIX_PATH}:/home/iris/iris/iris_ws/install/iris_vision:/opt/ros/humble /usr/bin/cmake --build /home/iris/iris/iris_ws/build/micro_ros_setup -- -j4 -l4
[7.405s] DEBUG:colcon.colcon_core.event_handler.log_command:Invoked command in '/home/iris/iris/iris_ws/build/micro_ros_setup' returned '0': CMAKE_PREFIX_PATH=${CMAKE_PREFIX_PATH}:/home/iris/iris/iris_ws/install/iris_vision:/opt/ros/humble /usr/bin/cmake --build /home/iris/iris/iris_ws/build/micro_ros_setup -- -j4 -l4
[7.522s] DEBUG:colcon.colcon_core.event_handler.log_command:Invoked command in '/home/iris/iris/iris_ws/build/micro_ros_agent' returned '0': CMAKE_PREFIX_PATH=${CMAKE_PREFIX_PATH}:/home/iris/iris/iris_ws/install/iris_vision:/opt/ros/humble /usr/bin/cmake --build /home/iris/iris/iris_ws/build/micro_ros_agent -- -j4 -l4
[7.590s] DEBUG:colcon.colcon_core.event_handler.log_command:Invoking command in '/home/iris/iris/iris_ws/build/micro_ros_setup': CMAKE_PREFIX_PATH=${CMAKE_PREFIX_PATH}:/home/iris/iris/iris_ws/install/iris_vision:/opt/ros/humble /usr/bin/cmake --install /home/iris/iris/iris_ws/build/micro_ros_setup
[7.768s] Level 1:colcon.colcon_core.environment:create_environment_scripts_only(micro_ros_setup)
[7.893s] DEBUG:colcon.colcon_core.event_handler.log_command:Invoked command in '/home/iris/iris/iris_ws/build/micro_ros_setup' returned '0': CMAKE_PREFIX_PATH=${CMAKE_PREFIX_PATH}:/home/iris/iris/iris_ws/install/iris_vision:/opt/ros/humble /usr/bin/cmake --install /home/iris/iris/iris_ws/build/micro_ros_setup
[7.944s] Level 1:colcon.colcon_core.environment:checking '/home/iris/iris/iris_ws/install/micro_ros_setup' for CMake module files
[7.948s] Level 1:colcon.colcon_core.environment:checking '/home/iris/iris/iris_ws/install/micro_ros_setup' for CMake config files
[7.951s] Level 1:colcon.colcon_core.shell:create_environment_hook('micro_ros_setup', 'cmake_prefix_path')
[8.028s] INFO:colcon.colcon_core.shell:Creating environment hook '/home/iris/iris/iris_ws/install/micro_ros_setup/share/micro_ros_setup/hook/cmake_prefix_path.ps1'
[8.030s] INFO:colcon.colcon_core.shell:Creating environment descriptor '/home/iris/iris/iris_ws/install/micro_ros_setup/share/micro_ros_setup/hook/cmake_prefix_path.dsv'
[8.032s] INFO:colcon.colcon_core.shell:Creating environment hook '/home/iris/iris/iris_ws/install/micro_ros_setup/share/micro_ros_setup/hook/cmake_prefix_path.sh'
[8.036s] Level 1:colcon.colcon_core.environment:checking '/home/iris/iris/iris_ws/install/micro_ros_setup/lib'
[8.037s] Level 1:colcon.colcon_core.environment:checking '/home/iris/iris/iris_ws/install/micro_ros_setup/bin'
[8.037s] Level 1:colcon.colcon_core.environment:checking '/home/iris/iris/iris_ws/install/micro_ros_setup/lib/pkgconfig/micro_ros_setup.pc'
[8.038s] Level 1:colcon.colcon_core.environment:checking '/home/iris/iris/iris_ws/install/micro_ros_setup/lib/python3.10/site-packages'
[8.040s] Level 1:colcon.colcon_core.environment:checking '/home/iris/iris/iris_ws/install/micro_ros_setup/bin'
[8.103s] INFO:colcon.colcon_core.shell:Creating package script '/home/iris/iris/iris_ws/install/micro_ros_setup/share/micro_ros_setup/package.ps1'
[8.107s] INFO:colcon.colcon_core.shell:Creating package descriptor '/home/iris/iris/iris_ws/install/micro_ros_setup/share/micro_ros_setup/package.dsv'
[8.109s] INFO:colcon.colcon_core.shell:Creating package script '/home/iris/iris/iris_ws/install/micro_ros_setup/share/micro_ros_setup/package.sh'
[8.113s] INFO:colcon.colcon_core.shell:Creating package script '/home/iris/iris/iris_ws/install/micro_ros_setup/share/micro_ros_setup/package.bash'
[8.117s] INFO:colcon.colcon_core.shell:Creating package script '/home/iris/iris/iris_ws/install/micro_ros_setup/share/micro_ros_setup/package.zsh'
[8.120s] Level 1:colcon.colcon_core.environment:create_file_with_runtime_dependencies(/home/iris/iris/iris_ws/install/micro_ros_setup/share/colcon-core/packages/micro_ros_setup)
[8.135s] DEBUG:colcon.colcon_core.event_handler.log_command:Invoking command in '/home/iris/iris/iris_ws/build/micro_ros_agent': CMAKE_PREFIX_PATH=${CMAKE_PREFIX_PATH}:/home/iris/iris/iris_ws/install/iris_vision:/opt/ros/humble /usr/bin/cmake --install /home/iris/iris/iris_ws/build/micro_ros_agent
[8.256s] Level 1:colcon.colcon_core.environment:create_environment_scripts_only(micro_ros_agent)
[8.258s] DEBUG:colcon.colcon_core.event_handler.log_command:Invoked command in '/home/iris/iris/iris_ws/build/micro_ros_agent' returned '0': CMAKE_PREFIX_PATH=${CMAKE_PREFIX_PATH}:/home/iris/iris/iris_ws/install/iris_vision:/opt/ros/humble /usr/bin/cmake --install /home/iris/iris/iris_ws/build/micro_ros_agent
[8.325s] Level 1:colcon.colcon_core.environment:checking '/home/iris/iris/iris_ws/install/micro_ros_agent' for CMake module files
[8.328s] Level 1:colcon.colcon_core.environment:checking '/home/iris/iris/iris_ws/install/micro_ros_agent' for CMake config files
[8.331s] Level 1:colcon.colcon_core.shell:create_environment_hook('micro_ros_agent', 'cmake_prefix_path')
[8.401s] INFO:colcon.colcon_core.shell:Creating environment hook '/home/iris/iris/iris_ws/install/micro_ros_agent/share/micro_ros_agent/hook/cmake_prefix_path.ps1'
[8.404s] INFO:colcon.colcon_core.shell:Creating environment descriptor '/home/iris/iris/iris_ws/install/micro_ros_agent/share/micro_ros_agent/hook/cmake_prefix_path.dsv'
[8.406s] INFO:colcon.colcon_core.shell:Creating environment hook '/home/iris/iris/iris_ws/install/micro_ros_agent/share/micro_ros_agent/hook/cmake_prefix_path.sh'
[8.409s] Level 1:colcon.colcon_core.environment:checking '/home/iris/iris/iris_ws/install/micro_ros_agent/lib'
[8.410s] Level 1:colcon.colcon_core.shell:create_environment_hook('micro_ros_agent', 'ld_library_path_lib')
[8.482s] INFO:colcon.colcon_core.shell:Creating environment hook '/home/iris/iris/iris_ws/install/micro_ros_agent/share/micro_ros_agent/hook/ld_library_path_lib.ps1'
[8.484s] INFO:colcon.colcon_core.shell:Creating environment descriptor '/home/iris/iris/iris_ws/install/micro_ros_agent/share/micro_ros_agent/hook/ld_library_path_lib.dsv'
[8.486s] INFO:colcon.colcon_core.shell:Creating environment hook '/home/iris/iris/iris_ws/install/micro_ros_agent/share/micro_ros_agent/hook/ld_library_path_lib.sh'
[8.489s] Level 1:colcon.colcon_core.environment:checking '/home/iris/iris/iris_ws/install/micro_ros_agent/bin'
[8.489s] Level 1:colcon.colcon_core.environment:checking '/home/iris/iris/iris_ws/install/micro_ros_agent/lib/pkgconfig/micro_ros_agent.pc'
[8.490s] Level 1:colcon.colcon_core.environment:checking '/home/iris/iris/iris_ws/install/micro_ros_agent/lib/python3.10/site-packages'
[8.491s] Level 1:colcon.colcon_core.environment:checking '/home/iris/iris/iris_ws/install/micro_ros_agent/bin'
[8.565s] INFO:colcon.colcon_core.shell:Creating package script '/home/iris/iris/iris_ws/install/micro_ros_agent/share/micro_ros_agent/package.ps1'
[8.567s] INFO:colcon.colcon_core.shell:Creating package descriptor '/home/iris/iris/iris_ws/install/micro_ros_agent/share/micro_ros_agent/package.dsv'
[8.570s] INFO:colcon.colcon_core.shell:Creating package script '/home/iris/iris/iris_ws/install/micro_ros_agent/share/micro_ros_agent/package.sh'
[8.572s] INFO:colcon.colcon_core.shell:Creating package script '/home/iris/iris/iris_ws/install/micro_ros_agent/share/micro_ros_agent/package.bash'
[8.574s] INFO:colcon.colcon_core.shell:Creating package script '/home/iris/iris/iris_ws/install/micro_ros_agent/share/micro_ros_agent/package.zsh'
[8.576s] Level 1:colcon.colcon_core.environment:create_file_with_runtime_dependencies(/home/iris/iris/iris_ws/install/micro_ros_agent/share/colcon-core/packages/micro_ros_agent)
[8.670s] Level 1:colcon.colcon_core.environment:create_environment_scripts_only(micro_ros_setup)
[8.766s] Level 1:colcon.colcon_core.environment:checking '/home/iris/iris/iris_ws/install/micro_ros_setup' for CMake module files
[8.772s] Level 1:colcon.colcon_core.environment:checking '/home/iris/iris/iris_ws/install/micro_ros_setup' for CMake config files
[8.782s] Level 1:colcon.colcon_core.shell:create_environment_hook('micro_ros_setup', 'cmake_prefix_path')
[8.911s] INFO:colcon.colcon_core.shell:Creating environment hook '/home/iris/iris/iris_ws/install/micro_ros_setup/share/micro_ros_setup/hook/cmake_prefix_path.ps1'
[8.913s] INFO:colcon.colcon_core.shell:Creating environment descriptor '/home/iris/iris/iris_ws/install/micro_ros_setup/share/micro_ros_setup/hook/cmake_prefix_path.dsv'
[8.915s] INFO:colcon.colcon_core.shell:Creating environment hook '/home/iris/iris/iris_ws/install/micro_ros_setup/share/micro_ros_setup/hook/cmake_prefix_path.sh'
[8.918s] Level 1:colcon.colcon_core.environment:checking '/home/iris/iris/iris_ws/install/micro_ros_setup/lib'
[8.918s] Level 1:colcon.colcon_core.environment:checking '/home/iris/iris/iris_ws/install/micro_ros_setup/bin'
[8.919s] Level 1:colcon.colcon_core.environment:checking '/home/iris/iris/iris_ws/install/micro_ros_setup/lib/pkgconfig/micro_ros_setup.pc'
[8.920s] Level 1:colcon.colcon_core.environment:checking '/home/iris/iris/iris_ws/install/micro_ros_setup/lib/python3.10/site-packages'
[8.921s] Level 1:colcon.colcon_core.environment:checking '/home/iris/iris/iris_ws/install/micro_ros_setup/bin'
[8.976s] INFO:colcon.colcon_core.shell:Creating package script '/home/iris/iris/iris_ws/install/micro_ros_setup/share/micro_ros_setup/package.ps1'
[8.978s] INFO:colcon.colcon_core.shell:Creating package descriptor '/home/iris/iris/iris_ws/install/micro_ros_setup/share/micro_ros_setup/package.dsv'
[8.980s] INFO:colcon.colcon_core.shell:Creating package script '/home/iris/iris/iris_ws/install/micro_ros_setup/share/micro_ros_setup/package.sh'
[8.983s] INFO:colcon.colcon_core.shell:Creating package script '/home/iris/iris/iris_ws/install/micro_ros_setup/share/micro_ros_setup/package.bash'
[8.984s] INFO:colcon.colcon_core.shell:Creating package script '/home/iris/iris/iris_ws/install/micro_ros_setup/share/micro_ros_setup/package.zsh'
[8.986s] Level 1:colcon.colcon_core.environment:create_file_with_runtime_dependencies(/home/iris/iris/iris_ws/install/micro_ros_setup/share/colcon-core/packages/micro_ros_setup)
[9.045s] Level 1:colcon.colcon_core.environment:create_environment_scripts_only(micro_ros_agent)
[9.100s] Level 1:colcon.colcon_core.environment:checking '/home/iris/iris/iris_ws/install/micro_ros_agent' for CMake module files
[9.103s] Level 1:colcon.colcon_core.environment:checking '/home/iris/iris/iris_ws/install/micro_ros_agent' for CMake config files
[9.105s] Level 1:colcon.colcon_core.shell:create_environment_hook('micro_ros_agent', 'cmake_prefix_path')
[9.163s] INFO:colcon.colcon_core.shell:Creating environment hook '/home/iris/iris/iris_ws/install/micro_ros_agent/share/micro_ros_agent/hook/cmake_prefix_path.ps1'
[9.165s] INFO:colcon.colcon_core.shell:Creating environment descriptor '/home/iris/iris/iris_ws/install/micro_ros_agent/share/micro_ros_agent/hook/cmake_prefix_path.dsv'
[9.166s] INFO:colcon.colcon_core.shell:Creating environment hook '/home/iris/iris/iris_ws/install/micro_ros_agent/share/micro_ros_agent/hook/cmake_prefix_path.sh'
[9.169s] Level 1:colcon.colcon_core.environment:checking '/home/iris/iris/iris_ws/install/micro_ros_agent/lib'
[9.170s] Level 1:colcon.colcon_core.shell:create_environment_hook('micro_ros_agent', 'ld_library_path_lib')
[9.221s] INFO:colcon.colcon_core.shell:Creating environment hook '/home/iris/iris/iris_ws/install/micro_ros_agent/share/micro_ros_agent/hook/ld_library_path_lib.ps1'
[9.223s] INFO:colcon.colcon_core.shell:Creating environment descriptor '/home/iris/iris/iris_ws/install/micro_ros_agent/share/micro_ros_agent/hook/ld_library_path_lib.dsv'
[9.224s] INFO:colcon.colcon_core.shell:Creating environment hook '/home/iris/iris/iris_ws/install/micro_ros_agent/share/micro_ros_agent/hook/ld_library_path_lib.sh'
[9.226s] Level 1:colcon.colcon_core.environment:checking '/home/iris/iris/iris_ws/install/micro_ros_agent/bin'
[9.227s] Level 1:colcon.colcon_core.environment:checking '/home/iris/iris/iris_ws/install/micro_ros_agent/lib/pkgconfig/micro_ros_agent.pc'
[9.228s] Level 1:colcon.colcon_core.environment:checking '/home/iris/iris/iris_ws/install/micro_ros_agent/lib/python3.10/site-packages'
[9.229s] Level 1:colcon.colcon_core.environment:checking '/home/iris/iris/iris_ws/install/micro_ros_agent/bin'
[9.283s] INFO:colcon.colcon_core.shell:Creating package script '/home/iris/iris/iris_ws/install/micro_ros_agent/share/micro_ros_agent/package.ps1'
[9.287s] INFO:colcon.colcon_core.shell:Creating package descriptor '/home/iris/iris/iris_ws/install/micro_ros_agent/share/micro_ros_agent/package.dsv'
[9.290s] INFO:colcon.colcon_core.shell:Creating package script '/home/iris/iris/iris_ws/install/micro_ros_agent/share/micro_ros_agent/package.sh'
[9.293s] INFO:colcon.colcon_core.shell:Creating package script '/home/iris/iris/iris_ws/install/micro_ros_agent/share/micro_ros_agent/package.bash'
[9.296s] INFO:colcon.colcon_core.shell:Creating package script '/home/iris/iris/iris_ws/install/micro_ros_agent/share/micro_ros_agent/package.zsh'
[9.299s] Level 1:colcon.colcon_core.environment:create_file_with_runtime_dependencies(/home/iris/iris/iris_ws/install/micro_ros_agent/share/colcon-core/packages/micro_ros_agent)
[9.314s] DEBUG:colcon.colcon_core.event_handler.log_command:Invoking command in '/home/iris/iris/iris_ws/build/iris_vision': PYTHONPATH=/home/iris/iris/iris_ws/build/iris_vision/prefix_override:/home/iris/iris/iris_ws/install/iris_vision/lib/python3.10/site-packages:${PYTHONPATH} /usr/bin/python3 setup.py develop --editable --build-directory /home/iris/iris/iris_ws/build/iris_vision/build --no-deps install_data
[11.243s] Level 1:colcon.colcon_core.shell:create_environment_hook('iris_vision', 'pythonpath_develop')
[11.244s] DEBUG:colcon.colcon_core.event_handler.log_command:Invoked command in '/home/iris/iris/iris_ws/build/iris_vision' returned '0': PYTHONPATH=/home/iris/iris/iris_ws/build/iris_vision/prefix_override:/home/iris/iris/iris_ws/install/iris_vision/lib/python3.10/site-packages:${PYTHONPATH} /usr/bin/python3 setup.py develop --editable --build-directory /home/iris/iris/iris_ws/build/iris_vision/build --no-deps install_data
[11.308s] INFO:colcon.colcon_core.shell:Creating environment hook '/home/iris/iris/iris_ws/build/iris_vision/share/iris_vision/hook/pythonpath_develop.ps1'
[11.310s] INFO:colcon.colcon_core.shell:Creating environment descriptor '/home/iris/iris/iris_ws/build/iris_vision/share/iris_vision/hook/pythonpath_develop.dsv'
[11.311s] INFO:colcon.colcon_core.shell:Creating environment hook '/home/iris/iris/iris_ws/build/iris_vision/share/iris_vision/hook/pythonpath_develop.sh'
[11.365s] Level 1:colcon.colcon_core.environment:checking '/home/iris/iris/iris_ws/install/iris_vision' for CMake module files
[11.368s] Level 1:colcon.colcon_core.environment:checking '/home/iris/iris/iris_ws/install/iris_vision' for CMake config files
[11.371s] Level 1:colcon.colcon_core.environment:checking '/home/iris/iris/iris_ws/install/iris_vision/lib'
[11.371s] Level 1:colcon.colcon_core.environment:checking '/home/iris/iris/iris_ws/install/iris_vision/bin'
[11.372s] Level 1:colcon.colcon_core.environment:checking '/home/iris/iris/iris_ws/install/iris_vision/lib/pkgconfig/iris_vision.pc'
[11.373s] Level 1:colcon.colcon_core.environment:checking '/home/iris/iris/iris_ws/install/iris_vision/lib/python3.10/site-packages'
[11.373s] Level 1:colcon.colcon_core.shell:create_environment_hook('iris_vision', 'pythonpath')
[11.464s] INFO:colcon.colcon_core.shell:Creating environment hook '/home/iris/iris/iris_ws/install/iris_vision/share/iris_vision/hook/pythonpath.ps1'
[11.466s] INFO:colcon.colcon_core.shell:Creating environment descriptor '/home/iris/iris/iris_ws/install/iris_vision/share/iris_vision/hook/pythonpath.dsv'
[11.468s] INFO:colcon.colcon_core.shell:Creating environment hook '/home/iris/iris/iris_ws/install/iris_vision/share/iris_vision/hook/pythonpath.sh'
[11.470s] Level 1:colcon.colcon_core.environment:checking '/home/iris/iris/iris_ws/install/iris_vision/bin'
[11.471s] Level 1:colcon.colcon_core.environment:create_environment_scripts_only(iris_vision)
[11.528s] INFO:colcon.colcon_core.shell:Creating package script '/home/iris/iris/iris_ws/install/iris_vision/share/iris_vision/package.ps1'
[11.530s] INFO:colcon.colcon_core.shell:Creating package descriptor '/home/iris/iris/iris_ws/install/iris_vision/share/iris_vision/package.dsv'
[11.532s] INFO:colcon.colcon_core.shell:Creating package script '/home/iris/iris/iris_ws/install/iris_vision/share/iris_vision/package.sh'
[11.535s] INFO:colcon.colcon_core.shell:Creating package script '/home/iris/iris/iris_ws/install/iris_vision/share/iris_vision/package.bash'
[11.537s] INFO:colcon.colcon_core.shell:Creating package script '/home/iris/iris/iris_ws/install/iris_vision/share/iris_vision/package.zsh'
[11.539s] Level 1:colcon.colcon_core.environment:create_file_with_runtime_dependencies(/home/iris/iris/iris_ws/install/iris_vision/share/colcon-core/packages/iris_vision)
[11.540s] DEBUG:colcon.colcon_parallel_executor.executor.parallel:closing loop
[11.542s] DEBUG:colcon.colcon_parallel_executor.executor.parallel:loop closed
[11.543s] DEBUG:colcon.colcon_parallel_executor.executor.parallel:run_until_complete finished with '0'
[11.543s] DEBUG:colcon.colcon_core.event_reactor:joining thread
[11.636s] INFO:colcon.colcon_core.plugin_system:Skipping extension 'colcon_notification.desktop_notification.terminal_notifier': Not used on non-Darwin systems
[11.636s] INFO:colcon.colcon_core.plugin_system:Skipping extension 'colcon_notification.desktop_notification.win32': Not used on non-Windows systems
[11.636s] INFO:colcon.colcon_notification.desktop_notification:Sending desktop notification using 'notify2'
[11.679s] DEBUG:colcon.colcon_core.event_reactor:joined thread
[11.757s] INFO:colcon.colcon_core.shell:Creating prefix script '/home/iris/iris/iris_ws/install/local_setup.ps1'
[11.763s] INFO:colcon.colcon_core.shell:Creating prefix util module '/home/iris/iris/iris_ws/install/_local_setup_util_ps1.py'
[11.770s] INFO:colcon.colcon_core.shell:Creating prefix chain script '/home/iris/iris/iris_ws/install/setup.ps1'
[11.843s] INFO:colcon.colcon_core.shell:Creating prefix script '/home/iris/iris/iris_ws/install/local_setup.sh'
[11.845s] INFO:colcon.colcon_core.shell:Creating prefix util module '/home/iris/iris/iris_ws/install/_local_setup_util_sh.py'
[11.847s] INFO:colcon.colcon_core.shell:Creating prefix chain script '/home/iris/iris/iris_ws/install/setup.sh'
[11.905s] INFO:colcon.colcon_core.shell:Creating prefix script '/home/iris/iris/iris_ws/install/local_setup.bash'
[11.908s] INFO:colcon.colcon_core.shell:Creating prefix chain script '/home/iris/iris/iris_ws/install/setup.bash'
[11.965s] INFO:colcon.colcon_core.shell:Creating prefix script '/home/iris/iris/iris_ws/install/local_setup.zsh'
[11.968s] INFO:colcon.colcon_core.shell:Creating prefix chain script '/home/iris/iris/iris_ws/install/setup.zsh'
