[5.043s] Invoking command in '/home/iris/iris/iris_ws/build/iris_vision': PYTHONPATH=/home/iris/iris/iris_ws/build/iris_vision/prefix_override:/home/iris/iris/iris_ws/install/iris_vision/lib/python3.10/site-packages:${PYTHONPATH} /usr/bin/python3 setup.py develop --editable --build-directory /home/iris/iris/iris_ws/build/iris_vision/build --no-deps install_data
[7.004s] running develop
[7.023s] /usr/lib/python3/dist-packages/setuptools/command/easy_install.py:158: EasyInstallDeprecationWarning: easy_install command is deprecated. Use build and pip and other standards-based tools.
[7.025s]   warnings.warn(
[7.029s] /usr/lib/python3/dist-packages/setuptools/command/install.py:34: SetuptoolsDeprecationWarning: setup.py install is deprecated. Use build and pip and other standards-based tools.
[7.030s]   warnings.warn(
[7.932s] running egg_info
[7.936s] writing iris_vision.egg-info/PKG-INFO
[7.938s] writing dependency_links to iris_vision.egg-info/dependency_links.txt
[7.939s] writing entry points to iris_vision.egg-info/entry_points.txt
[7.944s] writing requirements to iris_vision.egg-info/requires.txt
[7.945s] writing top-level names to iris_vision.egg-info/top_level.txt
[7.948s] reading manifest file 'iris_vision.egg-info/SOURCES.txt'
[7.954s] writing manifest file 'iris_vision.egg-info/SOURCES.txt'
[7.962s] running build_ext
[7.963s] Creating /home/iris/iris/iris_ws/install/iris_vision/lib/python3.10/site-packages/iris-vision.egg-link (link to .)
[7.968s] Installing Aruco_Tracking script to /home/iris/iris/iris_ws/install/iris_vision/lib/iris_vision
[7.992s] Installing DSLR_handler script to /home/iris/iris/iris_ws/install/iris_vision/lib/iris_vision
[8.001s] Installing FaceTracking script to /home/iris/iris/iris_ws/install/iris_vision/lib/iris_vision
[8.003s] Installing FaceTracking_headless script to /home/iris/iris/iris_ws/install/iris_vision/lib/iris_vision
[8.005s] Installing facetracking_motioncoltrol script to /home/iris/iris/iris_ws/install/iris_vision/lib/iris_vision
[8.008s] Installing iris_joy_control script to /home/iris/iris/iris_ws/install/iris_vision/lib/iris_vision
[8.025s] Installing listener script to /home/iris/iris/iris_ws/install/iris_vision/lib/iris_vision
[8.027s] Installing talker script to /home/iris/iris/iris_ws/install/iris_vision/lib/iris_vision
[8.029s] 
[8.039s] Installed /home/iris/iris/iris_ws/build/iris_vision
[8.043s] running install_data
[8.291s] Invoked command in '/home/iris/iris/iris_ws/build/iris_vision' returned '0': PYTHONPATH=/home/iris/iris/iris_ws/build/iris_vision/prefix_override:/home/iris/iris/iris_ws/install/iris_vision/lib/python3.10/site-packages:${PYTHONPATH} /usr/bin/python3 setup.py develop --editable --build-directory /home/iris/iris/iris_ws/build/iris_vision/build --no-deps install_data
