[1.187s] Invoking command in '/home/iris/iris/iris_ws/build/example_2': CMAKE_PREFIX_PATH=${CMAKE_PREFIX_PATH}:/home/iris/iris/iris_ws/install/iris_vision:/opt/ros/humble /usr/bin/cmake /home/iris/iris/iris_ws/src/example_2 -DAMENT_CMAKE_SYMLINK_INSTALL=1 -DCMAKE_INSTALL_PREFIX=/home/iris/iris/iris_ws/install/example_2
[2.924s] -- The CXX compiler identification is GNU 11.4.0
[2.925s] -- Detecting CXX compiler ABI info
[2.925s] -- Detecting CXX compiler ABI info - done
[2.926s] -- Check for working CXX compiler: /usr/bin/c++ - skipped
[2.926s] -- Detecting CXX compile features
[2.926s] -- Detecting CXX compile features - done
[2.927s] -- Found ament_cmake: 1.3.7 (/opt/ros/humble/share/ament_cmake/cmake)
[3.042s] -- Found Python3: /usr/bin/python3.10 (found version "3.10.12") found components: Interpreter 
[3.522s] -- Override CMake install command with custom implementation using symlinks instead of copying resources
[4.246s] -- Found hardware_interface: 2.40.0 (/opt/ros/humble/share/hardware_interface/cmake)
[4.797s] -- Found rosidl_generator_c: 3.1.5 (/opt/ros/humble/share/rosidl_generator_c/cmake)
[4.881s] -- Found rosidl_adapter: 3.1.5 (/opt/ros/humble/share/rosidl_adapter/cmake)
[4.989s] -- Found rosidl_generator_cpp: 3.1.5 (/opt/ros/humble/share/rosidl_generator_cpp/cmake)
[5.135s] -- Using all available rosidl_typesupport_c: rosidl_typesupport_fastrtps_c;rosidl_typesupport_introspection_c
[5.294s] -- Using all available rosidl_typesupport_cpp: rosidl_typesupport_fastrtps_cpp;rosidl_typesupport_introspection_cpp
[9.199s] -- Found rmw_implementation_cmake: 6.1.1 (/opt/ros/humble/share/rmw_implementation_cmake/cmake)
[9.238s] -- Found rmw_fastrtps_cpp: 6.2.6 (/opt/ros/humble/share/rmw_fastrtps_cpp/cmake)
[9.514s] -- Found TinyXML2 via Config file: TinyXML2_DIR-NOTFOUND
[9.787s] -- Found OpenSSL: /usr/lib/aarch64-linux-gnu/libcrypto.so (found version "3.0.2")  
[9.801s] -- Found TinyXML2 via Config file: TinyXML2_DIR-NOTFOUND
[9.874s] -- Found FastRTPS: /opt/ros/humble/include  
[9.909s] -- Found TinyXML2 via Config file: TinyXML2_DIR-NOTFOUND
[9.944s] -- Found TinyXML2 via Config file: TinyXML2_DIR-NOTFOUND
[9.984s] -- Using RMW implementation 'rmw_fastrtps_cpp' as default
[10.093s] -- Looking for C++ include pthread.h
[10.486s] -- Looking for C++ include pthread.h - found
[10.488s] -- Performing Test CMAKE_HAVE_LIBC_PTHREAD
[10.895s] -- Performing Test CMAKE_HAVE_LIBC_PTHREAD - Success
[10.902s] -- Found Threads: TRUE  
[11.822s] -- Found ament_cmake_pytest: 1.3.7 (/opt/ros/humble/share/ament_cmake_pytest/cmake)
[14.839s] [31mCMake Error at /opt/ros/humble/share/ament_cmake_core/cmake/core/ament_package_xml.cmake:53 (message):
[14.840s]   ament_package_xml() package name 'example_2' in '/package.xml' does not
[14.840s]   match current PROJECT_NAME 'ros2_control_demo_example_2'.  You must call
[14.841s]   project() with the same package name before.
[14.841s] Call Stack (most recent call first):
[14.841s]   /opt/ros/humble/share/ament_cmake_core/cmake/core/ament_package.cmake:63 (ament_package_xml)
[14.842s]   CMakeLists.txt:76 (ament_package)
[14.842s] 
[14.843s] [0m
[14.844s] -- Configuring incomplete, errors occurred!
[14.844s] See also "/home/iris/iris/iris_ws/build/example_2/CMakeFiles/CMakeOutput.log".
[14.878s] Invoked command in '/home/iris/iris/iris_ws/build/example_2' returned '1': CMAKE_PREFIX_PATH=${CMAKE_PREFIX_PATH}:/home/iris/iris/iris_ws/install/iris_vision:/opt/ros/humble /usr/bin/cmake /home/iris/iris/iris_ws/src/example_2 -DAMENT_CMAKE_SYMLINK_INSTALL=1 -DCMAKE_INSTALL_PREFIX=/home/iris/iris/iris_ws/install/example_2
