[1.177s] Invoking command in '/home/iris/iris/iris_ws/build/ros2_control_demo_example_12': AMENT_PREFIX_PATH=/home/iris/iris/iris_ws/install/ros2_control_demo_description:${AMENT_PREFIX_PATH} CMAKE_PREFIX_PATH=/home/iris/iris/iris_ws/install/ros2_control_demo_description:/home/iris/iris/iris_ws/install/sllidar_ros2:/home/iris/iris/iris_ws/install/ros2_control_demo_example_2:/home/iris/iris/iris_ws/install/ralph6:/home/iris/iris/iris_ws/install/odrive_ros2_control:/home/iris/iris/iris_ws/install/odrive_hardware_interface:/home/iris/iris/iris_ws/install/odrive_demo_bringup:/home/iris/iris/iris_ws/install/odrive_demo_description:/home/iris/iris/iris_ws/install/micro_ros_setup:/home/iris/iris/iris_ws/install/micro_ros_agent:/home/iris/iris/iris_ws/install/micro_ros_msgs:/home/iris/iris/iris_ws/install/iris:/home/iris/iris/iris_ws/install/iris_vision:/opt/ros/humble /usr/bin/cmake /home/iris/iris/iris_ws/src/ros2_control_demos/example_12 -DAMENT_CMAKE_SYMLINK_INSTALL=1 -DCMAKE_INSTALL_PREFIX=/home/iris/iris/iris_ws/install/ros2_control_demo_example_12
[2.029s] -- The CXX compiler identification is GNU 11.4.0
[2.116s] -- Detecting CXX compiler ABI info
[2.827s] -- Detecting CXX compiler ABI info - done
[2.894s] -- Check for working CXX compiler: /usr/bin/c++ - skipped
[2.907s] -- Detecting CXX compile features
[2.910s] -- Detecting CXX compile features - done
[3.000s] -- Found ament_cmake: 1.3.7 (/opt/ros/humble/share/ament_cmake/cmake)
[5.073s] -- Found Python3: /usr/bin/python3.10 (found version "3.10.12") found components: Interpreter 
[5.666s] -- Override CMake install command with custom implementation using symlinks instead of copying resources
[6.354s] -- Found hardware_interface: 2.40.0 (/opt/ros/humble/share/hardware_interface/cmake)
[7.172s] -- Found rosidl_generator_c: 3.1.5 (/opt/ros/humble/share/rosidl_generator_c/cmake)
[7.279s] -- Found rosidl_adapter: 3.1.5 (/opt/ros/humble/share/rosidl_adapter/cmake)
[7.428s] -- Found rosidl_generator_cpp: 3.1.5 (/opt/ros/humble/share/rosidl_generator_cpp/cmake)
[7.613s] -- Using all available rosidl_typesupport_c: rosidl_typesupport_fastrtps_c;rosidl_typesupport_introspection_c
[7.864s] -- Using all available rosidl_typesupport_cpp: rosidl_typesupport_fastrtps_cpp;rosidl_typesupport_introspection_cpp
[13.444s] -- Found rmw_implementation_cmake: 6.1.1 (/opt/ros/humble/share/rmw_implementation_cmake/cmake)
[13.498s] -- Found rmw_fastrtps_cpp: 6.2.6 (/opt/ros/humble/share/rmw_fastrtps_cpp/cmake)
[13.913s] -- Found TinyXML2 via Config file: TinyXML2_DIR-NOTFOUND
[14.318s] -- Found OpenSSL: /usr/lib/aarch64-linux-gnu/libcrypto.so (found version "3.0.2")  
[14.334s] -- Found TinyXML2 via Config file: TinyXML2_DIR-NOTFOUND
[14.426s] -- Found FastRTPS: /opt/ros/humble/include  
[14.475s] -- Found TinyXML2 via Config file: TinyXML2_DIR-NOTFOUND
[14.522s] -- Found TinyXML2 via Config file: TinyXML2_DIR-NOTFOUND
[14.590s] -- Using RMW implementation 'rmw_fastrtps_cpp' as default
[14.740s] -- Looking for C++ include pthread.h
[15.383s] -- Looking for C++ include pthread.h - found
[15.397s] -- Performing Test CMAKE_HAVE_LIBC_PTHREAD
[16.166s] -- Performing Test CMAKE_HAVE_LIBC_PTHREAD - Success
[16.167s] -- Found Threads: TRUE  
[17.081s] -- Found generate_parameter_library: 0.3.7 (/opt/ros/humble/share/generate_parameter_library/cmake)
[17.124s] -- Found parameter_traits: 0.3.7 (/opt/ros/humble/share/parameter_traits/cmake)
[17.480s] -- Found controller_interface: 2.40.0 (/opt/ros/humble/share/controller_interface/cmake)
[17.890s] -- Found realtime_tools: 2.5.0 (/opt/ros/humble/share/realtime_tools/cmake)
[20.141s] -- Found ament_cmake_pytest: 1.3.7 (/opt/ros/humble/share/ament_cmake_pytest/cmake)
[24.169s] -- Configuring done
[24.474s] -- Generating done
[24.484s] -- Build files have been written to: /home/iris/iris/iris_ws/build/ros2_control_demo_example_12
