[0.914s] Invoking command in '/home/iris/iris/iris_ws/build/odrive_ros2_control': CMAKE_PREFIX_PATH=/home/iris/iris/iris_ws/install/odrive_demo_bringup:/home/iris/iris/iris_ws/install/odrive_hardware_interface:/home/iris/iris/iris_ws/install/odrive_demo_description:/home/iris/iris/iris_ws/install/sllidar_ros2:/home/iris/iris/iris_ws/install/ralph6:/home/iris/iris/iris_ws/install/odrive_ros2_control:/home/iris/iris/iris_ws/install/micro_ros_setup:/home/iris/iris/iris_ws/install/micro_ros_agent:/home/iris/iris/iris_ws/install/micro_ros_msgs:/home/iris/iris/iris_ws/install/iris:/home/iris/iris/iris_ws/install/iris_vision:/opt/ros/humble /usr/bin/cmake --build /home/iris/iris/iris_ws/build/odrive_ros2_control -- -j4 -l4
[1.249s] Invoked command in '/home/iris/iris/iris_ws/build/odrive_ros2_control' returned '0': CMAKE_PREFIX_PATH=/home/iris/iris/iris_ws/install/odrive_demo_bringup:/home/iris/iris/iris_ws/install/odrive_hardware_interface:/home/iris/iris/iris_ws/install/odrive_demo_description:/home/iris/iris/iris_ws/install/sllidar_ros2:/home/iris/iris/iris_ws/install/ralph6:/home/iris/iris/iris_ws/install/odrive_ros2_control:/home/iris/iris/iris_ws/install/micro_ros_setup:/home/iris/iris/iris_ws/install/micro_ros_agent:/home/iris/iris/iris_ws/install/micro_ros_msgs:/home/iris/iris/iris_ws/install/iris:/home/iris/iris/iris_ws/install/iris_vision:/opt/ros/humble /usr/bin/cmake --build /home/iris/iris/iris_ws/build/odrive_ros2_control -- -j4 -l4
[1.596s] Invoking command in '/home/iris/iris/iris_ws/build/odrive_ros2_control': CMAKE_PREFIX_PATH=/home/iris/iris/iris_ws/install/odrive_demo_bringup:/home/iris/iris/iris_ws/install/odrive_hardware_interface:/home/iris/iris/iris_ws/install/odrive_demo_description:/home/iris/iris/iris_ws/install/sllidar_ros2:/home/iris/iris/iris_ws/install/ralph6:/home/iris/iris/iris_ws/install/odrive_ros2_control:/home/iris/iris/iris_ws/install/micro_ros_setup:/home/iris/iris/iris_ws/install/micro_ros_agent:/home/iris/iris/iris_ws/install/micro_ros_msgs:/home/iris/iris/iris_ws/install/iris:/home/iris/iris/iris_ws/install/iris_vision:/opt/ros/humble /usr/bin/cmake --install /home/iris/iris/iris_ws/build/odrive_ros2_control
[1.624s] -- Install configuration: ""
[1.626s] -- Execute custom install script
[1.629s] -- Up-to-date symlink: /home/iris/iris/iris_ws/install/odrive_ros2_control/share/ament_index/resource_index/package_run_dependencies/odrive_ros2_control
[1.631s] -- Up-to-date symlink: /home/iris/iris/iris_ws/install/odrive_ros2_control/share/ament_index/resource_index/parent_prefix_path/odrive_ros2_control
[1.632s] -- Up-to-date symlink: /home/iris/iris/iris_ws/install/odrive_ros2_control/share/odrive_ros2_control/environment/ament_prefix_path.sh
[1.633s] -- Up-to-date symlink: /home/iris/iris/iris_ws/install/odrive_ros2_control/share/odrive_ros2_control/environment/ament_prefix_path.dsv
[1.634s] -- Up-to-date symlink: /home/iris/iris/iris_ws/install/odrive_ros2_control/share/odrive_ros2_control/environment/path.sh
[1.635s] -- Up-to-date symlink: /home/iris/iris/iris_ws/install/odrive_ros2_control/share/odrive_ros2_control/environment/path.dsv
[1.637s] -- Up-to-date symlink: /home/iris/iris/iris_ws/install/odrive_ros2_control/share/odrive_ros2_control/local_setup.bash
[1.638s] -- Up-to-date symlink: /home/iris/iris/iris_ws/install/odrive_ros2_control/share/odrive_ros2_control/local_setup.sh
[1.639s] -- Up-to-date symlink: /home/iris/iris/iris_ws/install/odrive_ros2_control/share/odrive_ros2_control/local_setup.zsh
[1.640s] -- Up-to-date symlink: /home/iris/iris/iris_ws/install/odrive_ros2_control/share/odrive_ros2_control/local_setup.dsv
[1.642s] -- Symlinking: /home/iris/iris/iris_ws/install/odrive_ros2_control/share/odrive_ros2_control/package.dsv
[1.676s] -- Up-to-date symlink: /home/iris/iris/iris_ws/install/odrive_ros2_control/share/ament_index/resource_index/packages/odrive_ros2_control
[1.677s] -- Up-to-date symlink: /home/iris/iris/iris_ws/install/odrive_ros2_control/share/odrive_ros2_control/cmake/odrive_ros2_controlConfig.cmake
[1.678s] -- Up-to-date symlink: /home/iris/iris/iris_ws/install/odrive_ros2_control/share/odrive_ros2_control/cmake/odrive_ros2_controlConfig-version.cmake
[1.679s] -- Up-to-date symlink: /home/iris/iris/iris_ws/install/odrive_ros2_control/share/odrive_ros2_control/package.xml
[1.686s] Invoked command in '/home/iris/iris/iris_ws/build/odrive_ros2_control' returned '0': CMAKE_PREFIX_PATH=/home/iris/iris/iris_ws/install/odrive_demo_bringup:/home/iris/iris/iris_ws/install/odrive_hardware_interface:/home/iris/iris/iris_ws/install/odrive_demo_description:/home/iris/iris/iris_ws/install/sllidar_ros2:/home/iris/iris/iris_ws/install/ralph6:/home/iris/iris/iris_ws/install/odrive_ros2_control:/home/iris/iris/iris_ws/install/micro_ros_setup:/home/iris/iris/iris_ws/install/micro_ros_agent:/home/iris/iris/iris_ws/install/micro_ros_msgs:/home/iris/iris/iris_ws/install/iris:/home/iris/iris/iris_ws/install/iris_vision:/opt/ros/humble /usr/bin/cmake --install /home/iris/iris/iris_ws/build/odrive_ros2_control
