[1.009s] Invoking command in '/home/iris/iris/iris_ws/build/odrive_ros2_control': CMAKE_PREFIX_PATH=/home/iris/iris/iris_ws/install/odrive_demo_bringup:/home/iris/iris/iris_ws/install/odrive_hardware_interface:/home/iris/iris/iris_ws/install/odrive_demo_description:/home/iris/iris/iris_ws/install/odrive_ros2_control:/home/iris/iris/iris_ws/install/sllidar_ros2:/home/iris/iris/iris_ws/install/ralph6:/home/iris/iris/iris_ws/install/micro_ros_setup:/home/iris/iris/iris_ws/install/micro_ros_agent:/home/iris/iris/iris_ws/install/micro_ros_msgs:/home/iris/iris/iris_ws/install/iris:/home/iris/iris/iris_ws/install/iris_vision:/opt/ros/humble /usr/bin/cmake --build /home/iris/iris/iris_ws/build/odrive_ros2_control -- -j4 -l4
[1.408s] Invoked command in '/home/iris/iris/iris_ws/build/odrive_ros2_control' returned '0': CMAKE_PREFIX_PATH=/home/iris/iris/iris_ws/install/odrive_demo_bringup:/home/iris/iris/iris_ws/install/odrive_hardware_interface:/home/iris/iris/iris_ws/install/odrive_demo_description:/home/iris/iris/iris_ws/install/odrive_ros2_control:/home/iris/iris/iris_ws/install/sllidar_ros2:/home/iris/iris/iris_ws/install/ralph6:/home/iris/iris/iris_ws/install/micro_ros_setup:/home/iris/iris/iris_ws/install/micro_ros_agent:/home/iris/iris/iris_ws/install/micro_ros_msgs:/home/iris/iris/iris_ws/install/iris:/home/iris/iris/iris_ws/install/iris_vision:/opt/ros/humble /usr/bin/cmake --build /home/iris/iris/iris_ws/build/odrive_ros2_control -- -j4 -l4
[1.561s] Invoking command in '/home/iris/iris/iris_ws/build/odrive_ros2_control': CMAKE_PREFIX_PATH=/home/iris/iris/iris_ws/install/odrive_demo_bringup:/home/iris/iris/iris_ws/install/odrive_hardware_interface:/home/iris/iris/iris_ws/install/odrive_demo_description:/home/iris/iris/iris_ws/install/odrive_ros2_control:/home/iris/iris/iris_ws/install/sllidar_ros2:/home/iris/iris/iris_ws/install/ralph6:/home/iris/iris/iris_ws/install/micro_ros_setup:/home/iris/iris/iris_ws/install/micro_ros_agent:/home/iris/iris/iris_ws/install/micro_ros_msgs:/home/iris/iris/iris_ws/install/iris:/home/iris/iris/iris_ws/install/iris_vision:/opt/ros/humble /usr/bin/cmake --install /home/iris/iris/iris_ws/build/odrive_ros2_control
[1.577s] -- Install configuration: ""
[1.578s] -- Up-to-date: /home/iris/iris/iris_ws/install/odrive_ros2_control/share/ament_index/resource_index/package_run_dependencies/odrive_ros2_control
[1.583s] -- Up-to-date: /home/iris/iris/iris_ws/install/odrive_ros2_control/share/ament_index/resource_index/parent_prefix_path/odrive_ros2_control
[1.586s] -- Up-to-date: /home/iris/iris/iris_ws/install/odrive_ros2_control/share/odrive_ros2_control/environment/ament_prefix_path.sh
[1.589s] -- Up-to-date: /home/iris/iris/iris_ws/install/odrive_ros2_control/share/odrive_ros2_control/environment/ament_prefix_path.dsv
[1.591s] -- Up-to-date: /home/iris/iris/iris_ws/install/odrive_ros2_control/share/odrive_ros2_control/environment/path.sh
[1.591s] -- Up-to-date: /home/iris/iris/iris_ws/install/odrive_ros2_control/share/odrive_ros2_control/environment/path.dsv
[1.593s] -- Up-to-date: /home/iris/iris/iris_ws/install/odrive_ros2_control/share/odrive_ros2_control/local_setup.bash
[1.594s] -- Up-to-date: /home/iris/iris/iris_ws/install/odrive_ros2_control/share/odrive_ros2_control/local_setup.sh
[1.596s] -- Up-to-date: /home/iris/iris/iris_ws/install/odrive_ros2_control/share/odrive_ros2_control/local_setup.zsh
[1.599s] -- Up-to-date: /home/iris/iris/iris_ws/install/odrive_ros2_control/share/odrive_ros2_control/local_setup.dsv
[1.600s] -- Installing: /home/iris/iris/iris_ws/install/odrive_ros2_control/share/odrive_ros2_control/package.dsv
[1.600s] -- Up-to-date: /home/iris/iris/iris_ws/install/odrive_ros2_control/share/ament_index/resource_index/packages/odrive_ros2_control
[1.601s] -- Up-to-date: /home/iris/iris/iris_ws/install/odrive_ros2_control/share/odrive_ros2_control/cmake/odrive_ros2_controlConfig.cmake
[1.602s] -- Up-to-date: /home/iris/iris/iris_ws/install/odrive_ros2_control/share/odrive_ros2_control/cmake/odrive_ros2_controlConfig-version.cmake
[1.603s] -- Up-to-date: /home/iris/iris/iris_ws/install/odrive_ros2_control/share/odrive_ros2_control/package.xml
[1.827s] Invoked command in '/home/iris/iris/iris_ws/build/odrive_ros2_control' returned '0': CMAKE_PREFIX_PATH=/home/iris/iris/iris_ws/install/odrive_demo_bringup:/home/iris/iris/iris_ws/install/odrive_hardware_interface:/home/iris/iris/iris_ws/install/odrive_demo_description:/home/iris/iris/iris_ws/install/odrive_ros2_control:/home/iris/iris/iris_ws/install/sllidar_ros2:/home/iris/iris/iris_ws/install/ralph6:/home/iris/iris/iris_ws/install/micro_ros_setup:/home/iris/iris/iris_ws/install/micro_ros_agent:/home/iris/iris/iris_ws/install/micro_ros_msgs:/home/iris/iris/iris_ws/install/iris:/home/iris/iris/iris_ws/install/iris_vision:/opt/ros/humble /usr/bin/cmake --install /home/iris/iris/iris_ws/build/odrive_ros2_control
