[4.171s] DEBUG:colcon:Command line arguments: ['/usr/bin/colcon', 'build', '--symlink-install']
[4.172s] DEBUG:colcon:Parsed command line arguments: Namespace(log_base=None, log_level=None, verb_name='build', build_base='build', install_base='install', merge_install=False, symlink_install=True, test_result_base=None, continue_on_error=False, executor='parallel', parallel_workers=4, event_handlers=None, ignore_user_meta=False, metas=['./colcon.meta'], base_paths=['.'], packages_ignore=None, packages_ignore_regex=None, paths=None, packages_up_to=None, packages_up_to_regex=None, packages_above=None, packages_above_and_dependencies=None, packages_above_depth=None, packages_select_by_dep=None, packages_skip_by_dep=None, packages_skip_up_to=None, packages_select_build_failed=False, packages_skip_build_finished=False, packages_select_test_failures=False, packages_skip_test_passed=False, packages_select=None, packages_skip=None, packages_select_regex=None, packages_skip_regex=None, packages_start=None, packages_end=None, allow_overriding=[], cmake_args=None, cmake_target=None, cmake_target_skip_unavailable=False, cmake_clean_cache=False, cmake_clean_first=False, cmake_force_configure=False, ament_cmake_args=None, catkin_cmake_args=None, catkin_skip_building_tests=False, verb_parser=<colcon_defaults.argument_parser.defaults.DefaultArgumentsDecorator object at 0xffffbab1e2c0>, verb_extension=<colcon_core.verb.build.BuildVerb object at 0xffffbadf7eb0>, main=<bound method BuildVerb.main of <colcon_core.verb.build.BuildVerb object at 0xffffbadf7eb0>>)
[4.370s] Level 1:colcon.colcon_core.package_discovery:discover_packages(colcon_meta) check parameters
[4.370s] Level 1:colcon.colcon_core.package_discovery:discover_packages(recursive) check parameters
[4.371s] Level 1:colcon.colcon_core.package_discovery:discover_packages(ignore) check parameters
[4.371s] Level 1:colcon.colcon_core.package_discovery:discover_packages(path) check parameters
[4.371s] Level 1:colcon.colcon_core.package_discovery:discover_packages(colcon_meta) discover
[4.371s] Level 1:colcon.colcon_core.package_discovery:discover_packages(recursive) discover
[4.371s] INFO:colcon.colcon_core.package_discovery:Crawling recursively for packages in '/home/iris/iris/iris_ws'
[4.372s] Level 1:colcon.colcon_core.package_identification:_identify(.) by extensions ['ignore', 'ignore_ament_install']
[4.372s] Level 1:colcon.colcon_core.package_identification:_identify(.) by extension 'ignore'
[4.372s] Level 1:colcon.colcon_core.package_identification:_identify(.) by extension 'ignore_ament_install'
[4.372s] Level 1:colcon.colcon_core.package_identification:_identify(.) by extensions ['colcon_pkg']
[4.373s] Level 1:colcon.colcon_core.package_identification:_identify(.) by extension 'colcon_pkg'
[4.373s] Level 1:colcon.colcon_core.package_identification:_identify(.) by extensions ['colcon_meta']
[4.373s] Level 1:colcon.colcon_core.package_identification:_identify(.) by extension 'colcon_meta'
[4.373s] Level 1:colcon.colcon_core.package_identification:_identify(.) by extensions ['ros']
[4.373s] Level 1:colcon.colcon_core.package_identification:_identify(.) by extension 'ros'
[4.423s] Level 1:colcon.colcon_core.package_identification:_identify(.) by extensions ['cmake', 'python']
[4.424s] Level 1:colcon.colcon_core.package_identification:_identify(.) by extension 'cmake'
[4.424s] Level 1:colcon.colcon_core.package_identification:_identify(.) by extension 'python'
[4.425s] Level 1:colcon.colcon_core.package_identification:_identify(.) by extensions ['python_setup_py']
[4.425s] Level 1:colcon.colcon_core.package_identification:_identify(.) by extension 'python_setup_py'
[4.426s] Level 1:colcon.colcon_core.package_identification:_identify(build) by extensions ['ignore', 'ignore_ament_install']
[4.426s] Level 1:colcon.colcon_core.package_identification:_identify(build) by extension 'ignore'
[4.426s] Level 1:colcon.colcon_core.package_identification:_identify(build) ignored
[4.427s] Level 1:colcon.colcon_core.package_identification:_identify(install) by extensions ['ignore', 'ignore_ament_install']
[4.427s] Level 1:colcon.colcon_core.package_identification:_identify(install) by extension 'ignore'
[4.428s] Level 1:colcon.colcon_core.package_identification:_identify(install) ignored
[4.429s] Level 1:colcon.colcon_core.package_identification:_identify(log) by extensions ['ignore', 'ignore_ament_install']
[4.429s] Level 1:colcon.colcon_core.package_identification:_identify(log) by extension 'ignore'
[4.430s] Level 1:colcon.colcon_core.package_identification:_identify(log) ignored
[4.430s] Level 1:colcon.colcon_core.package_identification:_identify(src) by extensions ['ignore', 'ignore_ament_install']
[4.430s] Level 1:colcon.colcon_core.package_identification:_identify(src) by extension 'ignore'
[4.431s] Level 1:colcon.colcon_core.package_identification:_identify(src) by extension 'ignore_ament_install'
[4.431s] Level 1:colcon.colcon_core.package_identification:_identify(src) by extensions ['colcon_pkg']
[4.431s] Level 1:colcon.colcon_core.package_identification:_identify(src) by extension 'colcon_pkg'
[4.431s] Level 1:colcon.colcon_core.package_identification:_identify(src) by extensions ['colcon_meta']
[4.431s] Level 1:colcon.colcon_core.package_identification:_identify(src) by extension 'colcon_meta'
[4.432s] Level 1:colcon.colcon_core.package_identification:_identify(src) by extensions ['ros']
[4.432s] Level 1:colcon.colcon_core.package_identification:_identify(src) by extension 'ros'
[4.432s] Level 1:colcon.colcon_core.package_identification:_identify(src) by extensions ['cmake', 'python']
[4.432s] Level 1:colcon.colcon_core.package_identification:_identify(src) by extension 'cmake'
[4.432s] Level 1:colcon.colcon_core.package_identification:_identify(src) by extension 'python'
[4.432s] Level 1:colcon.colcon_core.package_identification:_identify(src) by extensions ['python_setup_py']
[4.433s] Level 1:colcon.colcon_core.package_identification:_identify(src) by extension 'python_setup_py'
[4.433s] Level 1:colcon.colcon_core.package_identification:_identify(src/iris_vision) by extensions ['ignore', 'ignore_ament_install']
[4.433s] Level 1:colcon.colcon_core.package_identification:_identify(src/iris_vision) by extension 'ignore'
[4.434s] Level 1:colcon.colcon_core.package_identification:_identify(src/iris_vision) by extension 'ignore_ament_install'
[4.434s] Level 1:colcon.colcon_core.package_identification:_identify(src/iris_vision) by extensions ['colcon_pkg']
[4.434s] Level 1:colcon.colcon_core.package_identification:_identify(src/iris_vision) by extension 'colcon_pkg'
[4.434s] Level 1:colcon.colcon_core.package_identification:_identify(src/iris_vision) by extensions ['colcon_meta']
[4.434s] Level 1:colcon.colcon_core.package_identification:_identify(src/iris_vision) by extension 'colcon_meta'
[4.435s] Level 1:colcon.colcon_core.package_identification:_identify(src/iris_vision) by extensions ['ros']
[4.435s] Level 1:colcon.colcon_core.package_identification:_identify(src/iris_vision) by extension 'ros'
[4.446s] DEBUG:colcon.colcon_core.package_identification:Package 'src/iris_vision' with type 'ros.ament_python' and name 'iris_vision'
[4.447s] Level 1:colcon.colcon_core.package_identification:_identify(src/micro_ros_setup) by extensions ['ignore', 'ignore_ament_install']
[4.448s] Level 1:colcon.colcon_core.package_identification:_identify(src/micro_ros_setup) by extension 'ignore'
[4.448s] Level 1:colcon.colcon_core.package_identification:_identify(src/micro_ros_setup) by extension 'ignore_ament_install'
[4.448s] Level 1:colcon.colcon_core.package_identification:_identify(src/micro_ros_setup) by extensions ['colcon_pkg']
[4.448s] Level 1:colcon.colcon_core.package_identification:_identify(src/micro_ros_setup) by extension 'colcon_pkg'
[4.449s] Level 1:colcon.colcon_core.package_identification:_identify(src/micro_ros_setup) by extensions ['colcon_meta']
[4.449s] Level 1:colcon.colcon_core.package_identification:_identify(src/micro_ros_setup) by extension 'colcon_meta'
[4.449s] Level 1:colcon.colcon_core.package_identification:_identify(src/micro_ros_setup) by extensions ['ros']
[4.449s] Level 1:colcon.colcon_core.package_identification:_identify(src/micro_ros_setup) by extension 'ros'
[4.452s] DEBUG:colcon.colcon_core.package_identification:Package 'src/micro_ros_setup' with type 'ros.ament_cmake' and name 'micro_ros_setup'
[4.453s] Level 1:colcon.colcon_core.package_identification:_identify(src/odrive_ros2_control) by extensions ['ignore', 'ignore_ament_install']
[4.453s] Level 1:colcon.colcon_core.package_identification:_identify(src/odrive_ros2_control) by extension 'ignore'
[4.453s] Level 1:colcon.colcon_core.package_identification:_identify(src/odrive_ros2_control) by extension 'ignore_ament_install'
[4.454s] Level 1:colcon.colcon_core.package_identification:_identify(src/odrive_ros2_control) by extensions ['colcon_pkg']
[4.454s] Level 1:colcon.colcon_core.package_identification:_identify(src/odrive_ros2_control) by extension 'colcon_pkg'
[4.454s] Level 1:colcon.colcon_core.package_identification:_identify(src/odrive_ros2_control) by extensions ['colcon_meta']
[4.454s] Level 1:colcon.colcon_core.package_identification:_identify(src/odrive_ros2_control) by extension 'colcon_meta'
[4.455s] Level 1:colcon.colcon_core.package_identification:_identify(src/odrive_ros2_control) by extensions ['ros']
[4.455s] Level 1:colcon.colcon_core.package_identification:_identify(src/odrive_ros2_control) by extension 'ros'
[4.455s] Level 1:colcon.colcon_core.package_identification:_identify(src/odrive_ros2_control) by extensions ['cmake', 'python']
[4.455s] Level 1:colcon.colcon_core.package_identification:_identify(src/odrive_ros2_control) by extension 'cmake'
[4.456s] Level 1:colcon.colcon_core.package_identification:_identify(src/odrive_ros2_control) by extension 'python'
[4.456s] Level 1:colcon.colcon_core.package_identification:_identify(src/odrive_ros2_control) by extensions ['python_setup_py']
[4.456s] Level 1:colcon.colcon_core.package_identification:_identify(src/odrive_ros2_control) by extension 'python_setup_py'
[4.457s] Level 1:colcon.colcon_core.package_identification:_identify(src/odrive_ros2_control/odrive_demo_bringup) by extensions ['ignore', 'ignore_ament_install']
[4.457s] Level 1:colcon.colcon_core.package_identification:_identify(src/odrive_ros2_control/odrive_demo_bringup) by extension 'ignore'
[4.458s] Level 1:colcon.colcon_core.package_identification:_identify(src/odrive_ros2_control/odrive_demo_bringup) by extension 'ignore_ament_install'
[4.458s] Level 1:colcon.colcon_core.package_identification:_identify(src/odrive_ros2_control/odrive_demo_bringup) by extensions ['colcon_pkg']
[4.459s] Level 1:colcon.colcon_core.package_identification:_identify(src/odrive_ros2_control/odrive_demo_bringup) by extension 'colcon_pkg'
[4.459s] Level 1:colcon.colcon_core.package_identification:_identify(src/odrive_ros2_control/odrive_demo_bringup) by extensions ['colcon_meta']
[4.459s] Level 1:colcon.colcon_core.package_identification:_identify(src/odrive_ros2_control/odrive_demo_bringup) by extension 'colcon_meta'
[4.459s] Level 1:colcon.colcon_core.package_identification:_identify(src/odrive_ros2_control/odrive_demo_bringup) by extensions ['ros']
[4.459s] Level 1:colcon.colcon_core.package_identification:_identify(src/odrive_ros2_control/odrive_demo_bringup) by extension 'ros'
[4.461s] DEBUG:colcon.colcon_core.package_identification:Package 'src/odrive_ros2_control/odrive_demo_bringup' with type 'ros.ament_cmake' and name 'odrive_demo_bringup'
[4.462s] Level 1:colcon.colcon_core.package_identification:_identify(src/odrive_ros2_control/odrive_demo_description) by extensions ['ignore', 'ignore_ament_install']
[4.462s] Level 1:colcon.colcon_core.package_identification:_identify(src/odrive_ros2_control/odrive_demo_description) by extension 'ignore'
[4.463s] Level 1:colcon.colcon_core.package_identification:_identify(src/odrive_ros2_control/odrive_demo_description) by extension 'ignore_ament_install'
[4.463s] Level 1:colcon.colcon_core.package_identification:_identify(src/odrive_ros2_control/odrive_demo_description) by extensions ['colcon_pkg']
[4.463s] Level 1:colcon.colcon_core.package_identification:_identify(src/odrive_ros2_control/odrive_demo_description) by extension 'colcon_pkg'
[4.463s] Level 1:colcon.colcon_core.package_identification:_identify(src/odrive_ros2_control/odrive_demo_description) by extensions ['colcon_meta']
[4.463s] Level 1:colcon.colcon_core.package_identification:_identify(src/odrive_ros2_control/odrive_demo_description) by extension 'colcon_meta'
[4.464s] Level 1:colcon.colcon_core.package_identification:_identify(src/odrive_ros2_control/odrive_demo_description) by extensions ['ros']
[4.464s] Level 1:colcon.colcon_core.package_identification:_identify(src/odrive_ros2_control/odrive_demo_description) by extension 'ros'
[4.466s] DEBUG:colcon.colcon_core.package_identification:Package 'src/odrive_ros2_control/odrive_demo_description' with type 'ros.ament_cmake' and name 'odrive_demo_description'
[4.466s] Level 1:colcon.colcon_core.package_identification:_identify(src/odrive_ros2_control/odrive_hardware_interface) by extensions ['ignore', 'ignore_ament_install']
[4.467s] Level 1:colcon.colcon_core.package_identification:_identify(src/odrive_ros2_control/odrive_hardware_interface) by extension 'ignore'
[4.467s] Level 1:colcon.colcon_core.package_identification:_identify(src/odrive_ros2_control/odrive_hardware_interface) by extension 'ignore_ament_install'
[4.467s] Level 1:colcon.colcon_core.package_identification:_identify(src/odrive_ros2_control/odrive_hardware_interface) by extensions ['colcon_pkg']
[4.467s] Level 1:colcon.colcon_core.package_identification:_identify(src/odrive_ros2_control/odrive_hardware_interface) by extension 'colcon_pkg'
[4.468s] Level 1:colcon.colcon_core.package_identification:_identify(src/odrive_ros2_control/odrive_hardware_interface) by extensions ['colcon_meta']
[4.468s] Level 1:colcon.colcon_core.package_identification:_identify(src/odrive_ros2_control/odrive_hardware_interface) by extension 'colcon_meta'
[4.468s] Level 1:colcon.colcon_core.package_identification:_identify(src/odrive_ros2_control/odrive_hardware_interface) by extensions ['ros']
[4.468s] Level 1:colcon.colcon_core.package_identification:_identify(src/odrive_ros2_control/odrive_hardware_interface) by extension 'ros'
[4.471s] DEBUG:colcon.colcon_core.package_identification:Package 'src/odrive_ros2_control/odrive_hardware_interface' with type 'ros.ament_cmake' and name 'odrive_hardware_interface'
[4.471s] Level 1:colcon.colcon_core.package_identification:_identify(src/odrive_ros2_control/odrive_ros2_control) by extensions ['ignore', 'ignore_ament_install']
[4.472s] Level 1:colcon.colcon_core.package_identification:_identify(src/odrive_ros2_control/odrive_ros2_control) by extension 'ignore'
[4.472s] Level 1:colcon.colcon_core.package_identification:_identify(src/odrive_ros2_control/odrive_ros2_control) by extension 'ignore_ament_install'
[4.472s] Level 1:colcon.colcon_core.package_identification:_identify(src/odrive_ros2_control/odrive_ros2_control) by extensions ['colcon_pkg']
[4.472s] Level 1:colcon.colcon_core.package_identification:_identify(src/odrive_ros2_control/odrive_ros2_control) by extension 'colcon_pkg'
[4.472s] Level 1:colcon.colcon_core.package_identification:_identify(src/odrive_ros2_control/odrive_ros2_control) by extensions ['colcon_meta']
[4.473s] Level 1:colcon.colcon_core.package_identification:_identify(src/odrive_ros2_control/odrive_ros2_control) by extension 'colcon_meta'
[4.473s] Level 1:colcon.colcon_core.package_identification:_identify(src/odrive_ros2_control/odrive_ros2_control) by extensions ['ros']
[4.473s] Level 1:colcon.colcon_core.package_identification:_identify(src/odrive_ros2_control/odrive_ros2_control) by extension 'ros'
[4.475s] DEBUG:colcon.colcon_core.package_identification:Package 'src/odrive_ros2_control/odrive_ros2_control' with type 'ros.ament_cmake' and name 'odrive_ros2_control'
[4.476s] Level 1:colcon.colcon_core.package_identification:_identify(src/ralph6) by extensions ['ignore', 'ignore_ament_install']
[4.476s] Level 1:colcon.colcon_core.package_identification:_identify(src/ralph6) by extension 'ignore'
[4.476s] Level 1:colcon.colcon_core.package_identification:_identify(src/ralph6) by extension 'ignore_ament_install'
[4.477s] Level 1:colcon.colcon_core.package_identification:_identify(src/ralph6) by extensions ['colcon_pkg']
[4.477s] Level 1:colcon.colcon_core.package_identification:_identify(src/ralph6) by extension 'colcon_pkg'
[4.477s] Level 1:colcon.colcon_core.package_identification:_identify(src/ralph6) by extensions ['colcon_meta']
[4.477s] Level 1:colcon.colcon_core.package_identification:_identify(src/ralph6) by extension 'colcon_meta'
[4.477s] Level 1:colcon.colcon_core.package_identification:_identify(src/ralph6) by extensions ['ros']
[4.477s] Level 1:colcon.colcon_core.package_identification:_identify(src/ralph6) by extension 'ros'
[4.479s] DEBUG:colcon.colcon_core.package_identification:Package 'src/ralph6' with type 'ros.ament_cmake' and name 'ralph6'
[4.480s] Level 1:colcon.colcon_core.package_identification:_identify(src/sllidar_ros2) by extensions ['ignore', 'ignore_ament_install']
[4.480s] Level 1:colcon.colcon_core.package_identification:_identify(src/sllidar_ros2) by extension 'ignore'
[4.481s] Level 1:colcon.colcon_core.package_identification:_identify(src/sllidar_ros2) by extension 'ignore_ament_install'
[4.481s] Level 1:colcon.colcon_core.package_identification:_identify(src/sllidar_ros2) by extensions ['colcon_pkg']
[4.481s] Level 1:colcon.colcon_core.package_identification:_identify(src/sllidar_ros2) by extension 'colcon_pkg'
[4.481s] Level 1:colcon.colcon_core.package_identification:_identify(src/sllidar_ros2) by extensions ['colcon_meta']
[4.481s] Level 1:colcon.colcon_core.package_identification:_identify(src/sllidar_ros2) by extension 'colcon_meta'
[4.481s] Level 1:colcon.colcon_core.package_identification:_identify(src/sllidar_ros2) by extensions ['ros']
[4.482s] Level 1:colcon.colcon_core.package_identification:_identify(src/sllidar_ros2) by extension 'ros'
[4.484s] DEBUG:colcon.colcon_core.package_identification:Package 'src/sllidar_ros2' with type 'ros.ament_cmake' and name 'sllidar_ros2'
[4.485s] Level 1:colcon.colcon_core.package_identification:_identify(src/uros) by extensions ['ignore', 'ignore_ament_install']
[4.485s] Level 1:colcon.colcon_core.package_identification:_identify(src/uros) by extension 'ignore'
[4.485s] Level 1:colcon.colcon_core.package_identification:_identify(src/uros) by extension 'ignore_ament_install'
[4.485s] Level 1:colcon.colcon_core.package_identification:_identify(src/uros) by extensions ['colcon_pkg']
[4.486s] Level 1:colcon.colcon_core.package_identification:_identify(src/uros) by extension 'colcon_pkg'
[4.486s] Level 1:colcon.colcon_core.package_identification:_identify(src/uros) by extensions ['colcon_meta']
[4.486s] Level 1:colcon.colcon_core.package_identification:_identify(src/uros) by extension 'colcon_meta'
[4.486s] Level 1:colcon.colcon_core.package_identification:_identify(src/uros) by extensions ['ros']
[4.486s] Level 1:colcon.colcon_core.package_identification:_identify(src/uros) by extension 'ros'
[4.487s] Level 1:colcon.colcon_core.package_identification:_identify(src/uros) by extensions ['cmake', 'python']
[4.487s] Level 1:colcon.colcon_core.package_identification:_identify(src/uros) by extension 'cmake'
[4.487s] Level 1:colcon.colcon_core.package_identification:_identify(src/uros) by extension 'python'
[4.487s] Level 1:colcon.colcon_core.package_identification:_identify(src/uros) by extensions ['python_setup_py']
[4.487s] Level 1:colcon.colcon_core.package_identification:_identify(src/uros) by extension 'python_setup_py'
[4.488s] Level 1:colcon.colcon_core.package_identification:_identify(src/uros/micro-ROS-Agent) by extensions ['ignore', 'ignore_ament_install']
[4.488s] Level 1:colcon.colcon_core.package_identification:_identify(src/uros/micro-ROS-Agent) by extension 'ignore'
[4.488s] Level 1:colcon.colcon_core.package_identification:_identify(src/uros/micro-ROS-Agent) by extension 'ignore_ament_install'
[4.489s] Level 1:colcon.colcon_core.package_identification:_identify(src/uros/micro-ROS-Agent) by extensions ['colcon_pkg']
[4.489s] Level 1:colcon.colcon_core.package_identification:_identify(src/uros/micro-ROS-Agent) by extension 'colcon_pkg'
[4.489s] Level 1:colcon.colcon_core.package_identification:_identify(src/uros/micro-ROS-Agent) by extensions ['colcon_meta']
[4.489s] Level 1:colcon.colcon_core.package_identification:_identify(src/uros/micro-ROS-Agent) by extension 'colcon_meta'
[4.489s] Level 1:colcon.colcon_core.package_identification:_identify(src/uros/micro-ROS-Agent) by extensions ['ros']
[4.489s] Level 1:colcon.colcon_core.package_identification:_identify(src/uros/micro-ROS-Agent) by extension 'ros'
[4.490s] Level 1:colcon.colcon_core.package_identification:_identify(src/uros/micro-ROS-Agent) by extensions ['cmake', 'python']
[4.490s] Level 1:colcon.colcon_core.package_identification:_identify(src/uros/micro-ROS-Agent) by extension 'cmake'
[4.490s] Level 1:colcon.colcon_core.package_identification:_identify(src/uros/micro-ROS-Agent) by extension 'python'
[4.490s] Level 1:colcon.colcon_core.package_identification:_identify(src/uros/micro-ROS-Agent) by extensions ['python_setup_py']
[4.490s] Level 1:colcon.colcon_core.package_identification:_identify(src/uros/micro-ROS-Agent) by extension 'python_setup_py'
[4.491s] Level 1:colcon.colcon_core.package_identification:_identify(src/uros/micro-ROS-Agent/micro_ros_agent) by extensions ['ignore', 'ignore_ament_install']
[4.491s] Level 1:colcon.colcon_core.package_identification:_identify(src/uros/micro-ROS-Agent/micro_ros_agent) by extension 'ignore'
[4.492s] Level 1:colcon.colcon_core.package_identification:_identify(src/uros/micro-ROS-Agent/micro_ros_agent) by extension 'ignore_ament_install'
[4.492s] Level 1:colcon.colcon_core.package_identification:_identify(src/uros/micro-ROS-Agent/micro_ros_agent) by extensions ['colcon_pkg']
[4.492s] Level 1:colcon.colcon_core.package_identification:_identify(src/uros/micro-ROS-Agent/micro_ros_agent) by extension 'colcon_pkg'
[4.492s] Level 1:colcon.colcon_core.package_identification:_identify(src/uros/micro-ROS-Agent/micro_ros_agent) by extensions ['colcon_meta']
[4.492s] Level 1:colcon.colcon_core.package_identification:_identify(src/uros/micro-ROS-Agent/micro_ros_agent) by extension 'colcon_meta'
[4.493s] Level 1:colcon.colcon_core.package_identification:_identify(src/uros/micro-ROS-Agent/micro_ros_agent) by extensions ['ros']
[4.493s] Level 1:colcon.colcon_core.package_identification:_identify(src/uros/micro-ROS-Agent/micro_ros_agent) by extension 'ros'
[4.496s] DEBUG:colcon.colcon_core.package_identification:Package 'src/uros/micro-ROS-Agent/micro_ros_agent' with type 'ros.ament_cmake' and name 'micro_ros_agent'
[4.497s] Level 1:colcon.colcon_core.package_identification:_identify(src/uros/micro-ROS-Agent/snap) by extensions ['ignore', 'ignore_ament_install']
[4.497s] Level 1:colcon.colcon_core.package_identification:_identify(src/uros/micro-ROS-Agent/snap) by extension 'ignore'
[4.497s] Level 1:colcon.colcon_core.package_identification:_identify(src/uros/micro-ROS-Agent/snap) by extension 'ignore_ament_install'
[4.498s] Level 1:colcon.colcon_core.package_identification:_identify(src/uros/micro-ROS-Agent/snap) by extensions ['colcon_pkg']
[4.498s] Level 1:colcon.colcon_core.package_identification:_identify(src/uros/micro-ROS-Agent/snap) by extension 'colcon_pkg'
[4.498s] Level 1:colcon.colcon_core.package_identification:_identify(src/uros/micro-ROS-Agent/snap) by extensions ['colcon_meta']
[4.498s] Level 1:colcon.colcon_core.package_identification:_identify(src/uros/micro-ROS-Agent/snap) by extension 'colcon_meta'
[4.498s] Level 1:colcon.colcon_core.package_identification:_identify(src/uros/micro-ROS-Agent/snap) by extensions ['ros']
[4.498s] Level 1:colcon.colcon_core.package_identification:_identify(src/uros/micro-ROS-Agent/snap) by extension 'ros'
[4.499s] Level 1:colcon.colcon_core.package_identification:_identify(src/uros/micro-ROS-Agent/snap) by extensions ['cmake', 'python']
[4.499s] Level 1:colcon.colcon_core.package_identification:_identify(src/uros/micro-ROS-Agent/snap) by extension 'cmake'
[4.499s] Level 1:colcon.colcon_core.package_identification:_identify(src/uros/micro-ROS-Agent/snap) by extension 'python'
[4.499s] Level 1:colcon.colcon_core.package_identification:_identify(src/uros/micro-ROS-Agent/snap) by extensions ['python_setup_py']
[4.499s] Level 1:colcon.colcon_core.package_identification:_identify(src/uros/micro-ROS-Agent/snap) by extension 'python_setup_py'
[4.500s] Level 1:colcon.colcon_core.package_identification:_identify(src/uros/micro-ROS-Agent/snap/hooks) by extensions ['ignore', 'ignore_ament_install']
[4.501s] Level 1:colcon.colcon_core.package_identification:_identify(src/uros/micro-ROS-Agent/snap/hooks) by extension 'ignore'
[4.501s] Level 1:colcon.colcon_core.package_identification:_identify(src/uros/micro-ROS-Agent/snap/hooks) by extension 'ignore_ament_install'
[4.501s] Level 1:colcon.colcon_core.package_identification:_identify(src/uros/micro-ROS-Agent/snap/hooks) by extensions ['colcon_pkg']
[4.501s] Level 1:colcon.colcon_core.package_identification:_identify(src/uros/micro-ROS-Agent/snap/hooks) by extension 'colcon_pkg'
[4.502s] Level 1:colcon.colcon_core.package_identification:_identify(src/uros/micro-ROS-Agent/snap/hooks) by extensions ['colcon_meta']
[4.502s] Level 1:colcon.colcon_core.package_identification:_identify(src/uros/micro-ROS-Agent/snap/hooks) by extension 'colcon_meta'
[4.502s] Level 1:colcon.colcon_core.package_identification:_identify(src/uros/micro-ROS-Agent/snap/hooks) by extensions ['ros']
[4.503s] Level 1:colcon.colcon_core.package_identification:_identify(src/uros/micro-ROS-Agent/snap/hooks) by extension 'ros'
[4.503s] Level 1:colcon.colcon_core.package_identification:_identify(src/uros/micro-ROS-Agent/snap/hooks) by extensions ['cmake', 'python']
[4.503s] Level 1:colcon.colcon_core.package_identification:_identify(src/uros/micro-ROS-Agent/snap/hooks) by extension 'cmake'
[4.504s] Level 1:colcon.colcon_core.package_identification:_identify(src/uros/micro-ROS-Agent/snap/hooks) by extension 'python'
[4.504s] Level 1:colcon.colcon_core.package_identification:_identify(src/uros/micro-ROS-Agent/snap/hooks) by extensions ['python_setup_py']
[4.504s] Level 1:colcon.colcon_core.package_identification:_identify(src/uros/micro-ROS-Agent/snap/hooks) by extension 'python_setup_py'
[4.505s] Level 1:colcon.colcon_core.package_identification:_identify(src/uros/micro-ROS-Agent/snap/local) by extensions ['ignore', 'ignore_ament_install']
[4.505s] Level 1:colcon.colcon_core.package_identification:_identify(src/uros/micro-ROS-Agent/snap/local) by extension 'ignore'
[4.506s] Level 1:colcon.colcon_core.package_identification:_identify(src/uros/micro-ROS-Agent/snap/local) by extension 'ignore_ament_install'
[4.506s] Level 1:colcon.colcon_core.package_identification:_identify(src/uros/micro-ROS-Agent/snap/local) by extensions ['colcon_pkg']
[4.506s] Level 1:colcon.colcon_core.package_identification:_identify(src/uros/micro-ROS-Agent/snap/local) by extension 'colcon_pkg'
[4.506s] Level 1:colcon.colcon_core.package_identification:_identify(src/uros/micro-ROS-Agent/snap/local) by extensions ['colcon_meta']
[4.506s] Level 1:colcon.colcon_core.package_identification:_identify(src/uros/micro-ROS-Agent/snap/local) by extension 'colcon_meta'
[4.507s] Level 1:colcon.colcon_core.package_identification:_identify(src/uros/micro-ROS-Agent/snap/local) by extensions ['ros']
[4.507s] Level 1:colcon.colcon_core.package_identification:_identify(src/uros/micro-ROS-Agent/snap/local) by extension 'ros'
[4.507s] Level 1:colcon.colcon_core.package_identification:_identify(src/uros/micro-ROS-Agent/snap/local) by extensions ['cmake', 'python']
[4.507s] Level 1:colcon.colcon_core.package_identification:_identify(src/uros/micro-ROS-Agent/snap/local) by extension 'cmake'
[4.508s] Level 1:colcon.colcon_core.package_identification:_identify(src/uros/micro-ROS-Agent/snap/local) by extension 'python'
[4.508s] Level 1:colcon.colcon_core.package_identification:_identify(src/uros/micro-ROS-Agent/snap/local) by extensions ['python_setup_py']
[4.508s] Level 1:colcon.colcon_core.package_identification:_identify(src/uros/micro-ROS-Agent/snap/local) by extension 'python_setup_py'
[4.508s] Level 1:colcon.colcon_core.package_discovery:discover_packages(recursive) using defaults
[4.508s] Level 1:colcon.colcon_core.package_discovery:discover_packages(ignore) discover
[4.509s] Level 1:colcon.colcon_core.package_discovery:discover_packages(ignore) using defaults
[4.509s] Level 1:colcon.colcon_core.package_discovery:discover_packages(path) discover
[4.509s] Level 1:colcon.colcon_core.package_discovery:discover_packages(path) using defaults
[4.886s] Level 1:colcon.colcon_core.package_discovery:discover_packages(prefix_path) check parameters
[4.887s] Level 1:colcon.colcon_core.package_discovery:discover_packages(prefix_path) discover
[5.037s] DEBUG:colcon.colcon_installed_package_information.package_discovery:Found 15 installed packages in /home/iris/iris/iris_ws/install
[5.116s] DEBUG:colcon.colcon_installed_package_information.package_discovery:Found 240 installed packages in /opt/ros/humble
[5.123s] Level 1:colcon.colcon_core.package_discovery:discover_packages(prefix_path) using defaults
[5.476s] Level 5:colcon.colcon_core.verb:set package 'iris_vision' build argument 'cmake_args' from command line to 'None'
[5.477s] Level 5:colcon.colcon_core.verb:set package 'iris_vision' build argument 'cmake_target' from command line to 'None'
[5.477s] Level 5:colcon.colcon_core.verb:set package 'iris_vision' build argument 'cmake_target_skip_unavailable' from command line to 'False'
[5.477s] Level 5:colcon.colcon_core.verb:set package 'iris_vision' build argument 'cmake_clean_cache' from command line to 'False'
[5.477s] Level 5:colcon.colcon_core.verb:set package 'iris_vision' build argument 'cmake_clean_first' from command line to 'False'
[5.477s] Level 5:colcon.colcon_core.verb:set package 'iris_vision' build argument 'cmake_force_configure' from command line to 'False'
[5.477s] Level 5:colcon.colcon_core.verb:set package 'iris_vision' build argument 'ament_cmake_args' from command line to 'None'
[5.477s] Level 5:colcon.colcon_core.verb:set package 'iris_vision' build argument 'catkin_cmake_args' from command line to 'None'
[5.477s] Level 5:colcon.colcon_core.verb:set package 'iris_vision' build argument 'catkin_skip_building_tests' from command line to 'False'
[5.478s] DEBUG:colcon.colcon_core.verb:Building package 'iris_vision' with the following arguments: {'ament_cmake_args': None, 'build_base': '/home/iris/iris/iris_ws/build/iris_vision', 'catkin_cmake_args': None, 'catkin_skip_building_tests': False, 'cmake_args': None, 'cmake_clean_cache': False, 'cmake_clean_first': False, 'cmake_force_configure': False, 'cmake_target': None, 'cmake_target_skip_unavailable': False, 'install_base': '/home/iris/iris/iris_ws/install/iris_vision', 'merge_install': False, 'path': '/home/iris/iris/iris_ws/src/iris_vision', 'symlink_install': True, 'test_result_base': None}
[5.537s] Level 5:colcon.colcon_core.verb:set package 'micro_ros_agent' build argument 'cmake_args' from command line to 'None'
[5.537s] Level 5:colcon.colcon_core.verb:set package 'micro_ros_agent' build argument 'cmake_target' from command line to 'None'
[5.537s] Level 5:colcon.colcon_core.verb:set package 'micro_ros_agent' build argument 'cmake_target_skip_unavailable' from command line to 'False'
[5.537s] Level 5:colcon.colcon_core.verb:set package 'micro_ros_agent' build argument 'cmake_clean_cache' from command line to 'False'
[5.537s] Level 5:colcon.colcon_core.verb:set package 'micro_ros_agent' build argument 'cmake_clean_first' from command line to 'False'
[5.537s] Level 5:colcon.colcon_core.verb:set package 'micro_ros_agent' build argument 'cmake_force_configure' from command line to 'False'
[5.538s] Level 5:colcon.colcon_core.verb:set package 'micro_ros_agent' build argument 'ament_cmake_args' from command line to 'None'
[5.538s] Level 5:colcon.colcon_core.verb:set package 'micro_ros_agent' build argument 'catkin_cmake_args' from command line to 'None'
[5.538s] Level 5:colcon.colcon_core.verb:set package 'micro_ros_agent' build argument 'catkin_skip_building_tests' from command line to 'False'
[5.538s] DEBUG:colcon.colcon_core.verb:Building package 'micro_ros_agent' with the following arguments: {'ament_cmake_args': None, 'build_base': '/home/iris/iris/iris_ws/build/micro_ros_agent', 'catkin_cmake_args': None, 'catkin_skip_building_tests': False, 'cmake_args': None, 'cmake_clean_cache': False, 'cmake_clean_first': False, 'cmake_force_configure': False, 'cmake_target': None, 'cmake_target_skip_unavailable': False, 'install_base': '/home/iris/iris/iris_ws/install/micro_ros_agent', 'merge_install': False, 'path': '/home/iris/iris/iris_ws/src/uros/micro-ROS-Agent/micro_ros_agent', 'symlink_install': True, 'test_result_base': None}
[5.597s] Level 5:colcon.colcon_core.verb:set package 'micro_ros_setup' build argument 'cmake_args' from command line to 'None'
[5.598s] Level 5:colcon.colcon_core.verb:set package 'micro_ros_setup' build argument 'cmake_target' from command line to 'None'
[5.598s] Level 5:colcon.colcon_core.verb:set package 'micro_ros_setup' build argument 'cmake_target_skip_unavailable' from command line to 'False'
[5.598s] Level 5:colcon.colcon_core.verb:set package 'micro_ros_setup' build argument 'cmake_clean_cache' from command line to 'False'
[5.598s] Level 5:colcon.colcon_core.verb:set package 'micro_ros_setup' build argument 'cmake_clean_first' from command line to 'False'
[5.598s] Level 5:colcon.colcon_core.verb:set package 'micro_ros_setup' build argument 'cmake_force_configure' from command line to 'False'
[5.598s] Level 5:colcon.colcon_core.verb:set package 'micro_ros_setup' build argument 'ament_cmake_args' from command line to 'None'
[5.598s] Level 5:colcon.colcon_core.verb:set package 'micro_ros_setup' build argument 'catkin_cmake_args' from command line to 'None'
[5.598s] Level 5:colcon.colcon_core.verb:set package 'micro_ros_setup' build argument 'catkin_skip_building_tests' from command line to 'False'
[5.599s] DEBUG:colcon.colcon_core.verb:Building package 'micro_ros_setup' with the following arguments: {'ament_cmake_args': None, 'build_base': '/home/iris/iris/iris_ws/build/micro_ros_setup', 'catkin_cmake_args': None, 'catkin_skip_building_tests': False, 'cmake_args': None, 'cmake_clean_cache': False, 'cmake_clean_first': False, 'cmake_force_configure': False, 'cmake_target': None, 'cmake_target_skip_unavailable': False, 'install_base': '/home/iris/iris/iris_ws/install/micro_ros_setup', 'merge_install': False, 'path': '/home/iris/iris/iris_ws/src/micro_ros_setup', 'symlink_install': True, 'test_result_base': None}
[5.660s] Level 5:colcon.colcon_core.verb:set package 'odrive_demo_description' build argument 'cmake_args' from command line to 'None'
[5.660s] Level 5:colcon.colcon_core.verb:set package 'odrive_demo_description' build argument 'cmake_target' from command line to 'None'
[5.660s] Level 5:colcon.colcon_core.verb:set package 'odrive_demo_description' build argument 'cmake_target_skip_unavailable' from command line to 'False'
[5.660s] Level 5:colcon.colcon_core.verb:set package 'odrive_demo_description' build argument 'cmake_clean_cache' from command line to 'False'
[5.660s] Level 5:colcon.colcon_core.verb:set package 'odrive_demo_description' build argument 'cmake_clean_first' from command line to 'False'
[5.660s] Level 5:colcon.colcon_core.verb:set package 'odrive_demo_description' build argument 'cmake_force_configure' from command line to 'False'
[5.660s] Level 5:colcon.colcon_core.verb:set package 'odrive_demo_description' build argument 'ament_cmake_args' from command line to 'None'
[5.661s] Level 5:colcon.colcon_core.verb:set package 'odrive_demo_description' build argument 'catkin_cmake_args' from command line to 'None'
[5.661s] Level 5:colcon.colcon_core.verb:set package 'odrive_demo_description' build argument 'catkin_skip_building_tests' from command line to 'False'
[5.661s] DEBUG:colcon.colcon_core.verb:Building package 'odrive_demo_description' with the following arguments: {'ament_cmake_args': None, 'build_base': '/home/iris/iris/iris_ws/build/odrive_demo_description', 'catkin_cmake_args': None, 'catkin_skip_building_tests': False, 'cmake_args': None, 'cmake_clean_cache': False, 'cmake_clean_first': False, 'cmake_force_configure': False, 'cmake_target': None, 'cmake_target_skip_unavailable': False, 'install_base': '/home/iris/iris/iris_ws/install/odrive_demo_description', 'merge_install': False, 'path': '/home/iris/iris/iris_ws/src/odrive_ros2_control/odrive_demo_description', 'symlink_install': True, 'test_result_base': None}
[5.723s] Level 5:colcon.colcon_core.verb:set package 'odrive_hardware_interface' build argument 'cmake_args' from command line to 'None'
[5.723s] Level 5:colcon.colcon_core.verb:set package 'odrive_hardware_interface' build argument 'cmake_target' from command line to 'None'
[5.723s] Level 5:colcon.colcon_core.verb:set package 'odrive_hardware_interface' build argument 'cmake_target_skip_unavailable' from command line to 'False'
[5.723s] Level 5:colcon.colcon_core.verb:set package 'odrive_hardware_interface' build argument 'cmake_clean_cache' from command line to 'False'
[5.723s] Level 5:colcon.colcon_core.verb:set package 'odrive_hardware_interface' build argument 'cmake_clean_first' from command line to 'False'
[5.723s] Level 5:colcon.colcon_core.verb:set package 'odrive_hardware_interface' build argument 'cmake_force_configure' from command line to 'False'
[5.723s] Level 5:colcon.colcon_core.verb:set package 'odrive_hardware_interface' build argument 'ament_cmake_args' from command line to 'None'
[5.724s] Level 5:colcon.colcon_core.verb:set package 'odrive_hardware_interface' build argument 'catkin_cmake_args' from command line to 'None'
[5.724s] Level 5:colcon.colcon_core.verb:set package 'odrive_hardware_interface' build argument 'catkin_skip_building_tests' from command line to 'False'
[5.724s] DEBUG:colcon.colcon_core.verb:Building package 'odrive_hardware_interface' with the following arguments: {'ament_cmake_args': None, 'build_base': '/home/iris/iris/iris_ws/build/odrive_hardware_interface', 'catkin_cmake_args': None, 'catkin_skip_building_tests': False, 'cmake_args': None, 'cmake_clean_cache': False, 'cmake_clean_first': False, 'cmake_force_configure': False, 'cmake_target': None, 'cmake_target_skip_unavailable': False, 'install_base': '/home/iris/iris/iris_ws/install/odrive_hardware_interface', 'merge_install': False, 'path': '/home/iris/iris/iris_ws/src/odrive_ros2_control/odrive_hardware_interface', 'symlink_install': True, 'test_result_base': None}
[5.788s] Level 5:colcon.colcon_core.verb:set package 'ralph6' build argument 'cmake_args' from command line to 'None'
[5.788s] Level 5:colcon.colcon_core.verb:set package 'ralph6' build argument 'cmake_target' from command line to 'None'
[5.789s] Level 5:colcon.colcon_core.verb:set package 'ralph6' build argument 'cmake_target_skip_unavailable' from command line to 'False'
[5.789s] Level 5:colcon.colcon_core.verb:set package 'ralph6' build argument 'cmake_clean_cache' from command line to 'False'
[5.789s] Level 5:colcon.colcon_core.verb:set package 'ralph6' build argument 'cmake_clean_first' from command line to 'False'
[5.789s] Level 5:colcon.colcon_core.verb:set package 'ralph6' build argument 'cmake_force_configure' from command line to 'False'
[5.789s] Level 5:colcon.colcon_core.verb:set package 'ralph6' build argument 'ament_cmake_args' from command line to 'None'
[5.789s] Level 5:colcon.colcon_core.verb:set package 'ralph6' build argument 'catkin_cmake_args' from command line to 'None'
[5.789s] Level 5:colcon.colcon_core.verb:set package 'ralph6' build argument 'catkin_skip_building_tests' from command line to 'False'
[5.789s] DEBUG:colcon.colcon_core.verb:Building package 'ralph6' with the following arguments: {'ament_cmake_args': None, 'build_base': '/home/iris/iris/iris_ws/build/ralph6', 'catkin_cmake_args': None, 'catkin_skip_building_tests': False, 'cmake_args': None, 'cmake_clean_cache': False, 'cmake_clean_first': False, 'cmake_force_configure': False, 'cmake_target': None, 'cmake_target_skip_unavailable': False, 'install_base': '/home/iris/iris/iris_ws/install/ralph6', 'merge_install': False, 'path': '/home/iris/iris/iris_ws/src/ralph6', 'symlink_install': True, 'test_result_base': None}
[5.849s] Level 5:colcon.colcon_core.verb:set package 'sllidar_ros2' build argument 'cmake_args' from command line to 'None'
[5.849s] Level 5:colcon.colcon_core.verb:set package 'sllidar_ros2' build argument 'cmake_target' from command line to 'None'
[5.849s] Level 5:colcon.colcon_core.verb:set package 'sllidar_ros2' build argument 'cmake_target_skip_unavailable' from command line to 'False'
[5.849s] Level 5:colcon.colcon_core.verb:set package 'sllidar_ros2' build argument 'cmake_clean_cache' from command line to 'False'
[5.850s] Level 5:colcon.colcon_core.verb:set package 'sllidar_ros2' build argument 'cmake_clean_first' from command line to 'False'
[5.850s] Level 5:colcon.colcon_core.verb:set package 'sllidar_ros2' build argument 'cmake_force_configure' from command line to 'False'
[5.850s] Level 5:colcon.colcon_core.verb:set package 'sllidar_ros2' build argument 'ament_cmake_args' from command line to 'None'
[5.850s] Level 5:colcon.colcon_core.verb:set package 'sllidar_ros2' build argument 'catkin_cmake_args' from command line to 'None'
[5.850s] Level 5:colcon.colcon_core.verb:set package 'sllidar_ros2' build argument 'catkin_skip_building_tests' from command line to 'False'
[5.850s] DEBUG:colcon.colcon_core.verb:Building package 'sllidar_ros2' with the following arguments: {'ament_cmake_args': None, 'build_base': '/home/iris/iris/iris_ws/build/sllidar_ros2', 'catkin_cmake_args': None, 'catkin_skip_building_tests': False, 'cmake_args': None, 'cmake_clean_cache': False, 'cmake_clean_first': False, 'cmake_force_configure': False, 'cmake_target': None, 'cmake_target_skip_unavailable': False, 'install_base': '/home/iris/iris/iris_ws/install/sllidar_ros2', 'merge_install': False, 'path': '/home/iris/iris/iris_ws/src/sllidar_ros2', 'symlink_install': True, 'test_result_base': None}
[5.914s] Level 5:colcon.colcon_core.verb:set package 'odrive_demo_bringup' build argument 'cmake_args' from command line to 'None'
[5.914s] Level 5:colcon.colcon_core.verb:set package 'odrive_demo_bringup' build argument 'cmake_target' from command line to 'None'
[5.915s] Level 5:colcon.colcon_core.verb:set package 'odrive_demo_bringup' build argument 'cmake_target_skip_unavailable' from command line to 'False'
[5.915s] Level 5:colcon.colcon_core.verb:set package 'odrive_demo_bringup' build argument 'cmake_clean_cache' from command line to 'False'
[5.915s] Level 5:colcon.colcon_core.verb:set package 'odrive_demo_bringup' build argument 'cmake_clean_first' from command line to 'False'
[5.915s] Level 5:colcon.colcon_core.verb:set package 'odrive_demo_bringup' build argument 'cmake_force_configure' from command line to 'False'
[5.915s] Level 5:colcon.colcon_core.verb:set package 'odrive_demo_bringup' build argument 'ament_cmake_args' from command line to 'None'
[5.915s] Level 5:colcon.colcon_core.verb:set package 'odrive_demo_bringup' build argument 'catkin_cmake_args' from command line to 'None'
[5.915s] Level 5:colcon.colcon_core.verb:set package 'odrive_demo_bringup' build argument 'catkin_skip_building_tests' from command line to 'False'
[5.915s] DEBUG:colcon.colcon_core.verb:Building package 'odrive_demo_bringup' with the following arguments: {'ament_cmake_args': None, 'build_base': '/home/iris/iris/iris_ws/build/odrive_demo_bringup', 'catkin_cmake_args': None, 'catkin_skip_building_tests': False, 'cmake_args': None, 'cmake_clean_cache': False, 'cmake_clean_first': False, 'cmake_force_configure': False, 'cmake_target': None, 'cmake_target_skip_unavailable': False, 'install_base': '/home/iris/iris/iris_ws/install/odrive_demo_bringup', 'merge_install': False, 'path': '/home/iris/iris/iris_ws/src/odrive_ros2_control/odrive_demo_bringup', 'symlink_install': True, 'test_result_base': None}
[5.974s] Level 5:colcon.colcon_core.verb:set package 'odrive_ros2_control' build argument 'cmake_args' from command line to 'None'
[5.975s] Level 5:colcon.colcon_core.verb:set package 'odrive_ros2_control' build argument 'cmake_target' from command line to 'None'
[5.975s] Level 5:colcon.colcon_core.verb:set package 'odrive_ros2_control' build argument 'cmake_target_skip_unavailable' from command line to 'False'
[5.975s] Level 5:colcon.colcon_core.verb:set package 'odrive_ros2_control' build argument 'cmake_clean_cache' from command line to 'False'
[5.975s] Level 5:colcon.colcon_core.verb:set package 'odrive_ros2_control' build argument 'cmake_clean_first' from command line to 'False'
[5.975s] Level 5:colcon.colcon_core.verb:set package 'odrive_ros2_control' build argument 'cmake_force_configure' from command line to 'False'
[5.975s] Level 5:colcon.colcon_core.verb:set package 'odrive_ros2_control' build argument 'ament_cmake_args' from command line to 'None'
[5.975s] Level 5:colcon.colcon_core.verb:set package 'odrive_ros2_control' build argument 'catkin_cmake_args' from command line to 'None'
[5.976s] Level 5:colcon.colcon_core.verb:set package 'odrive_ros2_control' build argument 'catkin_skip_building_tests' from command line to 'False'
[5.976s] DEBUG:colcon.colcon_core.verb:Building package 'odrive_ros2_control' with the following arguments: {'ament_cmake_args': None, 'build_base': '/home/iris/iris/iris_ws/build/odrive_ros2_control', 'catkin_cmake_args': None, 'catkin_skip_building_tests': False, 'cmake_args': None, 'cmake_clean_cache': False, 'cmake_clean_first': False, 'cmake_force_configure': False, 'cmake_target': None, 'cmake_target_skip_unavailable': False, 'install_base': '/home/iris/iris/iris_ws/install/odrive_ros2_control', 'merge_install': False, 'path': '/home/iris/iris/iris_ws/src/odrive_ros2_control/odrive_ros2_control', 'symlink_install': True, 'test_result_base': None}
[6.040s] INFO:colcon.colcon_core.executor:Executing jobs using 'parallel' executor
[6.101s] DEBUG:colcon.colcon_parallel_executor.executor.parallel:run_until_complete
[6.103s] INFO:colcon.colcon_ros.task.ament_cmake.build:Building ROS package in '/home/iris/iris/iris_ws/src/odrive_ros2_control/odrive_demo_description' with build type 'ament_cmake'
[6.108s] INFO:colcon.colcon_cmake.task.cmake.build:Building CMake package in '/home/iris/iris/iris_ws/src/odrive_ros2_control/odrive_demo_description'
[6.186s] INFO:colcon.colcon_core.plugin_system:Skipping extension 'colcon_core.shell.bat': Not used on non-Windows systems
[6.187s] INFO:colcon.colcon_core.shell:Skip shell extension 'powershell' for command environment: Not usable outside of PowerShell
[6.188s] DEBUG:colcon.colcon_core.shell:Skip shell extension 'dsv' for command environment
[6.411s] INFO:colcon.colcon_ros.task.ament_cmake.build:Building ROS package in '/home/iris/iris/iris_ws/src/odrive_ros2_control/odrive_hardware_interface' with build type 'ament_cmake'
[6.412s] INFO:colcon.colcon_cmake.task.cmake.build:Building CMake package in '/home/iris/iris/iris_ws/src/odrive_ros2_control/odrive_hardware_interface'
[6.499s] INFO:colcon.colcon_core.shell:Skip shell extension 'powershell' for command environment: Not usable outside of PowerShell
[6.500s] DEBUG:colcon.colcon_core.shell:Skip shell extension 'dsv' for command environment
[6.711s] INFO:colcon.colcon_ros.task.ament_python.build:Building ROS package in '/home/iris/iris/iris_ws/src/iris_vision' with build type 'ament_python'
[6.712s] Level 1:colcon.colcon_core.shell:create_environment_hook('iris_vision', 'ament_prefix_path')
[6.791s] INFO:colcon.colcon_core.shell:Creating environment hook '/home/iris/iris/iris_ws/install/iris_vision/share/iris_vision/hook/ament_prefix_path.ps1'
[6.794s] INFO:colcon.colcon_core.shell:Creating environment descriptor '/home/iris/iris/iris_ws/install/iris_vision/share/iris_vision/hook/ament_prefix_path.dsv'
[6.796s] INFO:colcon.colcon_core.shell:Creating environment hook '/home/iris/iris/iris_ws/install/iris_vision/share/iris_vision/hook/ament_prefix_path.sh'
[6.868s] INFO:colcon.colcon_core.shell:Skip shell extension 'powershell' for command environment: Not usable outside of PowerShell
[6.868s] DEBUG:colcon.colcon_core.shell:Skip shell extension 'dsv' for command environment
[7.084s] INFO:colcon.colcon_ros.task.ament_cmake.build:Building ROS package in '/home/iris/iris/iris_ws/src/uros/micro-ROS-Agent/micro_ros_agent' with build type 'ament_cmake'
[7.084s] INFO:colcon.colcon_cmake.task.cmake.build:Building CMake package in '/home/iris/iris/iris_ws/src/uros/micro-ROS-Agent/micro_ros_agent'
[7.171s] INFO:colcon.colcon_core.shell:Skip shell extension 'powershell' for command environment: Not usable outside of PowerShell
[7.171s] DEBUG:colcon.colcon_core.shell:Skip shell extension 'dsv' for command environment
[7.421s] DEBUG:colcon.colcon_core.event_handler.log_command:Invoking command in '/home/iris/iris/iris_ws/build/odrive_demo_description': CMAKE_PREFIX_PATH=${CMAKE_PREFIX_PATH}:/home/iris/iris/iris_ws/install/iris_vision:/opt/ros/humble /usr/bin/cmake --build /home/iris/iris/iris_ws/build/odrive_demo_description -- -j4 -l4
[7.456s] DEBUG:colcon.colcon_core.event_handler.log_command:Invoking command in '/home/iris/iris/iris_ws/build/odrive_hardware_interface': CMAKE_PREFIX_PATH=${CMAKE_PREFIX_PATH}:/home/iris/iris/iris_ws/install/iris_vision:/opt/ros/humble /usr/bin/cmake --build /home/iris/iris/iris_ws/build/odrive_hardware_interface -- -j4 -l4
[8.968s] INFO:colcon.colcon_core.task.python.build:Building Python package in '/home/iris/iris/iris_ws/src/iris_vision'
[9.094s] INFO:colcon.colcon_core.shell:Skip shell extension 'powershell' for command environment: Not usable outside of PowerShell
[9.095s] DEBUG:colcon.colcon_core.shell:Skip shell extension 'dsv' for command environment
[9.383s] DEBUG:colcon.colcon_core.event_handler.log_command:Invoked command in '/home/iris/iris/iris_ws/build/odrive_hardware_interface' returned '2': CMAKE_PREFIX_PATH=${CMAKE_PREFIX_PATH}:/home/iris/iris/iris_ws/install/iris_vision:/opt/ros/humble /usr/bin/cmake --build /home/iris/iris/iris_ws/build/odrive_hardware_interface -- -j4 -l4
[9.385s] DEBUG:colcon.colcon_core.event_handler.log_command:Invoked command in '/home/iris/iris/iris_ws/build/odrive_demo_description' returned '0': CMAKE_PREFIX_PATH=${CMAKE_PREFIX_PATH}:/home/iris/iris/iris_ws/install/iris_vision:/opt/ros/humble /usr/bin/cmake --build /home/iris/iris/iris_ws/build/odrive_demo_description -- -j4 -l4
[9.408s] DEBUG:colcon.colcon_core.event_handler.log_command:Invoking command in '/home/iris/iris/iris_ws/build/micro_ros_agent': CMAKE_PREFIX_PATH=${CMAKE_PREFIX_PATH}:/home/iris/iris/iris_ws/install/iris_vision:/opt/ros/humble /usr/bin/cmake --build /home/iris/iris/iris_ws/build/micro_ros_agent -- -j4 -l4
[9.671s] DEBUG:colcon.colcon_core.event_handler.log_command:Invoking command in '/home/iris/iris/iris_ws/build/odrive_demo_description': CMAKE_PREFIX_PATH=${CMAKE_PREFIX_PATH}:/home/iris/iris/iris_ws/install/iris_vision:/opt/ros/humble /usr/bin/cmake --install /home/iris/iris/iris_ws/build/odrive_demo_description
[9.917s] Level 1:colcon.colcon_core.environment:create_environment_scripts_only(odrive_hardware_interface)
[10.037s] Level 1:colcon.colcon_core.environment:checking '/home/iris/iris/iris_ws/install/odrive_hardware_interface' for CMake module files
[10.039s] Level 1:colcon.colcon_core.environment:checking '/home/iris/iris/iris_ws/install/odrive_hardware_interface' for CMake config files
[10.041s] Level 1:colcon.colcon_core.environment:checking '/home/iris/iris/iris_ws/install/odrive_hardware_interface/bin'
[10.042s] Level 1:colcon.colcon_core.environment:checking '/home/iris/iris/iris_ws/install/odrive_hardware_interface/lib/pkgconfig/odrive_hardware_interface.pc'
[10.043s] Level 1:colcon.colcon_core.environment:checking '/home/iris/iris/iris_ws/install/odrive_hardware_interface/lib/python3.10/site-packages'
[10.045s] Level 1:colcon.colcon_core.environment:checking '/home/iris/iris/iris_ws/install/odrive_hardware_interface/bin'
[10.154s] INFO:colcon.colcon_core.shell:Creating package script '/home/iris/iris/iris_ws/install/odrive_hardware_interface/share/odrive_hardware_interface/package.ps1'
[10.158s] INFO:colcon.colcon_core.shell:Creating package descriptor '/home/iris/iris/iris_ws/install/odrive_hardware_interface/share/odrive_hardware_interface/package.dsv'
[10.161s] INFO:colcon.colcon_core.shell:Creating package script '/home/iris/iris/iris_ws/install/odrive_hardware_interface/share/odrive_hardware_interface/package.sh'
[10.165s] INFO:colcon.colcon_core.shell:Creating package script '/home/iris/iris/iris_ws/install/odrive_hardware_interface/share/odrive_hardware_interface/package.bash'
[10.169s] INFO:colcon.colcon_core.shell:Creating package script '/home/iris/iris/iris_ws/install/odrive_hardware_interface/share/odrive_hardware_interface/package.zsh'
[10.173s] Level 1:colcon.colcon_core.environment:create_file_with_runtime_dependencies(/home/iris/iris/iris_ws/install/odrive_hardware_interface/share/colcon-core/packages/odrive_hardware_interface)
[11.500s] DEBUG:colcon.colcon_parallel_executor.executor.parallel:closing loop
[11.501s] DEBUG:colcon.colcon_parallel_executor.executor.parallel:loop closed
[11.501s] DEBUG:colcon.colcon_parallel_executor.executor.parallel:run_until_complete finished with '2'
[11.501s] DEBUG:colcon.colcon_core.event_reactor:joining thread
[11.613s] INFO:colcon.colcon_core.plugin_system:Skipping extension 'colcon_notification.desktop_notification.terminal_notifier': Not used on non-Darwin systems
[11.614s] INFO:colcon.colcon_core.plugin_system:Skipping extension 'colcon_notification.desktop_notification.win32': Not used on non-Windows systems
[11.614s] INFO:colcon.colcon_notification.desktop_notification:Sending desktop notification using 'notify2'
[11.679s] DEBUG:colcon.colcon_core.event_reactor:joined thread
[11.768s] INFO:colcon.colcon_core.shell:Creating prefix script '/home/iris/iris/iris_ws/install/local_setup.ps1'
[11.772s] INFO:colcon.colcon_core.shell:Creating prefix util module '/home/iris/iris/iris_ws/install/_local_setup_util_ps1.py'
[11.778s] INFO:colcon.colcon_core.shell:Creating prefix chain script '/home/iris/iris/iris_ws/install/setup.ps1'
[11.872s] INFO:colcon.colcon_core.shell:Creating prefix script '/home/iris/iris/iris_ws/install/local_setup.sh'
[11.875s] INFO:colcon.colcon_core.shell:Creating prefix util module '/home/iris/iris/iris_ws/install/_local_setup_util_sh.py'
[11.878s] INFO:colcon.colcon_core.shell:Creating prefix chain script '/home/iris/iris/iris_ws/install/setup.sh'
[11.970s] INFO:colcon.colcon_core.shell:Creating prefix script '/home/iris/iris/iris_ws/install/local_setup.bash'
[11.973s] INFO:colcon.colcon_core.shell:Creating prefix chain script '/home/iris/iris/iris_ws/install/setup.bash'
[12.071s] INFO:colcon.colcon_core.shell:Creating prefix script '/home/iris/iris/iris_ws/install/local_setup.zsh'
[12.074s] INFO:colcon.colcon_core.shell:Creating prefix chain script '/home/iris/iris/iris_ws/install/setup.zsh'
