[5.239s] Invoking command in '/home/iris/iris/iris_ws/build/iris_vision': PYTHONPATH=/home/iris/iris/iris_ws/build/iris_vision/prefix_override:/home/iris/iris/iris_ws/install/iris_vision/lib/python3.10/site-packages:${PYTHONPATH} /usr/bin/python3 setup.py develop --editable --build-directory /home/iris/iris/iris_ws/build/iris_vision/build --no-deps install_data
[6.810s] running develop
[6.812s] /usr/lib/python3/dist-packages/setuptools/command/easy_install.py:158: EasyInstallDeprecationWarning: easy_install command is deprecated. Use build and pip and other standards-based tools.
[6.813s]   warnings.warn(
[6.827s] /usr/lib/python3/dist-packages/setuptools/command/install.py:34: SetuptoolsDeprecationWarning: setup.py install is deprecated. Use build and pip and other standards-based tools.
[6.831s]   warnings.warn(
[7.913s] running egg_info
[7.915s] writing iris_vision.egg-info/PKG-INFO
[7.917s] writing dependency_links to iris_vision.egg-info/dependency_links.txt
[7.919s] writing entry points to iris_vision.egg-info/entry_points.txt
[7.921s] writing requirements to iris_vision.egg-info/requires.txt
[7.923s] writing top-level names to iris_vision.egg-info/top_level.txt
[7.933s] reading manifest file 'iris_vision.egg-info/SOURCES.txt'
[7.938s] writing manifest file 'iris_vision.egg-info/SOURCES.txt'
[7.945s] running build_ext
[7.945s] Creating /home/iris/iris/iris_ws/install/iris_vision/lib/python3.10/site-packages/iris-vision.egg-link (link to .)
[7.951s] Installing Aruco_Tracking script to /home/iris/iris/iris_ws/install/iris_vision/lib/iris_vision
[7.953s] Installing DSLR_handler script to /home/iris/iris/iris_ws/install/iris_vision/lib/iris_vision
[7.954s] Installing FaceTracking script to /home/iris/iris/iris_ws/install/iris_vision/lib/iris_vision
[7.955s] Installing FaceTracking_headless script to /home/iris/iris/iris_ws/install/iris_vision/lib/iris_vision
[7.958s] Installing facetracking_motioncoltrol script to /home/iris/iris/iris_ws/install/iris_vision/lib/iris_vision
[7.958s] Installing iris_joy_control script to /home/iris/iris/iris_ws/install/iris_vision/lib/iris_vision
[7.959s] Installing listener script to /home/iris/iris/iris_ws/install/iris_vision/lib/iris_vision
[7.961s] Installing talker script to /home/iris/iris/iris_ws/install/iris_vision/lib/iris_vision
[7.964s] 
[7.965s] Installed /home/iris/iris/iris_ws/build/iris_vision
[7.966s] running install_data
[8.116s] Invoked command in '/home/iris/iris/iris_ws/build/iris_vision' returned '0': PYTHONPATH=/home/iris/iris/iris_ws/build/iris_vision/prefix_override:/home/iris/iris/iris_ws/install/iris_vision/lib/python3.10/site-packages:${PYTHONPATH} /usr/bin/python3 setup.py develop --editable --build-directory /home/iris/iris/iris_ws/build/iris_vision/build --no-deps install_data
