running egg_info
writing ../../build/iris_vision/iris_vision.egg-info/PKG-INFO
writing dependency_links to ../../build/iris_vision/iris_vision.egg-info/dependency_links.txt
writing entry points to ../../build/iris_vision/iris_vision.egg-info/entry_points.txt
writing requirements to ../../build/iris_vision/iris_vision.egg-info/requires.txt
writing top-level names to ../../build/iris_vision/iris_vision.egg-info/top_level.txt
reading manifest file '../../build/iris_vision/iris_vision.egg-info/SOURCES.txt'
writing manifest file '../../build/iris_vision/iris_vision.egg-info/SOURCES.txt'
running build
running build_py
running install
running install_lib
running install_data
running install_egg_info
removing '/home/iris/iris/iris_ws/install/iris_vision/lib/python3.10/site-packages/iris_vision-0.0.0-py3.10.egg-info' (and everything under it)
Copying ../../build/iris_vision/iris_vision.egg-info to /home/iris/iris/iris_ws/install/iris_vision/lib/python3.10/site-packages/iris_vision-0.0.0-py3.10.egg-info
running install_scripts
Installing Aruco_Tracking script to /home/iris/iris/iris_ws/install/iris_vision/lib/iris_vision
Installing DSLR_handler script to /home/iris/iris/iris_ws/install/iris_vision/lib/iris_vision
Installing FaceTracking script to /home/iris/iris/iris_ws/install/iris_vision/lib/iris_vision
Installing FaceTracking_headless script to /home/iris/iris/iris_ws/install/iris_vision/lib/iris_vision
Installing facetracking_motioncoltrol script to /home/iris/iris/iris_ws/install/iris_vision/lib/iris_vision
Installing iris_joy_control script to /home/iris/iris/iris_ws/install/iris_vision/lib/iris_vision
Installing listener script to /home/iris/iris/iris_ws/install/iris_vision/lib/iris_vision
Installing talker script to /home/iris/iris/iris_ws/install/iris_vision/lib/iris_vision
writing list of installed files to '/home/iris/iris/iris_ws/build/iris_vision/install.log'
