[4.982s] Invoking command in '/home/iris/iris/iris_ws/src/iris_vision': PYTHONPATH=/home/iris/iris/iris_ws/build/iris_vision/prefix_override:/home/iris/iris/iris_ws/install/iris_vision/lib/python3.10/site-packages:${PYTHONPATH} /usr/bin/python3 setup.py egg_info --egg-base ../../build/iris_vision build --build-base /home/iris/iris/iris_ws/build/iris_vision/build install --record /home/iris/iris/iris_ws/build/iris_vision/install.log --single-version-externally-managed
[6.389s] running egg_info
[6.390s] writing ../../build/iris_vision/iris_vision.egg-info/PKG-INFO
[6.391s] writing dependency_links to ../../build/iris_vision/iris_vision.egg-info/dependency_links.txt
[6.392s] writing entry points to ../../build/iris_vision/iris_vision.egg-info/entry_points.txt
[6.393s] writing requirements to ../../build/iris_vision/iris_vision.egg-info/requires.txt
[6.394s] writing top-level names to ../../build/iris_vision/iris_vision.egg-info/top_level.txt
[6.395s] reading manifest file '../../build/iris_vision/iris_vision.egg-info/SOURCES.txt'
[6.396s] writing manifest file '../../build/iris_vision/iris_vision.egg-info/SOURCES.txt'
[6.398s] running build
[6.399s] running build_py
[6.400s] running install
[6.401s] /usr/lib/python3/dist-packages/setuptools/command/install.py:34: SetuptoolsDeprecationWarning: setup.py install is deprecated. Use build and pip and other standards-based tools.
[6.402s]   warnings.warn(
[6.403s] running install_lib
[6.406s] running install_data
[6.408s] running install_egg_info
[6.410s] removing '/home/iris/iris/iris_ws/install/iris_vision/lib/python3.10/site-packages/iris_vision-0.0.0-py3.10.egg-info' (and everything under it)
[6.411s] Copying ../../build/iris_vision/iris_vision.egg-info to /home/iris/iris/iris_ws/install/iris_vision/lib/python3.10/site-packages/iris_vision-0.0.0-py3.10.egg-info
[6.412s] running install_scripts
[6.444s] Installing Aruco_Tracking script to /home/iris/iris/iris_ws/install/iris_vision/lib/iris_vision
[6.447s] Installing DSLR_handler script to /home/iris/iris/iris_ws/install/iris_vision/lib/iris_vision
[6.448s] Installing FaceTracking script to /home/iris/iris/iris_ws/install/iris_vision/lib/iris_vision
[6.450s] Installing FaceTracking_headless script to /home/iris/iris/iris_ws/install/iris_vision/lib/iris_vision
[6.456s] Installing facetracking_motioncoltrol script to /home/iris/iris/iris_ws/install/iris_vision/lib/iris_vision
[6.460s] Installing iris_joy_control script to /home/iris/iris/iris_ws/install/iris_vision/lib/iris_vision
[6.464s] Installing listener script to /home/iris/iris/iris_ws/install/iris_vision/lib/iris_vision
[6.467s] Installing talker script to /home/iris/iris/iris_ws/install/iris_vision/lib/iris_vision
[6.471s] writing list of installed files to '/home/iris/iris/iris_ws/build/iris_vision/install.log'
[6.908s] Invoked command in '/home/iris/iris/iris_ws/src/iris_vision' returned '0': PYTHONPATH=/home/iris/iris/iris_ws/build/iris_vision/prefix_override:/home/iris/iris/iris_ws/install/iris_vision/lib/python3.10/site-packages:${PYTHONPATH} /usr/bin/python3 setup.py egg_info --egg-base ../../build/iris_vision build --build-base /home/iris/iris/iris_ws/build/iris_vision/build install --record /home/iris/iris/iris_ws/build/iris_vision/install.log --single-version-externally-managed
