-- Install configuration: ""
-- Up-to-date: /home/iris/iris/iris_ws/install/iris/share/iris//launch
-- Up-to-date: /home/iris/iris/iris_ws/install/iris/share/iris//launch/iris_bringup.py
-- Up-to-date: /home/iris/iris/iris_ws/install/iris/share/iris//launch/__pycache__
-- Installing: /home/iris/iris/iris_ws/install/iris/share/iris//launch/__pycache__/iris_bringup.cpython-310.pyc
-- Up-to-date: /home/iris/iris/iris_ws/install/iris/share/iris//launch/obj_tracking.py
-- Up-to-date: /home/iris/iris/iris_ws/install/iris/share/ament_index/resource_index/package_run_dependencies/iris
-- Up-to-date: /home/iris/iris/iris_ws/install/iris/share/ament_index/resource_index/parent_prefix_path/iris
-- Up-to-date: /home/iris/iris/iris_ws/install/iris/share/iris/environment/ament_prefix_path.sh
-- Up-to-date: /home/iris/iris/iris_ws/install/iris/share/iris/environment/ament_prefix_path.dsv
-- Up-to-date: /home/iris/iris/iris_ws/install/iris/share/iris/environment/path.sh
-- Up-to-date: /home/iris/iris/iris_ws/install/iris/share/iris/environment/path.dsv
-- Up-to-date: /home/iris/iris/iris_ws/install/iris/share/iris/local_setup.bash
-- Up-to-date: /home/iris/iris/iris_ws/install/iris/share/iris/local_setup.sh
-- Up-to-date: /home/iris/iris/iris_ws/install/iris/share/iris/local_setup.zsh
-- Up-to-date: /home/iris/iris/iris_ws/install/iris/share/iris/local_setup.dsv
-- Installing: /home/iris/iris/iris_ws/install/iris/share/iris/package.dsv
-- Up-to-date: /home/iris/iris/iris_ws/install/iris/share/ament_index/resource_index/packages/iris
-- Up-to-date: /home/iris/iris/iris_ws/install/iris/share/iris/cmake/irisConfig.cmake
-- Up-to-date: /home/iris/iris/iris_ws/install/iris/share/iris/cmake/irisConfig-version.cmake
-- Up-to-date: /home/iris/iris/iris_ws/install/iris/share/iris/package.xml
