[0.556s] Invoking command in '/home/iris/iris/iris_ws/build/iris': CMAKE_PREFIX_PATH=${CMAKE_PREFIX_PATH}:/opt/ros/humble /usr/bin/cmake --build /home/iris/iris/iris_ws/build/iris -- -j4 -l4
[0.765s] Invoked command in '/home/iris/iris/iris_ws/build/iris' returned '0': CMAKE_PREFIX_PATH=${CMAKE_PREFIX_PATH}:/opt/ros/humble /usr/bin/cmake --build /home/iris/iris/iris_ws/build/iris -- -j4 -l4
[1.130s] Invoking command in '/home/iris/iris/iris_ws/build/iris': CMAKE_PREFIX_PATH=${CMAKE_PREFIX_PATH}:/opt/ros/humble /usr/bin/cmake --install /home/iris/iris/iris_ws/build/iris
[1.219s] -- Install configuration: ""
[1.220s] -- Up-to-date: /home/iris/iris/iris_ws/install/iris/share/iris//launch
[1.220s] -- Up-to-date: /home/iris/iris/iris_ws/install/iris/share/iris//launch/iris_bringup.py
[1.221s] -- Up-to-date: /home/iris/iris/iris_ws/install/iris/share/iris//launch/__pycache__
[1.222s] -- Installing: /home/iris/iris/iris_ws/install/iris/share/iris//launch/__pycache__/iris_bringup.cpython-310.pyc
[1.240s] -- Up-to-date: /home/iris/iris/iris_ws/install/iris/share/iris//launch/obj_tracking.py
[1.241s] -- Up-to-date: /home/iris/iris/iris_ws/install/iris/share/ament_index/resource_index/package_run_dependencies/iris
[1.241s] -- Up-to-date: /home/iris/iris/iris_ws/install/iris/share/ament_index/resource_index/parent_prefix_path/iris
[1.242s] -- Up-to-date: /home/iris/iris/iris_ws/install/iris/share/iris/environment/ament_prefix_path.sh
[1.242s] -- Up-to-date: /home/iris/iris/iris_ws/install/iris/share/iris/environment/ament_prefix_path.dsv
[1.243s] -- Up-to-date: /home/iris/iris/iris_ws/install/iris/share/iris/environment/path.sh
[1.243s] -- Up-to-date: /home/iris/iris/iris_ws/install/iris/share/iris/environment/path.dsv
[1.244s] -- Up-to-date: /home/iris/iris/iris_ws/install/iris/share/iris/local_setup.bash
[1.244s] -- Up-to-date: /home/iris/iris/iris_ws/install/iris/share/iris/local_setup.sh
[1.244s] -- Up-to-date: /home/iris/iris/iris_ws/install/iris/share/iris/local_setup.zsh
[1.245s] -- Up-to-date: /home/iris/iris/iris_ws/install/iris/share/iris/local_setup.dsv
[1.246s] -- Installing: /home/iris/iris/iris_ws/install/iris/share/iris/package.dsv
[1.259s] -- Up-to-date: /home/iris/iris/iris_ws/install/iris/share/ament_index/resource_index/packages/iris
[1.260s] -- Up-to-date: /home/iris/iris/iris_ws/install/iris/share/iris/cmake/irisConfig.cmake
[1.261s] -- Up-to-date: /home/iris/iris/iris_ws/install/iris/share/iris/cmake/irisConfig-version.cmake
[1.262s] -- Up-to-date: /home/iris/iris/iris_ws/install/iris/share/iris/package.xml
[1.299s] Invoked command in '/home/iris/iris/iris_ws/build/iris' returned '0': CMAKE_PREFIX_PATH=${CMAKE_PREFIX_PATH}:/opt/ros/humble /usr/bin/cmake --install /home/iris/iris/iris_ws/build/iris
