[3.842s] DEBUG:colcon:Command line arguments: ['/usr/bin/colcon', 'build', '--symlink-install']
[3.842s] DEBUG:colcon:Parsed command line arguments: Namespace(log_base=None, log_level=None, verb_name='build', build_base='build', install_base='install', merge_install=False, symlink_install=True, test_result_base=None, continue_on_error=False, executor='parallel', parallel_workers=4, event_handlers=None, ignore_user_meta=False, metas=['./colcon.meta'], base_paths=['.'], packages_ignore=None, packages_ignore_regex=None, paths=None, packages_up_to=None, packages_up_to_regex=None, packages_above=None, packages_above_and_dependencies=None, packages_above_depth=None, packages_select_by_dep=None, packages_skip_by_dep=None, packages_skip_up_to=None, packages_select_build_failed=False, packages_skip_build_finished=False, packages_select_test_failures=False, packages_skip_test_passed=False, packages_select=None, packages_skip=None, packages_select_regex=None, packages_skip_regex=None, packages_start=None, packages_end=None, allow_overriding=[], cmake_args=None, cmake_target=None, cmake_target_skip_unavailable=False, cmake_clean_cache=False, cmake_clean_first=False, cmake_force_configure=False, ament_cmake_args=None, catkin_cmake_args=None, catkin_skip_building_tests=False, verb_parser=<colcon_defaults.argument_parser.defaults.DefaultArgumentsDecorator object at 0xffffb8821150>, verb_extension=<colcon_core.verb.build.BuildVerb object at 0xffffb8abaa70>, main=<bound method BuildVerb.main of <colcon_core.verb.build.BuildVerb object at 0xffffb8abaa70>>)
[4.032s] Level 1:colcon.colcon_core.package_discovery:discover_packages(colcon_meta) check parameters
[4.032s] Level 1:colcon.colcon_core.package_discovery:discover_packages(recursive) check parameters
[4.032s] Level 1:colcon.colcon_core.package_discovery:discover_packages(ignore) check parameters
[4.032s] Level 1:colcon.colcon_core.package_discovery:discover_packages(path) check parameters
[4.033s] Level 1:colcon.colcon_core.package_discovery:discover_packages(colcon_meta) discover
[4.033s] Level 1:colcon.colcon_core.package_discovery:discover_packages(recursive) discover
[4.033s] INFO:colcon.colcon_core.package_discovery:Crawling recursively for packages in '/home/iris/iris/iris_ws'
[4.033s] Level 1:colcon.colcon_core.package_identification:_identify(.) by extensions ['ignore', 'ignore_ament_install']
[4.034s] Level 1:colcon.colcon_core.package_identification:_identify(.) by extension 'ignore'
[4.034s] Level 1:colcon.colcon_core.package_identification:_identify(.) by extension 'ignore_ament_install'
[4.035s] Level 1:colcon.colcon_core.package_identification:_identify(.) by extensions ['colcon_pkg']
[4.035s] Level 1:colcon.colcon_core.package_identification:_identify(.) by extension 'colcon_pkg'
[4.035s] Level 1:colcon.colcon_core.package_identification:_identify(.) by extensions ['colcon_meta']
[4.035s] Level 1:colcon.colcon_core.package_identification:_identify(.) by extension 'colcon_meta'
[4.035s] Level 1:colcon.colcon_core.package_identification:_identify(.) by extensions ['ros']
[4.035s] Level 1:colcon.colcon_core.package_identification:_identify(.) by extension 'ros'
[4.082s] Level 1:colcon.colcon_core.package_identification:_identify(.) by extensions ['cmake', 'python']
[4.082s] Level 1:colcon.colcon_core.package_identification:_identify(.) by extension 'cmake'
[4.083s] Level 1:colcon.colcon_core.package_identification:_identify(.) by extension 'python'
[4.083s] Level 1:colcon.colcon_core.package_identification:_identify(.) by extensions ['python_setup_py']
[4.083s] Level 1:colcon.colcon_core.package_identification:_identify(.) by extension 'python_setup_py'
[4.084s] Level 1:colcon.colcon_core.package_identification:_identify(build) by extensions ['ignore', 'ignore_ament_install']
[4.084s] Level 1:colcon.colcon_core.package_identification:_identify(build) by extension 'ignore'
[4.084s] Level 1:colcon.colcon_core.package_identification:_identify(build) ignored
[4.085s] Level 1:colcon.colcon_core.package_identification:_identify(install) by extensions ['ignore', 'ignore_ament_install']
[4.086s] Level 1:colcon.colcon_core.package_identification:_identify(install) by extension 'ignore'
[4.086s] Level 1:colcon.colcon_core.package_identification:_identify(install) ignored
[4.088s] Level 1:colcon.colcon_core.package_identification:_identify(log) by extensions ['ignore', 'ignore_ament_install']
[4.088s] Level 1:colcon.colcon_core.package_identification:_identify(log) by extension 'ignore'
[4.088s] Level 1:colcon.colcon_core.package_identification:_identify(log) ignored
[4.089s] Level 1:colcon.colcon_core.package_identification:_identify(src) by extensions ['ignore', 'ignore_ament_install']
[4.089s] Level 1:colcon.colcon_core.package_identification:_identify(src) by extension 'ignore'
[4.089s] Level 1:colcon.colcon_core.package_identification:_identify(src) by extension 'ignore_ament_install'
[4.090s] Level 1:colcon.colcon_core.package_identification:_identify(src) by extensions ['colcon_pkg']
[4.090s] Level 1:colcon.colcon_core.package_identification:_identify(src) by extension 'colcon_pkg'
[4.090s] Level 1:colcon.colcon_core.package_identification:_identify(src) by extensions ['colcon_meta']
[4.090s] Level 1:colcon.colcon_core.package_identification:_identify(src) by extension 'colcon_meta'
[4.090s] Level 1:colcon.colcon_core.package_identification:_identify(src) by extensions ['ros']
[4.090s] Level 1:colcon.colcon_core.package_identification:_identify(src) by extension 'ros'
[4.091s] Level 1:colcon.colcon_core.package_identification:_identify(src) by extensions ['cmake', 'python']
[4.091s] Level 1:colcon.colcon_core.package_identification:_identify(src) by extension 'cmake'
[4.091s] Level 1:colcon.colcon_core.package_identification:_identify(src) by extension 'python'
[4.091s] Level 1:colcon.colcon_core.package_identification:_identify(src) by extensions ['python_setup_py']
[4.091s] Level 1:colcon.colcon_core.package_identification:_identify(src) by extension 'python_setup_py'
[4.092s] Level 1:colcon.colcon_core.package_identification:_identify(src/iris_vision) by extensions ['ignore', 'ignore_ament_install']
[4.092s] Level 1:colcon.colcon_core.package_identification:_identify(src/iris_vision) by extension 'ignore'
[4.093s] Level 1:colcon.colcon_core.package_identification:_identify(src/iris_vision) by extension 'ignore_ament_install'
[4.093s] Level 1:colcon.colcon_core.package_identification:_identify(src/iris_vision) by extensions ['colcon_pkg']
[4.093s] Level 1:colcon.colcon_core.package_identification:_identify(src/iris_vision) by extension 'colcon_pkg'
[4.093s] Level 1:colcon.colcon_core.package_identification:_identify(src/iris_vision) by extensions ['colcon_meta']
[4.093s] Level 1:colcon.colcon_core.package_identification:_identify(src/iris_vision) by extension 'colcon_meta'
[4.094s] Level 1:colcon.colcon_core.package_identification:_identify(src/iris_vision) by extensions ['ros']
[4.094s] Level 1:colcon.colcon_core.package_identification:_identify(src/iris_vision) by extension 'ros'
[4.102s] DEBUG:colcon.colcon_core.package_identification:Package 'src/iris_vision' with type 'ros.ament_python' and name 'iris_vision'
[4.103s] Level 1:colcon.colcon_core.package_identification:_identify(src/micro_ros_setup) by extensions ['ignore', 'ignore_ament_install']
[4.103s] Level 1:colcon.colcon_core.package_identification:_identify(src/micro_ros_setup) by extension 'ignore'
[4.104s] Level 1:colcon.colcon_core.package_identification:_identify(src/micro_ros_setup) by extension 'ignore_ament_install'
[4.104s] Level 1:colcon.colcon_core.package_identification:_identify(src/micro_ros_setup) by extensions ['colcon_pkg']
[4.104s] Level 1:colcon.colcon_core.package_identification:_identify(src/micro_ros_setup) by extension 'colcon_pkg'
[4.104s] Level 1:colcon.colcon_core.package_identification:_identify(src/micro_ros_setup) by extensions ['colcon_meta']
[4.105s] Level 1:colcon.colcon_core.package_identification:_identify(src/micro_ros_setup) by extension 'colcon_meta'
[4.105s] Level 1:colcon.colcon_core.package_identification:_identify(src/micro_ros_setup) by extensions ['ros']
[4.105s] Level 1:colcon.colcon_core.package_identification:_identify(src/micro_ros_setup) by extension 'ros'
[4.108s] DEBUG:colcon.colcon_core.package_identification:Package 'src/micro_ros_setup' with type 'ros.ament_cmake' and name 'micro_ros_setup'
[4.109s] Level 1:colcon.colcon_core.package_identification:_identify(src/uros) by extensions ['ignore', 'ignore_ament_install']
[4.109s] Level 1:colcon.colcon_core.package_identification:_identify(src/uros) by extension 'ignore'
[4.109s] Level 1:colcon.colcon_core.package_identification:_identify(src/uros) by extension 'ignore_ament_install'
[4.110s] Level 1:colcon.colcon_core.package_identification:_identify(src/uros) by extensions ['colcon_pkg']
[4.110s] Level 1:colcon.colcon_core.package_identification:_identify(src/uros) by extension 'colcon_pkg'
[4.110s] Level 1:colcon.colcon_core.package_identification:_identify(src/uros) by extensions ['colcon_meta']
[4.110s] Level 1:colcon.colcon_core.package_identification:_identify(src/uros) by extension 'colcon_meta'
[4.110s] Level 1:colcon.colcon_core.package_identification:_identify(src/uros) by extensions ['ros']
[4.111s] Level 1:colcon.colcon_core.package_identification:_identify(src/uros) by extension 'ros'
[4.111s] Level 1:colcon.colcon_core.package_identification:_identify(src/uros) by extensions ['cmake', 'python']
[4.111s] Level 1:colcon.colcon_core.package_identification:_identify(src/uros) by extension 'cmake'
[4.111s] Level 1:colcon.colcon_core.package_identification:_identify(src/uros) by extension 'python'
[4.112s] Level 1:colcon.colcon_core.package_identification:_identify(src/uros) by extensions ['python_setup_py']
[4.112s] Level 1:colcon.colcon_core.package_identification:_identify(src/uros) by extension 'python_setup_py'
[4.112s] Level 1:colcon.colcon_core.package_identification:_identify(src/uros/micro-ROS-Agent) by extensions ['ignore', 'ignore_ament_install']
[4.113s] Level 1:colcon.colcon_core.package_identification:_identify(src/uros/micro-ROS-Agent) by extension 'ignore'
[4.113s] Level 1:colcon.colcon_core.package_identification:_identify(src/uros/micro-ROS-Agent) by extension 'ignore_ament_install'
[4.113s] Level 1:colcon.colcon_core.package_identification:_identify(src/uros/micro-ROS-Agent) by extensions ['colcon_pkg']
[4.113s] Level 1:colcon.colcon_core.package_identification:_identify(src/uros/micro-ROS-Agent) by extension 'colcon_pkg'
[4.114s] Level 1:colcon.colcon_core.package_identification:_identify(src/uros/micro-ROS-Agent) by extensions ['colcon_meta']
[4.114s] Level 1:colcon.colcon_core.package_identification:_identify(src/uros/micro-ROS-Agent) by extension 'colcon_meta'
[4.114s] Level 1:colcon.colcon_core.package_identification:_identify(src/uros/micro-ROS-Agent) by extensions ['ros']
[4.114s] Level 1:colcon.colcon_core.package_identification:_identify(src/uros/micro-ROS-Agent) by extension 'ros'
[4.115s] Level 1:colcon.colcon_core.package_identification:_identify(src/uros/micro-ROS-Agent) by extensions ['cmake', 'python']
[4.115s] Level 1:colcon.colcon_core.package_identification:_identify(src/uros/micro-ROS-Agent) by extension 'cmake'
[4.115s] Level 1:colcon.colcon_core.package_identification:_identify(src/uros/micro-ROS-Agent) by extension 'python'
[4.115s] Level 1:colcon.colcon_core.package_identification:_identify(src/uros/micro-ROS-Agent) by extensions ['python_setup_py']
[4.115s] Level 1:colcon.colcon_core.package_identification:_identify(src/uros/micro-ROS-Agent) by extension 'python_setup_py'
[4.116s] Level 1:colcon.colcon_core.package_identification:_identify(src/uros/micro-ROS-Agent/micro_ros_agent) by extensions ['ignore', 'ignore_ament_install']
[4.116s] Level 1:colcon.colcon_core.package_identification:_identify(src/uros/micro-ROS-Agent/micro_ros_agent) by extension 'ignore'
[4.117s] Level 1:colcon.colcon_core.package_identification:_identify(src/uros/micro-ROS-Agent/micro_ros_agent) by extension 'ignore_ament_install'
[4.117s] Level 1:colcon.colcon_core.package_identification:_identify(src/uros/micro-ROS-Agent/micro_ros_agent) by extensions ['colcon_pkg']
[4.117s] Level 1:colcon.colcon_core.package_identification:_identify(src/uros/micro-ROS-Agent/micro_ros_agent) by extension 'colcon_pkg'
[4.117s] Level 1:colcon.colcon_core.package_identification:_identify(src/uros/micro-ROS-Agent/micro_ros_agent) by extensions ['colcon_meta']
[4.117s] Level 1:colcon.colcon_core.package_identification:_identify(src/uros/micro-ROS-Agent/micro_ros_agent) by extension 'colcon_meta'
[4.118s] Level 1:colcon.colcon_core.package_identification:_identify(src/uros/micro-ROS-Agent/micro_ros_agent) by extensions ['ros']
[4.118s] Level 1:colcon.colcon_core.package_identification:_identify(src/uros/micro-ROS-Agent/micro_ros_agent) by extension 'ros'
[4.121s] DEBUG:colcon.colcon_core.package_identification:Package 'src/uros/micro-ROS-Agent/micro_ros_agent' with type 'ros.ament_cmake' and name 'micro_ros_agent'
[4.122s] Level 1:colcon.colcon_core.package_identification:_identify(src/uros/micro-ROS-Agent/snap) by extensions ['ignore', 'ignore_ament_install']
[4.122s] Level 1:colcon.colcon_core.package_identification:_identify(src/uros/micro-ROS-Agent/snap) by extension 'ignore'
[4.123s] Level 1:colcon.colcon_core.package_identification:_identify(src/uros/micro-ROS-Agent/snap) by extension 'ignore_ament_install'
[4.123s] Level 1:colcon.colcon_core.package_identification:_identify(src/uros/micro-ROS-Agent/snap) by extensions ['colcon_pkg']
[4.123s] Level 1:colcon.colcon_core.package_identification:_identify(src/uros/micro-ROS-Agent/snap) by extension 'colcon_pkg'
[4.123s] Level 1:colcon.colcon_core.package_identification:_identify(src/uros/micro-ROS-Agent/snap) by extensions ['colcon_meta']
[4.123s] Level 1:colcon.colcon_core.package_identification:_identify(src/uros/micro-ROS-Agent/snap) by extension 'colcon_meta'
[4.124s] Level 1:colcon.colcon_core.package_identification:_identify(src/uros/micro-ROS-Agent/snap) by extensions ['ros']
[4.124s] Level 1:colcon.colcon_core.package_identification:_identify(src/uros/micro-ROS-Agent/snap) by extension 'ros'
[4.124s] Level 1:colcon.colcon_core.package_identification:_identify(src/uros/micro-ROS-Agent/snap) by extensions ['cmake', 'python']
[4.124s] Level 1:colcon.colcon_core.package_identification:_identify(src/uros/micro-ROS-Agent/snap) by extension 'cmake'
[4.125s] Level 1:colcon.colcon_core.package_identification:_identify(src/uros/micro-ROS-Agent/snap) by extension 'python'
[4.125s] Level 1:colcon.colcon_core.package_identification:_identify(src/uros/micro-ROS-Agent/snap) by extensions ['python_setup_py']
[4.125s] Level 1:colcon.colcon_core.package_identification:_identify(src/uros/micro-ROS-Agent/snap) by extension 'python_setup_py'
[4.125s] Level 1:colcon.colcon_core.package_identification:_identify(src/uros/micro-ROS-Agent/snap/hooks) by extensions ['ignore', 'ignore_ament_install']
[4.126s] Level 1:colcon.colcon_core.package_identification:_identify(src/uros/micro-ROS-Agent/snap/hooks) by extension 'ignore'
[4.126s] Level 1:colcon.colcon_core.package_identification:_identify(src/uros/micro-ROS-Agent/snap/hooks) by extension 'ignore_ament_install'
[4.127s] Level 1:colcon.colcon_core.package_identification:_identify(src/uros/micro-ROS-Agent/snap/hooks) by extensions ['colcon_pkg']
[4.127s] Level 1:colcon.colcon_core.package_identification:_identify(src/uros/micro-ROS-Agent/snap/hooks) by extension 'colcon_pkg'
[4.127s] Level 1:colcon.colcon_core.package_identification:_identify(src/uros/micro-ROS-Agent/snap/hooks) by extensions ['colcon_meta']
[4.127s] Level 1:colcon.colcon_core.package_identification:_identify(src/uros/micro-ROS-Agent/snap/hooks) by extension 'colcon_meta'
[4.128s] Level 1:colcon.colcon_core.package_identification:_identify(src/uros/micro-ROS-Agent/snap/hooks) by extensions ['ros']
[4.128s] Level 1:colcon.colcon_core.package_identification:_identify(src/uros/micro-ROS-Agent/snap/hooks) by extension 'ros'
[4.128s] Level 1:colcon.colcon_core.package_identification:_identify(src/uros/micro-ROS-Agent/snap/hooks) by extensions ['cmake', 'python']
[4.128s] Level 1:colcon.colcon_core.package_identification:_identify(src/uros/micro-ROS-Agent/snap/hooks) by extension 'cmake'
[4.128s] Level 1:colcon.colcon_core.package_identification:_identify(src/uros/micro-ROS-Agent/snap/hooks) by extension 'python'
[4.129s] Level 1:colcon.colcon_core.package_identification:_identify(src/uros/micro-ROS-Agent/snap/hooks) by extensions ['python_setup_py']
[4.129s] Level 1:colcon.colcon_core.package_identification:_identify(src/uros/micro-ROS-Agent/snap/hooks) by extension 'python_setup_py'
[4.129s] Level 1:colcon.colcon_core.package_identification:_identify(src/uros/micro-ROS-Agent/snap/local) by extensions ['ignore', 'ignore_ament_install']
[4.130s] Level 1:colcon.colcon_core.package_identification:_identify(src/uros/micro-ROS-Agent/snap/local) by extension 'ignore'
[4.130s] Level 1:colcon.colcon_core.package_identification:_identify(src/uros/micro-ROS-Agent/snap/local) by extension 'ignore_ament_install'
[4.130s] Level 1:colcon.colcon_core.package_identification:_identify(src/uros/micro-ROS-Agent/snap/local) by extensions ['colcon_pkg']
[4.131s] Level 1:colcon.colcon_core.package_identification:_identify(src/uros/micro-ROS-Agent/snap/local) by extension 'colcon_pkg'
[4.131s] Level 1:colcon.colcon_core.package_identification:_identify(src/uros/micro-ROS-Agent/snap/local) by extensions ['colcon_meta']
[4.131s] Level 1:colcon.colcon_core.package_identification:_identify(src/uros/micro-ROS-Agent/snap/local) by extension 'colcon_meta'
[4.131s] Level 1:colcon.colcon_core.package_identification:_identify(src/uros/micro-ROS-Agent/snap/local) by extensions ['ros']
[4.131s] Level 1:colcon.colcon_core.package_identification:_identify(src/uros/micro-ROS-Agent/snap/local) by extension 'ros'
[4.132s] Level 1:colcon.colcon_core.package_identification:_identify(src/uros/micro-ROS-Agent/snap/local) by extensions ['cmake', 'python']
[4.132s] Level 1:colcon.colcon_core.package_identification:_identify(src/uros/micro-ROS-Agent/snap/local) by extension 'cmake'
[4.132s] Level 1:colcon.colcon_core.package_identification:_identify(src/uros/micro-ROS-Agent/snap/local) by extension 'python'
[4.132s] Level 1:colcon.colcon_core.package_identification:_identify(src/uros/micro-ROS-Agent/snap/local) by extensions ['python_setup_py']
[4.133s] Level 1:colcon.colcon_core.package_identification:_identify(src/uros/micro-ROS-Agent/snap/local) by extension 'python_setup_py'
[4.133s] Level 1:colcon.colcon_core.package_discovery:discover_packages(recursive) using defaults
[4.133s] Level 1:colcon.colcon_core.package_discovery:discover_packages(ignore) discover
[4.133s] Level 1:colcon.colcon_core.package_discovery:discover_packages(ignore) using defaults
[4.133s] Level 1:colcon.colcon_core.package_discovery:discover_packages(path) discover
[4.133s] Level 1:colcon.colcon_core.package_discovery:discover_packages(path) using defaults
[4.515s] Level 1:colcon.colcon_core.package_discovery:discover_packages(prefix_path) check parameters
[4.515s] Level 1:colcon.colcon_core.package_discovery:discover_packages(prefix_path) discover
[4.639s] DEBUG:colcon.colcon_installed_package_information.package_discovery:Found 10 installed packages in /home/iris/iris/iris_ws/install
[4.701s] DEBUG:colcon.colcon_installed_package_information.package_discovery:Found 196 installed packages in /opt/ros/humble
[4.706s] Level 1:colcon.colcon_core.package_discovery:discover_packages(prefix_path) using defaults
[4.998s] Level 5:colcon.colcon_core.verb:set package 'iris_vision' build argument 'cmake_args' from command line to 'None'
[4.999s] Level 5:colcon.colcon_core.verb:set package 'iris_vision' build argument 'cmake_target' from command line to 'None'
[4.999s] Level 5:colcon.colcon_core.verb:set package 'iris_vision' build argument 'cmake_target_skip_unavailable' from command line to 'False'
[4.999s] Level 5:colcon.colcon_core.verb:set package 'iris_vision' build argument 'cmake_clean_cache' from command line to 'False'
[4.999s] Level 5:colcon.colcon_core.verb:set package 'iris_vision' build argument 'cmake_clean_first' from command line to 'False'
[4.999s] Level 5:colcon.colcon_core.verb:set package 'iris_vision' build argument 'cmake_force_configure' from command line to 'False'
[4.999s] Level 5:colcon.colcon_core.verb:set package 'iris_vision' build argument 'ament_cmake_args' from command line to 'None'
[4.999s] Level 5:colcon.colcon_core.verb:set package 'iris_vision' build argument 'catkin_cmake_args' from command line to 'None'
[5.000s] Level 5:colcon.colcon_core.verb:set package 'iris_vision' build argument 'catkin_skip_building_tests' from command line to 'False'
[5.000s] DEBUG:colcon.colcon_core.verb:Building package 'iris_vision' with the following arguments: {'ament_cmake_args': None, 'build_base': '/home/iris/iris/iris_ws/build/iris_vision', 'catkin_cmake_args': None, 'catkin_skip_building_tests': False, 'cmake_args': None, 'cmake_clean_cache': False, 'cmake_clean_first': False, 'cmake_force_configure': False, 'cmake_target': None, 'cmake_target_skip_unavailable': False, 'install_base': '/home/iris/iris/iris_ws/install/iris_vision', 'merge_install': False, 'path': '/home/iris/iris/iris_ws/src/iris_vision', 'symlink_install': True, 'test_result_base': None}
[5.053s] Level 5:colcon.colcon_core.verb:set package 'micro_ros_agent' build argument 'cmake_args' from command line to 'None'
[5.054s] Level 5:colcon.colcon_core.verb:set package 'micro_ros_agent' build argument 'cmake_target' from command line to 'None'
[5.054s] Level 5:colcon.colcon_core.verb:set package 'micro_ros_agent' build argument 'cmake_target_skip_unavailable' from command line to 'False'
[5.054s] Level 5:colcon.colcon_core.verb:set package 'micro_ros_agent' build argument 'cmake_clean_cache' from command line to 'False'
[5.054s] Level 5:colcon.colcon_core.verb:set package 'micro_ros_agent' build argument 'cmake_clean_first' from command line to 'False'
[5.054s] Level 5:colcon.colcon_core.verb:set package 'micro_ros_agent' build argument 'cmake_force_configure' from command line to 'False'
[5.054s] Level 5:colcon.colcon_core.verb:set package 'micro_ros_agent' build argument 'ament_cmake_args' from command line to 'None'
[5.054s] Level 5:colcon.colcon_core.verb:set package 'micro_ros_agent' build argument 'catkin_cmake_args' from command line to 'None'
[5.055s] Level 5:colcon.colcon_core.verb:set package 'micro_ros_agent' build argument 'catkin_skip_building_tests' from command line to 'False'
[5.055s] DEBUG:colcon.colcon_core.verb:Building package 'micro_ros_agent' with the following arguments: {'ament_cmake_args': None, 'build_base': '/home/iris/iris/iris_ws/build/micro_ros_agent', 'catkin_cmake_args': None, 'catkin_skip_building_tests': False, 'cmake_args': None, 'cmake_clean_cache': False, 'cmake_clean_first': False, 'cmake_force_configure': False, 'cmake_target': None, 'cmake_target_skip_unavailable': False, 'install_base': '/home/iris/iris/iris_ws/install/micro_ros_agent', 'merge_install': False, 'path': '/home/iris/iris/iris_ws/src/uros/micro-ROS-Agent/micro_ros_agent', 'symlink_install': True, 'test_result_base': None}
[5.109s] Level 5:colcon.colcon_core.verb:set package 'micro_ros_setup' build argument 'cmake_args' from command line to 'None'
[5.109s] Level 5:colcon.colcon_core.verb:set package 'micro_ros_setup' build argument 'cmake_target' from command line to 'None'
[5.109s] Level 5:colcon.colcon_core.verb:set package 'micro_ros_setup' build argument 'cmake_target_skip_unavailable' from command line to 'False'
[5.109s] Level 5:colcon.colcon_core.verb:set package 'micro_ros_setup' build argument 'cmake_clean_cache' from command line to 'False'
[5.110s] Level 5:colcon.colcon_core.verb:set package 'micro_ros_setup' build argument 'cmake_clean_first' from command line to 'False'
[5.110s] Level 5:colcon.colcon_core.verb:set package 'micro_ros_setup' build argument 'cmake_force_configure' from command line to 'False'
[5.110s] Level 5:colcon.colcon_core.verb:set package 'micro_ros_setup' build argument 'ament_cmake_args' from command line to 'None'
[5.110s] Level 5:colcon.colcon_core.verb:set package 'micro_ros_setup' build argument 'catkin_cmake_args' from command line to 'None'
[5.110s] Level 5:colcon.colcon_core.verb:set package 'micro_ros_setup' build argument 'catkin_skip_building_tests' from command line to 'False'
[5.110s] DEBUG:colcon.colcon_core.verb:Building package 'micro_ros_setup' with the following arguments: {'ament_cmake_args': None, 'build_base': '/home/iris/iris/iris_ws/build/micro_ros_setup', 'catkin_cmake_args': None, 'catkin_skip_building_tests': False, 'cmake_args': None, 'cmake_clean_cache': False, 'cmake_clean_first': False, 'cmake_force_configure': False, 'cmake_target': None, 'cmake_target_skip_unavailable': False, 'install_base': '/home/iris/iris/iris_ws/install/micro_ros_setup', 'merge_install': False, 'path': '/home/iris/iris/iris_ws/src/micro_ros_setup', 'symlink_install': True, 'test_result_base': None}
[5.166s] INFO:colcon.colcon_core.executor:Executing jobs using 'parallel' executor
[5.222s] DEBUG:colcon.colcon_parallel_executor.executor.parallel:run_until_complete
[5.223s] INFO:colcon.colcon_ros.task.ament_python.build:Building ROS package in '/home/iris/iris/iris_ws/src/iris_vision' with build type 'ament_python'
[5.224s] Level 1:colcon.colcon_core.shell:create_environment_hook('iris_vision', 'ament_prefix_path')
[5.291s] INFO:colcon.colcon_core.plugin_system:Skipping extension 'colcon_core.shell.bat': Not used on non-Windows systems
[5.292s] INFO:colcon.colcon_core.shell:Creating environment hook '/home/iris/iris/iris_ws/install/iris_vision/share/iris_vision/hook/ament_prefix_path.ps1'
[5.295s] INFO:colcon.colcon_core.shell:Creating environment descriptor '/home/iris/iris/iris_ws/install/iris_vision/share/iris_vision/hook/ament_prefix_path.dsv'
[5.297s] INFO:colcon.colcon_core.shell:Creating environment hook '/home/iris/iris/iris_ws/install/iris_vision/share/iris_vision/hook/ament_prefix_path.sh'
[5.358s] INFO:colcon.colcon_core.shell:Skip shell extension 'powershell' for command environment: Not usable outside of PowerShell
[5.358s] DEBUG:colcon.colcon_core.shell:Skip shell extension 'dsv' for command environment
[5.549s] INFO:colcon.colcon_ros.task.ament_cmake.build:Building ROS package in '/home/iris/iris/iris_ws/src/uros/micro-ROS-Agent/micro_ros_agent' with build type 'ament_cmake'
[5.549s] INFO:colcon.colcon_cmake.task.cmake.build:Building CMake package in '/home/iris/iris/iris_ws/src/uros/micro-ROS-Agent/micro_ros_agent'
[5.607s] INFO:colcon.colcon_core.shell:Skip shell extension 'powershell' for command environment: Not usable outside of PowerShell
[5.607s] DEBUG:colcon.colcon_core.shell:Skip shell extension 'dsv' for command environment
[5.791s] INFO:colcon.colcon_ros.task.ament_cmake.build:Building ROS package in '/home/iris/iris/iris_ws/src/micro_ros_setup' with build type 'ament_cmake'
[5.792s] INFO:colcon.colcon_cmake.task.cmake.build:Building CMake package in '/home/iris/iris/iris_ws/src/micro_ros_setup'
[5.852s] INFO:colcon.colcon_core.shell:Skip shell extension 'powershell' for command environment: Not usable outside of PowerShell
[5.852s] DEBUG:colcon.colcon_core.shell:Skip shell extension 'dsv' for command environment
[7.103s] INFO:colcon.colcon_core.task.python.build:Building Python package in '/home/iris/iris/iris_ws/src/iris_vision'
[7.162s] INFO:colcon.colcon_core.shell:Skip shell extension 'powershell' for command environment: Not usable outside of PowerShell
[7.162s] DEBUG:colcon.colcon_core.shell:Skip shell extension 'dsv' for command environment
[7.361s] DEBUG:colcon.colcon_core.event_handler.log_command:Invoking command in '/home/iris/iris/iris_ws/build/micro_ros_agent': CMAKE_PREFIX_PATH=${CMAKE_PREFIX_PATH}:/home/iris/iris/iris_ws/install/iris_vision:/opt/ros/humble /usr/bin/cmake --build /home/iris/iris/iris_ws/build/micro_ros_agent -- -j4 -l4
[7.397s] DEBUG:colcon.colcon_core.event_handler.log_command:Invoking command in '/home/iris/iris/iris_ws/build/micro_ros_setup': CMAKE_PREFIX_PATH=${CMAKE_PREFIX_PATH}:/home/iris/iris/iris_ws/install/iris_vision:/opt/ros/humble /usr/bin/cmake --build /home/iris/iris/iris_ws/build/micro_ros_setup -- -j4 -l4
[7.561s] DEBUG:colcon.colcon_core.event_handler.log_command:Invoked command in '/home/iris/iris/iris_ws/build/micro_ros_setup' returned '0': CMAKE_PREFIX_PATH=${CMAKE_PREFIX_PATH}:/home/iris/iris/iris_ws/install/iris_vision:/opt/ros/humble /usr/bin/cmake --build /home/iris/iris/iris_ws/build/micro_ros_setup -- -j4 -l4
[7.743s] DEBUG:colcon.colcon_core.event_handler.log_command:Invoking command in '/home/iris/iris/iris_ws/build/micro_ros_setup': CMAKE_PREFIX_PATH=${CMAKE_PREFIX_PATH}:/home/iris/iris/iris_ws/install/iris_vision:/opt/ros/humble /usr/bin/cmake --install /home/iris/iris/iris_ws/build/micro_ros_setup
[7.748s] DEBUG:colcon.colcon_core.event_handler.log_command:Invoked command in '/home/iris/iris/iris_ws/build/micro_ros_agent' returned '0': CMAKE_PREFIX_PATH=${CMAKE_PREFIX_PATH}:/home/iris/iris/iris_ws/install/iris_vision:/opt/ros/humble /usr/bin/cmake --build /home/iris/iris/iris_ws/build/micro_ros_agent -- -j4 -l4
[7.975s] Level 1:colcon.colcon_core.environment:create_environment_scripts_only(micro_ros_setup)
[8.089s] DEBUG:colcon.colcon_core.event_handler.log_command:Invoked command in '/home/iris/iris/iris_ws/build/micro_ros_setup' returned '0': CMAKE_PREFIX_PATH=${CMAKE_PREFIX_PATH}:/home/iris/iris/iris_ws/install/iris_vision:/opt/ros/humble /usr/bin/cmake --install /home/iris/iris/iris_ws/build/micro_ros_setup
[8.119s] Level 1:colcon.colcon_core.environment:checking '/home/iris/iris/iris_ws/install/micro_ros_setup' for CMake module files
[8.123s] Level 1:colcon.colcon_core.environment:checking '/home/iris/iris/iris_ws/install/micro_ros_setup' for CMake config files
[8.126s] Level 1:colcon.colcon_core.shell:create_environment_hook('micro_ros_setup', 'cmake_prefix_path')
[8.194s] INFO:colcon.colcon_core.shell:Creating environment hook '/home/iris/iris/iris_ws/install/micro_ros_setup/share/micro_ros_setup/hook/cmake_prefix_path.ps1'
[8.198s] INFO:colcon.colcon_core.shell:Creating environment descriptor '/home/iris/iris/iris_ws/install/micro_ros_setup/share/micro_ros_setup/hook/cmake_prefix_path.dsv'
[8.200s] INFO:colcon.colcon_core.shell:Creating environment hook '/home/iris/iris/iris_ws/install/micro_ros_setup/share/micro_ros_setup/hook/cmake_prefix_path.sh'
[8.204s] Level 1:colcon.colcon_core.environment:checking '/home/iris/iris/iris_ws/install/micro_ros_setup/lib'
[8.205s] Level 1:colcon.colcon_core.environment:checking '/home/iris/iris/iris_ws/install/micro_ros_setup/bin'
[8.206s] Level 1:colcon.colcon_core.environment:checking '/home/iris/iris/iris_ws/install/micro_ros_setup/lib/pkgconfig/micro_ros_setup.pc'
[8.207s] Level 1:colcon.colcon_core.environment:checking '/home/iris/iris/iris_ws/install/micro_ros_setup/lib/python3.10/site-packages'
[8.209s] Level 1:colcon.colcon_core.environment:checking '/home/iris/iris/iris_ws/install/micro_ros_setup/bin'
[8.280s] INFO:colcon.colcon_core.shell:Creating package script '/home/iris/iris/iris_ws/install/micro_ros_setup/share/micro_ros_setup/package.ps1'
[8.284s] INFO:colcon.colcon_core.shell:Creating package descriptor '/home/iris/iris/iris_ws/install/micro_ros_setup/share/micro_ros_setup/package.dsv'
[8.287s] INFO:colcon.colcon_core.shell:Creating package script '/home/iris/iris/iris_ws/install/micro_ros_setup/share/micro_ros_setup/package.sh'
[8.292s] INFO:colcon.colcon_core.shell:Creating package script '/home/iris/iris/iris_ws/install/micro_ros_setup/share/micro_ros_setup/package.bash'
[8.296s] INFO:colcon.colcon_core.shell:Creating package script '/home/iris/iris/iris_ws/install/micro_ros_setup/share/micro_ros_setup/package.zsh'
[8.301s] Level 1:colcon.colcon_core.environment:create_file_with_runtime_dependencies(/home/iris/iris/iris_ws/install/micro_ros_setup/share/colcon-core/packages/micro_ros_setup)
[8.336s] DEBUG:colcon.colcon_core.event_handler.log_command:Invoking command in '/home/iris/iris/iris_ws/build/micro_ros_agent': CMAKE_PREFIX_PATH=${CMAKE_PREFIX_PATH}:/home/iris/iris/iris_ws/install/iris_vision:/opt/ros/humble /usr/bin/cmake --install /home/iris/iris/iris_ws/build/micro_ros_agent
[8.429s] Level 1:colcon.colcon_core.environment:create_environment_scripts_only(micro_ros_agent)
[8.435s] DEBUG:colcon.colcon_core.event_handler.log_command:Invoked command in '/home/iris/iris/iris_ws/build/micro_ros_agent' returned '0': CMAKE_PREFIX_PATH=${CMAKE_PREFIX_PATH}:/home/iris/iris/iris_ws/install/iris_vision:/opt/ros/humble /usr/bin/cmake --install /home/iris/iris/iris_ws/build/micro_ros_agent
[8.507s] Level 1:colcon.colcon_core.environment:checking '/home/iris/iris/iris_ws/install/micro_ros_agent' for CMake module files
[8.510s] Level 1:colcon.colcon_core.environment:checking '/home/iris/iris/iris_ws/install/micro_ros_agent' for CMake config files
[8.513s] Level 1:colcon.colcon_core.shell:create_environment_hook('micro_ros_agent', 'cmake_prefix_path')
[8.581s] INFO:colcon.colcon_core.shell:Creating environment hook '/home/iris/iris/iris_ws/install/micro_ros_agent/share/micro_ros_agent/hook/cmake_prefix_path.ps1'
[8.583s] INFO:colcon.colcon_core.shell:Creating environment descriptor '/home/iris/iris/iris_ws/install/micro_ros_agent/share/micro_ros_agent/hook/cmake_prefix_path.dsv'
[8.586s] INFO:colcon.colcon_core.shell:Creating environment hook '/home/iris/iris/iris_ws/install/micro_ros_agent/share/micro_ros_agent/hook/cmake_prefix_path.sh'
[8.589s] Level 1:colcon.colcon_core.environment:checking '/home/iris/iris/iris_ws/install/micro_ros_agent/lib'
[8.590s] Level 1:colcon.colcon_core.shell:create_environment_hook('micro_ros_agent', 'ld_library_path_lib')
[8.660s] INFO:colcon.colcon_core.shell:Creating environment hook '/home/iris/iris/iris_ws/install/micro_ros_agent/share/micro_ros_agent/hook/ld_library_path_lib.ps1'
[8.663s] INFO:colcon.colcon_core.shell:Creating environment descriptor '/home/iris/iris/iris_ws/install/micro_ros_agent/share/micro_ros_agent/hook/ld_library_path_lib.dsv'
[8.665s] INFO:colcon.colcon_core.shell:Creating environment hook '/home/iris/iris/iris_ws/install/micro_ros_agent/share/micro_ros_agent/hook/ld_library_path_lib.sh'
[8.667s] Level 1:colcon.colcon_core.environment:checking '/home/iris/iris/iris_ws/install/micro_ros_agent/bin'
[8.668s] Level 1:colcon.colcon_core.environment:checking '/home/iris/iris/iris_ws/install/micro_ros_agent/lib/pkgconfig/micro_ros_agent.pc'
[8.669s] Level 1:colcon.colcon_core.environment:checking '/home/iris/iris/iris_ws/install/micro_ros_agent/lib/python3.10/site-packages'
[8.670s] Level 1:colcon.colcon_core.environment:checking '/home/iris/iris/iris_ws/install/micro_ros_agent/bin'
[8.748s] INFO:colcon.colcon_core.shell:Creating package script '/home/iris/iris/iris_ws/install/micro_ros_agent/share/micro_ros_agent/package.ps1'
[8.751s] INFO:colcon.colcon_core.shell:Creating package descriptor '/home/iris/iris/iris_ws/install/micro_ros_agent/share/micro_ros_agent/package.dsv'
[8.753s] INFO:colcon.colcon_core.shell:Creating package script '/home/iris/iris/iris_ws/install/micro_ros_agent/share/micro_ros_agent/package.sh'
[8.756s] INFO:colcon.colcon_core.shell:Creating package script '/home/iris/iris/iris_ws/install/micro_ros_agent/share/micro_ros_agent/package.bash'
[8.758s] INFO:colcon.colcon_core.shell:Creating package script '/home/iris/iris/iris_ws/install/micro_ros_agent/share/micro_ros_agent/package.zsh'
[8.761s] Level 1:colcon.colcon_core.environment:create_file_with_runtime_dependencies(/home/iris/iris/iris_ws/install/micro_ros_agent/share/colcon-core/packages/micro_ros_agent)
[8.864s] Level 1:colcon.colcon_core.environment:create_environment_scripts_only(micro_ros_setup)
[8.953s] Level 1:colcon.colcon_core.environment:checking '/home/iris/iris/iris_ws/install/micro_ros_setup' for CMake module files
[8.957s] Level 1:colcon.colcon_core.environment:checking '/home/iris/iris/iris_ws/install/micro_ros_setup' for CMake config files
[8.961s] Level 1:colcon.colcon_core.shell:create_environment_hook('micro_ros_setup', 'cmake_prefix_path')
[9.073s] INFO:colcon.colcon_core.shell:Creating environment hook '/home/iris/iris/iris_ws/install/micro_ros_setup/share/micro_ros_setup/hook/cmake_prefix_path.ps1'
[9.076s] INFO:colcon.colcon_core.shell:Creating environment descriptor '/home/iris/iris/iris_ws/install/micro_ros_setup/share/micro_ros_setup/hook/cmake_prefix_path.dsv'
[9.079s] INFO:colcon.colcon_core.shell:Creating environment hook '/home/iris/iris/iris_ws/install/micro_ros_setup/share/micro_ros_setup/hook/cmake_prefix_path.sh'
[9.084s] Level 1:colcon.colcon_core.environment:checking '/home/iris/iris/iris_ws/install/micro_ros_setup/lib'
[9.085s] Level 1:colcon.colcon_core.environment:checking '/home/iris/iris/iris_ws/install/micro_ros_setup/bin'
[9.086s] Level 1:colcon.colcon_core.environment:checking '/home/iris/iris/iris_ws/install/micro_ros_setup/lib/pkgconfig/micro_ros_setup.pc'
[9.088s] Level 1:colcon.colcon_core.environment:checking '/home/iris/iris/iris_ws/install/micro_ros_setup/lib/python3.10/site-packages'
[9.090s] Level 1:colcon.colcon_core.environment:checking '/home/iris/iris/iris_ws/install/micro_ros_setup/bin'
[9.195s] INFO:colcon.colcon_core.shell:Creating package script '/home/iris/iris/iris_ws/install/micro_ros_setup/share/micro_ros_setup/package.ps1'
[9.199s] INFO:colcon.colcon_core.shell:Creating package descriptor '/home/iris/iris/iris_ws/install/micro_ros_setup/share/micro_ros_setup/package.dsv'
[9.201s] INFO:colcon.colcon_core.shell:Creating package script '/home/iris/iris/iris_ws/install/micro_ros_setup/share/micro_ros_setup/package.sh'
[9.203s] INFO:colcon.colcon_core.shell:Creating package script '/home/iris/iris/iris_ws/install/micro_ros_setup/share/micro_ros_setup/package.bash'
[9.206s] INFO:colcon.colcon_core.shell:Creating package script '/home/iris/iris/iris_ws/install/micro_ros_setup/share/micro_ros_setup/package.zsh'
[9.208s] Level 1:colcon.colcon_core.environment:create_file_with_runtime_dependencies(/home/iris/iris/iris_ws/install/micro_ros_setup/share/colcon-core/packages/micro_ros_setup)
[9.271s] Level 1:colcon.colcon_core.environment:create_environment_scripts_only(micro_ros_agent)
[9.330s] Level 1:colcon.colcon_core.environment:checking '/home/iris/iris/iris_ws/install/micro_ros_agent' for CMake module files
[9.333s] Level 1:colcon.colcon_core.environment:checking '/home/iris/iris/iris_ws/install/micro_ros_agent' for CMake config files
[9.336s] Level 1:colcon.colcon_core.shell:create_environment_hook('micro_ros_agent', 'cmake_prefix_path')
[9.410s] INFO:colcon.colcon_core.shell:Creating environment hook '/home/iris/iris/iris_ws/install/micro_ros_agent/share/micro_ros_agent/hook/cmake_prefix_path.ps1'
[9.412s] INFO:colcon.colcon_core.shell:Creating environment descriptor '/home/iris/iris/iris_ws/install/micro_ros_agent/share/micro_ros_agent/hook/cmake_prefix_path.dsv'
[9.414s] INFO:colcon.colcon_core.shell:Creating environment hook '/home/iris/iris/iris_ws/install/micro_ros_agent/share/micro_ros_agent/hook/cmake_prefix_path.sh'
[9.417s] Level 1:colcon.colcon_core.environment:checking '/home/iris/iris/iris_ws/install/micro_ros_agent/lib'
[9.418s] Level 1:colcon.colcon_core.shell:create_environment_hook('micro_ros_agent', 'ld_library_path_lib')
[9.485s] INFO:colcon.colcon_core.shell:Creating environment hook '/home/iris/iris/iris_ws/install/micro_ros_agent/share/micro_ros_agent/hook/ld_library_path_lib.ps1'
[9.487s] INFO:colcon.colcon_core.shell:Creating environment descriptor '/home/iris/iris/iris_ws/install/micro_ros_agent/share/micro_ros_agent/hook/ld_library_path_lib.dsv'
[9.489s] INFO:colcon.colcon_core.shell:Creating environment hook '/home/iris/iris/iris_ws/install/micro_ros_agent/share/micro_ros_agent/hook/ld_library_path_lib.sh'
[9.491s] Level 1:colcon.colcon_core.environment:checking '/home/iris/iris/iris_ws/install/micro_ros_agent/bin'
[9.491s] Level 1:colcon.colcon_core.environment:checking '/home/iris/iris/iris_ws/install/micro_ros_agent/lib/pkgconfig/micro_ros_agent.pc'
[9.493s] Level 1:colcon.colcon_core.environment:checking '/home/iris/iris/iris_ws/install/micro_ros_agent/lib/python3.10/site-packages'
[9.494s] Level 1:colcon.colcon_core.environment:checking '/home/iris/iris/iris_ws/install/micro_ros_agent/bin'
[9.552s] INFO:colcon.colcon_core.shell:Creating package script '/home/iris/iris/iris_ws/install/micro_ros_agent/share/micro_ros_agent/package.ps1'
[9.555s] INFO:colcon.colcon_core.shell:Creating package descriptor '/home/iris/iris/iris_ws/install/micro_ros_agent/share/micro_ros_agent/package.dsv'
[9.557s] INFO:colcon.colcon_core.shell:Creating package script '/home/iris/iris/iris_ws/install/micro_ros_agent/share/micro_ros_agent/package.sh'
[9.560s] INFO:colcon.colcon_core.shell:Creating package script '/home/iris/iris/iris_ws/install/micro_ros_agent/share/micro_ros_agent/package.bash'
[9.562s] INFO:colcon.colcon_core.shell:Creating package script '/home/iris/iris/iris_ws/install/micro_ros_agent/share/micro_ros_agent/package.zsh'
[9.564s] Level 1:colcon.colcon_core.environment:create_file_with_runtime_dependencies(/home/iris/iris/iris_ws/install/micro_ros_agent/share/colcon-core/packages/micro_ros_agent)
[9.579s] DEBUG:colcon.colcon_core.event_handler.log_command:Invoking command in '/home/iris/iris/iris_ws/build/iris_vision': PYTHONPATH=/home/iris/iris/iris_ws/build/iris_vision/prefix_override:/home/iris/iris/iris_ws/install/iris_vision/lib/python3.10/site-packages:${PYTHONPATH} /usr/bin/python3 setup.py develop --editable --build-directory /home/iris/iris/iris_ws/build/iris_vision/build --no-deps install_data
[11.530s] Level 1:colcon.colcon_core.shell:create_environment_hook('iris_vision', 'pythonpath_develop')
[11.532s] DEBUG:colcon.colcon_core.event_handler.log_command:Invoked command in '/home/iris/iris/iris_ws/build/iris_vision' returned '0': PYTHONPATH=/home/iris/iris/iris_ws/build/iris_vision/prefix_override:/home/iris/iris/iris_ws/install/iris_vision/lib/python3.10/site-packages:${PYTHONPATH} /usr/bin/python3 setup.py develop --editable --build-directory /home/iris/iris/iris_ws/build/iris_vision/build --no-deps install_data
[11.593s] INFO:colcon.colcon_core.shell:Creating environment hook '/home/iris/iris/iris_ws/build/iris_vision/share/iris_vision/hook/pythonpath_develop.ps1'
[11.595s] INFO:colcon.colcon_core.shell:Creating environment descriptor '/home/iris/iris/iris_ws/build/iris_vision/share/iris_vision/hook/pythonpath_develop.dsv'
[11.596s] INFO:colcon.colcon_core.shell:Creating environment hook '/home/iris/iris/iris_ws/build/iris_vision/share/iris_vision/hook/pythonpath_develop.sh'
[11.655s] Level 1:colcon.colcon_core.environment:checking '/home/iris/iris/iris_ws/install/iris_vision' for CMake module files
[11.658s] Level 1:colcon.colcon_core.environment:checking '/home/iris/iris/iris_ws/install/iris_vision' for CMake config files
[11.661s] Level 1:colcon.colcon_core.environment:checking '/home/iris/iris/iris_ws/install/iris_vision/lib'
[11.662s] Level 1:colcon.colcon_core.environment:checking '/home/iris/iris/iris_ws/install/iris_vision/bin'
[11.662s] Level 1:colcon.colcon_core.environment:checking '/home/iris/iris/iris_ws/install/iris_vision/lib/pkgconfig/iris_vision.pc'
[11.663s] Level 1:colcon.colcon_core.environment:checking '/home/iris/iris/iris_ws/install/iris_vision/lib/python3.10/site-packages'
[11.664s] Level 1:colcon.colcon_core.shell:create_environment_hook('iris_vision', 'pythonpath')
[11.758s] INFO:colcon.colcon_core.shell:Creating environment hook '/home/iris/iris/iris_ws/install/iris_vision/share/iris_vision/hook/pythonpath.ps1'
[11.760s] INFO:colcon.colcon_core.shell:Creating environment descriptor '/home/iris/iris/iris_ws/install/iris_vision/share/iris_vision/hook/pythonpath.dsv'
[11.762s] INFO:colcon.colcon_core.shell:Creating environment hook '/home/iris/iris/iris_ws/install/iris_vision/share/iris_vision/hook/pythonpath.sh'
[11.765s] Level 1:colcon.colcon_core.environment:checking '/home/iris/iris/iris_ws/install/iris_vision/bin'
[11.765s] Level 1:colcon.colcon_core.environment:create_environment_scripts_only(iris_vision)
[11.824s] INFO:colcon.colcon_core.shell:Creating package script '/home/iris/iris/iris_ws/install/iris_vision/share/iris_vision/package.ps1'
[11.827s] INFO:colcon.colcon_core.shell:Creating package descriptor '/home/iris/iris/iris_ws/install/iris_vision/share/iris_vision/package.dsv'
[11.829s] INFO:colcon.colcon_core.shell:Creating package script '/home/iris/iris/iris_ws/install/iris_vision/share/iris_vision/package.sh'
[11.832s] INFO:colcon.colcon_core.shell:Creating package script '/home/iris/iris/iris_ws/install/iris_vision/share/iris_vision/package.bash'
[11.834s] INFO:colcon.colcon_core.shell:Creating package script '/home/iris/iris/iris_ws/install/iris_vision/share/iris_vision/package.zsh'
[11.835s] Level 1:colcon.colcon_core.environment:create_file_with_runtime_dependencies(/home/iris/iris/iris_ws/install/iris_vision/share/colcon-core/packages/iris_vision)
[11.837s] DEBUG:colcon.colcon_parallel_executor.executor.parallel:closing loop
[11.838s] DEBUG:colcon.colcon_parallel_executor.executor.parallel:loop closed
[11.839s] DEBUG:colcon.colcon_parallel_executor.executor.parallel:run_until_complete finished with '0'
[11.839s] DEBUG:colcon.colcon_core.event_reactor:joining thread
[11.923s] INFO:colcon.colcon_core.plugin_system:Skipping extension 'colcon_notification.desktop_notification.terminal_notifier': Not used on non-Darwin systems
[11.923s] INFO:colcon.colcon_core.plugin_system:Skipping extension 'colcon_notification.desktop_notification.win32': Not used on non-Windows systems
[11.923s] INFO:colcon.colcon_notification.desktop_notification:Sending desktop notification using 'notify2'
[11.964s] DEBUG:colcon.colcon_core.event_reactor:joined thread
[12.023s] INFO:colcon.colcon_core.shell:Creating prefix script '/home/iris/iris/iris_ws/install/local_setup.ps1'
[12.027s] INFO:colcon.colcon_core.shell:Creating prefix util module '/home/iris/iris/iris_ws/install/_local_setup_util_ps1.py'
[12.032s] INFO:colcon.colcon_core.shell:Creating prefix chain script '/home/iris/iris/iris_ws/install/setup.ps1'
[12.091s] INFO:colcon.colcon_core.shell:Creating prefix script '/home/iris/iris/iris_ws/install/local_setup.sh'
[12.094s] INFO:colcon.colcon_core.shell:Creating prefix util module '/home/iris/iris/iris_ws/install/_local_setup_util_sh.py'
[12.096s] INFO:colcon.colcon_core.shell:Creating prefix chain script '/home/iris/iris/iris_ws/install/setup.sh'
[12.156s] INFO:colcon.colcon_core.shell:Creating prefix script '/home/iris/iris/iris_ws/install/local_setup.bash'
[12.158s] INFO:colcon.colcon_core.shell:Creating prefix chain script '/home/iris/iris/iris_ws/install/setup.bash'
[12.220s] INFO:colcon.colcon_core.shell:Creating prefix script '/home/iris/iris/iris_ws/install/local_setup.zsh'
[12.222s] INFO:colcon.colcon_core.shell:Creating prefix chain script '/home/iris/iris/iris_ws/install/setup.zsh'
