-- The C compiler identification is GNU 11.4.0
-- The CXX compiler identification is GNU 11.4.0
-- Detecting C compiler ABI info
-- Detecting C compiler ABI info - done
-- Check for working C compiler: /usr/bin/cc - skipped
-- Detecting C compile features
-- Detecting C compile features - done
-- Detecting CXX compiler ABI info
-- Detecting CXX compiler ABI info - done
-- Check for working CXX compiler: /usr/bin/c++ - skipped
-- Detecting CXX compile features
-- Detecting CXX compile features - done
-- Found ament_cmake_auto: 1.3.7 (/opt/ros/humble/share/ament_cmake_auto/cmake)
-- Found Python3: /usr/bin/python3.10 (found version "3.10.12") found components: Interpreter 
-- Override CMake install command with custom implementation using symlinks instead of copying resources
-- Configuring done
-- Generating done
-- Build files have been written to: /home/iris/iris/iris_ws/build/odrive_demo_description
-- Install configuration: ""
-- Execute custom install script
-- Symlinking: /home/iris/iris/iris_ws/install/odrive_demo_description/share/odrive_demo_description/urdf/odrive.ros2_control.xacro
-- Symlinking: /home/iris/iris/iris_ws/install/odrive_demo_description/share/odrive_demo_description/urdf/odrive.urdf.xacro
-- Symlinking: /home/iris/iris/iris_ws/install/odrive_demo_description/share/odrive_demo_description/urdf/odrive_diffbot.urdf.xacro
-- Symlinking: /home/iris/iris/iris_ws/install/odrive_demo_description/share/odrive_demo_description/urdf/odrive_rrbot.urdf.xacro
-- Symlinking: /home/iris/iris/iris_ws/install/odrive_demo_description/share/ament_index/resource_index/package_run_dependencies/odrive_demo_description
-- Symlinking: /home/iris/iris/iris_ws/install/odrive_demo_description/share/ament_index/resource_index/parent_prefix_path/odrive_demo_description
-- Symlinking: /home/iris/iris/iris_ws/install/odrive_demo_description/share/odrive_demo_description/environment/ament_prefix_path.sh
-- Symlinking: /home/iris/iris/iris_ws/install/odrive_demo_description/share/odrive_demo_description/environment/ament_prefix_path.dsv
-- Symlinking: /home/iris/iris/iris_ws/install/odrive_demo_description/share/odrive_demo_description/environment/path.sh
-- Symlinking: /home/iris/iris/iris_ws/install/odrive_demo_description/share/odrive_demo_description/environment/path.dsv
-- Symlinking: /home/iris/iris/iris_ws/install/odrive_demo_description/share/odrive_demo_description/local_setup.bash
-- Symlinking: /home/iris/iris/iris_ws/install/odrive_demo_description/share/odrive_demo_description/local_setup.sh
-- Symlinking: /home/iris/iris/iris_ws/install/odrive_demo_description/share/odrive_demo_description/local_setup.zsh
-- Symlinking: /home/iris/iris/iris_ws/install/odrive_demo_description/share/odrive_demo_description/local_setup.dsv
-- Symlinking: /home/iris/iris/iris_ws/install/odrive_demo_description/share/odrive_demo_description/package.dsv
-- Symlinking: /home/iris/iris/iris_ws/install/odrive_demo_description/share/ament_index/resource_index/packages/odrive_demo_description
-- Symlinking: /home/iris/iris/iris_ws/install/odrive_demo_description/share/odrive_demo_description/cmake/odrive_demo_descriptionConfig.cmake
-- Symlinking: /home/iris/iris/iris_ws/install/odrive_demo_description/share/odrive_demo_description/cmake/odrive_demo_descriptionConfig-version.cmake
-- Symlinking: /home/iris/iris/iris_ws/install/odrive_demo_description/share/odrive_demo_description/package.xml
