[2.661s] Invoking command in '/home/iris/iris/iris_ws/build/micro_ros_setup': CMAKE_PREFIX_PATH=${CMAKE_PREFIX_PATH}:/home/iris/iris/iris_ws/install/iris_vision:/opt/ros/humble /usr/bin/cmake --build /home/iris/iris/iris_ws/build/micro_ros_setup -- -j4 -l4
[3.059s] Invoked command in '/home/iris/iris/iris_ws/build/micro_ros_setup' returned '0': CMAKE_PREFIX_PATH=${CMAKE_PREFIX_PATH}:/home/iris/iris/iris_ws/install/iris_vision:/opt/ros/humble /usr/bin/cmake --build /home/iris/iris/iris_ws/build/micro_ros_setup -- -j4 -l4
[3.477s] Invoking command in '/home/iris/iris/iris_ws/build/micro_ros_setup': CMAKE_PREFIX_PATH=${CMAKE_PREFIX_PATH}:/home/iris/iris/iris_ws/install/iris_vision:/opt/ros/humble /usr/bin/cmake --install /home/iris/iris/iris_ws/build/micro_ros_setup
[3.524s] -- Install configuration: ""
[3.528s] -- Execute custom install script
[3.529s] -- Symlinking: /home/iris/iris/iris_ws/install/micro_ros_setup/share/ament_index/resource_index/package_run_dependencies/micro_ros_setup
[3.597s] -- Symlinking: /home/iris/iris/iris_ws/install/micro_ros_setup/share/ament_index/resource_index/parent_prefix_path/micro_ros_setup
[3.644s] -- Symlinking: /home/iris/iris/iris_ws/install/micro_ros_setup/share/micro_ros_setup/environment/ament_prefix_path.sh
[3.687s] -- Symlinking: /home/iris/iris/iris_ws/install/micro_ros_setup/share/micro_ros_setup/environment/ament_prefix_path.dsv
[3.725s] -- Symlinking: /home/iris/iris/iris_ws/install/micro_ros_setup/share/micro_ros_setup/environment/path.sh
[3.767s] -- Symlinking: /home/iris/iris/iris_ws/install/micro_ros_setup/share/micro_ros_setup/environment/path.dsv
[3.807s] -- Symlinking: /home/iris/iris/iris_ws/install/micro_ros_setup/share/micro_ros_setup/local_setup.bash
[3.857s] -- Symlinking: /home/iris/iris/iris_ws/install/micro_ros_setup/share/micro_ros_setup/local_setup.sh
[3.897s] -- Symlinking: /home/iris/iris/iris_ws/install/micro_ros_setup/share/micro_ros_setup/local_setup.zsh
[3.937s] -- Symlinking: /home/iris/iris/iris_ws/install/micro_ros_setup/share/micro_ros_setup/local_setup.dsv
[3.981s] -- Symlinking: /home/iris/iris/iris_ws/install/micro_ros_setup/share/micro_ros_setup/package.dsv
[4.023s] -- Symlinking: /home/iris/iris/iris_ws/install/micro_ros_setup/share/ament_index/resource_index/packages/micro_ros_setup
[4.062s] -- Symlinking: /home/iris/iris/iris_ws/install/micro_ros_setup/share/micro_ros_setup/cmake/micro_ros_setupConfig.cmake
[4.100s] -- Symlinking: /home/iris/iris/iris_ws/install/micro_ros_setup/share/micro_ros_setup/cmake/micro_ros_setupConfig-version.cmake
[4.139s] -- Symlinking: /home/iris/iris/iris_ws/install/micro_ros_setup/share/micro_ros_setup/package.xml
[4.180s] -- Symlinking: /home/iris/iris/iris_ws/install/micro_ros_setup/lib/micro_ros_setup/create_ws.sh
[4.221s] -- Symlinking: /home/iris/iris/iris_ws/install/micro_ros_setup/lib/micro_ros_setup/create_agent_ws.sh
[4.259s] -- Symlinking: /home/iris/iris/iris_ws/install/micro_ros_setup/lib/micro_ros_setup/create_firmware_ws.sh
[4.299s] -- Symlinking: /home/iris/iris/iris_ws/install/micro_ros_setup/lib/micro_ros_setup/configure_firmware.sh
[4.338s] -- Symlinking: /home/iris/iris/iris_ws/install/micro_ros_setup/lib/micro_ros_setup/flash_firmware.sh
[4.375s] -- Symlinking: /home/iris/iris/iris_ws/install/micro_ros_setup/lib/micro_ros_setup/build_firmware.sh
[4.413s] -- Symlinking: /home/iris/iris/iris_ws/install/micro_ros_setup/lib/micro_ros_setup/build_agent.sh
[4.451s] -- Symlinking: /home/iris/iris/iris_ws/install/micro_ros_setup/lib/micro_ros_setup/yaml_filter.py
[4.493s] -- Symlinking: /home/iris/iris/iris_ws/install/micro_ros_setup/lib/micro_ros_setup/clean_env.sh
[4.537s] -- Symlinking: /home/iris/iris/iris_ws/install/micro_ros_setup/lib/micro_ros_setup/component
[4.574s] -- Up-to-date: /home/iris/iris/iris_ws/install/micro_ros_setup/./config
[4.580s] -- Up-to-date: /home/iris/iris/iris_ws/install/micro_ros_setup/./config/generate_lib
[4.583s] -- Up-to-date: /home/iris/iris/iris_ws/install/micro_ros_setup/./config/generate_lib/generic
[4.589s] -- Up-to-date: /home/iris/iris/iris_ws/install/micro_ros_setup/./config/generate_lib/generic/flash.sh
[4.592s] -- Up-to-date: /home/iris/iris/iris_ws/install/micro_ros_setup/./config/generate_lib/generic/client_uros_packages.repos
[4.594s] -- Up-to-date: /home/iris/iris/iris_ws/install/micro_ros_setup/./config/generate_lib/generic/client-colcon.meta
[4.596s] -- Up-to-date: /home/iris/iris/iris_ws/install/micro_ros_setup/./config/generate_lib/generic/build.sh
[4.600s] -- Up-to-date: /home/iris/iris/iris_ws/install/micro_ros_setup/./config/generate_lib/generic/create.sh
[4.603s] -- Up-to-date: /home/iris/iris/iris_ws/install/micro_ros_setup/./config/generate_lib/generic/demo_toolchain.cmake
[4.605s] -- Up-to-date: /home/iris/iris/iris_ws/install/micro_ros_setup/./config/generate_lib/generic/package.xml
[4.607s] -- Up-to-date: /home/iris/iris/iris_ws/install/micro_ros_setup/./config/generate_lib/dev_ros2_packages.txt
[4.609s] -- Up-to-date: /home/iris/iris/iris_ws/install/micro_ros_setup/./config/generate_lib/dev_uros_packages.repos
[4.612s] -- Up-to-date: /home/iris/iris/iris_ws/install/micro_ros_setup/./config/client_uros_packages.repos
[4.614s] -- Up-to-date: /home/iris/iris/iris_ws/install/micro_ros_setup/./config/freertos
[4.622s] -- Up-to-date: /home/iris/iris/iris_ws/install/micro_ros_setup/./config/freertos/olimex-stm32-e407
[4.623s] -- Up-to-date: /home/iris/iris/iris_ws/install/micro_ros_setup/./config/freertos/olimex-stm32-e407/flash.sh
[4.626s] -- Up-to-date: /home/iris/iris/iris_ws/install/micro_ros_setup/./config/freertos/olimex-stm32-e407/client_uros_packages.repos
[4.628s] -- Up-to-date: /home/iris/iris/iris_ws/install/micro_ros_setup/./config/freertos/olimex-stm32-e407/client-colcon.meta
[4.630s] -- Up-to-date: /home/iris/iris/iris_ws/install/micro_ros_setup/./config/freertos/olimex-stm32-e407/build.sh
[4.631s] -- Up-to-date: /home/iris/iris/iris_ws/install/micro_ros_setup/./config/freertos/olimex-stm32-e407/create.sh
[4.633s] -- Up-to-date: /home/iris/iris/iris_ws/install/micro_ros_setup/./config/freertos/olimex-stm32-e407/configure.sh
[4.634s] -- Up-to-date: /home/iris/iris/iris_ws/install/micro_ros_setup/./config/freertos/olimex-stm32-e407/board.repos
[4.635s] -- Up-to-date: /home/iris/iris/iris_ws/install/micro_ros_setup/./config/freertos/olimex-stm32-e407/package.xml
[4.639s] -- Up-to-date: /home/iris/iris/iris_ws/install/micro_ros_setup/./config/freertos/list_apps.sh
[4.640s] -- Up-to-date: /home/iris/iris/iris_ws/install/micro_ros_setup/./config/freertos/dev_ros2_packages.txt
[4.641s] -- Up-to-date: /home/iris/iris/iris_ws/install/micro_ros_setup/./config/freertos/nucleo_f746zg
[4.641s] -- Up-to-date: /home/iris/iris/iris_ws/install/micro_ros_setup/./config/freertos/nucleo_f746zg/flash.sh
[4.642s] -- Up-to-date: /home/iris/iris/iris_ws/install/micro_ros_setup/./config/freertos/nucleo_f746zg/client_uros_packages.repos
[4.668s] -- Up-to-date: /home/iris/iris/iris_ws/install/micro_ros_setup/./config/freertos/nucleo_f746zg/client-colcon.meta
[4.669s] -- Up-to-date: /home/iris/iris/iris_ws/install/micro_ros_setup/./config/freertos/nucleo_f746zg/build.sh
[4.670s] -- Up-to-date: /home/iris/iris/iris_ws/install/micro_ros_setup/./config/freertos/nucleo_f746zg/create.sh
[4.671s] -- Up-to-date: /home/iris/iris/iris_ws/install/micro_ros_setup/./config/freertos/nucleo_f746zg/configure.sh
[4.672s] -- Up-to-date: /home/iris/iris/iris_ws/install/micro_ros_setup/./config/freertos/nucleo_f746zg/board.repos
[4.673s] -- Up-to-date: /home/iris/iris/iris_ws/install/micro_ros_setup/./config/freertos/nucleo_f746zg/package.xml
[4.674s] -- Up-to-date: /home/iris/iris/iris_ws/install/micro_ros_setup/./config/freertos/nucleo_f446ze
[4.675s] -- Up-to-date: /home/iris/iris/iris_ws/install/micro_ros_setup/./config/freertos/nucleo_f446ze/flash.sh
[4.676s] -- Up-to-date: /home/iris/iris/iris_ws/install/micro_ros_setup/./config/freertos/nucleo_f446ze/client_uros_packages.repos
[4.677s] -- Up-to-date: /home/iris/iris/iris_ws/install/micro_ros_setup/./config/freertos/nucleo_f446ze/client-colcon.meta
[4.678s] -- Up-to-date: /home/iris/iris/iris_ws/install/micro_ros_setup/./config/freertos/nucleo_f446ze/build.sh
[4.679s] -- Up-to-date: /home/iris/iris/iris_ws/install/micro_ros_setup/./config/freertos/nucleo_f446ze/create.sh
[4.680s] -- Up-to-date: /home/iris/iris/iris_ws/install/micro_ros_setup/./config/freertos/nucleo_f446ze/configure.sh
[4.681s] -- Up-to-date: /home/iris/iris/iris_ws/install/micro_ros_setup/./config/freertos/nucleo_f446ze/board.repos
[4.682s] -- Up-to-date: /home/iris/iris/iris_ws/install/micro_ros_setup/./config/freertos/nucleo_f446ze/package.xml
[4.683s] -- Up-to-date: /home/iris/iris/iris_ws/install/micro_ros_setup/./config/freertos/esp32
[4.684s] -- Up-to-date: /home/iris/iris/iris_ws/install/micro_ros_setup/./config/freertos/esp32/flash.sh
[4.684s] -- Up-to-date: /home/iris/iris/iris_ws/install/micro_ros_setup/./config/freertos/esp32/client_uros_packages.repos
[4.687s] -- Up-to-date: /home/iris/iris/iris_ws/install/micro_ros_setup/./config/freertos/esp32/client-colcon.meta
[4.688s] -- Up-to-date: /home/iris/iris/iris_ws/install/micro_ros_setup/./config/freertos/esp32/build.sh
[4.690s] -- Up-to-date: /home/iris/iris/iris_ws/install/micro_ros_setup/./config/freertos/esp32/create.sh
[4.690s] -- Up-to-date: /home/iris/iris/iris_ws/install/micro_ros_setup/./config/freertos/esp32/configure.sh
[4.692s] -- Up-to-date: /home/iris/iris/iris_ws/install/micro_ros_setup/./config/freertos/esp32/README.md
[4.693s] -- Up-to-date: /home/iris/iris/iris_ws/install/micro_ros_setup/./config/freertos/esp32/board.repos
[4.694s] -- Up-to-date: /home/iris/iris/iris_ws/install/micro_ros_setup/./config/freertos/esp32/package.xml
[4.695s] -- Up-to-date: /home/iris/iris/iris_ws/install/micro_ros_setup/./config/freertos/dev_uros_packages.repos
[4.696s] -- Up-to-date: /home/iris/iris/iris_ws/install/micro_ros_setup/./config/freertos/nucleo_f767zi
[4.697s] -- Up-to-date: /home/iris/iris/iris_ws/install/micro_ros_setup/./config/freertos/nucleo_f767zi/flash.sh
[4.699s] -- Up-to-date: /home/iris/iris/iris_ws/install/micro_ros_setup/./config/freertos/nucleo_f767zi/client_uros_packages.repos
[4.700s] -- Up-to-date: /home/iris/iris/iris_ws/install/micro_ros_setup/./config/freertos/nucleo_f767zi/client-colcon.meta
[4.701s] -- Up-to-date: /home/iris/iris/iris_ws/install/micro_ros_setup/./config/freertos/nucleo_f767zi/build.sh
[4.703s] -- Up-to-date: /home/iris/iris/iris_ws/install/micro_ros_setup/./config/freertos/nucleo_f767zi/create.sh
[4.704s] -- Up-to-date: /home/iris/iris/iris_ws/install/micro_ros_setup/./config/freertos/nucleo_f767zi/configure.sh
[4.705s] -- Up-to-date: /home/iris/iris/iris_ws/install/micro_ros_setup/./config/freertos/nucleo_f767zi/board.repos
[4.706s] -- Up-to-date: /home/iris/iris/iris_ws/install/micro_ros_setup/./config/freertos/nucleo_f767zi/package.xml
[4.707s] -- Up-to-date: /home/iris/iris/iris_ws/install/micro_ros_setup/./config/freertos/nucleo_f446re
[4.708s] -- Up-to-date: /home/iris/iris/iris_ws/install/micro_ros_setup/./config/freertos/nucleo_f446re/flash.sh
[4.709s] -- Up-to-date: /home/iris/iris/iris_ws/install/micro_ros_setup/./config/freertos/nucleo_f446re/client_uros_packages.repos
[4.714s] -- Up-to-date: /home/iris/iris/iris_ws/install/micro_ros_setup/./config/freertos/nucleo_f446re/client-colcon.meta
[4.716s] -- Up-to-date: /home/iris/iris/iris_ws/install/micro_ros_setup/./config/freertos/nucleo_f446re/build.sh
[4.717s] -- Up-to-date: /home/iris/iris/iris_ws/install/micro_ros_setup/./config/freertos/nucleo_f446re/create.sh
[4.718s] -- Up-to-date: /home/iris/iris/iris_ws/install/micro_ros_setup/./config/freertos/nucleo_f446re/configure.sh
[4.719s] -- Up-to-date: /home/iris/iris/iris_ws/install/micro_ros_setup/./config/freertos/nucleo_f446re/board.repos
[4.720s] -- Up-to-date: /home/iris/iris/iris_ws/install/micro_ros_setup/./config/freertos/nucleo_f446re/package.xml
[4.721s] -- Up-to-date: /home/iris/iris/iris_ws/install/micro_ros_setup/./config/freertos/crazyflie21
[4.722s] -- Up-to-date: /home/iris/iris/iris_ws/install/micro_ros_setup/./config/freertos/crazyflie21/flash.sh
[4.723s] -- Up-to-date: /home/iris/iris/iris_ws/install/micro_ros_setup/./config/freertos/crazyflie21/client_uros_packages.repos
[4.724s] -- Up-to-date: /home/iris/iris/iris_ws/install/micro_ros_setup/./config/freertos/crazyflie21/client-colcon.meta
[4.725s] -- Up-to-date: /home/iris/iris/iris_ws/install/micro_ros_setup/./config/freertos/crazyflie21/build.sh
[4.726s] -- Up-to-date: /home/iris/iris/iris_ws/install/micro_ros_setup/./config/freertos/crazyflie21/create.sh
[4.727s] -- Up-to-date: /home/iris/iris/iris_ws/install/micro_ros_setup/./config/freertos/crazyflie21/configure.sh
[4.728s] -- Up-to-date: /home/iris/iris/iris_ws/install/micro_ros_setup/./config/freertos/crazyflie21/board.repos
[4.729s] -- Up-to-date: /home/iris/iris/iris_ws/install/micro_ros_setup/./config/freertos/crazyflie21/package.xml
[4.731s] -- Up-to-date: /home/iris/iris/iris_ws/install/micro_ros_setup/./config/agent_uros_packages.repos
[4.732s] -- Up-to-date: /home/iris/iris/iris_ws/install/micro_ros_setup/./config/zephyr
[4.732s] -- Up-to-date: /home/iris/iris/iris_ws/install/micro_ros_setup/./config/zephyr/list_apps.sh
[4.733s] -- Up-to-date: /home/iris/iris/iris_ws/install/micro_ros_setup/./config/zephyr/generic
[4.739s] -- Up-to-date: /home/iris/iris/iris_ws/install/micro_ros_setup/./config/zephyr/generic/flash.sh
[4.740s] -- Up-to-date: /home/iris/iris/iris_ws/install/micro_ros_setup/./config/zephyr/generic/client_uros_packages.repos
[4.741s] -- Up-to-date: /home/iris/iris/iris_ws/install/micro_ros_setup/./config/zephyr/generic/supported_platforms
[4.743s] -- Up-to-date: /home/iris/iris/iris_ws/install/micro_ros_setup/./config/zephyr/generic/client-colcon.meta
[4.745s] -- Up-to-date: /home/iris/iris/iris_ws/install/micro_ros_setup/./config/zephyr/generic/build.sh
[4.746s] -- Up-to-date: /home/iris/iris/iris_ws/install/micro_ros_setup/./config/zephyr/generic/create.sh
[4.747s] -- Up-to-date: /home/iris/iris/iris_ws/install/micro_ros_setup/./config/zephyr/generic/configure.sh
[4.749s] -- Up-to-date: /home/iris/iris/iris_ws/install/micro_ros_setup/./config/zephyr/generic/board.repos
[4.751s] -- Up-to-date: /home/iris/iris/iris_ws/install/micro_ros_setup/./config/zephyr/generic/package.xml
[4.752s] -- Up-to-date: /home/iris/iris/iris_ws/install/micro_ros_setup/./config/zephyr/dev_ros2_packages.txt
[4.753s] -- Up-to-date: /home/iris/iris/iris_ws/install/micro_ros_setup/./config/zephyr/dev_uros_packages.repos
[4.755s] -- Up-to-date: /home/iris/iris/iris_ws/install/micro_ros_setup/./config/client_ros2_packages.txt
[4.760s] -- Up-to-date: /home/iris/iris/iris_ws/install/micro_ros_setup/./config/utils.sh
[4.761s] -- Up-to-date: /home/iris/iris/iris_ws/install/micro_ros_setup/./config/host
[4.771s] -- Up-to-date: /home/iris/iris/iris_ws/install/micro_ros_setup/./config/host/generic
[4.802s] -- Up-to-date: /home/iris/iris/iris_ws/install/micro_ros_setup/./config/host/generic/flash.sh
[4.803s] -- Up-to-date: /home/iris/iris/iris_ws/install/micro_ros_setup/./config/host/generic/build.sh
[4.803s] -- Up-to-date: /home/iris/iris/iris_ws/install/micro_ros_setup/./config/host/generic/create.sh
[4.805s] -- Up-to-date: /home/iris/iris/iris_ws/install/micro_ros_setup/./config/host/generic/client_host_packages.repos
[4.806s] -- Up-to-date: /home/iris/iris/iris_ws/install/micro_ros_setup/./config/host/generic/client-host-colcon.meta
[4.807s] -- Up-to-date: /home/iris/iris/iris_ws/install/micro_ros_setup/./config/host/generic/package.xml
[4.807s] -- Up-to-date: /home/iris/iris/iris_ws/install/micro_ros_setup/./config/host/dev_ros2_packages.txt
[4.808s] -- Up-to-date: /home/iris/iris/iris_ws/install/micro_ros_setup/./config/host/client_ros2_packages.txt
[4.808s] -- Up-to-date: /home/iris/iris/iris_ws/install/micro_ros_setup/./config/host/dev_uros_packages.repos
[4.809s] -- Up-to-date: /home/iris/iris/iris_ws/install/micro_ros_setup/./config/android
[4.814s] -- Up-to-date: /home/iris/iris/iris_ws/install/micro_ros_setup/./config/android/generic
[4.822s] -- Up-to-date: /home/iris/iris/iris_ws/install/micro_ros_setup/./config/android/generic/flash.sh
[4.823s] -- Up-to-date: /home/iris/iris/iris_ws/install/micro_ros_setup/./config/android/generic/client_uros_packages.repos
[4.824s] -- Up-to-date: /home/iris/iris/iris_ws/install/micro_ros_setup/./config/android/generic/client-colcon.meta
[4.825s] -- Up-to-date: /home/iris/iris/iris_ws/install/micro_ros_setup/./config/android/generic/build.sh
[4.825s] -- Up-to-date: /home/iris/iris/iris_ws/install/micro_ros_setup/./config/android/generic/create.sh
[4.826s] -- Up-to-date: /home/iris/iris/iris_ws/install/micro_ros_setup/./config/android/generic/package.xml
[4.826s] -- Up-to-date: /home/iris/iris/iris_ws/install/micro_ros_setup/./config/android/dev_ros2_packages.txt
[4.827s] -- Up-to-date: /home/iris/iris/iris_ws/install/micro_ros_setup/./config/android/dev_uros_packages.repos
[4.827s] -- Up-to-date: /home/iris/iris/iris_ws/install/micro_ros_setup/./config/renesas_ra
[4.833s] -- Up-to-date: /home/iris/iris/iris_ws/install/micro_ros_setup/./config/renesas_ra/list_apps.sh
[4.834s] -- Up-to-date: /home/iris/iris/iris_ws/install/micro_ros_setup/./config/renesas_ra/dev_ros2_packages.txt
[4.835s] -- Up-to-date: /home/iris/iris/iris_ws/install/micro_ros_setup/./config/renesas_ra/dev_uros_packages.repos
[4.835s] -- Up-to-date: /home/iris/iris/iris_ws/install/micro_ros_setup/./config/renesas_ra/ra6m5
[4.843s] -- Up-to-date: /home/iris/iris/iris_ws/install/micro_ros_setup/./config/renesas_ra/ra6m5/flash.sh
[4.845s] -- Up-to-date: /home/iris/iris/iris_ws/install/micro_ros_setup/./config/renesas_ra/ra6m5/client_uros_packages.repos
[4.846s] -- Up-to-date: /home/iris/iris/iris_ws/install/micro_ros_setup/./config/renesas_ra/ra6m5/client-colcon.meta
[4.847s] -- Up-to-date: /home/iris/iris/iris_ws/install/micro_ros_setup/./config/renesas_ra/ra6m5/build.sh
[4.847s] -- Up-to-date: /home/iris/iris/iris_ws/install/micro_ros_setup/./config/renesas_ra/ra6m5/create.sh
[4.847s] -- Up-to-date: /home/iris/iris/iris_ws/install/micro_ros_setup/./config/renesas_ra/ra6m5/configure.sh
[4.848s] -- Up-to-date: /home/iris/iris/iris_ws/install/micro_ros_setup/./config/renesas_ra/ra6m5/board.repos
[4.848s] -- Up-to-date: /home/iris/iris/iris_ws/install/micro_ros_setup/./config/mbed
[4.853s] -- Up-to-date: /home/iris/iris/iris_ws/install/micro_ros_setup/./config/mbed/list_apps.sh
[4.854s] -- Up-to-date: /home/iris/iris/iris_ws/install/micro_ros_setup/./config/mbed/generic
[4.863s] -- Up-to-date: /home/iris/iris/iris_ws/install/micro_ros_setup/./config/mbed/generic/flash.sh
[4.866s] -- Up-to-date: /home/iris/iris/iris_ws/install/micro_ros_setup/./config/mbed/generic/client_uros_packages.repos
[4.866s] -- Up-to-date: /home/iris/iris/iris_ws/install/micro_ros_setup/./config/mbed/generic/supported_platforms
[4.867s] -- Up-to-date: /home/iris/iris/iris_ws/install/micro_ros_setup/./config/mbed/generic/build.sh
[4.867s] -- Up-to-date: /home/iris/iris/iris_ws/install/micro_ros_setup/./config/mbed/generic/create.sh
[4.867s] -- Up-to-date: /home/iris/iris/iris_ws/install/micro_ros_setup/./config/mbed/generic/board.repos
[4.868s] -- Up-to-date: /home/iris/iris/iris_ws/install/micro_ros_setup/./config/mbed/generic/package.xml
[4.868s] -- Up-to-date: /home/iris/iris/iris_ws/install/micro_ros_setup/./config/mbed/dev_ros2_packages.txt
[4.868s] -- Up-to-date: /home/iris/iris/iris_ws/install/micro_ros_setup/./config/mbed/dev_uros_packages.repos
[4.869s] -- Up-to-date: /home/iris/iris/iris_ws/install/micro_ros_setup/./config/agent_ros2_packages.txt
[4.869s] -- Up-to-date: /home/iris/iris/iris_ws/install/micro_ros_setup/./config/raspbian
[4.875s] -- Up-to-date: /home/iris/iris/iris_ws/install/micro_ros_setup/./config/raspbian/generic
[4.883s] -- Up-to-date: /home/iris/iris/iris_ws/install/micro_ros_setup/./config/raspbian/generic/flash.sh
[4.884s] -- Up-to-date: /home/iris/iris/iris_ws/install/micro_ros_setup/./config/raspbian/generic/client_uros_packages.repos
[4.885s] -- Up-to-date: /home/iris/iris/iris_ws/install/micro_ros_setup/./config/raspbian/generic/supported_platforms
[4.886s] -- Up-to-date: /home/iris/iris/iris_ws/install/micro_ros_setup/./config/raspbian/generic/client-colcon.meta
[4.887s] -- Up-to-date: /home/iris/iris/iris_ws/install/micro_ros_setup/./config/raspbian/generic/build.sh
[4.888s] -- Up-to-date: /home/iris/iris/iris_ws/install/micro_ros_setup/./config/raspbian/generic/create.sh
[4.888s] -- Up-to-date: /home/iris/iris/iris_ws/install/micro_ros_setup/./config/raspbian/generic/configure.sh
[4.889s] -- Up-to-date: /home/iris/iris/iris_ws/install/micro_ros_setup/./config/raspbian/dev_ros2_packages.txt
[4.890s] -- Up-to-date: /home/iris/iris/iris_ws/install/micro_ros_setup/./config/raspbian/dev_uros_packages.repos
