[0.548s] Invoking command in '/home/iris/iris/iris_ws/build/ros2_control_demo_example_11': AMENT_PREFIX_PATH=/home/iris/iris/iris_ws/install/ros2_control_demo_description:${AMENT_PREFIX_PATH} CMAKE_PREFIX_PATH=/home/iris/iris/iris_ws/install/ros2_control_demo_description:/home/iris/iris/iris_ws/install/sllidar_ros2:/home/iris/iris/iris_ws/install/ros2_control_demo_example_2:/home/iris/iris/iris_ws/install/ralph6:/home/iris/iris/iris_ws/install/odrive_ros2_control:/home/iris/iris/iris_ws/install/odrive_hardware_interface:/home/iris/iris/iris_ws/install/odrive_demo_bringup:/home/iris/iris/iris_ws/install/odrive_demo_description:/home/iris/iris/iris_ws/install/micro_ros_setup:/home/iris/iris/iris_ws/install/micro_ros_agent:/home/iris/iris/iris_ws/install/micro_ros_msgs:/home/iris/iris/iris_ws/install/iris:/home/iris/iris/iris_ws/install/iris_vision:/opt/ros/humble /usr/bin/cmake /home/iris/iris/iris_ws/src/ros2_control_demos/example_11 -DAMENT_CMAKE_SYMLINK_INSTALL=1 -DCMAKE_INSTALL_PREFIX=/home/iris/iris/iris_ws/install/ros2_control_demo_example_11
[0.987s] -- The CXX compiler identification is GNU 11.4.0
[1.047s] -- Detecting CXX compiler ABI info
[1.633s] -- Detecting CXX compiler ABI info - done
[1.699s] -- Check for working CXX compiler: /usr/bin/c++ - skipped
[1.702s] -- Detecting CXX compile features
[1.705s] -- Detecting CXX compile features - done
[1.750s] -- Found ament_cmake: 1.3.7 (/opt/ros/humble/share/ament_cmake/cmake)
[3.082s] -- Found Python3: /usr/bin/python3.10 (found version "3.10.12") found components: Interpreter 
[3.495s] -- Override CMake install command with custom implementation using symlinks instead of copying resources
[4.144s] -- Found hardware_interface: 2.40.0 (/opt/ros/humble/share/hardware_interface/cmake)
[4.817s] -- Found rosidl_generator_c: 3.1.5 (/opt/ros/humble/share/rosidl_generator_c/cmake)
[4.890s] -- Found rosidl_adapter: 3.1.5 (/opt/ros/humble/share/rosidl_adapter/cmake)
[4.984s] -- Found rosidl_generator_cpp: 3.1.5 (/opt/ros/humble/share/rosidl_generator_cpp/cmake)
[5.181s] -- Using all available rosidl_typesupport_c: rosidl_typesupport_fastrtps_c;rosidl_typesupport_introspection_c
[5.375s] -- Using all available rosidl_typesupport_cpp: rosidl_typesupport_fastrtps_cpp;rosidl_typesupport_introspection_cpp
[10.668s] -- Found rmw_implementation_cmake: 6.1.1 (/opt/ros/humble/share/rmw_implementation_cmake/cmake)
[10.759s] -- Found rmw_fastrtps_cpp: 6.2.6 (/opt/ros/humble/share/rmw_fastrtps_cpp/cmake)
[11.273s] -- Found TinyXML2 via Config file: TinyXML2_DIR-NOTFOUND
[11.844s] -- Found OpenSSL: /usr/lib/aarch64-linux-gnu/libcrypto.so (found version "3.0.2")  
[11.865s] -- Found TinyXML2 via Config file: TinyXML2_DIR-NOTFOUND
[11.962s] -- Found FastRTPS: /opt/ros/humble/include  
[12.013s] -- Found TinyXML2 via Config file: TinyXML2_DIR-NOTFOUND
[12.060s] -- Found TinyXML2 via Config file: TinyXML2_DIR-NOTFOUND
[12.118s] -- Using RMW implementation 'rmw_fastrtps_cpp' as default
[12.286s] -- Looking for C++ include pthread.h
[13.268s] -- Looking for C++ include pthread.h - found
[13.269s] -- Performing Test CMAKE_HAVE_LIBC_PTHREAD
[14.166s] -- Performing Test CMAKE_HAVE_LIBC_PTHREAD - Success
[14.188s] -- Found Threads: TRUE  
[16.141s] -- Found ament_cmake_pytest: 1.3.7 (/opt/ros/humble/share/ament_cmake_pytest/cmake)
[23.310s] -- Configuring done
[23.671s] -- Generating done
[23.679s] -- Build files have been written to: /home/iris/iris/iris_ws/build/ros2_control_demo_example_11
[23.789s] Invoked command in '/home/iris/iris/iris_ws/build/ros2_control_demo_example_11' returned '0': AMENT_PREFIX_PATH=/home/iris/iris/iris_ws/install/ros2_control_demo_description:${AMENT_PREFIX_PATH} CMAKE_PREFIX_PATH=/home/iris/iris/iris_ws/install/ros2_control_demo_description:/home/iris/iris/iris_ws/install/sllidar_ros2:/home/iris/iris/iris_ws/install/ros2_control_demo_example_2:/home/iris/iris/iris_ws/install/ralph6:/home/iris/iris/iris_ws/install/odrive_ros2_control:/home/iris/iris/iris_ws/install/odrive_hardware_interface:/home/iris/iris/iris_ws/install/odrive_demo_bringup:/home/iris/iris/iris_ws/install/odrive_demo_description:/home/iris/iris/iris_ws/install/micro_ros_setup:/home/iris/iris/iris_ws/install/micro_ros_agent:/home/iris/iris/iris_ws/install/micro_ros_msgs:/home/iris/iris/iris_ws/install/iris:/home/iris/iris/iris_ws/install/iris_vision:/opt/ros/humble /usr/bin/cmake /home/iris/iris/iris_ws/src/ros2_control_demos/example_11 -DAMENT_CMAKE_SYMLINK_INSTALL=1 -DCMAKE_INSTALL_PREFIX=/home/iris/iris/iris_ws/install/ros2_control_demo_example_11
[23.792s] Invoking command in '/home/iris/iris/iris_ws/build/ros2_control_demo_example_11': AMENT_PREFIX_PATH=/home/iris/iris/iris_ws/install/ros2_control_demo_description:${AMENT_PREFIX_PATH} CMAKE_PREFIX_PATH=/home/iris/iris/iris_ws/install/ros2_control_demo_description:/home/iris/iris/iris_ws/install/sllidar_ros2:/home/iris/iris/iris_ws/install/ros2_control_demo_example_2:/home/iris/iris/iris_ws/install/ralph6:/home/iris/iris/iris_ws/install/odrive_ros2_control:/home/iris/iris/iris_ws/install/odrive_hardware_interface:/home/iris/iris/iris_ws/install/odrive_demo_bringup:/home/iris/iris/iris_ws/install/odrive_demo_description:/home/iris/iris/iris_ws/install/micro_ros_setup:/home/iris/iris/iris_ws/install/micro_ros_agent:/home/iris/iris/iris_ws/install/micro_ros_msgs:/home/iris/iris/iris_ws/install/iris:/home/iris/iris/iris_ws/install/iris_vision:/opt/ros/humble /usr/bin/cmake --build /home/iris/iris/iris_ws/build/ros2_control_demo_example_11 -- -j4 -l4
[24.205s] [ 50%] [32mBuilding CXX object CMakeFiles/ros2_control_demo_example_11.dir/hardware/carlikebot_system.cpp.o[0m
[56.829s] [100%] [32m[1mLinking CXX shared library libros2_control_demo_example_11.so[0m
[58.334s] [100%] Built target ros2_control_demo_example_11
[58.845s] Invoked command in '/home/iris/iris/iris_ws/build/ros2_control_demo_example_11' returned '0': AMENT_PREFIX_PATH=/home/iris/iris/iris_ws/install/ros2_control_demo_description:${AMENT_PREFIX_PATH} CMAKE_PREFIX_PATH=/home/iris/iris/iris_ws/install/ros2_control_demo_description:/home/iris/iris/iris_ws/install/sllidar_ros2:/home/iris/iris/iris_ws/install/ros2_control_demo_example_2:/home/iris/iris/iris_ws/install/ralph6:/home/iris/iris/iris_ws/install/odrive_ros2_control:/home/iris/iris/iris_ws/install/odrive_hardware_interface:/home/iris/iris/iris_ws/install/odrive_demo_bringup:/home/iris/iris/iris_ws/install/odrive_demo_description:/home/iris/iris/iris_ws/install/micro_ros_setup:/home/iris/iris/iris_ws/install/micro_ros_agent:/home/iris/iris/iris_ws/install/micro_ros_msgs:/home/iris/iris/iris_ws/install/iris:/home/iris/iris/iris_ws/install/iris_vision:/opt/ros/humble /usr/bin/cmake --build /home/iris/iris/iris_ws/build/ros2_control_demo_example_11 -- -j4 -l4
[60.144s] Invoking command in '/home/iris/iris/iris_ws/build/ros2_control_demo_example_11': AMENT_PREFIX_PATH=/home/iris/iris/iris_ws/install/ros2_control_demo_description:${AMENT_PREFIX_PATH} CMAKE_PREFIX_PATH=/home/iris/iris/iris_ws/install/ros2_control_demo_description:/home/iris/iris/iris_ws/install/sllidar_ros2:/home/iris/iris/iris_ws/install/ros2_control_demo_example_2:/home/iris/iris/iris_ws/install/ralph6:/home/iris/iris/iris_ws/install/odrive_ros2_control:/home/iris/iris/iris_ws/install/odrive_hardware_interface:/home/iris/iris/iris_ws/install/odrive_demo_bringup:/home/iris/iris/iris_ws/install/odrive_demo_description:/home/iris/iris/iris_ws/install/micro_ros_setup:/home/iris/iris/iris_ws/install/micro_ros_agent:/home/iris/iris/iris_ws/install/micro_ros_msgs:/home/iris/iris/iris_ws/install/iris:/home/iris/iris/iris_ws/install/iris_vision:/opt/ros/humble /usr/bin/cmake --install /home/iris/iris/iris_ws/build/ros2_control_demo_example_11
[60.198s] -- Install configuration: ""
[60.201s] -- Execute custom install script
[60.203s] -- Symlinking: /home/iris/iris/iris_ws/install/ros2_control_demo_example_11/share/ros2_control_demo_example_11//ros2_control_demo_example_11.xml
[60.260s] -- Symlinking: /home/iris/iris/iris_ws/install/ros2_control_demo_example_11/include/ros2_control_demo_example_11/ros2_control_demo_example_11/carlikebot_system.hpp
[60.334s] -- Symlinking: /home/iris/iris/iris_ws/install/ros2_control_demo_example_11/include/ros2_control_demo_example_11/ros2_control_demo_example_11/visibility_control.h
[60.388s] -- Symlinking: /home/iris/iris/iris_ws/install/ros2_control_demo_example_11/share/ros2_control_demo_example_11/launch/view_robot.launch.py
[60.438s] -- Symlinking: /home/iris/iris/iris_ws/install/ros2_control_demo_example_11/share/ros2_control_demo_example_11/ros2_control/carlikebot.ros2_control.xacro
[60.500s] -- Symlinking: /home/iris/iris/iris_ws/install/ros2_control_demo_example_11/share/ros2_control_demo_example_11/urdf/carlikebot.urdf.xacro
[60.554s] -- Symlinking: /home/iris/iris/iris_ws/install/ros2_control_demo_example_11/share/ros2_control_demo_example_11/launch/carlikebot.launch.py
[60.613s] -- Symlinking: /home/iris/iris/iris_ws/install/ros2_control_demo_example_11/share/ros2_control_demo_example_11/config/carlikebot_controllers.yaml
[60.673s] -- Symlinking: /home/iris/iris/iris_ws/install/ros2_control_demo_example_11/share/ros2_control_demo_example_11/environment/library_path.sh
[60.738s] -- Symlinking: /home/iris/iris/iris_ws/install/ros2_control_demo_example_11/share/ros2_control_demo_example_11/environment/library_path.dsv
[60.795s] -- Symlinking: /home/iris/iris/iris_ws/install/ros2_control_demo_example_11/share/ament_index/resource_index/package_run_dependencies/ros2_control_demo_example_11
[60.855s] -- Symlinking: /home/iris/iris/iris_ws/install/ros2_control_demo_example_11/share/ament_index/resource_index/parent_prefix_path/ros2_control_demo_example_11
[60.928s] -- Symlinking: /home/iris/iris/iris_ws/install/ros2_control_demo_example_11/share/ros2_control_demo_example_11/environment/ament_prefix_path.sh
[60.983s] -- Symlinking: /home/iris/iris/iris_ws/install/ros2_control_demo_example_11/share/ros2_control_demo_example_11/environment/ament_prefix_path.dsv
[61.041s] -- Symlinking: /home/iris/iris/iris_ws/install/ros2_control_demo_example_11/share/ros2_control_demo_example_11/environment/path.sh
[61.100s] -- Symlinking: /home/iris/iris/iris_ws/install/ros2_control_demo_example_11/share/ros2_control_demo_example_11/environment/path.dsv
[61.155s] -- Symlinking: /home/iris/iris/iris_ws/install/ros2_control_demo_example_11/share/ros2_control_demo_example_11/local_setup.bash
[61.212s] -- Symlinking: /home/iris/iris/iris_ws/install/ros2_control_demo_example_11/share/ros2_control_demo_example_11/local_setup.sh
[61.262s] -- Symlinking: /home/iris/iris/iris_ws/install/ros2_control_demo_example_11/share/ros2_control_demo_example_11/local_setup.zsh
[61.332s] -- Symlinking: /home/iris/iris/iris_ws/install/ros2_control_demo_example_11/share/ros2_control_demo_example_11/local_setup.dsv
[61.380s] -- Symlinking: /home/iris/iris/iris_ws/install/ros2_control_demo_example_11/share/ros2_control_demo_example_11/package.dsv
[61.436s] -- Symlinking: /home/iris/iris/iris_ws/install/ros2_control_demo_example_11/share/ament_index/resource_index/packages/ros2_control_demo_example_11
[61.481s] -- Symlinking: /home/iris/iris/iris_ws/install/ros2_control_demo_example_11/share/ament_index/resource_index/hardware_interface__pluginlib__plugin/ros2_control_demo_example_11
[61.522s] -- Symlinking: /home/iris/iris/iris_ws/install/ros2_control_demo_example_11/share/ros2_control_demo_example_11/cmake/ament_cmake_export_targets-extras.cmake
[61.563s] -- Symlinking: /home/iris/iris/iris_ws/install/ros2_control_demo_example_11/share/ros2_control_demo_example_11/cmake/ament_cmake_export_dependencies-extras.cmake
[61.606s] -- Symlinking: /home/iris/iris/iris_ws/install/ros2_control_demo_example_11/share/ros2_control_demo_example_11/cmake/ros2_control_demo_example_11Config.cmake
[61.645s] -- Symlinking: /home/iris/iris/iris_ws/install/ros2_control_demo_example_11/share/ros2_control_demo_example_11/cmake/ros2_control_demo_example_11Config-version.cmake
[61.686s] -- Symlinking: /home/iris/iris/iris_ws/install/ros2_control_demo_example_11/share/ros2_control_demo_example_11/package.xml
[61.734s] -- Installing: /home/iris/iris/iris_ws/install/ros2_control_demo_example_11/lib/libros2_control_demo_example_11.so
[61.735s] -- Set runtime path of "/home/iris/iris/iris_ws/install/ros2_control_demo_example_11/lib/libros2_control_demo_example_11.so" to ""
[61.736s] -- Installing: /home/iris/iris/iris_ws/install/ros2_control_demo_example_11/share/ros2_control_demo_example_11/cmake/export_ros2_control_demo_example_11Export.cmake
[61.738s] -- Installing: /home/iris/iris/iris_ws/install/ros2_control_demo_example_11/share/ros2_control_demo_example_11/cmake/export_ros2_control_demo_example_11Export-noconfig.cmake
