[0.907s] Invoking command in '/home/iris/iris/iris_ws/build/odrive_hardware_interface': CMAKE_PREFIX_PATH=${CMAKE_PREFIX_PATH}:/home/iris/iris/iris_ws/install/iris_vision:/opt/ros/humble /usr/bin/cmake --build /home/iris/iris/iris_ws/build/odrive_hardware_interface -- -j4 -l4
[2.346s] [ 50%] Built target odrive_usb
[2.348s] [100%] Built target odrive_hardware_interface
[2.356s] Invoked command in '/home/iris/iris/iris_ws/build/odrive_hardware_interface' returned '0': CMAKE_PREFIX_PATH=${CMAKE_PREFIX_PATH}:/home/iris/iris/iris_ws/install/iris_vision:/opt/ros/humble /usr/bin/cmake --build /home/iris/iris/iris_ws/build/odrive_hardware_interface -- -j4 -l4
[2.552s] Invoking command in '/home/iris/iris/iris_ws/build/odrive_hardware_interface': CMAKE_PREFIX_PATH=${CMAKE_PREFIX_PATH}:/home/iris/iris/iris_ws/install/iris_vision:/opt/ros/humble /usr/bin/cmake --install /home/iris/iris/iris_ws/build/odrive_hardware_interface
[2.589s] -- Install configuration: ""
[2.591s] -- Execute custom install script
[2.592s] -- Up-to-date symlink: /home/iris/iris/iris_ws/install/odrive_hardware_interface/share/odrive_hardware_interface//odrive_hardware_interface.xml
[2.595s] -- Up-to-date symlink: /home/iris/iris/iris_ws/install/odrive_hardware_interface/include/odrive_hardware_interface/odrive_endpoints.hpp
[2.596s] -- Up-to-date symlink: /home/iris/iris/iris_ws/install/odrive_hardware_interface/include/odrive_hardware_interface/odrive_hardware_interface.hpp
[2.597s] -- Up-to-date symlink: /home/iris/iris/iris_ws/install/odrive_hardware_interface/include/odrive_hardware_interface/odrive_usb.hpp
[2.599s] -- Up-to-date symlink: /home/iris/iris/iris_ws/install/odrive_hardware_interface/include/odrive_hardware_interface/visibility_control.hpp
[2.600s] -- Up-to-date symlink: /home/iris/iris/iris_ws/install/odrive_hardware_interface/share/odrive_hardware_interface/environment/library_path.sh
[2.601s] -- Up-to-date symlink: /home/iris/iris/iris_ws/install/odrive_hardware_interface/share/odrive_hardware_interface/environment/library_path.dsv
[2.602s] -- Up-to-date symlink: /home/iris/iris/iris_ws/install/odrive_hardware_interface/lib/libodrive_usb.so
[2.605s] -- Up-to-date symlink: /home/iris/iris/iris_ws/install/odrive_hardware_interface/lib/libodrive_hardware_interface.so
[2.610s] -- Up-to-date symlink: /home/iris/iris/iris_ws/install/odrive_hardware_interface/share/ament_index/resource_index/package_run_dependencies/odrive_hardware_interface
[2.612s] -- Up-to-date symlink: /home/iris/iris/iris_ws/install/odrive_hardware_interface/share/ament_index/resource_index/parent_prefix_path/odrive_hardware_interface
[2.618s] -- Up-to-date symlink: /home/iris/iris/iris_ws/install/odrive_hardware_interface/share/odrive_hardware_interface/environment/ament_prefix_path.sh
[2.618s] -- Up-to-date symlink: /home/iris/iris/iris_ws/install/odrive_hardware_interface/share/odrive_hardware_interface/environment/ament_prefix_path.dsv
[2.619s] -- Up-to-date symlink: /home/iris/iris/iris_ws/install/odrive_hardware_interface/share/odrive_hardware_interface/environment/path.sh
[2.623s] -- Up-to-date symlink: /home/iris/iris/iris_ws/install/odrive_hardware_interface/share/odrive_hardware_interface/environment/path.dsv
[2.624s] -- Up-to-date symlink: /home/iris/iris/iris_ws/install/odrive_hardware_interface/share/odrive_hardware_interface/local_setup.bash
[2.625s] -- Up-to-date symlink: /home/iris/iris/iris_ws/install/odrive_hardware_interface/share/odrive_hardware_interface/local_setup.sh
[2.625s] -- Up-to-date symlink: /home/iris/iris/iris_ws/install/odrive_hardware_interface/share/odrive_hardware_interface/local_setup.zsh
[2.626s] -- Up-to-date symlink: /home/iris/iris/iris_ws/install/odrive_hardware_interface/share/odrive_hardware_interface/local_setup.dsv
[2.627s] -- Symlinking: /home/iris/iris/iris_ws/install/odrive_hardware_interface/share/odrive_hardware_interface/package.dsv
[2.662s] -- Up-to-date symlink: /home/iris/iris/iris_ws/install/odrive_hardware_interface/share/ament_index/resource_index/packages/odrive_hardware_interface
[2.664s] -- Up-to-date symlink: /home/iris/iris/iris_ws/install/odrive_hardware_interface/share/ament_index/resource_index/hardware_interface__pluginlib__plugin/odrive_hardware_interface
[2.666s] -- Up-to-date symlink: /home/iris/iris/iris_ws/install/odrive_hardware_interface/share/odrive_hardware_interface/cmake/ament_cmake_export_dependencies-extras.cmake
[2.667s] -- Up-to-date symlink: /home/iris/iris/iris_ws/install/odrive_hardware_interface/share/odrive_hardware_interface/cmake/ament_cmake_export_include_directories-extras.cmake
[2.668s] -- Up-to-date symlink: /home/iris/iris/iris_ws/install/odrive_hardware_interface/share/odrive_hardware_interface/cmake/ament_cmake_export_libraries-extras.cmake
[2.669s] -- Up-to-date symlink: /home/iris/iris/iris_ws/install/odrive_hardware_interface/share/odrive_hardware_interface/cmake/odrive_hardware_interfaceConfig.cmake
[2.671s] -- Up-to-date symlink: /home/iris/iris/iris_ws/install/odrive_hardware_interface/share/odrive_hardware_interface/cmake/odrive_hardware_interfaceConfig-version.cmake
[2.672s] -- Up-to-date symlink: /home/iris/iris/iris_ws/install/odrive_hardware_interface/share/odrive_hardware_interface/package.xml
[2.687s] Invoked command in '/home/iris/iris/iris_ws/build/odrive_hardware_interface' returned '0': CMAKE_PREFIX_PATH=${CMAKE_PREFIX_PATH}:/home/iris/iris/iris_ws/install/iris_vision:/opt/ros/humble /usr/bin/cmake --install /home/iris/iris/iris_ws/build/odrive_hardware_interface
