running develop
running egg_info
writing iris_vision.egg-info/PKG-INFO
writing dependency_links to iris_vision.egg-info/dependency_links.txt
writing entry points to iris_vision.egg-info/entry_points.txt
writing requirements to iris_vision.egg-info/requires.txt
writing top-level names to iris_vision.egg-info/top_level.txt
reading manifest file 'iris_vision.egg-info/SOURCES.txt'
writing manifest file 'iris_vision.egg-info/SOURCES.txt'
running build_ext
Creating /home/iris/iris/iris_ws/install/iris_vision/lib/python3.10/site-packages/iris-vision.egg-link (link to .)
Installing DSLR_handler script to /home/iris/iris/iris_ws/install/iris_vision/lib/iris_vision
Installing FaceTracking script to /home/iris/iris/iris_ws/install/iris_vision/lib/iris_vision
Installing FaceTracking_headless script to /home/iris/iris/iris_ws/install/iris_vision/lib/iris_vision
Installing facetracking_motioncoltrol script to /home/iris/iris/iris_ws/install/iris_vision/lib/iris_vision
Installing iris_joy_control script to /home/iris/iris/iris_ws/install/iris_vision/lib/iris_vision
Installing listener script to /home/iris/iris/iris_ws/install/iris_vision/lib/iris_vision
Installing talker script to /home/iris/iris/iris_ws/install/iris_vision/lib/iris_vision

Installed /home/iris/iris/iris_ws/build/iris_vision
running install_data
