[4.472s] Invoking command in '/home/iris/iris/iris_ws/build/iris_vision': PYTHONPATH=/home/iris/iris/iris_ws/build/iris_vision/prefix_override:/home/iris/iris/iris_ws/install/iris_vision/lib/python3.10/site-packages:${PYTHONPATH} /usr/bin/python3 setup.py develop --editable --build-directory /home/iris/iris/iris_ws/build/iris_vision/build --no-deps install_data
[5.563s] running develop
[5.564s] /usr/lib/python3/dist-packages/setuptools/command/easy_install.py:158: EasyInstallDeprecationWarning: easy_install command is deprecated. Use build and pip and other standards-based tools.
[5.564s]   warnings.warn(
[5.569s] /usr/lib/python3/dist-packages/setuptools/command/install.py:34: SetuptoolsDeprecationWarning: setup.py install is deprecated. Use build and pip and other standards-based tools.
[5.569s]   warnings.warn(
[6.251s] running egg_info
[6.252s] writing iris_vision.egg-info/PKG-INFO
[6.253s] writing dependency_links to iris_vision.egg-info/dependency_links.txt
[6.254s] writing entry points to iris_vision.egg-info/entry_points.txt
[6.255s] writing requirements to iris_vision.egg-info/requires.txt
[6.255s] writing top-level names to iris_vision.egg-info/top_level.txt
[6.264s] reading manifest file 'iris_vision.egg-info/SOURCES.txt'
[6.268s] writing manifest file 'iris_vision.egg-info/SOURCES.txt'
[6.274s] running build_ext
[6.275s] Creating /home/iris/iris/iris_ws/install/iris_vision/lib/python3.10/site-packages/iris-vision.egg-link (link to .)
[6.279s] Installing DSLR_handler script to /home/iris/iris/iris_ws/install/iris_vision/lib/iris_vision
[6.280s] Installing DSLR_handler_old script to /home/iris/iris/iris_ws/install/iris_vision/lib/iris_vision
[6.281s] Installing WEBCAM_CV script to /home/iris/iris/iris_ws/install/iris_vision/lib/iris_vision
[6.282s] Installing talker script to /home/iris/iris/iris_ws/install/iris_vision/lib/iris_vision
[6.283s] 
[6.284s] Installed /home/iris/iris/iris_ws/build/iris_vision
[6.284s] running install_data
[6.285s] copying package.xml -> /home/iris/iris/iris_ws/install/iris_vision/share/iris_vision
[6.421s] Invoked command in '/home/iris/iris/iris_ws/build/iris_vision' returned '0': PYTHONPATH=/home/iris/iris/iris_ws/build/iris_vision/prefix_override:/home/iris/iris/iris_ws/install/iris_vision/lib/python3.10/site-packages:${PYTHONPATH} /usr/bin/python3 setup.py develop --editable --build-directory /home/iris/iris/iris_ws/build/iris_vision/build --no-deps install_data
