[4.353s] Invoking command in '/home/iris/iris/iris_ws/build/iris_vision': PYTHONPATH=/home/iris/iris/iris_ws/build/iris_vision/prefix_override:/home/iris/iris/iris_ws/install/iris_vision/lib/python3.10/site-packages:${PYTHONPATH} /usr/bin/python3 setup.py develop --editable --build-directory /home/iris/iris/iris_ws/build/iris_vision/build --no-deps install_data
[5.420s] running develop
[5.421s] /usr/lib/python3/dist-packages/setuptools/command/easy_install.py:158: EasyInstallDeprecationWarning: easy_install command is deprecated. Use build and pip and other standards-based tools.
[5.422s]   warnings.warn(
[5.426s] /usr/lib/python3/dist-packages/setuptools/command/install.py:34: SetuptoolsDeprecationWarning: setup.py install is deprecated. Use build and pip and other standards-based tools.
[5.427s]   warnings.warn(
[6.087s] running egg_info
[6.090s] writing iris_vision.egg-info/PKG-INFO
[6.106s] writing dependency_links to iris_vision.egg-info/dependency_links.txt
[6.107s] writing entry points to iris_vision.egg-info/entry_points.txt
[6.109s] writing requirements to iris_vision.egg-info/requires.txt
[6.110s] writing top-level names to iris_vision.egg-info/top_level.txt
[6.121s] reading manifest file 'iris_vision.egg-info/SOURCES.txt'
[6.125s] writing manifest file 'iris_vision.egg-info/SOURCES.txt'
[6.132s] running build_ext
[6.132s] Creating /home/iris/iris/iris_ws/install/iris_vision/lib/python3.10/site-packages/iris-vision.egg-link (link to .)
[6.136s] Installing DSLR_handler script to /home/iris/iris/iris_ws/install/iris_vision/lib/iris_vision
[6.173s] Installing FaceTracking script to /home/iris/iris/iris_ws/install/iris_vision/lib/iris_vision
[6.174s] Installing iris_joy_control script to /home/iris/iris/iris_ws/install/iris_vision/lib/iris_vision
[6.175s] Installing listener script to /home/iris/iris/iris_ws/install/iris_vision/lib/iris_vision
[6.176s] Installing talker script to /home/iris/iris/iris_ws/install/iris_vision/lib/iris_vision
[6.178s] 
[6.179s] Installed /home/iris/iris/iris_ws/build/iris_vision
[6.181s] running install_data
[6.306s] Invoked command in '/home/iris/iris/iris_ws/build/iris_vision' returned '0': PYTHONPATH=/home/iris/iris/iris_ws/build/iris_vision/prefix_override:/home/iris/iris/iris_ws/install/iris_vision/lib/python3.10/site-packages:${PYTHONPATH} /usr/bin/python3 setup.py develop --editable --build-directory /home/iris/iris/iris_ws/build/iris_vision/build --no-deps install_data
