[4.440s] DEBUG:colcon:Command line arguments: ['/usr/bin/colcon', 'build']
[4.440s] DEBUG:colcon:Parsed command line arguments: Namespace(log_base=None, log_level=None, verb_name='build', build_base='build', install_base='install', merge_install=False, symlink_install=False, test_result_base=None, continue_on_error=False, executor='parallel', parallel_workers=4, event_handlers=None, ignore_user_meta=False, metas=['./colcon.meta'], base_paths=['.'], packages_ignore=None, packages_ignore_regex=None, paths=None, packages_up_to=None, packages_up_to_regex=None, packages_above=None, packages_above_and_dependencies=None, packages_above_depth=None, packages_select_by_dep=None, packages_skip_by_dep=None, packages_skip_up_to=None, packages_select_build_failed=False, packages_skip_build_finished=False, packages_select_test_failures=False, packages_skip_test_passed=False, packages_select=None, packages_skip=None, packages_select_regex=None, packages_skip_regex=None, packages_start=None, packages_end=None, allow_overriding=[], cmake_args=None, cmake_target=None, cmake_target_skip_unavailable=False, cmake_clean_cache=False, cmake_clean_first=False, cmake_force_configure=False, ament_cmake_args=None, catkin_cmake_args=None, catkin_skip_building_tests=False, verb_parser=<colcon_defaults.argument_parser.defaults.DefaultArgumentsDecorator object at 0xffff9af8d900>, verb_extension=<colcon_core.verb.build.BuildVerb object at 0xffff9b2d6f80>, main=<bound method BuildVerb.main of <colcon_core.verb.build.BuildVerb object at 0xffff9b2d6f80>>)
[4.724s] Level 1:colcon.colcon_core.package_discovery:discover_packages(colcon_meta) check parameters
[4.725s] Level 1:colcon.colcon_core.package_discovery:discover_packages(recursive) check parameters
[4.740s] Level 1:colcon.colcon_core.package_discovery:discover_packages(ignore) check parameters
[4.740s] Level 1:colcon.colcon_core.package_discovery:discover_packages(path) check parameters
[4.740s] Level 1:colcon.colcon_core.package_discovery:discover_packages(colcon_meta) discover
[4.741s] Level 1:colcon.colcon_core.package_discovery:discover_packages(recursive) discover
[4.741s] INFO:colcon.colcon_core.package_discovery:Crawling recursively for packages in '/home/iris/iris/iris_ws'
[4.741s] Level 1:colcon.colcon_core.package_identification:_identify(.) by extensions ['ignore', 'ignore_ament_install']
[4.742s] Level 1:colcon.colcon_core.package_identification:_identify(.) by extension 'ignore'
[4.742s] Level 1:colcon.colcon_core.package_identification:_identify(.) by extension 'ignore_ament_install'
[4.743s] Level 1:colcon.colcon_core.package_identification:_identify(.) by extensions ['colcon_pkg']
[4.743s] Level 1:colcon.colcon_core.package_identification:_identify(.) by extension 'colcon_pkg'
[4.743s] Level 1:colcon.colcon_core.package_identification:_identify(.) by extensions ['colcon_meta']
[4.743s] Level 1:colcon.colcon_core.package_identification:_identify(.) by extension 'colcon_meta'
[4.744s] Level 1:colcon.colcon_core.package_identification:_identify(.) by extensions ['ros']
[4.744s] Level 1:colcon.colcon_core.package_identification:_identify(.) by extension 'ros'
[4.799s] Level 1:colcon.colcon_core.package_identification:_identify(.) by extensions ['cmake', 'python']
[4.799s] Level 1:colcon.colcon_core.package_identification:_identify(.) by extension 'cmake'
[4.800s] Level 1:colcon.colcon_core.package_identification:_identify(.) by extension 'python'
[4.800s] Level 1:colcon.colcon_core.package_identification:_identify(.) by extensions ['python_setup_py']
[4.800s] Level 1:colcon.colcon_core.package_identification:_identify(.) by extension 'python_setup_py'
[4.800s] Level 1:colcon.colcon_core.package_identification:_identify(build) by extensions ['ignore', 'ignore_ament_install']
[4.801s] Level 1:colcon.colcon_core.package_identification:_identify(build) by extension 'ignore'
[4.801s] Level 1:colcon.colcon_core.package_identification:_identify(build) ignored
[4.802s] Level 1:colcon.colcon_core.package_identification:_identify(install) by extensions ['ignore', 'ignore_ament_install']
[4.802s] Level 1:colcon.colcon_core.package_identification:_identify(install) by extension 'ignore'
[4.802s] Level 1:colcon.colcon_core.package_identification:_identify(install) ignored
[4.803s] Level 1:colcon.colcon_core.package_identification:_identify(log) by extensions ['ignore', 'ignore_ament_install']
[4.803s] Level 1:colcon.colcon_core.package_identification:_identify(log) by extension 'ignore'
[4.803s] Level 1:colcon.colcon_core.package_identification:_identify(log) ignored
[4.803s] Level 1:colcon.colcon_core.package_identification:_identify(src) by extensions ['ignore', 'ignore_ament_install']
[4.804s] Level 1:colcon.colcon_core.package_identification:_identify(src) by extension 'ignore'
[4.804s] Level 1:colcon.colcon_core.package_identification:_identify(src) by extension 'ignore_ament_install'
[4.804s] Level 1:colcon.colcon_core.package_identification:_identify(src) by extensions ['colcon_pkg']
[4.804s] Level 1:colcon.colcon_core.package_identification:_identify(src) by extension 'colcon_pkg'
[4.804s] Level 1:colcon.colcon_core.package_identification:_identify(src) by extensions ['colcon_meta']
[4.804s] Level 1:colcon.colcon_core.package_identification:_identify(src) by extension 'colcon_meta'
[4.805s] Level 1:colcon.colcon_core.package_identification:_identify(src) by extensions ['ros']
[4.805s] Level 1:colcon.colcon_core.package_identification:_identify(src) by extension 'ros'
[4.805s] Level 1:colcon.colcon_core.package_identification:_identify(src) by extensions ['cmake', 'python']
[4.805s] Level 1:colcon.colcon_core.package_identification:_identify(src) by extension 'cmake'
[4.805s] Level 1:colcon.colcon_core.package_identification:_identify(src) by extension 'python'
[4.806s] Level 1:colcon.colcon_core.package_identification:_identify(src) by extensions ['python_setup_py']
[4.806s] Level 1:colcon.colcon_core.package_identification:_identify(src) by extension 'python_setup_py'
[4.809s] Level 1:colcon.colcon_core.package_identification:_identify(src/micro_ros_setup) by extensions ['ignore', 'ignore_ament_install']
[4.809s] Level 1:colcon.colcon_core.package_identification:_identify(src/micro_ros_setup) by extension 'ignore'
[4.810s] Level 1:colcon.colcon_core.package_identification:_identify(src/micro_ros_setup) by extension 'ignore_ament_install'
[4.810s] Level 1:colcon.colcon_core.package_identification:_identify(src/micro_ros_setup) by extensions ['colcon_pkg']
[4.810s] Level 1:colcon.colcon_core.package_identification:_identify(src/micro_ros_setup) by extension 'colcon_pkg'
[4.810s] Level 1:colcon.colcon_core.package_identification:_identify(src/micro_ros_setup) by extensions ['colcon_meta']
[4.810s] Level 1:colcon.colcon_core.package_identification:_identify(src/micro_ros_setup) by extension 'colcon_meta'
[4.811s] Level 1:colcon.colcon_core.package_identification:_identify(src/micro_ros_setup) by extensions ['ros']
[4.811s] Level 1:colcon.colcon_core.package_identification:_identify(src/micro_ros_setup) by extension 'ros'
[4.831s] DEBUG:colcon.colcon_core.package_identification:Package 'src/micro_ros_setup' with type 'ros.ament_cmake' and name 'micro_ros_setup'
[4.832s] Level 1:colcon.colcon_core.package_identification:_identify(src/raspicam2_node) by extensions ['ignore', 'ignore_ament_install']
[4.832s] Level 1:colcon.colcon_core.package_identification:_identify(src/raspicam2_node) by extension 'ignore'
[4.833s] Level 1:colcon.colcon_core.package_identification:_identify(src/raspicam2_node) by extension 'ignore_ament_install'
[4.833s] Level 1:colcon.colcon_core.package_identification:_identify(src/raspicam2_node) by extensions ['colcon_pkg']
[4.833s] Level 1:colcon.colcon_core.package_identification:_identify(src/raspicam2_node) by extension 'colcon_pkg'
[4.833s] Level 1:colcon.colcon_core.package_identification:_identify(src/raspicam2_node) by extensions ['colcon_meta']
[4.833s] Level 1:colcon.colcon_core.package_identification:_identify(src/raspicam2_node) by extension 'colcon_meta'
[4.833s] Level 1:colcon.colcon_core.package_identification:_identify(src/raspicam2_node) by extensions ['ros']
[4.834s] Level 1:colcon.colcon_core.package_identification:_identify(src/raspicam2_node) by extension 'ros'
[4.836s] DEBUG:colcon.colcon_core.package_identification:Package 'src/raspicam2_node' with type 'ros.ament_cmake' and name 'raspicam2'
[4.840s] Level 1:colcon.colcon_core.package_identification:_identify(src/uros) by extensions ['ignore', 'ignore_ament_install']
[4.840s] Level 1:colcon.colcon_core.package_identification:_identify(src/uros) by extension 'ignore'
[4.840s] Level 1:colcon.colcon_core.package_identification:_identify(src/uros) by extension 'ignore_ament_install'
[4.841s] Level 1:colcon.colcon_core.package_identification:_identify(src/uros) by extensions ['colcon_pkg']
[4.841s] Level 1:colcon.colcon_core.package_identification:_identify(src/uros) by extension 'colcon_pkg'
[4.841s] Level 1:colcon.colcon_core.package_identification:_identify(src/uros) by extensions ['colcon_meta']
[4.841s] Level 1:colcon.colcon_core.package_identification:_identify(src/uros) by extension 'colcon_meta'
[4.841s] Level 1:colcon.colcon_core.package_identification:_identify(src/uros) by extensions ['ros']
[4.841s] Level 1:colcon.colcon_core.package_identification:_identify(src/uros) by extension 'ros'
[4.842s] Level 1:colcon.colcon_core.package_identification:_identify(src/uros) by extensions ['cmake', 'python']
[4.842s] Level 1:colcon.colcon_core.package_identification:_identify(src/uros) by extension 'cmake'
[4.842s] Level 1:colcon.colcon_core.package_identification:_identify(src/uros) by extension 'python'
[4.842s] Level 1:colcon.colcon_core.package_identification:_identify(src/uros) by extensions ['python_setup_py']
[4.842s] Level 1:colcon.colcon_core.package_identification:_identify(src/uros) by extension 'python_setup_py'
[4.843s] Level 1:colcon.colcon_core.package_identification:_identify(src/uros/micro-ROS-Agent) by extensions ['ignore', 'ignore_ament_install']
[4.844s] Level 1:colcon.colcon_core.package_identification:_identify(src/uros/micro-ROS-Agent) by extension 'ignore'
[4.844s] Level 1:colcon.colcon_core.package_identification:_identify(src/uros/micro-ROS-Agent) by extension 'ignore_ament_install'
[4.844s] Level 1:colcon.colcon_core.package_identification:_identify(src/uros/micro-ROS-Agent) by extensions ['colcon_pkg']
[4.844s] Level 1:colcon.colcon_core.package_identification:_identify(src/uros/micro-ROS-Agent) by extension 'colcon_pkg'
[4.844s] Level 1:colcon.colcon_core.package_identification:_identify(src/uros/micro-ROS-Agent) by extensions ['colcon_meta']
[4.844s] Level 1:colcon.colcon_core.package_identification:_identify(src/uros/micro-ROS-Agent) by extension 'colcon_meta'
[4.845s] Level 1:colcon.colcon_core.package_identification:_identify(src/uros/micro-ROS-Agent) by extensions ['ros']
[4.845s] Level 1:colcon.colcon_core.package_identification:_identify(src/uros/micro-ROS-Agent) by extension 'ros'
[4.845s] Level 1:colcon.colcon_core.package_identification:_identify(src/uros/micro-ROS-Agent) by extensions ['cmake', 'python']
[4.845s] Level 1:colcon.colcon_core.package_identification:_identify(src/uros/micro-ROS-Agent) by extension 'cmake'
[4.845s] Level 1:colcon.colcon_core.package_identification:_identify(src/uros/micro-ROS-Agent) by extension 'python'
[4.846s] Level 1:colcon.colcon_core.package_identification:_identify(src/uros/micro-ROS-Agent) by extensions ['python_setup_py']
[4.846s] Level 1:colcon.colcon_core.package_identification:_identify(src/uros/micro-ROS-Agent) by extension 'python_setup_py'
[4.851s] Level 1:colcon.colcon_core.package_identification:_identify(src/uros/micro-ROS-Agent/micro_ros_agent) by extensions ['ignore', 'ignore_ament_install']
[4.852s] Level 1:colcon.colcon_core.package_identification:_identify(src/uros/micro-ROS-Agent/micro_ros_agent) by extension 'ignore'
[4.852s] Level 1:colcon.colcon_core.package_identification:_identify(src/uros/micro-ROS-Agent/micro_ros_agent) by extension 'ignore_ament_install'
[4.852s] Level 1:colcon.colcon_core.package_identification:_identify(src/uros/micro-ROS-Agent/micro_ros_agent) by extensions ['colcon_pkg']
[4.853s] Level 1:colcon.colcon_core.package_identification:_identify(src/uros/micro-ROS-Agent/micro_ros_agent) by extension 'colcon_pkg'
[4.853s] Level 1:colcon.colcon_core.package_identification:_identify(src/uros/micro-ROS-Agent/micro_ros_agent) by extensions ['colcon_meta']
[4.853s] Level 1:colcon.colcon_core.package_identification:_identify(src/uros/micro-ROS-Agent/micro_ros_agent) by extension 'colcon_meta'
[4.853s] Level 1:colcon.colcon_core.package_identification:_identify(src/uros/micro-ROS-Agent/micro_ros_agent) by extensions ['ros']
[4.854s] Level 1:colcon.colcon_core.package_identification:_identify(src/uros/micro-ROS-Agent/micro_ros_agent) by extension 'ros'
[4.900s] DEBUG:colcon.colcon_core.package_identification:Package 'src/uros/micro-ROS-Agent/micro_ros_agent' with type 'ros.ament_cmake' and name 'micro_ros_agent'
[4.903s] Level 1:colcon.colcon_core.package_identification:_identify(src/uros/micro-ROS-Agent/snap) by extensions ['ignore', 'ignore_ament_install']
[4.903s] Level 1:colcon.colcon_core.package_identification:_identify(src/uros/micro-ROS-Agent/snap) by extension 'ignore'
[4.904s] Level 1:colcon.colcon_core.package_identification:_identify(src/uros/micro-ROS-Agent/snap) by extension 'ignore_ament_install'
[4.904s] Level 1:colcon.colcon_core.package_identification:_identify(src/uros/micro-ROS-Agent/snap) by extensions ['colcon_pkg']
[4.904s] Level 1:colcon.colcon_core.package_identification:_identify(src/uros/micro-ROS-Agent/snap) by extension 'colcon_pkg'
[4.904s] Level 1:colcon.colcon_core.package_identification:_identify(src/uros/micro-ROS-Agent/snap) by extensions ['colcon_meta']
[4.904s] Level 1:colcon.colcon_core.package_identification:_identify(src/uros/micro-ROS-Agent/snap) by extension 'colcon_meta'
[4.905s] Level 1:colcon.colcon_core.package_identification:_identify(src/uros/micro-ROS-Agent/snap) by extensions ['ros']
[4.905s] Level 1:colcon.colcon_core.package_identification:_identify(src/uros/micro-ROS-Agent/snap) by extension 'ros'
[4.905s] Level 1:colcon.colcon_core.package_identification:_identify(src/uros/micro-ROS-Agent/snap) by extensions ['cmake', 'python']
[4.905s] Level 1:colcon.colcon_core.package_identification:_identify(src/uros/micro-ROS-Agent/snap) by extension 'cmake'
[4.905s] Level 1:colcon.colcon_core.package_identification:_identify(src/uros/micro-ROS-Agent/snap) by extension 'python'
[4.906s] Level 1:colcon.colcon_core.package_identification:_identify(src/uros/micro-ROS-Agent/snap) by extensions ['python_setup_py']
[4.906s] Level 1:colcon.colcon_core.package_identification:_identify(src/uros/micro-ROS-Agent/snap) by extension 'python_setup_py'
[4.907s] Level 1:colcon.colcon_core.package_identification:_identify(src/uros/micro-ROS-Agent/snap/hooks) by extensions ['ignore', 'ignore_ament_install']
[4.907s] Level 1:colcon.colcon_core.package_identification:_identify(src/uros/micro-ROS-Agent/snap/hooks) by extension 'ignore'
[4.908s] Level 1:colcon.colcon_core.package_identification:_identify(src/uros/micro-ROS-Agent/snap/hooks) by extension 'ignore_ament_install'
[4.908s] Level 1:colcon.colcon_core.package_identification:_identify(src/uros/micro-ROS-Agent/snap/hooks) by extensions ['colcon_pkg']
[4.908s] Level 1:colcon.colcon_core.package_identification:_identify(src/uros/micro-ROS-Agent/snap/hooks) by extension 'colcon_pkg'
[4.908s] Level 1:colcon.colcon_core.package_identification:_identify(src/uros/micro-ROS-Agent/snap/hooks) by extensions ['colcon_meta']
[4.908s] Level 1:colcon.colcon_core.package_identification:_identify(src/uros/micro-ROS-Agent/snap/hooks) by extension 'colcon_meta'
[4.909s] Level 1:colcon.colcon_core.package_identification:_identify(src/uros/micro-ROS-Agent/snap/hooks) by extensions ['ros']
[4.909s] Level 1:colcon.colcon_core.package_identification:_identify(src/uros/micro-ROS-Agent/snap/hooks) by extension 'ros'
[4.909s] Level 1:colcon.colcon_core.package_identification:_identify(src/uros/micro-ROS-Agent/snap/hooks) by extensions ['cmake', 'python']
[4.909s] Level 1:colcon.colcon_core.package_identification:_identify(src/uros/micro-ROS-Agent/snap/hooks) by extension 'cmake'
[4.910s] Level 1:colcon.colcon_core.package_identification:_identify(src/uros/micro-ROS-Agent/snap/hooks) by extension 'python'
[4.910s] Level 1:colcon.colcon_core.package_identification:_identify(src/uros/micro-ROS-Agent/snap/hooks) by extensions ['python_setup_py']
[4.910s] Level 1:colcon.colcon_core.package_identification:_identify(src/uros/micro-ROS-Agent/snap/hooks) by extension 'python_setup_py'
[4.911s] Level 1:colcon.colcon_core.package_identification:_identify(src/uros/micro-ROS-Agent/snap/local) by extensions ['ignore', 'ignore_ament_install']
[4.911s] Level 1:colcon.colcon_core.package_identification:_identify(src/uros/micro-ROS-Agent/snap/local) by extension 'ignore'
[4.912s] Level 1:colcon.colcon_core.package_identification:_identify(src/uros/micro-ROS-Agent/snap/local) by extension 'ignore_ament_install'
[4.912s] Level 1:colcon.colcon_core.package_identification:_identify(src/uros/micro-ROS-Agent/snap/local) by extensions ['colcon_pkg']
[4.912s] Level 1:colcon.colcon_core.package_identification:_identify(src/uros/micro-ROS-Agent/snap/local) by extension 'colcon_pkg'
[4.912s] Level 1:colcon.colcon_core.package_identification:_identify(src/uros/micro-ROS-Agent/snap/local) by extensions ['colcon_meta']
[4.912s] Level 1:colcon.colcon_core.package_identification:_identify(src/uros/micro-ROS-Agent/snap/local) by extension 'colcon_meta'
[4.913s] Level 1:colcon.colcon_core.package_identification:_identify(src/uros/micro-ROS-Agent/snap/local) by extensions ['ros']
[4.913s] Level 1:colcon.colcon_core.package_identification:_identify(src/uros/micro-ROS-Agent/snap/local) by extension 'ros'
[4.913s] Level 1:colcon.colcon_core.package_identification:_identify(src/uros/micro-ROS-Agent/snap/local) by extensions ['cmake', 'python']
[4.913s] Level 1:colcon.colcon_core.package_identification:_identify(src/uros/micro-ROS-Agent/snap/local) by extension 'cmake'
[4.914s] Level 1:colcon.colcon_core.package_identification:_identify(src/uros/micro-ROS-Agent/snap/local) by extension 'python'
[4.914s] Level 1:colcon.colcon_core.package_identification:_identify(src/uros/micro-ROS-Agent/snap/local) by extensions ['python_setup_py']
[4.914s] Level 1:colcon.colcon_core.package_identification:_identify(src/uros/micro-ROS-Agent/snap/local) by extension 'python_setup_py'
[4.915s] Level 1:colcon.colcon_core.package_identification:_identify(src/uros/micro_ros_msgs) by extensions ['ignore', 'ignore_ament_install']
[4.916s] Level 1:colcon.colcon_core.package_identification:_identify(src/uros/micro_ros_msgs) by extension 'ignore'
[4.916s] Level 1:colcon.colcon_core.package_identification:_identify(src/uros/micro_ros_msgs) by extension 'ignore_ament_install'
[4.916s] Level 1:colcon.colcon_core.package_identification:_identify(src/uros/micro_ros_msgs) by extensions ['colcon_pkg']
[4.917s] Level 1:colcon.colcon_core.package_identification:_identify(src/uros/micro_ros_msgs) by extension 'colcon_pkg'
[4.917s] Level 1:colcon.colcon_core.package_identification:_identify(src/uros/micro_ros_msgs) by extensions ['colcon_meta']
[4.917s] Level 1:colcon.colcon_core.package_identification:_identify(src/uros/micro_ros_msgs) by extension 'colcon_meta'
[4.917s] Level 1:colcon.colcon_core.package_identification:_identify(src/uros/micro_ros_msgs) by extensions ['ros']
[4.917s] Level 1:colcon.colcon_core.package_identification:_identify(src/uros/micro_ros_msgs) by extension 'ros'
[4.920s] DEBUG:colcon.colcon_core.package_identification:Package 'src/uros/micro_ros_msgs' with type 'ros.ament_cmake' and name 'micro_ros_msgs'
[4.920s] Level 1:colcon.colcon_core.package_discovery:discover_packages(recursive) using defaults
[4.921s] Level 1:colcon.colcon_core.package_discovery:discover_packages(ignore) discover
[4.921s] Level 1:colcon.colcon_core.package_discovery:discover_packages(ignore) using defaults
[4.921s] Level 1:colcon.colcon_core.package_discovery:discover_packages(path) discover
[4.921s] Level 1:colcon.colcon_core.package_discovery:discover_packages(path) using defaults
[5.309s] Level 1:colcon.colcon_core.package_discovery:discover_packages(prefix_path) check parameters
[5.309s] Level 1:colcon.colcon_core.package_discovery:discover_packages(prefix_path) discover
[5.433s] DEBUG:colcon.colcon_installed_package_information.package_discovery:Found 180 installed packages in /opt/ros/humble
[5.437s] Level 1:colcon.colcon_core.package_discovery:discover_packages(prefix_path) using defaults
[5.715s] Level 5:colcon.colcon_core.verb:set package 'micro_ros_msgs' build argument 'cmake_args' from command line to 'None'
[5.715s] Level 5:colcon.colcon_core.verb:set package 'micro_ros_msgs' build argument 'cmake_target' from command line to 'None'
[5.716s] Level 5:colcon.colcon_core.verb:set package 'micro_ros_msgs' build argument 'cmake_target_skip_unavailable' from command line to 'False'
[5.716s] Level 5:colcon.colcon_core.verb:set package 'micro_ros_msgs' build argument 'cmake_clean_cache' from command line to 'False'
[5.716s] Level 5:colcon.colcon_core.verb:set package 'micro_ros_msgs' build argument 'cmake_clean_first' from command line to 'False'
[5.716s] Level 5:colcon.colcon_core.verb:set package 'micro_ros_msgs' build argument 'cmake_force_configure' from command line to 'False'
[5.716s] Level 5:colcon.colcon_core.verb:set package 'micro_ros_msgs' build argument 'ament_cmake_args' from command line to 'None'
[5.716s] Level 5:colcon.colcon_core.verb:set package 'micro_ros_msgs' build argument 'catkin_cmake_args' from command line to 'None'
[5.716s] Level 5:colcon.colcon_core.verb:set package 'micro_ros_msgs' build argument 'catkin_skip_building_tests' from command line to 'False'
[5.716s] DEBUG:colcon.colcon_core.verb:Building package 'micro_ros_msgs' with the following arguments: {'ament_cmake_args': None, 'build_base': '/home/iris/iris/iris_ws/build/micro_ros_msgs', 'catkin_cmake_args': None, 'catkin_skip_building_tests': False, 'cmake_args': None, 'cmake_clean_cache': False, 'cmake_clean_first': False, 'cmake_force_configure': False, 'cmake_target': None, 'cmake_target_skip_unavailable': False, 'install_base': '/home/iris/iris/iris_ws/install/micro_ros_msgs', 'merge_install': False, 'path': '/home/iris/iris/iris_ws/src/uros/micro_ros_msgs', 'symlink_install': False, 'test_result_base': None}
[5.766s] Level 5:colcon.colcon_core.verb:set package 'micro_ros_setup' build argument 'cmake_args' from command line to 'None'
[5.766s] Level 5:colcon.colcon_core.verb:set package 'micro_ros_setup' build argument 'cmake_target' from command line to 'None'
[5.767s] Level 5:colcon.colcon_core.verb:set package 'micro_ros_setup' build argument 'cmake_target_skip_unavailable' from command line to 'False'
[5.767s] Level 5:colcon.colcon_core.verb:set package 'micro_ros_setup' build argument 'cmake_clean_cache' from command line to 'False'
[5.767s] Level 5:colcon.colcon_core.verb:set package 'micro_ros_setup' build argument 'cmake_clean_first' from command line to 'False'
[5.767s] Level 5:colcon.colcon_core.verb:set package 'micro_ros_setup' build argument 'cmake_force_configure' from command line to 'False'
[5.767s] Level 5:colcon.colcon_core.verb:set package 'micro_ros_setup' build argument 'ament_cmake_args' from command line to 'None'
[5.767s] Level 5:colcon.colcon_core.verb:set package 'micro_ros_setup' build argument 'catkin_cmake_args' from command line to 'None'
[5.767s] Level 5:colcon.colcon_core.verb:set package 'micro_ros_setup' build argument 'catkin_skip_building_tests' from command line to 'False'
[5.767s] DEBUG:colcon.colcon_core.verb:Building package 'micro_ros_setup' with the following arguments: {'ament_cmake_args': None, 'build_base': '/home/iris/iris/iris_ws/build/micro_ros_setup', 'catkin_cmake_args': None, 'catkin_skip_building_tests': False, 'cmake_args': None, 'cmake_clean_cache': False, 'cmake_clean_first': False, 'cmake_force_configure': False, 'cmake_target': None, 'cmake_target_skip_unavailable': False, 'install_base': '/home/iris/iris/iris_ws/install/micro_ros_setup', 'merge_install': False, 'path': '/home/iris/iris/iris_ws/src/micro_ros_setup', 'symlink_install': False, 'test_result_base': None}
[5.817s] Level 5:colcon.colcon_core.verb:set package 'raspicam2' build argument 'cmake_args' from command line to 'None'
[5.818s] Level 5:colcon.colcon_core.verb:set package 'raspicam2' build argument 'cmake_target' from command line to 'None'
[5.818s] Level 5:colcon.colcon_core.verb:set package 'raspicam2' build argument 'cmake_target_skip_unavailable' from command line to 'False'
[5.818s] Level 5:colcon.colcon_core.verb:set package 'raspicam2' build argument 'cmake_clean_cache' from command line to 'False'
[5.818s] Level 5:colcon.colcon_core.verb:set package 'raspicam2' build argument 'cmake_clean_first' from command line to 'False'
[5.818s] Level 5:colcon.colcon_core.verb:set package 'raspicam2' build argument 'cmake_force_configure' from command line to 'False'
[5.818s] Level 5:colcon.colcon_core.verb:set package 'raspicam2' build argument 'ament_cmake_args' from command line to 'None'
[5.818s] Level 5:colcon.colcon_core.verb:set package 'raspicam2' build argument 'catkin_cmake_args' from command line to 'None'
[5.818s] Level 5:colcon.colcon_core.verb:set package 'raspicam2' build argument 'catkin_skip_building_tests' from command line to 'False'
[5.818s] DEBUG:colcon.colcon_core.verb:Building package 'raspicam2' with the following arguments: {'ament_cmake_args': None, 'build_base': '/home/iris/iris/iris_ws/build/raspicam2', 'catkin_cmake_args': None, 'catkin_skip_building_tests': False, 'cmake_args': None, 'cmake_clean_cache': False, 'cmake_clean_first': False, 'cmake_force_configure': False, 'cmake_target': None, 'cmake_target_skip_unavailable': False, 'install_base': '/home/iris/iris/iris_ws/install/raspicam2', 'merge_install': False, 'path': '/home/iris/iris/iris_ws/src/raspicam2_node', 'symlink_install': False, 'test_result_base': None}
[5.868s] Level 5:colcon.colcon_core.verb:set package 'micro_ros_agent' build argument 'cmake_args' from command line to 'None'
[5.868s] Level 5:colcon.colcon_core.verb:set package 'micro_ros_agent' build argument 'cmake_target' from command line to 'None'
[5.868s] Level 5:colcon.colcon_core.verb:set package 'micro_ros_agent' build argument 'cmake_target_skip_unavailable' from command line to 'False'
[5.868s] Level 5:colcon.colcon_core.verb:set package 'micro_ros_agent' build argument 'cmake_clean_cache' from command line to 'False'
[5.869s] Level 5:colcon.colcon_core.verb:set package 'micro_ros_agent' build argument 'cmake_clean_first' from command line to 'False'
[5.869s] Level 5:colcon.colcon_core.verb:set package 'micro_ros_agent' build argument 'cmake_force_configure' from command line to 'False'
[5.869s] Level 5:colcon.colcon_core.verb:set package 'micro_ros_agent' build argument 'ament_cmake_args' from command line to 'None'
[5.869s] Level 5:colcon.colcon_core.verb:set package 'micro_ros_agent' build argument 'catkin_cmake_args' from command line to 'None'
[5.869s] Level 5:colcon.colcon_core.verb:set package 'micro_ros_agent' build argument 'catkin_skip_building_tests' from command line to 'False'
[5.869s] DEBUG:colcon.colcon_core.verb:Building package 'micro_ros_agent' with the following arguments: {'ament_cmake_args': None, 'build_base': '/home/iris/iris/iris_ws/build/micro_ros_agent', 'catkin_cmake_args': None, 'catkin_skip_building_tests': False, 'cmake_args': None, 'cmake_clean_cache': False, 'cmake_clean_first': False, 'cmake_force_configure': False, 'cmake_target': None, 'cmake_target_skip_unavailable': False, 'install_base': '/home/iris/iris/iris_ws/install/micro_ros_agent', 'merge_install': False, 'path': '/home/iris/iris/iris_ws/src/uros/micro-ROS-Agent/micro_ros_agent', 'symlink_install': False, 'test_result_base': None}
[5.918s] INFO:colcon.colcon_core.executor:Executing jobs using 'parallel' executor
[5.970s] DEBUG:colcon.colcon_parallel_executor.executor.parallel:run_until_complete
[5.971s] INFO:colcon.colcon_ros.task.ament_cmake.build:Building ROS package in '/home/iris/iris/iris_ws/src/uros/micro_ros_msgs' with build type 'ament_cmake'
[5.971s] INFO:colcon.colcon_cmake.task.cmake.build:Building CMake package in '/home/iris/iris/iris_ws/src/uros/micro_ros_msgs'
[6.043s] INFO:colcon.colcon_core.plugin_system:Skipping extension 'colcon_core.shell.bat': Not used on non-Windows systems
[6.044s] INFO:colcon.colcon_core.shell:Skip shell extension 'powershell' for command environment: Not usable outside of PowerShell
[6.044s] DEBUG:colcon.colcon_core.shell:Skip shell extension 'dsv' for command environment
[6.161s] INFO:colcon.colcon_ros.task.ament_cmake.build:Building ROS package in '/home/iris/iris/iris_ws/src/micro_ros_setup' with build type 'ament_cmake'
[6.162s] INFO:colcon.colcon_cmake.task.cmake.build:Building CMake package in '/home/iris/iris/iris_ws/src/micro_ros_setup'
[6.217s] INFO:colcon.colcon_core.shell:Skip shell extension 'powershell' for command environment: Not usable outside of PowerShell
[6.218s] DEBUG:colcon.colcon_core.shell:Skip shell extension 'dsv' for command environment
[6.330s] INFO:colcon.colcon_ros.task.ament_cmake.build:Building ROS package in '/home/iris/iris/iris_ws/src/raspicam2_node' with build type 'ament_cmake'
[6.331s] INFO:colcon.colcon_cmake.task.cmake.build:Building CMake package in '/home/iris/iris/iris_ws/src/raspicam2_node'
[6.386s] INFO:colcon.colcon_core.shell:Skip shell extension 'powershell' for command environment: Not usable outside of PowerShell
[6.386s] DEBUG:colcon.colcon_core.shell:Skip shell extension 'dsv' for command environment
[6.515s] DEBUG:colcon.colcon_core.event_handler.log_command:Invoking command in '/home/iris/iris/iris_ws/build/micro_ros_msgs': CMAKE_PREFIX_PATH=/opt/ros/humble /usr/bin/cmake --build /home/iris/iris/iris_ws/build/micro_ros_msgs -- -j4 -l4
[6.553s] DEBUG:colcon.colcon_core.event_handler.log_command:Invoking command in '/home/iris/iris/iris_ws/build/micro_ros_setup': CMAKE_PREFIX_PATH=/opt/ros/humble /usr/bin/cmake --build /home/iris/iris/iris_ws/build/micro_ros_setup -- -j4 -l4
[6.564s] DEBUG:colcon.colcon_core.event_handler.log_command:Invoking command in '/home/iris/iris/iris_ws/build/raspicam2': CMAKE_PREFIX_PATH=/opt/ros/humble /usr/bin/cmake /home/iris/iris/iris_ws/src/raspicam2_node -DCMAKE_INSTALL_PREFIX=/home/iris/iris/iris_ws/install/raspicam2
[6.928s] DEBUG:colcon.colcon_core.event_handler.log_command:Invoked command in '/home/iris/iris/iris_ws/build/micro_ros_setup' returned '0': CMAKE_PREFIX_PATH=/opt/ros/humble /usr/bin/cmake --build /home/iris/iris/iris_ws/build/micro_ros_setup -- -j4 -l4
[7.072s] DEBUG:colcon.colcon_core.event_handler.log_command:Invoking command in '/home/iris/iris/iris_ws/build/micro_ros_setup': CMAKE_PREFIX_PATH=/opt/ros/humble /usr/bin/cmake --install /home/iris/iris/iris_ws/build/micro_ros_setup
[7.412s] Level 1:colcon.colcon_core.environment:create_environment_scripts_only(micro_ros_setup)
[7.430s] DEBUG:colcon.colcon_core.event_handler.log_command:Invoked command in '/home/iris/iris/iris_ws/build/micro_ros_setup' returned '0': CMAKE_PREFIX_PATH=/opt/ros/humble /usr/bin/cmake --install /home/iris/iris/iris_ws/build/micro_ros_setup
[7.571s] Level 1:colcon.colcon_core.environment:checking '/home/iris/iris/iris_ws/install/micro_ros_setup' for CMake module files
[7.576s] Level 1:colcon.colcon_core.environment:checking '/home/iris/iris/iris_ws/install/micro_ros_setup' for CMake config files
[7.580s] Level 1:colcon.colcon_core.shell:create_environment_hook('micro_ros_setup', 'cmake_prefix_path')
[7.693s] INFO:colcon.colcon_core.shell:Creating environment hook '/home/iris/iris/iris_ws/install/micro_ros_setup/share/micro_ros_setup/hook/cmake_prefix_path.ps1'
[7.701s] INFO:colcon.colcon_core.shell:Creating environment descriptor '/home/iris/iris/iris_ws/install/micro_ros_setup/share/micro_ros_setup/hook/cmake_prefix_path.dsv'
[7.705s] INFO:colcon.colcon_core.shell:Creating environment hook '/home/iris/iris/iris_ws/install/micro_ros_setup/share/micro_ros_setup/hook/cmake_prefix_path.sh'
[7.710s] Level 1:colcon.colcon_core.environment:checking '/home/iris/iris/iris_ws/install/micro_ros_setup/lib'
[7.712s] Level 1:colcon.colcon_core.environment:checking '/home/iris/iris/iris_ws/install/micro_ros_setup/bin'
[7.713s] Level 1:colcon.colcon_core.environment:checking '/home/iris/iris/iris_ws/install/micro_ros_setup/lib/pkgconfig/micro_ros_setup.pc'
[7.714s] Level 1:colcon.colcon_core.environment:checking '/home/iris/iris/iris_ws/install/micro_ros_setup/lib/python3.10/site-packages'
[7.716s] Level 1:colcon.colcon_core.environment:checking '/home/iris/iris/iris_ws/install/micro_ros_setup/bin'
[7.812s] INFO:colcon.colcon_core.shell:Creating package script '/home/iris/iris/iris_ws/install/micro_ros_setup/share/micro_ros_setup/package.ps1'
[7.819s] INFO:colcon.colcon_core.shell:Creating package descriptor '/home/iris/iris/iris_ws/install/micro_ros_setup/share/micro_ros_setup/package.dsv'
[7.825s] INFO:colcon.colcon_core.shell:Creating package script '/home/iris/iris/iris_ws/install/micro_ros_setup/share/micro_ros_setup/package.sh'
[7.831s] INFO:colcon.colcon_core.shell:Creating package script '/home/iris/iris/iris_ws/install/micro_ros_setup/share/micro_ros_setup/package.bash'
[7.837s] INFO:colcon.colcon_core.shell:Creating package script '/home/iris/iris/iris_ws/install/micro_ros_setup/share/micro_ros_setup/package.zsh'
[7.848s] Level 1:colcon.colcon_core.environment:create_file_with_runtime_dependencies(/home/iris/iris/iris_ws/install/micro_ros_setup/share/colcon-core/packages/micro_ros_setup)
[8.058s] Level 1:colcon.colcon_core.environment:create_environment_scripts_only(micro_ros_setup)
[8.172s] Level 1:colcon.colcon_core.environment:checking '/home/iris/iris/iris_ws/install/micro_ros_setup' for CMake module files
[8.175s] Level 1:colcon.colcon_core.environment:checking '/home/iris/iris/iris_ws/install/micro_ros_setup' for CMake config files
[8.178s] Level 1:colcon.colcon_core.shell:create_environment_hook('micro_ros_setup', 'cmake_prefix_path')
[8.244s] INFO:colcon.colcon_core.shell:Creating environment hook '/home/iris/iris/iris_ws/install/micro_ros_setup/share/micro_ros_setup/hook/cmake_prefix_path.ps1'
[8.246s] INFO:colcon.colcon_core.shell:Creating environment descriptor '/home/iris/iris/iris_ws/install/micro_ros_setup/share/micro_ros_setup/hook/cmake_prefix_path.dsv'
[8.248s] INFO:colcon.colcon_core.shell:Creating environment hook '/home/iris/iris/iris_ws/install/micro_ros_setup/share/micro_ros_setup/hook/cmake_prefix_path.sh'
[8.251s] Level 1:colcon.colcon_core.environment:checking '/home/iris/iris/iris_ws/install/micro_ros_setup/lib'
[8.252s] Level 1:colcon.colcon_core.environment:checking '/home/iris/iris/iris_ws/install/micro_ros_setup/bin'
[8.252s] Level 1:colcon.colcon_core.environment:checking '/home/iris/iris/iris_ws/install/micro_ros_setup/lib/pkgconfig/micro_ros_setup.pc'
[8.253s] Level 1:colcon.colcon_core.environment:checking '/home/iris/iris/iris_ws/install/micro_ros_setup/lib/python3.10/site-packages'
[8.254s] Level 1:colcon.colcon_core.environment:checking '/home/iris/iris/iris_ws/install/micro_ros_setup/bin'
[8.323s] INFO:colcon.colcon_core.shell:Creating package script '/home/iris/iris/iris_ws/install/micro_ros_setup/share/micro_ros_setup/package.ps1'
[8.325s] INFO:colcon.colcon_core.shell:Creating package descriptor '/home/iris/iris/iris_ws/install/micro_ros_setup/share/micro_ros_setup/package.dsv'
[8.329s] INFO:colcon.colcon_core.shell:Creating package script '/home/iris/iris/iris_ws/install/micro_ros_setup/share/micro_ros_setup/package.sh'
[8.331s] INFO:colcon.colcon_core.shell:Creating package script '/home/iris/iris/iris_ws/install/micro_ros_setup/share/micro_ros_setup/package.bash'
[8.334s] INFO:colcon.colcon_core.shell:Creating package script '/home/iris/iris/iris_ws/install/micro_ros_setup/share/micro_ros_setup/package.zsh'
[8.336s] Level 1:colcon.colcon_core.environment:create_file_with_runtime_dependencies(/home/iris/iris/iris_ws/install/micro_ros_setup/share/colcon-core/packages/micro_ros_setup)
[8.841s] DEBUG:colcon.colcon_core.event_handler.log_command:Invoked command in '/home/iris/iris/iris_ws/build/micro_ros_msgs' returned '0': CMAKE_PREFIX_PATH=/opt/ros/humble /usr/bin/cmake --build /home/iris/iris/iris_ws/build/micro_ros_msgs -- -j4 -l4
[9.322s] DEBUG:colcon.colcon_core.event_handler.log_command:Invoking command in '/home/iris/iris/iris_ws/build/micro_ros_msgs': CMAKE_PREFIX_PATH=/opt/ros/humble /usr/bin/cmake --install /home/iris/iris/iris_ws/build/micro_ros_msgs
[9.706s] Level 1:colcon.colcon_core.environment:create_environment_scripts_only(micro_ros_msgs)
[9.708s] DEBUG:colcon.colcon_core.event_handler.log_command:Invoked command in '/home/iris/iris/iris_ws/build/micro_ros_msgs' returned '0': CMAKE_PREFIX_PATH=/opt/ros/humble /usr/bin/cmake --install /home/iris/iris/iris_ws/build/micro_ros_msgs
[9.777s] Level 1:colcon.colcon_core.environment:checking '/home/iris/iris/iris_ws/install/micro_ros_msgs' for CMake module files
[9.828s] Level 1:colcon.colcon_core.environment:checking '/home/iris/iris/iris_ws/install/micro_ros_msgs' for CMake config files
[9.838s] Level 1:colcon.colcon_core.shell:create_environment_hook('micro_ros_msgs', 'cmake_prefix_path')
[9.902s] INFO:colcon.colcon_core.shell:Creating environment hook '/home/iris/iris/iris_ws/install/micro_ros_msgs/share/micro_ros_msgs/hook/cmake_prefix_path.ps1'
[9.905s] INFO:colcon.colcon_core.shell:Creating environment descriptor '/home/iris/iris/iris_ws/install/micro_ros_msgs/share/micro_ros_msgs/hook/cmake_prefix_path.dsv'
[9.907s] INFO:colcon.colcon_core.shell:Creating environment hook '/home/iris/iris/iris_ws/install/micro_ros_msgs/share/micro_ros_msgs/hook/cmake_prefix_path.sh'
[9.909s] Level 1:colcon.colcon_core.environment:checking '/home/iris/iris/iris_ws/install/micro_ros_msgs/lib'
[9.910s] Level 1:colcon.colcon_core.shell:create_environment_hook('micro_ros_msgs', 'ld_library_path_lib')
[9.982s] INFO:colcon.colcon_core.shell:Creating environment hook '/home/iris/iris/iris_ws/install/micro_ros_msgs/share/micro_ros_msgs/hook/ld_library_path_lib.ps1'
[9.984s] INFO:colcon.colcon_core.shell:Creating environment descriptor '/home/iris/iris/iris_ws/install/micro_ros_msgs/share/micro_ros_msgs/hook/ld_library_path_lib.dsv'
[9.985s] INFO:colcon.colcon_core.shell:Creating environment hook '/home/iris/iris/iris_ws/install/micro_ros_msgs/share/micro_ros_msgs/hook/ld_library_path_lib.sh'
[9.987s] Level 1:colcon.colcon_core.environment:checking '/home/iris/iris/iris_ws/install/micro_ros_msgs/bin'
[9.988s] Level 1:colcon.colcon_core.environment:checking '/home/iris/iris/iris_ws/install/micro_ros_msgs/lib/pkgconfig/micro_ros_msgs.pc'
[9.989s] Level 1:colcon.colcon_core.environment:checking '/home/iris/iris/iris_ws/install/micro_ros_msgs/lib/python3.10/site-packages'
[9.990s] Level 1:colcon.colcon_core.environment:checking '/home/iris/iris/iris_ws/install/micro_ros_msgs/bin'
[10.070s] INFO:colcon.colcon_core.shell:Creating package script '/home/iris/iris/iris_ws/install/micro_ros_msgs/share/micro_ros_msgs/package.ps1'
[10.072s] INFO:colcon.colcon_core.shell:Creating package descriptor '/home/iris/iris/iris_ws/install/micro_ros_msgs/share/micro_ros_msgs/package.dsv'
[10.074s] INFO:colcon.colcon_core.shell:Creating package script '/home/iris/iris/iris_ws/install/micro_ros_msgs/share/micro_ros_msgs/package.sh'
[10.076s] INFO:colcon.colcon_core.shell:Creating package script '/home/iris/iris/iris_ws/install/micro_ros_msgs/share/micro_ros_msgs/package.bash'
[10.078s] INFO:colcon.colcon_core.shell:Creating package script '/home/iris/iris/iris_ws/install/micro_ros_msgs/share/micro_ros_msgs/package.zsh'
[10.081s] Level 1:colcon.colcon_core.environment:create_file_with_runtime_dependencies(/home/iris/iris/iris_ws/install/micro_ros_msgs/share/colcon-core/packages/micro_ros_msgs)
[10.614s] Level 1:colcon.colcon_core.environment:create_environment_scripts_only(micro_ros_msgs)
[10.672s] Level 1:colcon.colcon_core.environment:checking '/home/iris/iris/iris_ws/install/micro_ros_msgs' for CMake module files
[10.676s] Level 1:colcon.colcon_core.environment:checking '/home/iris/iris/iris_ws/install/micro_ros_msgs' for CMake config files
[10.680s] Level 1:colcon.colcon_core.shell:create_environment_hook('micro_ros_msgs', 'cmake_prefix_path')
[10.737s] INFO:colcon.colcon_core.shell:Creating environment hook '/home/iris/iris/iris_ws/install/micro_ros_msgs/share/micro_ros_msgs/hook/cmake_prefix_path.ps1'
[10.739s] INFO:colcon.colcon_core.shell:Creating environment descriptor '/home/iris/iris/iris_ws/install/micro_ros_msgs/share/micro_ros_msgs/hook/cmake_prefix_path.dsv'
[10.741s] INFO:colcon.colcon_core.shell:Creating environment hook '/home/iris/iris/iris_ws/install/micro_ros_msgs/share/micro_ros_msgs/hook/cmake_prefix_path.sh'
[10.744s] Level 1:colcon.colcon_core.environment:checking '/home/iris/iris/iris_ws/install/micro_ros_msgs/lib'
[10.744s] Level 1:colcon.colcon_core.shell:create_environment_hook('micro_ros_msgs', 'ld_library_path_lib')
[10.800s] INFO:colcon.colcon_core.shell:Creating environment hook '/home/iris/iris/iris_ws/install/micro_ros_msgs/share/micro_ros_msgs/hook/ld_library_path_lib.ps1'
[10.802s] INFO:colcon.colcon_core.shell:Creating environment descriptor '/home/iris/iris/iris_ws/install/micro_ros_msgs/share/micro_ros_msgs/hook/ld_library_path_lib.dsv'
[10.803s] INFO:colcon.colcon_core.shell:Creating environment hook '/home/iris/iris/iris_ws/install/micro_ros_msgs/share/micro_ros_msgs/hook/ld_library_path_lib.sh'
[10.805s] Level 1:colcon.colcon_core.environment:checking '/home/iris/iris/iris_ws/install/micro_ros_msgs/bin'
[10.806s] Level 1:colcon.colcon_core.environment:checking '/home/iris/iris/iris_ws/install/micro_ros_msgs/lib/pkgconfig/micro_ros_msgs.pc'
[10.806s] Level 1:colcon.colcon_core.environment:checking '/home/iris/iris/iris_ws/install/micro_ros_msgs/lib/python3.10/site-packages'
[10.807s] Level 1:colcon.colcon_core.environment:checking '/home/iris/iris/iris_ws/install/micro_ros_msgs/bin'
[10.860s] INFO:colcon.colcon_core.shell:Creating package script '/home/iris/iris/iris_ws/install/micro_ros_msgs/share/micro_ros_msgs/package.ps1'
[10.862s] INFO:colcon.colcon_core.shell:Creating package descriptor '/home/iris/iris/iris_ws/install/micro_ros_msgs/share/micro_ros_msgs/package.dsv'
[10.865s] INFO:colcon.colcon_core.shell:Creating package script '/home/iris/iris/iris_ws/install/micro_ros_msgs/share/micro_ros_msgs/package.sh'
[10.867s] INFO:colcon.colcon_core.shell:Creating package script '/home/iris/iris/iris_ws/install/micro_ros_msgs/share/micro_ros_msgs/package.bash'
[10.870s] INFO:colcon.colcon_core.shell:Creating package script '/home/iris/iris/iris_ws/install/micro_ros_msgs/share/micro_ros_msgs/package.zsh'
[10.872s] Level 1:colcon.colcon_core.environment:create_file_with_runtime_dependencies(/home/iris/iris/iris_ws/install/micro_ros_msgs/share/colcon-core/packages/micro_ros_msgs)
[10.873s] INFO:colcon.colcon_ros.task.ament_cmake.build:Building ROS package in '/home/iris/iris/iris_ws/src/uros/micro-ROS-Agent/micro_ros_agent' with build type 'ament_cmake'
[10.874s] INFO:colcon.colcon_cmake.task.cmake.build:Building CMake package in '/home/iris/iris/iris_ws/src/uros/micro-ROS-Agent/micro_ros_agent'
[10.934s] INFO:colcon.colcon_core.shell:Skip shell extension 'powershell' for command environment: Not usable outside of PowerShell
[10.935s] DEBUG:colcon.colcon_core.shell:Skip shell extension 'dsv' for command environment
[11.096s] DEBUG:colcon.colcon_core.event_handler.log_command:Invoking command in '/home/iris/iris/iris_ws/build/micro_ros_agent': AMENT_PREFIX_PATH=/home/iris/iris/iris_ws/install/micro_ros_msgs:${AMENT_PREFIX_PATH} CMAKE_PREFIX_PATH=/home/iris/iris/iris_ws/install/micro_ros_msgs:/opt/ros/humble LD_LIBRARY_PATH=/home/iris/iris/iris_ws/install/micro_ros_msgs/lib:${LD_LIBRARY_PATH} PYTHONPATH=/home/iris/iris/iris_ws/install/micro_ros_msgs/local/lib/python3.10/dist-packages:${PYTHONPATH} /usr/bin/cmake --build /home/iris/iris/iris_ws/build/micro_ros_agent -- -j4 -l4
[11.454s] DEBUG:colcon.colcon_core.event_handler.log_command:Invoked command in '/home/iris/iris/iris_ws/build/micro_ros_agent' returned '0': AMENT_PREFIX_PATH=/home/iris/iris/iris_ws/install/micro_ros_msgs:${AMENT_PREFIX_PATH} CMAKE_PREFIX_PATH=/home/iris/iris/iris_ws/install/micro_ros_msgs:/opt/ros/humble LD_LIBRARY_PATH=/home/iris/iris/iris_ws/install/micro_ros_msgs/lib:${LD_LIBRARY_PATH} PYTHONPATH=/home/iris/iris/iris_ws/install/micro_ros_msgs/local/lib/python3.10/dist-packages:${PYTHONPATH} /usr/bin/cmake --build /home/iris/iris/iris_ws/build/micro_ros_agent -- -j4 -l4
[11.606s] DEBUG:colcon.colcon_core.event_handler.log_command:Invoking command in '/home/iris/iris/iris_ws/build/micro_ros_agent': AMENT_PREFIX_PATH=/home/iris/iris/iris_ws/install/micro_ros_msgs:${AMENT_PREFIX_PATH} CMAKE_PREFIX_PATH=/home/iris/iris/iris_ws/install/micro_ros_msgs:/opt/ros/humble LD_LIBRARY_PATH=/home/iris/iris/iris_ws/install/micro_ros_msgs/lib:${LD_LIBRARY_PATH} PYTHONPATH=/home/iris/iris/iris_ws/install/micro_ros_msgs/local/lib/python3.10/dist-packages:${PYTHONPATH} /usr/bin/cmake --install /home/iris/iris/iris_ws/build/micro_ros_agent
[11.660s] Level 1:colcon.colcon_core.environment:create_environment_scripts_only(micro_ros_agent)
[11.662s] DEBUG:colcon.colcon_core.event_handler.log_command:Invoked command in '/home/iris/iris/iris_ws/build/micro_ros_agent' returned '0': AMENT_PREFIX_PATH=/home/iris/iris/iris_ws/install/micro_ros_msgs:${AMENT_PREFIX_PATH} CMAKE_PREFIX_PATH=/home/iris/iris/iris_ws/install/micro_ros_msgs:/opt/ros/humble LD_LIBRARY_PATH=/home/iris/iris/iris_ws/install/micro_ros_msgs/lib:${LD_LIBRARY_PATH} PYTHONPATH=/home/iris/iris/iris_ws/install/micro_ros_msgs/local/lib/python3.10/dist-packages:${PYTHONPATH} /usr/bin/cmake --install /home/iris/iris/iris_ws/build/micro_ros_agent
[11.720s] Level 1:colcon.colcon_core.environment:checking '/home/iris/iris/iris_ws/install/micro_ros_agent' for CMake module files
[11.723s] Level 1:colcon.colcon_core.environment:checking '/home/iris/iris/iris_ws/install/micro_ros_agent' for CMake config files
[11.728s] Level 1:colcon.colcon_core.shell:create_environment_hook('micro_ros_agent', 'cmake_prefix_path')
[11.785s] INFO:colcon.colcon_core.shell:Creating environment hook '/home/iris/iris/iris_ws/install/micro_ros_agent/share/micro_ros_agent/hook/cmake_prefix_path.ps1'
[11.787s] INFO:colcon.colcon_core.shell:Creating environment descriptor '/home/iris/iris/iris_ws/install/micro_ros_agent/share/micro_ros_agent/hook/cmake_prefix_path.dsv'
[11.789s] INFO:colcon.colcon_core.shell:Creating environment hook '/home/iris/iris/iris_ws/install/micro_ros_agent/share/micro_ros_agent/hook/cmake_prefix_path.sh'
[11.792s] Level 1:colcon.colcon_core.environment:checking '/home/iris/iris/iris_ws/install/micro_ros_agent/lib'
[11.792s] Level 1:colcon.colcon_core.shell:create_environment_hook('micro_ros_agent', 'ld_library_path_lib')
[11.851s] INFO:colcon.colcon_core.shell:Creating environment hook '/home/iris/iris/iris_ws/install/micro_ros_agent/share/micro_ros_agent/hook/ld_library_path_lib.ps1'
[11.853s] INFO:colcon.colcon_core.shell:Creating environment descriptor '/home/iris/iris/iris_ws/install/micro_ros_agent/share/micro_ros_agent/hook/ld_library_path_lib.dsv'
[11.855s] INFO:colcon.colcon_core.shell:Creating environment hook '/home/iris/iris/iris_ws/install/micro_ros_agent/share/micro_ros_agent/hook/ld_library_path_lib.sh'
[11.857s] Level 1:colcon.colcon_core.environment:checking '/home/iris/iris/iris_ws/install/micro_ros_agent/bin'
[11.858s] Level 1:colcon.colcon_core.environment:checking '/home/iris/iris/iris_ws/install/micro_ros_agent/lib/pkgconfig/micro_ros_agent.pc'
[11.859s] Level 1:colcon.colcon_core.environment:checking '/home/iris/iris/iris_ws/install/micro_ros_agent/lib/python3.10/site-packages'
[11.860s] Level 1:colcon.colcon_core.environment:checking '/home/iris/iris/iris_ws/install/micro_ros_agent/bin'
[11.920s] INFO:colcon.colcon_core.shell:Creating package script '/home/iris/iris/iris_ws/install/micro_ros_agent/share/micro_ros_agent/package.ps1'
[11.922s] INFO:colcon.colcon_core.shell:Creating package descriptor '/home/iris/iris/iris_ws/install/micro_ros_agent/share/micro_ros_agent/package.dsv'
[11.925s] INFO:colcon.colcon_core.shell:Creating package script '/home/iris/iris/iris_ws/install/micro_ros_agent/share/micro_ros_agent/package.sh'
[11.927s] INFO:colcon.colcon_core.shell:Creating package script '/home/iris/iris/iris_ws/install/micro_ros_agent/share/micro_ros_agent/package.bash'
[11.928s] INFO:colcon.colcon_core.shell:Creating package script '/home/iris/iris/iris_ws/install/micro_ros_agent/share/micro_ros_agent/package.zsh'
[11.930s] Level 1:colcon.colcon_core.environment:create_file_with_runtime_dependencies(/home/iris/iris/iris_ws/install/micro_ros_agent/share/colcon-core/packages/micro_ros_agent)
[12.132s] Level 1:colcon.colcon_core.environment:create_environment_scripts_only(micro_ros_agent)
[12.191s] Level 1:colcon.colcon_core.environment:checking '/home/iris/iris/iris_ws/install/micro_ros_agent' for CMake module files
[12.194s] Level 1:colcon.colcon_core.environment:checking '/home/iris/iris/iris_ws/install/micro_ros_agent' for CMake config files
[12.196s] Level 1:colcon.colcon_core.shell:create_environment_hook('micro_ros_agent', 'cmake_prefix_path')
[12.261s] INFO:colcon.colcon_core.shell:Creating environment hook '/home/iris/iris/iris_ws/install/micro_ros_agent/share/micro_ros_agent/hook/cmake_prefix_path.ps1'
[12.264s] INFO:colcon.colcon_core.shell:Creating environment descriptor '/home/iris/iris/iris_ws/install/micro_ros_agent/share/micro_ros_agent/hook/cmake_prefix_path.dsv'
[12.265s] INFO:colcon.colcon_core.shell:Creating environment hook '/home/iris/iris/iris_ws/install/micro_ros_agent/share/micro_ros_agent/hook/cmake_prefix_path.sh'
[12.269s] Level 1:colcon.colcon_core.environment:checking '/home/iris/iris/iris_ws/install/micro_ros_agent/lib'
[12.269s] Level 1:colcon.colcon_core.shell:create_environment_hook('micro_ros_agent', 'ld_library_path_lib')
[12.334s] INFO:colcon.colcon_core.shell:Creating environment hook '/home/iris/iris/iris_ws/install/micro_ros_agent/share/micro_ros_agent/hook/ld_library_path_lib.ps1'
[12.336s] INFO:colcon.colcon_core.shell:Creating environment descriptor '/home/iris/iris/iris_ws/install/micro_ros_agent/share/micro_ros_agent/hook/ld_library_path_lib.dsv'
[12.338s] INFO:colcon.colcon_core.shell:Creating environment hook '/home/iris/iris/iris_ws/install/micro_ros_agent/share/micro_ros_agent/hook/ld_library_path_lib.sh'
[12.341s] Level 1:colcon.colcon_core.environment:checking '/home/iris/iris/iris_ws/install/micro_ros_agent/bin'
[12.341s] Level 1:colcon.colcon_core.environment:checking '/home/iris/iris/iris_ws/install/micro_ros_agent/lib/pkgconfig/micro_ros_agent.pc'
[12.343s] Level 1:colcon.colcon_core.environment:checking '/home/iris/iris/iris_ws/install/micro_ros_agent/lib/python3.10/site-packages'
[12.344s] Level 1:colcon.colcon_core.environment:checking '/home/iris/iris/iris_ws/install/micro_ros_agent/bin'
[12.403s] INFO:colcon.colcon_core.shell:Creating package script '/home/iris/iris/iris_ws/install/micro_ros_agent/share/micro_ros_agent/package.ps1'
[12.405s] INFO:colcon.colcon_core.shell:Creating package descriptor '/home/iris/iris/iris_ws/install/micro_ros_agent/share/micro_ros_agent/package.dsv'
[12.408s] INFO:colcon.colcon_core.shell:Creating package script '/home/iris/iris/iris_ws/install/micro_ros_agent/share/micro_ros_agent/package.sh'
[12.410s] INFO:colcon.colcon_core.shell:Creating package script '/home/iris/iris/iris_ws/install/micro_ros_agent/share/micro_ros_agent/package.bash'
[12.412s] INFO:colcon.colcon_core.shell:Creating package script '/home/iris/iris/iris_ws/install/micro_ros_agent/share/micro_ros_agent/package.zsh'
[12.414s] Level 1:colcon.colcon_core.environment:create_file_with_runtime_dependencies(/home/iris/iris/iris_ws/install/micro_ros_agent/share/colcon-core/packages/micro_ros_agent)
[15.350s] DEBUG:colcon.colcon_core.event_handler.log_command:Invoked command in '/home/iris/iris/iris_ws/build/raspicam2' returned '1': CMAKE_PREFIX_PATH=/opt/ros/humble /usr/bin/cmake /home/iris/iris/iris_ws/src/raspicam2_node -DCMAKE_INSTALL_PREFIX=/home/iris/iris/iris_ws/install/raspicam2
[15.393s] Level 1:colcon.colcon_core.environment:create_environment_scripts_only(raspicam2)
[15.449s] Level 1:colcon.colcon_core.environment:checking '/home/iris/iris/iris_ws/install/raspicam2' for CMake module files
[15.450s] Level 1:colcon.colcon_core.environment:checking '/home/iris/iris/iris_ws/install/raspicam2' for CMake config files
[15.451s] Level 1:colcon.colcon_core.environment:checking '/home/iris/iris/iris_ws/install/raspicam2/bin'
[15.451s] Level 1:colcon.colcon_core.environment:checking '/home/iris/iris/iris_ws/install/raspicam2/lib/pkgconfig/raspicam2.pc'
[15.452s] Level 1:colcon.colcon_core.environment:checking '/home/iris/iris/iris_ws/install/raspicam2/lib/python3.10/site-packages'
[15.453s] Level 1:colcon.colcon_core.environment:checking '/home/iris/iris/iris_ws/install/raspicam2/bin'
[15.539s] INFO:colcon.colcon_core.shell:Creating package script '/home/iris/iris/iris_ws/install/raspicam2/share/raspicam2/package.ps1'
[15.541s] INFO:colcon.colcon_core.shell:Creating package descriptor '/home/iris/iris/iris_ws/install/raspicam2/share/raspicam2/package.dsv'
[15.542s] INFO:colcon.colcon_core.shell:Creating package script '/home/iris/iris/iris_ws/install/raspicam2/share/raspicam2/package.sh'
[15.544s] INFO:colcon.colcon_core.shell:Creating package script '/home/iris/iris/iris_ws/install/raspicam2/share/raspicam2/package.bash'
[15.545s] INFO:colcon.colcon_core.shell:Creating package script '/home/iris/iris/iris_ws/install/raspicam2/share/raspicam2/package.zsh'
[15.546s] Level 1:colcon.colcon_core.environment:create_file_with_runtime_dependencies(/home/iris/iris/iris_ws/install/raspicam2/share/colcon-core/packages/raspicam2)
[15.557s] DEBUG:colcon.colcon_parallel_executor.executor.parallel:closing loop
[15.558s] DEBUG:colcon.colcon_parallel_executor.executor.parallel:loop closed
[15.558s] DEBUG:colcon.colcon_parallel_executor.executor.parallel:run_until_complete finished with '1'
[15.559s] DEBUG:colcon.colcon_core.event_reactor:joining thread
[15.642s] INFO:colcon.colcon_core.plugin_system:Skipping extension 'colcon_notification.desktop_notification.terminal_notifier': Not used on non-Darwin systems
[15.642s] INFO:colcon.colcon_core.plugin_system:Skipping extension 'colcon_notification.desktop_notification.win32': Not used on non-Windows systems
[15.643s] INFO:colcon.colcon_notification.desktop_notification:Sending desktop notification using 'notify2'
[15.693s] DEBUG:colcon.colcon_core.event_reactor:joined thread
[15.746s] INFO:colcon.colcon_core.shell:Creating prefix script '/home/iris/iris/iris_ws/install/local_setup.ps1'
[15.752s] INFO:colcon.colcon_core.shell:Creating prefix util module '/home/iris/iris/iris_ws/install/_local_setup_util_ps1.py'
[15.761s] INFO:colcon.colcon_core.shell:Creating prefix chain script '/home/iris/iris/iris_ws/install/setup.ps1'
[15.819s] INFO:colcon.colcon_core.shell:Creating prefix script '/home/iris/iris/iris_ws/install/local_setup.sh'
[15.824s] INFO:colcon.colcon_core.shell:Creating prefix util module '/home/iris/iris/iris_ws/install/_local_setup_util_sh.py'
[15.826s] INFO:colcon.colcon_core.shell:Creating prefix chain script '/home/iris/iris/iris_ws/install/setup.sh'
[15.885s] INFO:colcon.colcon_core.shell:Creating prefix script '/home/iris/iris/iris_ws/install/local_setup.bash'
[15.890s] INFO:colcon.colcon_core.shell:Creating prefix chain script '/home/iris/iris/iris_ws/install/setup.bash'
[15.949s] INFO:colcon.colcon_core.shell:Creating prefix script '/home/iris/iris/iris_ws/install/local_setup.zsh'
[15.954s] INFO:colcon.colcon_core.shell:Creating prefix chain script '/home/iris/iris/iris_ws/install/setup.zsh'
