[0.531s] Invoking command in '/home/iris/iris/iris_ws/build/iris': CMAKE_PREFIX_PATH=${CMAKE_PREFIX_PATH}:/opt/ros/humble /usr/bin/cmake --build /home/iris/iris/iris_ws/build/iris -- -j4 -l4
[0.787s] Invoked command in '/home/iris/iris/iris_ws/build/iris' returned '0': CMAKE_PREFIX_PATH=${CMAKE_PREFIX_PATH}:/opt/ros/humble /usr/bin/cmake --build /home/iris/iris/iris_ws/build/iris -- -j4 -l4
[1.191s] Invoking command in '/home/iris/iris/iris_ws/build/iris': CMAKE_PREFIX_PATH=${CMAKE_PREFIX_PATH}:/opt/ros/humble /usr/bin/cmake --install /home/iris/iris/iris_ws/build/iris
[1.284s] -- Install configuration: ""
[1.291s] -- Up-to-date: /home/iris/iris/iris_ws/install/iris/share/iris//launch
[1.291s] -- Up-to-date: /home/iris/iris/iris_ws/install/iris/share/iris//launch/iris_bringup.py
[1.292s] -- Up-to-date: /home/iris/iris/iris_ws/install/iris/share/iris//launch/__pycache__
[1.293s] -- Up-to-date: /home/iris/iris/iris_ws/install/iris/share/iris//launch/__pycache__/iris_bringup.cpython-310.pyc
[1.298s] -- Up-to-date: /home/iris/iris/iris_ws/install/iris/share/iris//launch/obj_tracking.py
[1.300s] -- Up-to-date: /home/iris/iris/iris_ws/install/iris/share/ament_index/resource_index/package_run_dependencies/iris
[1.300s] -- Up-to-date: /home/iris/iris/iris_ws/install/iris/share/ament_index/resource_index/parent_prefix_path/iris
[1.306s] -- Up-to-date: /home/iris/iris/iris_ws/install/iris/share/iris/environment/ament_prefix_path.sh
[1.326s] -- Up-to-date: /home/iris/iris/iris_ws/install/iris/share/iris/environment/ament_prefix_path.dsv
[1.344s] -- Up-to-date: /home/iris/iris/iris_ws/install/iris/share/iris/environment/path.sh
[1.346s] -- Up-to-date: /home/iris/iris/iris_ws/install/iris/share/iris/environment/path.dsv
[1.350s] -- Up-to-date: /home/iris/iris/iris_ws/install/iris/share/iris/local_setup.bash
[1.354s] -- Up-to-date: /home/iris/iris/iris_ws/install/iris/share/iris/local_setup.sh
[1.354s] -- Up-to-date: /home/iris/iris/iris_ws/install/iris/share/iris/local_setup.zsh
[1.355s] -- Up-to-date: /home/iris/iris/iris_ws/install/iris/share/iris/local_setup.dsv
[1.356s] -- Installing: /home/iris/iris/iris_ws/install/iris/share/iris/package.dsv
[1.409s] -- Up-to-date: /home/iris/iris/iris_ws/install/iris/share/ament_index/resource_index/packages/iris
[1.423s] -- Up-to-date: /home/iris/iris/iris_ws/install/iris/share/iris/cmake/irisConfig.cmake
[1.423s] -- Up-to-date: /home/iris/iris/iris_ws/install/iris/share/iris/cmake/irisConfig-version.cmake
[1.424s] -- Up-to-date: /home/iris/iris/iris_ws/install/iris/share/iris/package.xml
[1.521s] Invoked command in '/home/iris/iris/iris_ws/build/iris' returned '0': CMAKE_PREFIX_PATH=${CMAKE_PREFIX_PATH}:/opt/ros/humble /usr/bin/cmake --install /home/iris/iris/iris_ws/build/iris
