running egg_info
writing ../../build/iris_vision/iris_vision.egg-info/PKG-INFO
writing dependency_links to ../../build/iris_vision/iris_vision.egg-info/dependency_links.txt
writing entry points to ../../build/iris_vision/iris_vision.egg-info/entry_points.txt
writing requirements to ../../build/iris_vision/iris_vision.egg-info/requires.txt
writing top-level names to ../../build/iris_vision/iris_vision.egg-info/top_level.txt
reading manifest file '../../build/iris_vision/iris_vision.egg-info/SOURCES.txt'
writing manifest file '../../build/iris_vision/iris_vision.egg-info/SOURCES.txt'
running build
running build_py
copying iris_vision/publisher_member_function.py -> /home/iris/iris/iris_ws/build/iris_vision/build/lib/iris_vision
copying iris_vision/subscriber_member_function.py -> /home/iris/iris/iris_ws/build/iris_vision/build/lib/iris_vision
/usr/lib/python3/dist-packages/setuptools/command/install.py:34: SetuptoolsDeprecationWarning: setup.py install is deprecated. Use build and pip and other standards-based tools.
  warnings.warn(
running install
running install_lib
copying /home/iris/iris/iris_ws/build/iris_vision/build/lib/iris_vision/publisher_member_function.py -> /home/iris/iris/iris_ws/install/iris_vision/lib/python3.10/site-packages/iris_vision
copying /home/iris/iris/iris_ws/build/iris_vision/build/lib/iris_vision/subscriber_member_function.py -> /home/iris/iris/iris_ws/install/iris_vision/lib/python3.10/site-packages/iris_vision
byte-compiling /home/iris/iris/iris_ws/install/iris_vision/lib/python3.10/site-packages/iris_vision/publisher_member_function.py to publisher_member_function.cpython-310.pyc
byte-compiling /home/iris/iris/iris_ws/install/iris_vision/lib/python3.10/site-packages/iris_vision/subscriber_member_function.py to subscriber_member_function.cpython-310.pyc
running install_data
running install_egg_info
removing '/home/iris/iris/iris_ws/install/iris_vision/lib/python3.10/site-packages/iris_vision-0.0.0-py3.10.egg-info' (and everything under it)
Copying ../../build/iris_vision/iris_vision.egg-info to /home/iris/iris/iris_ws/install/iris_vision/lib/python3.10/site-packages/iris_vision-0.0.0-py3.10.egg-info
running install_scripts
Installing listener script to /home/iris/iris/iris_ws/install/iris_vision/lib/iris_vision
Installing talker script to /home/iris/iris/iris_ws/install/iris_vision/lib/iris_vision
writing list of installed files to '/home/iris/iris/iris_ws/build/iris_vision/install.log'
