[1.632s] Invoking command in '/home/iris/iris/iris_ws/build/micro_ros_setup': CMAKE_PREFIX_PATH=${CMAKE_PREFIX_PATH}:/home/iris/iris/iris_ws/install/iris_vision:/opt/ros/humble /usr/bin/cmake --build /home/iris/iris/iris_ws/build/micro_ros_setup -- -j4 -l4
[1.844s] Invoked command in '/home/iris/iris/iris_ws/build/micro_ros_setup' returned '0': CMAKE_PREFIX_PATH=${CMAKE_PREFIX_PATH}:/home/iris/iris/iris_ws/install/iris_vision:/opt/ros/humble /usr/bin/cmake --build /home/iris/iris/iris_ws/build/micro_ros_setup -- -j4 -l4
[2.044s] Invoking command in '/home/iris/iris/iris_ws/build/micro_ros_setup': CMAKE_PREFIX_PATH=${CMAKE_PREFIX_PATH}:/home/iris/iris/iris_ws/install/iris_vision:/opt/ros/humble /usr/bin/cmake --install /home/iris/iris/iris_ws/build/micro_ros_setup
[2.080s] -- Install configuration: ""
[2.082s] -- Execute custom install script
[2.088s] -- Up-to-date symlink: /home/iris/iris/iris_ws/install/micro_ros_setup/share/ament_index/resource_index/package_run_dependencies/micro_ros_setup
[2.091s] -- Up-to-date symlink: /home/iris/iris/iris_ws/install/micro_ros_setup/share/ament_index/resource_index/parent_prefix_path/micro_ros_setup
[2.095s] -- Up-to-date symlink: /home/iris/iris/iris_ws/install/micro_ros_setup/share/micro_ros_setup/environment/ament_prefix_path.sh
[2.099s] -- Up-to-date symlink: /home/iris/iris/iris_ws/install/micro_ros_setup/share/micro_ros_setup/environment/ament_prefix_path.dsv
[2.103s] -- Up-to-date symlink: /home/iris/iris/iris_ws/install/micro_ros_setup/share/micro_ros_setup/environment/path.sh
[2.106s] -- Up-to-date symlink: /home/iris/iris/iris_ws/install/micro_ros_setup/share/micro_ros_setup/environment/path.dsv
[2.110s] -- Up-to-date symlink: /home/iris/iris/iris_ws/install/micro_ros_setup/share/micro_ros_setup/local_setup.bash
[2.114s] -- Up-to-date symlink: /home/iris/iris/iris_ws/install/micro_ros_setup/share/micro_ros_setup/local_setup.sh
[2.118s] -- Up-to-date symlink: /home/iris/iris/iris_ws/install/micro_ros_setup/share/micro_ros_setup/local_setup.zsh
[2.121s] -- Up-to-date symlink: /home/iris/iris/iris_ws/install/micro_ros_setup/share/micro_ros_setup/local_setup.dsv
[2.125s] -- Symlinking: /home/iris/iris/iris_ws/install/micro_ros_setup/share/micro_ros_setup/package.dsv
[2.168s] -- Up-to-date symlink: /home/iris/iris/iris_ws/install/micro_ros_setup/share/ament_index/resource_index/packages/micro_ros_setup
[2.169s] -- Up-to-date symlink: /home/iris/iris/iris_ws/install/micro_ros_setup/share/micro_ros_setup/cmake/micro_ros_setupConfig.cmake
[2.170s] -- Up-to-date symlink: /home/iris/iris/iris_ws/install/micro_ros_setup/share/micro_ros_setup/cmake/micro_ros_setupConfig-version.cmake
[2.170s] -- Up-to-date symlink: /home/iris/iris/iris_ws/install/micro_ros_setup/share/micro_ros_setup/package.xml
[2.173s] -- Up-to-date symlink: /home/iris/iris/iris_ws/install/micro_ros_setup/lib/micro_ros_setup/create_ws.sh
[2.174s] -- Up-to-date symlink: /home/iris/iris/iris_ws/install/micro_ros_setup/lib/micro_ros_setup/create_agent_ws.sh
[2.174s] -- Up-to-date symlink: /home/iris/iris/iris_ws/install/micro_ros_setup/lib/micro_ros_setup/create_firmware_ws.sh
[2.175s] -- Up-to-date symlink: /home/iris/iris/iris_ws/install/micro_ros_setup/lib/micro_ros_setup/configure_firmware.sh
[2.175s] -- Up-to-date symlink: /home/iris/iris/iris_ws/install/micro_ros_setup/lib/micro_ros_setup/flash_firmware.sh
[2.176s] -- Up-to-date symlink: /home/iris/iris/iris_ws/install/micro_ros_setup/lib/micro_ros_setup/build_firmware.sh
[2.177s] -- Up-to-date symlink: /home/iris/iris/iris_ws/install/micro_ros_setup/lib/micro_ros_setup/build_agent.sh
[2.177s] -- Up-to-date symlink: /home/iris/iris/iris_ws/install/micro_ros_setup/lib/micro_ros_setup/yaml_filter.py
[2.179s] -- Up-to-date symlink: /home/iris/iris/iris_ws/install/micro_ros_setup/lib/micro_ros_setup/clean_env.sh
[2.180s] -- Up-to-date symlink: /home/iris/iris/iris_ws/install/micro_ros_setup/lib/micro_ros_setup/component
[2.181s] -- Up-to-date: /home/iris/iris/iris_ws/install/micro_ros_setup/./config
[2.182s] -- Up-to-date: /home/iris/iris/iris_ws/install/micro_ros_setup/./config/generate_lib
[2.183s] -- Up-to-date: /home/iris/iris/iris_ws/install/micro_ros_setup/./config/generate_lib/generic
[2.185s] -- Up-to-date: /home/iris/iris/iris_ws/install/micro_ros_setup/./config/generate_lib/generic/flash.sh
[2.190s] -- Up-to-date: /home/iris/iris/iris_ws/install/micro_ros_setup/./config/generate_lib/generic/client_uros_packages.repos
[2.191s] -- Up-to-date: /home/iris/iris/iris_ws/install/micro_ros_setup/./config/generate_lib/generic/client-colcon.meta
[2.193s] -- Up-to-date: /home/iris/iris/iris_ws/install/micro_ros_setup/./config/generate_lib/generic/build.sh
[2.195s] -- Up-to-date: /home/iris/iris/iris_ws/install/micro_ros_setup/./config/generate_lib/generic/create.sh
[2.196s] -- Up-to-date: /home/iris/iris/iris_ws/install/micro_ros_setup/./config/generate_lib/generic/demo_toolchain.cmake
[2.198s] -- Up-to-date: /home/iris/iris/iris_ws/install/micro_ros_setup/./config/generate_lib/generic/package.xml
[2.199s] -- Up-to-date: /home/iris/iris/iris_ws/install/micro_ros_setup/./config/generate_lib/dev_ros2_packages.txt
[2.200s] -- Up-to-date: /home/iris/iris/iris_ws/install/micro_ros_setup/./config/generate_lib/dev_uros_packages.repos
[2.201s] -- Up-to-date: /home/iris/iris/iris_ws/install/micro_ros_setup/./config/client_uros_packages.repos
[2.202s] -- Up-to-date: /home/iris/iris/iris_ws/install/micro_ros_setup/./config/freertos
[2.203s] -- Up-to-date: /home/iris/iris/iris_ws/install/micro_ros_setup/./config/freertos/olimex-stm32-e407
[2.205s] -- Up-to-date: /home/iris/iris/iris_ws/install/micro_ros_setup/./config/freertos/olimex-stm32-e407/flash.sh
[2.207s] -- Up-to-date: /home/iris/iris/iris_ws/install/micro_ros_setup/./config/freertos/olimex-stm32-e407/client_uros_packages.repos
[2.209s] -- Up-to-date: /home/iris/iris/iris_ws/install/micro_ros_setup/./config/freertos/olimex-stm32-e407/client-colcon.meta
[2.210s] -- Up-to-date: /home/iris/iris/iris_ws/install/micro_ros_setup/./config/freertos/olimex-stm32-e407/build.sh
[2.215s] -- Up-to-date: /home/iris/iris/iris_ws/install/micro_ros_setup/./config/freertos/olimex-stm32-e407/create.sh
[2.216s] -- Up-to-date: /home/iris/iris/iris_ws/install/micro_ros_setup/./config/freertos/olimex-stm32-e407/configure.sh
[2.217s] -- Up-to-date: /home/iris/iris/iris_ws/install/micro_ros_setup/./config/freertos/olimex-stm32-e407/board.repos
[2.219s] -- Up-to-date: /home/iris/iris/iris_ws/install/micro_ros_setup/./config/freertos/olimex-stm32-e407/package.xml
[2.219s] -- Up-to-date: /home/iris/iris/iris_ws/install/micro_ros_setup/./config/freertos/list_apps.sh
[2.222s] -- Up-to-date: /home/iris/iris/iris_ws/install/micro_ros_setup/./config/freertos/dev_ros2_packages.txt
[2.224s] -- Up-to-date: /home/iris/iris/iris_ws/install/micro_ros_setup/./config/freertos/nucleo_f746zg
[2.225s] -- Up-to-date: /home/iris/iris/iris_ws/install/micro_ros_setup/./config/freertos/nucleo_f746zg/flash.sh
[2.225s] -- Up-to-date: /home/iris/iris/iris_ws/install/micro_ros_setup/./config/freertos/nucleo_f746zg/client_uros_packages.repos
[2.226s] -- Up-to-date: /home/iris/iris/iris_ws/install/micro_ros_setup/./config/freertos/nucleo_f746zg/client-colcon.meta
[2.227s] -- Up-to-date: /home/iris/iris/iris_ws/install/micro_ros_setup/./config/freertos/nucleo_f746zg/build.sh
[2.227s] -- Up-to-date: /home/iris/iris/iris_ws/install/micro_ros_setup/./config/freertos/nucleo_f746zg/create.sh
[2.228s] -- Up-to-date: /home/iris/iris/iris_ws/install/micro_ros_setup/./config/freertos/nucleo_f746zg/configure.sh
[2.243s] -- Up-to-date: /home/iris/iris/iris_ws/install/micro_ros_setup/./config/freertos/nucleo_f746zg/board.repos
[2.243s] -- Up-to-date: /home/iris/iris/iris_ws/install/micro_ros_setup/./config/freertos/nucleo_f746zg/package.xml
[2.244s] -- Up-to-date: /home/iris/iris/iris_ws/install/micro_ros_setup/./config/freertos/nucleo_f446ze
[2.244s] -- Up-to-date: /home/iris/iris/iris_ws/install/micro_ros_setup/./config/freertos/nucleo_f446ze/flash.sh
[2.244s] -- Up-to-date: /home/iris/iris/iris_ws/install/micro_ros_setup/./config/freertos/nucleo_f446ze/client_uros_packages.repos
[2.245s] -- Up-to-date: /home/iris/iris/iris_ws/install/micro_ros_setup/./config/freertos/nucleo_f446ze/client-colcon.meta
[2.245s] -- Up-to-date: /home/iris/iris/iris_ws/install/micro_ros_setup/./config/freertos/nucleo_f446ze/build.sh
[2.246s] -- Up-to-date: /home/iris/iris/iris_ws/install/micro_ros_setup/./config/freertos/nucleo_f446ze/create.sh
[2.246s] -- Up-to-date: /home/iris/iris/iris_ws/install/micro_ros_setup/./config/freertos/nucleo_f446ze/configure.sh
[2.246s] -- Up-to-date: /home/iris/iris/iris_ws/install/micro_ros_setup/./config/freertos/nucleo_f446ze/board.repos
[2.247s] -- Up-to-date: /home/iris/iris/iris_ws/install/micro_ros_setup/./config/freertos/nucleo_f446ze/package.xml
[2.247s] -- Up-to-date: /home/iris/iris/iris_ws/install/micro_ros_setup/./config/freertos/esp32
[2.248s] -- Up-to-date: /home/iris/iris/iris_ws/install/micro_ros_setup/./config/freertos/esp32/flash.sh
[2.248s] -- Up-to-date: /home/iris/iris/iris_ws/install/micro_ros_setup/./config/freertos/esp32/client_uros_packages.repos
[2.248s] -- Up-to-date: /home/iris/iris/iris_ws/install/micro_ros_setup/./config/freertos/esp32/client-colcon.meta
[2.249s] -- Up-to-date: /home/iris/iris/iris_ws/install/micro_ros_setup/./config/freertos/esp32/build.sh
[2.249s] -- Up-to-date: /home/iris/iris/iris_ws/install/micro_ros_setup/./config/freertos/esp32/create.sh
[2.250s] -- Up-to-date: /home/iris/iris/iris_ws/install/micro_ros_setup/./config/freertos/esp32/configure.sh
[2.250s] -- Up-to-date: /home/iris/iris/iris_ws/install/micro_ros_setup/./config/freertos/esp32/README.md
[2.251s] -- Up-to-date: /home/iris/iris/iris_ws/install/micro_ros_setup/./config/freertos/esp32/board.repos
[2.251s] -- Up-to-date: /home/iris/iris/iris_ws/install/micro_ros_setup/./config/freertos/esp32/package.xml
[2.252s] -- Up-to-date: /home/iris/iris/iris_ws/install/micro_ros_setup/./config/freertos/dev_uros_packages.repos
[2.252s] -- Up-to-date: /home/iris/iris/iris_ws/install/micro_ros_setup/./config/freertos/nucleo_f767zi
[2.253s] -- Up-to-date: /home/iris/iris/iris_ws/install/micro_ros_setup/./config/freertos/nucleo_f767zi/flash.sh
[2.253s] -- Up-to-date: /home/iris/iris/iris_ws/install/micro_ros_setup/./config/freertos/nucleo_f767zi/client_uros_packages.repos
[2.253s] -- Up-to-date: /home/iris/iris/iris_ws/install/micro_ros_setup/./config/freertos/nucleo_f767zi/client-colcon.meta
[2.254s] -- Up-to-date: /home/iris/iris/iris_ws/install/micro_ros_setup/./config/freertos/nucleo_f767zi/build.sh
[2.254s] -- Up-to-date: /home/iris/iris/iris_ws/install/micro_ros_setup/./config/freertos/nucleo_f767zi/create.sh
[2.254s] -- Up-to-date: /home/iris/iris/iris_ws/install/micro_ros_setup/./config/freertos/nucleo_f767zi/configure.sh
[2.271s] -- Up-to-date: /home/iris/iris/iris_ws/install/micro_ros_setup/./config/freertos/nucleo_f767zi/board.repos
[2.271s] -- Up-to-date: /home/iris/iris/iris_ws/install/micro_ros_setup/./config/freertos/nucleo_f767zi/package.xml
[2.272s] -- Up-to-date: /home/iris/iris/iris_ws/install/micro_ros_setup/./config/freertos/nucleo_f446re
[2.272s] -- Up-to-date: /home/iris/iris/iris_ws/install/micro_ros_setup/./config/freertos/nucleo_f446re/flash.sh
[2.272s] -- Up-to-date: /home/iris/iris/iris_ws/install/micro_ros_setup/./config/freertos/nucleo_f446re/client_uros_packages.repos
[2.273s] -- Up-to-date: /home/iris/iris/iris_ws/install/micro_ros_setup/./config/freertos/nucleo_f446re/client-colcon.meta
[2.273s] -- Up-to-date: /home/iris/iris/iris_ws/install/micro_ros_setup/./config/freertos/nucleo_f446re/build.sh
[2.274s] -- Up-to-date: /home/iris/iris/iris_ws/install/micro_ros_setup/./config/freertos/nucleo_f446re/create.sh
[2.274s] -- Up-to-date: /home/iris/iris/iris_ws/install/micro_ros_setup/./config/freertos/nucleo_f446re/configure.sh
[2.274s] -- Up-to-date: /home/iris/iris/iris_ws/install/micro_ros_setup/./config/freertos/nucleo_f446re/board.repos
[2.275s] -- Up-to-date: /home/iris/iris/iris_ws/install/micro_ros_setup/./config/freertos/nucleo_f446re/package.xml
[2.275s] -- Up-to-date: /home/iris/iris/iris_ws/install/micro_ros_setup/./config/freertos/crazyflie21
[2.275s] -- Up-to-date: /home/iris/iris/iris_ws/install/micro_ros_setup/./config/freertos/crazyflie21/flash.sh
[2.276s] -- Up-to-date: /home/iris/iris/iris_ws/install/micro_ros_setup/./config/freertos/crazyflie21/client_uros_packages.repos
[2.276s] -- Up-to-date: /home/iris/iris/iris_ws/install/micro_ros_setup/./config/freertos/crazyflie21/client-colcon.meta
[2.277s] -- Up-to-date: /home/iris/iris/iris_ws/install/micro_ros_setup/./config/freertos/crazyflie21/build.sh
[2.277s] -- Up-to-date: /home/iris/iris/iris_ws/install/micro_ros_setup/./config/freertos/crazyflie21/create.sh
[2.277s] -- Up-to-date: /home/iris/iris/iris_ws/install/micro_ros_setup/./config/freertos/crazyflie21/configure.sh
[2.278s] -- Up-to-date: /home/iris/iris/iris_ws/install/micro_ros_setup/./config/freertos/crazyflie21/board.repos
[2.278s] -- Up-to-date: /home/iris/iris/iris_ws/install/micro_ros_setup/./config/freertos/crazyflie21/package.xml
[2.279s] -- Up-to-date: /home/iris/iris/iris_ws/install/micro_ros_setup/./config/agent_uros_packages.repos
[2.279s] -- Up-to-date: /home/iris/iris/iris_ws/install/micro_ros_setup/./config/zephyr
[2.280s] -- Up-to-date: /home/iris/iris/iris_ws/install/micro_ros_setup/./config/zephyr/list_apps.sh
[2.280s] -- Up-to-date: /home/iris/iris/iris_ws/install/micro_ros_setup/./config/zephyr/generic
[2.280s] -- Up-to-date: /home/iris/iris/iris_ws/install/micro_ros_setup/./config/zephyr/generic/flash.sh
[2.281s] -- Up-to-date: /home/iris/iris/iris_ws/install/micro_ros_setup/./config/zephyr/generic/client_uros_packages.repos
[2.281s] -- Up-to-date: /home/iris/iris/iris_ws/install/micro_ros_setup/./config/zephyr/generic/supported_platforms
[2.281s] -- Up-to-date: /home/iris/iris/iris_ws/install/micro_ros_setup/./config/zephyr/generic/client-colcon.meta
[2.282s] -- Up-to-date: /home/iris/iris/iris_ws/install/micro_ros_setup/./config/zephyr/generic/build.sh
[2.303s] -- Up-to-date: /home/iris/iris/iris_ws/install/micro_ros_setup/./config/zephyr/generic/create.sh
[2.304s] -- Up-to-date: /home/iris/iris/iris_ws/install/micro_ros_setup/./config/zephyr/generic/configure.sh
[2.305s] -- Up-to-date: /home/iris/iris/iris_ws/install/micro_ros_setup/./config/zephyr/generic/board.repos
[2.305s] -- Up-to-date: /home/iris/iris/iris_ws/install/micro_ros_setup/./config/zephyr/generic/package.xml
[2.305s] -- Up-to-date: /home/iris/iris/iris_ws/install/micro_ros_setup/./config/zephyr/dev_ros2_packages.txt
[2.306s] -- Up-to-date: /home/iris/iris/iris_ws/install/micro_ros_setup/./config/zephyr/dev_uros_packages.repos
[2.306s] -- Up-to-date: /home/iris/iris/iris_ws/install/micro_ros_setup/./config/client_ros2_packages.txt
[2.307s] -- Up-to-date: /home/iris/iris/iris_ws/install/micro_ros_setup/./config/utils.sh
[2.307s] -- Up-to-date: /home/iris/iris/iris_ws/install/micro_ros_setup/./config/host
[2.308s] -- Up-to-date: /home/iris/iris/iris_ws/install/micro_ros_setup/./config/host/generic
[2.308s] -- Up-to-date: /home/iris/iris/iris_ws/install/micro_ros_setup/./config/host/generic/flash.sh
[2.309s] -- Up-to-date: /home/iris/iris/iris_ws/install/micro_ros_setup/./config/host/generic/build.sh
[2.309s] -- Up-to-date: /home/iris/iris/iris_ws/install/micro_ros_setup/./config/host/generic/create.sh
[2.309s] -- Up-to-date: /home/iris/iris/iris_ws/install/micro_ros_setup/./config/host/generic/client_host_packages.repos
[2.310s] -- Up-to-date: /home/iris/iris/iris_ws/install/micro_ros_setup/./config/host/generic/client-host-colcon.meta
[2.310s] -- Up-to-date: /home/iris/iris/iris_ws/install/micro_ros_setup/./config/host/generic/package.xml
[2.311s] -- Up-to-date: /home/iris/iris/iris_ws/install/micro_ros_setup/./config/host/dev_ros2_packages.txt
[2.311s] -- Up-to-date: /home/iris/iris/iris_ws/install/micro_ros_setup/./config/host/client_ros2_packages.txt
[2.311s] -- Up-to-date: /home/iris/iris/iris_ws/install/micro_ros_setup/./config/host/dev_uros_packages.repos
[2.312s] -- Up-to-date: /home/iris/iris/iris_ws/install/micro_ros_setup/./config/android
[2.312s] -- Up-to-date: /home/iris/iris/iris_ws/install/micro_ros_setup/./config/android/generic
[2.312s] -- Up-to-date: /home/iris/iris/iris_ws/install/micro_ros_setup/./config/android/generic/flash.sh
[2.313s] -- Up-to-date: /home/iris/iris/iris_ws/install/micro_ros_setup/./config/android/generic/client_uros_packages.repos
[2.313s] -- Up-to-date: /home/iris/iris/iris_ws/install/micro_ros_setup/./config/android/generic/client-colcon.meta
[2.314s] -- Up-to-date: /home/iris/iris/iris_ws/install/micro_ros_setup/./config/android/generic/build.sh
[2.314s] -- Up-to-date: /home/iris/iris/iris_ws/install/micro_ros_setup/./config/android/generic/create.sh
[2.327s] -- Up-to-date: /home/iris/iris/iris_ws/install/micro_ros_setup/./config/android/generic/package.xml
[2.327s] -- Up-to-date: /home/iris/iris/iris_ws/install/micro_ros_setup/./config/android/dev_ros2_packages.txt
[2.328s] -- Up-to-date: /home/iris/iris/iris_ws/install/micro_ros_setup/./config/android/dev_uros_packages.repos
[2.328s] -- Up-to-date: /home/iris/iris/iris_ws/install/micro_ros_setup/./config/renesas_ra
[2.328s] -- Up-to-date: /home/iris/iris/iris_ws/install/micro_ros_setup/./config/renesas_ra/list_apps.sh
[2.328s] -- Up-to-date: /home/iris/iris/iris_ws/install/micro_ros_setup/./config/renesas_ra/dev_ros2_packages.txt
[2.329s] -- Up-to-date: /home/iris/iris/iris_ws/install/micro_ros_setup/./config/renesas_ra/dev_uros_packages.repos
[2.329s] -- Up-to-date: /home/iris/iris/iris_ws/install/micro_ros_setup/./config/renesas_ra/ra6m5
[2.329s] -- Up-to-date: /home/iris/iris/iris_ws/install/micro_ros_setup/./config/renesas_ra/ra6m5/flash.sh
[2.330s] -- Up-to-date: /home/iris/iris/iris_ws/install/micro_ros_setup/./config/renesas_ra/ra6m5/client_uros_packages.repos
[2.330s] -- Up-to-date: /home/iris/iris/iris_ws/install/micro_ros_setup/./config/renesas_ra/ra6m5/client-colcon.meta
[2.331s] -- Up-to-date: /home/iris/iris/iris_ws/install/micro_ros_setup/./config/renesas_ra/ra6m5/build.sh
[2.331s] -- Up-to-date: /home/iris/iris/iris_ws/install/micro_ros_setup/./config/renesas_ra/ra6m5/create.sh
[2.331s] -- Up-to-date: /home/iris/iris/iris_ws/install/micro_ros_setup/./config/renesas_ra/ra6m5/configure.sh
[2.332s] -- Up-to-date: /home/iris/iris/iris_ws/install/micro_ros_setup/./config/renesas_ra/ra6m5/board.repos
[2.332s] -- Up-to-date: /home/iris/iris/iris_ws/install/micro_ros_setup/./config/mbed
[2.332s] -- Up-to-date: /home/iris/iris/iris_ws/install/micro_ros_setup/./config/mbed/list_apps.sh
[2.333s] -- Up-to-date: /home/iris/iris/iris_ws/install/micro_ros_setup/./config/mbed/generic
[2.333s] -- Up-to-date: /home/iris/iris/iris_ws/install/micro_ros_setup/./config/mbed/generic/flash.sh
[2.333s] -- Up-to-date: /home/iris/iris/iris_ws/install/micro_ros_setup/./config/mbed/generic/client_uros_packages.repos
[2.334s] -- Up-to-date: /home/iris/iris/iris_ws/install/micro_ros_setup/./config/mbed/generic/supported_platforms
[2.334s] -- Up-to-date: /home/iris/iris/iris_ws/install/micro_ros_setup/./config/mbed/generic/build.sh
[2.335s] -- Up-to-date: /home/iris/iris/iris_ws/install/micro_ros_setup/./config/mbed/generic/create.sh
[2.335s] -- Up-to-date: /home/iris/iris/iris_ws/install/micro_ros_setup/./config/mbed/generic/board.repos
[2.335s] -- Up-to-date: /home/iris/iris/iris_ws/install/micro_ros_setup/./config/mbed/generic/package.xml
[2.336s] -- Up-to-date: /home/iris/iris/iris_ws/install/micro_ros_setup/./config/mbed/dev_ros2_packages.txt
[2.336s] -- Up-to-date: /home/iris/iris/iris_ws/install/micro_ros_setup/./config/mbed/dev_uros_packages.repos
[2.337s] -- Up-to-date: /home/iris/iris/iris_ws/install/micro_ros_setup/./config/agent_ros2_packages.txt
[2.337s] -- Up-to-date: /home/iris/iris/iris_ws/install/micro_ros_setup/./config/raspbian
[2.337s] -- Up-to-date: /home/iris/iris/iris_ws/install/micro_ros_setup/./config/raspbian/generic
[2.338s] -- Up-to-date: /home/iris/iris/iris_ws/install/micro_ros_setup/./config/raspbian/generic/flash.sh
[2.338s] -- Up-to-date: /home/iris/iris/iris_ws/install/micro_ros_setup/./config/raspbian/generic/client_uros_packages.repos
[2.339s] -- Up-to-date: /home/iris/iris/iris_ws/install/micro_ros_setup/./config/raspbian/generic/supported_platforms
[2.339s] -- Up-to-date: /home/iris/iris/iris_ws/install/micro_ros_setup/./config/raspbian/generic/client-colcon.meta
[2.339s] -- Up-to-date: /home/iris/iris/iris_ws/install/micro_ros_setup/./config/raspbian/generic/build.sh
[2.340s] -- Up-to-date: /home/iris/iris/iris_ws/install/micro_ros_setup/./config/raspbian/generic/create.sh
[2.340s] -- Up-to-date: /home/iris/iris/iris_ws/install/micro_ros_setup/./config/raspbian/generic/configure.sh
[2.340s] -- Up-to-date: /home/iris/iris/iris_ws/install/micro_ros_setup/./config/raspbian/dev_ros2_packages.txt
[2.341s] -- Up-to-date: /home/iris/iris/iris_ws/install/micro_ros_setup/./config/raspbian/dev_uros_packages.repos
[2.341s] Invoked command in '/home/iris/iris/iris_ws/build/micro_ros_setup' returned '0': CMAKE_PREFIX_PATH=${CMAKE_PREFIX_PATH}:/home/iris/iris/iris_ws/install/iris_vision:/opt/ros/humble /usr/bin/cmake --install /home/iris/iris/iris_ws/build/micro_ros_setup
