[0.659s] Invoking command in '/home/iris/iris/iris_ws/build/micro_ros_msgs': CMAKE_PREFIX_PATH=${CMAKE_PREFIX_PATH}:/opt/ros/humble /usr/bin/cmake /home/iris/iris/iris_ws/src/uros/micro_ros_msgs -DCMAKE_INSTALL_PREFIX=/home/iris/iris/iris_ws/install/micro_ros_msgs
[0.724s] -- Found ament_cmake: 1.3.6 (/opt/ros/humble/share/ament_cmake/cmake)
[1.448s] -- Found rosidl_default_generators: 1.2.0 (/opt/ros/humble/share/rosidl_default_generators/cmake)
[1.457s] -- Using all available rosidl_typesupport_c: rosidl_typesupport_fastrtps_c;rosidl_typesupport_introspection_c
[1.471s] -- Found rosidl_adapter: 3.1.5 (/opt/ros/humble/share/rosidl_adapter/cmake)
[1.657s] -- Using all available rosidl_typesupport_cpp: rosidl_typesupport_fastrtps_cpp;rosidl_typesupport_introspection_cpp
[1.806s] -- Found ament_lint_auto: 0.12.9 (/opt/ros/humble/share/ament_lint_auto/cmake)
[2.948s] -- Found ament_cmake_ros: 0.10.0 (/opt/ros/humble/share/ament_cmake_ros/cmake)
[3.654s] -- Using all available rosidl_typesupport_c: rosidl_typesupport_fastrtps_c;rosidl_typesupport_introspection_c
[4.588s] -- Using all available rosidl_typesupport_cpp: rosidl_typesupport_fastrtps_cpp;rosidl_typesupport_introspection_cpp
[4.673s] -- Found python_cmake_module: 0.10.0 (/opt/ros/humble/share/python_cmake_module/cmake)
[4.762s] -- Using PYTHON_EXECUTABLE: /usr/bin/python3
[4.763s] -- Using PYTHON_INCLUDE_DIRS: /usr/include/python3.10
[4.763s] -- Using PYTHON_LIBRARIES: /usr/lib/aarch64-linux-gnu/libpython3.10.so
[4.818s] -- Added test 'copyright' to check source files copyright and LICENSE
[4.896s] -- Added test 'lint_cmake' to check CMake code style
[4.937s] -- Added test 'xmllint' to check XML markup files
[4.967s] -- Configuring done
[5.131s] -- Generating done
[5.147s] -- Build files have been written to: /home/iris/iris/iris_ws/build/micro_ros_msgs
